[2025-05-04T17:18:33.802+0000] {processor.py:186} INFO - Started process (PID=77) to work on /home/airflow/.local/lib/python3.12/site-packages/airflow/example_dags/example_branch_datetime_operator.py
[2025-05-04T17:18:33.803+0000] {processor.py:914} INFO - Processing file /home/airflow/.local/lib/python3.12/site-packages/airflow/example_dags/example_branch_datetime_operator.py for tasks to queue
[2025-05-04T17:18:33.804+0000] {logging_mixin.py:190} INFO - [2025-05-04T17:18:33.804+0000] {dagbag.py:588} INFO - Filling up the DagBag from /home/airflow/.local/lib/python3.12/site-packages/airflow/example_dags/example_branch_datetime_operator.py
[2025-05-04T17:18:33.814+0000] {processor.py:925} INFO - DAG(s) 'example_branch_datetime_operator', 'example_branch_datetime_operator_2', 'example_branch_datetime_operator_3' retrieved from /home/airflow/.local/lib/python3.12/site-packages/airflow/example_dags/example_branch_datetime_operator.py
[2025-05-04T17:18:33.897+0000] {logging_mixin.py:190} INFO - [2025-05-04T17:18:33.897+0000] {override.py:1912} INFO - Created Permission View: can read on DAG:example_branch_datetime_operator
[2025-05-04T17:18:33.903+0000] {logging_mixin.py:190} INFO - [2025-05-04T17:18:33.902+0000] {override.py:1912} INFO - Created Permission View: can edit on DAG:example_branch_datetime_operator
[2025-05-04T17:18:33.906+0000] {logging_mixin.py:190} INFO - [2025-05-04T17:18:33.906+0000] {override.py:1912} INFO - Created Permission View: can delete on DAG:example_branch_datetime_operator
[2025-05-04T17:18:33.910+0000] {logging_mixin.py:190} INFO - [2025-05-04T17:18:33.909+0000] {override.py:1912} INFO - Created Permission View: can read on DAG Run:example_branch_datetime_operator
[2025-05-04T17:18:33.914+0000] {logging_mixin.py:190} INFO - [2025-05-04T17:18:33.913+0000] {override.py:1912} INFO - Created Permission View: can create on DAG Run:example_branch_datetime_operator
[2025-05-04T17:18:33.918+0000] {logging_mixin.py:190} INFO - [2025-05-04T17:18:33.918+0000] {override.py:1912} INFO - Created Permission View: can delete on DAG Run:example_branch_datetime_operator
[2025-05-04T17:18:33.922+0000] {logging_mixin.py:190} INFO - [2025-05-04T17:18:33.922+0000] {override.py:1912} INFO - Created Permission View: menu access on DAG Run:example_branch_datetime_operator
[2025-05-04T17:18:33.930+0000] {logging_mixin.py:190} INFO - [2025-05-04T17:18:33.930+0000] {override.py:1912} INFO - Created Permission View: can read on DAG:example_branch_datetime_operator_2
[2025-05-04T17:18:33.934+0000] {logging_mixin.py:190} INFO - [2025-05-04T17:18:33.934+0000] {override.py:1912} INFO - Created Permission View: can edit on DAG:example_branch_datetime_operator_2
[2025-05-04T17:18:33.938+0000] {logging_mixin.py:190} INFO - [2025-05-04T17:18:33.938+0000] {override.py:1912} INFO - Created Permission View: can delete on DAG:example_branch_datetime_operator_2
[2025-05-04T17:18:33.942+0000] {logging_mixin.py:190} INFO - [2025-05-04T17:18:33.942+0000] {override.py:1912} INFO - Created Permission View: can read on DAG Run:example_branch_datetime_operator_2
[2025-05-04T17:18:33.946+0000] {logging_mixin.py:190} INFO - [2025-05-04T17:18:33.946+0000] {override.py:1912} INFO - Created Permission View: can create on DAG Run:example_branch_datetime_operator_2
[2025-05-04T17:18:33.950+0000] {logging_mixin.py:190} INFO - [2025-05-04T17:18:33.950+0000] {override.py:1912} INFO - Created Permission View: can delete on DAG Run:example_branch_datetime_operator_2
[2025-05-04T17:18:33.954+0000] {logging_mixin.py:190} INFO - [2025-05-04T17:18:33.953+0000] {override.py:1912} INFO - Created Permission View: menu access on DAG Run:example_branch_datetime_operator_2
[2025-05-04T17:18:33.962+0000] {logging_mixin.py:190} INFO - [2025-05-04T17:18:33.961+0000] {override.py:1912} INFO - Created Permission View: can read on DAG:example_branch_datetime_operator_3
[2025-05-04T17:18:33.965+0000] {logging_mixin.py:190} INFO - [2025-05-04T17:18:33.965+0000] {override.py:1912} INFO - Created Permission View: can edit on DAG:example_branch_datetime_operator_3
[2025-05-04T17:18:33.970+0000] {logging_mixin.py:190} INFO - [2025-05-04T17:18:33.969+0000] {override.py:1912} INFO - Created Permission View: can delete on DAG:example_branch_datetime_operator_3
[2025-05-04T17:18:33.974+0000] {logging_mixin.py:190} INFO - [2025-05-04T17:18:33.973+0000] {override.py:1912} INFO - Created Permission View: can read on DAG Run:example_branch_datetime_operator_3
[2025-05-04T17:18:33.977+0000] {logging_mixin.py:190} INFO - [2025-05-04T17:18:33.977+0000] {override.py:1912} INFO - Created Permission View: can create on DAG Run:example_branch_datetime_operator_3
[2025-05-04T17:18:33.981+0000] {logging_mixin.py:190} INFO - [2025-05-04T17:18:33.981+0000] {override.py:1912} INFO - Created Permission View: can delete on DAG Run:example_branch_datetime_operator_3
[2025-05-04T17:18:33.985+0000] {logging_mixin.py:190} INFO - [2025-05-04T17:18:33.985+0000] {override.py:1912} INFO - Created Permission View: menu access on DAG Run:example_branch_datetime_operator_3
[2025-05-04T17:18:33.985+0000] {logging_mixin.py:190} INFO - [2025-05-04T17:18:33.985+0000] {dag.py:3239} INFO - Sync 3 DAGs
[2025-05-04T17:18:33.996+0000] {logging_mixin.py:190} INFO - [2025-05-04T17:18:33.995+0000] {dag.py:3262} INFO - Creating ORM DAG for example_branch_datetime_operator_2
[2025-05-04T17:18:33.996+0000] {logging_mixin.py:190} INFO - [2025-05-04T17:18:33.996+0000] {dag.py:3262} INFO - Creating ORM DAG for example_branch_datetime_operator
[2025-05-04T17:18:33.996+0000] {logging_mixin.py:190} INFO - [2025-05-04T17:18:33.996+0000] {dag.py:3262} INFO - Creating ORM DAG for example_branch_datetime_operator_3
[2025-05-04T17:18:34.005+0000] {logging_mixin.py:190} INFO - [2025-05-04T17:18:34.004+0000] {dag.py:4180} INFO - Setting next_dagrun for example_branch_datetime_operator to 2025-05-03 00:00:00+00:00, run_after=2025-05-04 00:00:00+00:00
[2025-05-04T17:18:34.006+0000] {logging_mixin.py:190} INFO - [2025-05-04T17:18:34.006+0000] {dag.py:4180} INFO - Setting next_dagrun for example_branch_datetime_operator_2 to 2025-05-03 00:00:00+00:00, run_after=2025-05-04 00:00:00+00:00
[2025-05-04T17:18:34.007+0000] {logging_mixin.py:190} INFO - [2025-05-04T17:18:34.007+0000] {dag.py:4180} INFO - Setting next_dagrun for example_branch_datetime_operator_3 to 2025-05-03 00:00:00+00:00, run_after=2025-05-04 00:00:00+00:00
[2025-05-04T17:18:34.019+0000] {processor.py:208} INFO - Processing /home/airflow/.local/lib/python3.12/site-packages/airflow/example_dags/example_branch_datetime_operator.py took 0.222 seconds
[2025-05-04T17:19:04.094+0000] {processor.py:186} INFO - Started process (PID=139) to work on /home/airflow/.local/lib/python3.12/site-packages/airflow/example_dags/example_branch_datetime_operator.py
[2025-05-04T17:19:04.095+0000] {processor.py:914} INFO - Processing file /home/airflow/.local/lib/python3.12/site-packages/airflow/example_dags/example_branch_datetime_operator.py for tasks to queue
[2025-05-04T17:19:04.099+0000] {logging_mixin.py:190} INFO - [2025-05-04T17:19:04.098+0000] {dagbag.py:588} INFO - Filling up the DagBag from /home/airflow/.local/lib/python3.12/site-packages/airflow/example_dags/example_branch_datetime_operator.py
[2025-05-04T17:19:04.115+0000] {processor.py:925} INFO - DAG(s) 'example_branch_datetime_operator_2', 'example_branch_datetime_operator_3', 'example_branch_datetime_operator' retrieved from /home/airflow/.local/lib/python3.12/site-packages/airflow/example_dags/example_branch_datetime_operator.py
[2025-05-04T17:19:04.149+0000] {logging_mixin.py:190} INFO - [2025-05-04T17:19:04.149+0000] {dag.py:3239} INFO - Sync 3 DAGs
[2025-05-04T17:19:04.182+0000] {logging_mixin.py:190} INFO - [2025-05-04T17:19:04.182+0000] {dag.py:4180} INFO - Setting next_dagrun for example_branch_datetime_operator to 2025-05-03 00:00:00+00:00, run_after=2025-05-04 00:00:00+00:00
[2025-05-04T17:19:04.189+0000] {logging_mixin.py:190} INFO - [2025-05-04T17:19:04.189+0000] {dag.py:4180} INFO - Setting next_dagrun for example_branch_datetime_operator_2 to 2025-05-03 00:00:00+00:00, run_after=2025-05-04 00:00:00+00:00
[2025-05-04T17:19:04.192+0000] {logging_mixin.py:190} INFO - [2025-05-04T17:19:04.192+0000] {dag.py:4180} INFO - Setting next_dagrun for example_branch_datetime_operator_3 to 2025-05-03 00:00:00+00:00, run_after=2025-05-04 00:00:00+00:00
[2025-05-04T17:19:04.211+0000] {processor.py:208} INFO - Processing /home/airflow/.local/lib/python3.12/site-packages/airflow/example_dags/example_branch_datetime_operator.py took 0.126 seconds
[2025-05-04T17:19:34.298+0000] {processor.py:186} INFO - Started process (PID=202) to work on /home/airflow/.local/lib/python3.12/site-packages/airflow/example_dags/example_branch_datetime_operator.py
[2025-05-04T17:19:34.300+0000] {processor.py:914} INFO - Processing file /home/airflow/.local/lib/python3.12/site-packages/airflow/example_dags/example_branch_datetime_operator.py for tasks to queue
[2025-05-04T17:19:34.305+0000] {logging_mixin.py:190} INFO - [2025-05-04T17:19:34.304+0000] {dagbag.py:588} INFO - Filling up the DagBag from /home/airflow/.local/lib/python3.12/site-packages/airflow/example_dags/example_branch_datetime_operator.py
[2025-05-04T17:19:34.322+0000] {processor.py:925} INFO - DAG(s) 'example_branch_datetime_operator_2', 'example_branch_datetime_operator_3', 'example_branch_datetime_operator' retrieved from /home/airflow/.local/lib/python3.12/site-packages/airflow/example_dags/example_branch_datetime_operator.py
[2025-05-04T17:19:34.359+0000] {logging_mixin.py:190} INFO - [2025-05-04T17:19:34.359+0000] {dag.py:3239} INFO - Sync 3 DAGs
[2025-05-04T17:19:34.395+0000] {logging_mixin.py:190} INFO - [2025-05-04T17:19:34.395+0000] {dag.py:4180} INFO - Setting next_dagrun for example_branch_datetime_operator to 2025-05-03 00:00:00+00:00, run_after=2025-05-04 00:00:00+00:00
[2025-05-04T17:19:34.402+0000] {logging_mixin.py:190} INFO - [2025-05-04T17:19:34.402+0000] {dag.py:4180} INFO - Setting next_dagrun for example_branch_datetime_operator_2 to 2025-05-03 00:00:00+00:00, run_after=2025-05-04 00:00:00+00:00
[2025-05-04T17:19:34.406+0000] {logging_mixin.py:190} INFO - [2025-05-04T17:19:34.406+0000] {dag.py:4180} INFO - Setting next_dagrun for example_branch_datetime_operator_3 to 2025-05-03 00:00:00+00:00, run_after=2025-05-04 00:00:00+00:00
[2025-05-04T17:19:34.455+0000] {processor.py:208} INFO - Processing /home/airflow/.local/lib/python3.12/site-packages/airflow/example_dags/example_branch_datetime_operator.py took 0.164 seconds
[2025-05-04T17:20:04.749+0000] {processor.py:186} INFO - Started process (PID=265) to work on /home/airflow/.local/lib/python3.12/site-packages/airflow/example_dags/example_branch_datetime_operator.py
[2025-05-04T17:20:04.751+0000] {processor.py:914} INFO - Processing file /home/airflow/.local/lib/python3.12/site-packages/airflow/example_dags/example_branch_datetime_operator.py for tasks to queue
[2025-05-04T17:20:04.754+0000] {logging_mixin.py:190} INFO - [2025-05-04T17:20:04.754+0000] {dagbag.py:588} INFO - Filling up the DagBag from /home/airflow/.local/lib/python3.12/site-packages/airflow/example_dags/example_branch_datetime_operator.py
[2025-05-04T17:20:04.771+0000] {processor.py:925} INFO - DAG(s) 'example_branch_datetime_operator', 'example_branch_datetime_operator_2', 'example_branch_datetime_operator_3' retrieved from /home/airflow/.local/lib/python3.12/site-packages/airflow/example_dags/example_branch_datetime_operator.py
[2025-05-04T17:20:04.810+0000] {logging_mixin.py:190} INFO - [2025-05-04T17:20:04.810+0000] {dag.py:3239} INFO - Sync 3 DAGs
[2025-05-04T17:20:04.846+0000] {logging_mixin.py:190} INFO - [2025-05-04T17:20:04.845+0000] {dag.py:4180} INFO - Setting next_dagrun for example_branch_datetime_operator to 2025-05-03 00:00:00+00:00, run_after=2025-05-04 00:00:00+00:00
[2025-05-04T17:20:04.853+0000] {logging_mixin.py:190} INFO - [2025-05-04T17:20:04.853+0000] {dag.py:4180} INFO - Setting next_dagrun for example_branch_datetime_operator_2 to 2025-05-03 00:00:00+00:00, run_after=2025-05-04 00:00:00+00:00
[2025-05-04T17:20:04.856+0000] {logging_mixin.py:190} INFO - [2025-05-04T17:20:04.856+0000] {dag.py:4180} INFO - Setting next_dagrun for example_branch_datetime_operator_3 to 2025-05-03 00:00:00+00:00, run_after=2025-05-04 00:00:00+00:00
[2025-05-04T17:20:04.878+0000] {processor.py:208} INFO - Processing /home/airflow/.local/lib/python3.12/site-packages/airflow/example_dags/example_branch_datetime_operator.py took 0.137 seconds
[2025-05-04T17:20:35.047+0000] {processor.py:186} INFO - Started process (PID=328) to work on /home/airflow/.local/lib/python3.12/site-packages/airflow/example_dags/example_branch_datetime_operator.py
[2025-05-04T17:20:35.049+0000] {processor.py:914} INFO - Processing file /home/airflow/.local/lib/python3.12/site-packages/airflow/example_dags/example_branch_datetime_operator.py for tasks to queue
[2025-05-04T17:20:35.051+0000] {logging_mixin.py:190} INFO - [2025-05-04T17:20:35.051+0000] {dagbag.py:588} INFO - Filling up the DagBag from /home/airflow/.local/lib/python3.12/site-packages/airflow/example_dags/example_branch_datetime_operator.py
[2025-05-04T17:20:35.067+0000] {processor.py:925} INFO - DAG(s) 'example_branch_datetime_operator_3', 'example_branch_datetime_operator', 'example_branch_datetime_operator_2' retrieved from /home/airflow/.local/lib/python3.12/site-packages/airflow/example_dags/example_branch_datetime_operator.py
[2025-05-04T17:20:35.105+0000] {logging_mixin.py:190} INFO - [2025-05-04T17:20:35.105+0000] {dag.py:3239} INFO - Sync 3 DAGs
[2025-05-04T17:20:35.138+0000] {logging_mixin.py:190} INFO - [2025-05-04T17:20:35.138+0000] {dag.py:4180} INFO - Setting next_dagrun for example_branch_datetime_operator to 2025-05-03 00:00:00+00:00, run_after=2025-05-04 00:00:00+00:00
[2025-05-04T17:20:35.145+0000] {logging_mixin.py:190} INFO - [2025-05-04T17:20:35.144+0000] {dag.py:4180} INFO - Setting next_dagrun for example_branch_datetime_operator_2 to 2025-05-03 00:00:00+00:00, run_after=2025-05-04 00:00:00+00:00
[2025-05-04T17:20:35.148+0000] {logging_mixin.py:190} INFO - [2025-05-04T17:20:35.147+0000] {dag.py:4180} INFO - Setting next_dagrun for example_branch_datetime_operator_3 to 2025-05-03 00:00:00+00:00, run_after=2025-05-04 00:00:00+00:00
[2025-05-04T17:20:35.167+0000] {processor.py:208} INFO - Processing /home/airflow/.local/lib/python3.12/site-packages/airflow/example_dags/example_branch_datetime_operator.py took 0.128 seconds
[2025-05-04T17:21:05.455+0000] {processor.py:186} INFO - Started process (PID=391) to work on /home/airflow/.local/lib/python3.12/site-packages/airflow/example_dags/example_branch_datetime_operator.py
[2025-05-04T17:21:05.457+0000] {processor.py:914} INFO - Processing file /home/airflow/.local/lib/python3.12/site-packages/airflow/example_dags/example_branch_datetime_operator.py for tasks to queue
[2025-05-04T17:21:05.460+0000] {logging_mixin.py:190} INFO - [2025-05-04T17:21:05.460+0000] {dagbag.py:588} INFO - Filling up the DagBag from /home/airflow/.local/lib/python3.12/site-packages/airflow/example_dags/example_branch_datetime_operator.py
[2025-05-04T17:21:05.479+0000] {processor.py:925} INFO - DAG(s) 'example_branch_datetime_operator_3', 'example_branch_datetime_operator', 'example_branch_datetime_operator_2' retrieved from /home/airflow/.local/lib/python3.12/site-packages/airflow/example_dags/example_branch_datetime_operator.py
[2025-05-04T17:21:05.519+0000] {logging_mixin.py:190} INFO - [2025-05-04T17:21:05.519+0000] {dag.py:3239} INFO - Sync 3 DAGs
[2025-05-04T17:21:05.558+0000] {logging_mixin.py:190} INFO - [2025-05-04T17:21:05.558+0000] {dag.py:4180} INFO - Setting next_dagrun for example_branch_datetime_operator to 2025-05-03 00:00:00+00:00, run_after=2025-05-04 00:00:00+00:00
[2025-05-04T17:21:05.565+0000] {logging_mixin.py:190} INFO - [2025-05-04T17:21:05.565+0000] {dag.py:4180} INFO - Setting next_dagrun for example_branch_datetime_operator_2 to 2025-05-03 00:00:00+00:00, run_after=2025-05-04 00:00:00+00:00
[2025-05-04T17:21:05.568+0000] {logging_mixin.py:190} INFO - [2025-05-04T17:21:05.568+0000] {dag.py:4180} INFO - Setting next_dagrun for example_branch_datetime_operator_3 to 2025-05-03 00:00:00+00:00, run_after=2025-05-04 00:00:00+00:00
[2025-05-04T17:21:05.592+0000] {processor.py:208} INFO - Processing /home/airflow/.local/lib/python3.12/site-packages/airflow/example_dags/example_branch_datetime_operator.py took 0.146 seconds
[2025-05-04T17:21:35.708+0000] {processor.py:186} INFO - Started process (PID=454) to work on /home/airflow/.local/lib/python3.12/site-packages/airflow/example_dags/example_branch_datetime_operator.py
[2025-05-04T17:21:35.710+0000] {processor.py:914} INFO - Processing file /home/airflow/.local/lib/python3.12/site-packages/airflow/example_dags/example_branch_datetime_operator.py for tasks to queue
[2025-05-04T17:21:35.713+0000] {logging_mixin.py:190} INFO - [2025-05-04T17:21:35.713+0000] {dagbag.py:588} INFO - Filling up the DagBag from /home/airflow/.local/lib/python3.12/site-packages/airflow/example_dags/example_branch_datetime_operator.py
[2025-05-04T17:21:35.731+0000] {processor.py:925} INFO - DAG(s) 'example_branch_datetime_operator_3', 'example_branch_datetime_operator', 'example_branch_datetime_operator_2' retrieved from /home/airflow/.local/lib/python3.12/site-packages/airflow/example_dags/example_branch_datetime_operator.py
[2025-05-04T17:21:35.770+0000] {logging_mixin.py:190} INFO - [2025-05-04T17:21:35.770+0000] {dag.py:3239} INFO - Sync 3 DAGs
[2025-05-04T17:21:35.807+0000] {logging_mixin.py:190} INFO - [2025-05-04T17:21:35.806+0000] {dag.py:4180} INFO - Setting next_dagrun for example_branch_datetime_operator to 2025-05-03 00:00:00+00:00, run_after=2025-05-04 00:00:00+00:00
[2025-05-04T17:21:35.814+0000] {logging_mixin.py:190} INFO - [2025-05-04T17:21:35.813+0000] {dag.py:4180} INFO - Setting next_dagrun for example_branch_datetime_operator_2 to 2025-05-03 00:00:00+00:00, run_after=2025-05-04 00:00:00+00:00
[2025-05-04T17:21:35.817+0000] {logging_mixin.py:190} INFO - [2025-05-04T17:21:35.817+0000] {dag.py:4180} INFO - Setting next_dagrun for example_branch_datetime_operator_3 to 2025-05-03 00:00:00+00:00, run_after=2025-05-04 00:00:00+00:00
[2025-05-04T17:21:35.838+0000] {processor.py:208} INFO - Processing /home/airflow/.local/lib/python3.12/site-packages/airflow/example_dags/example_branch_datetime_operator.py took 0.138 seconds
[2025-05-04T17:22:05.979+0000] {processor.py:186} INFO - Started process (PID=517) to work on /home/airflow/.local/lib/python3.12/site-packages/airflow/example_dags/example_branch_datetime_operator.py
[2025-05-04T17:22:05.981+0000] {processor.py:914} INFO - Processing file /home/airflow/.local/lib/python3.12/site-packages/airflow/example_dags/example_branch_datetime_operator.py for tasks to queue
[2025-05-04T17:22:05.984+0000] {logging_mixin.py:190} INFO - [2025-05-04T17:22:05.983+0000] {dagbag.py:588} INFO - Filling up the DagBag from /home/airflow/.local/lib/python3.12/site-packages/airflow/example_dags/example_branch_datetime_operator.py
[2025-05-04T17:22:06.004+0000] {processor.py:925} INFO - DAG(s) 'example_branch_datetime_operator', 'example_branch_datetime_operator_2', 'example_branch_datetime_operator_3' retrieved from /home/airflow/.local/lib/python3.12/site-packages/airflow/example_dags/example_branch_datetime_operator.py
[2025-05-04T17:22:06.043+0000] {logging_mixin.py:190} INFO - [2025-05-04T17:22:06.042+0000] {dag.py:3239} INFO - Sync 3 DAGs
[2025-05-04T17:22:06.079+0000] {logging_mixin.py:190} INFO - [2025-05-04T17:22:06.078+0000] {dag.py:4180} INFO - Setting next_dagrun for example_branch_datetime_operator to 2025-05-03 00:00:00+00:00, run_after=2025-05-04 00:00:00+00:00
[2025-05-04T17:22:06.085+0000] {logging_mixin.py:190} INFO - [2025-05-04T17:22:06.085+0000] {dag.py:4180} INFO - Setting next_dagrun for example_branch_datetime_operator_2 to 2025-05-03 00:00:00+00:00, run_after=2025-05-04 00:00:00+00:00
[2025-05-04T17:22:06.088+0000] {logging_mixin.py:190} INFO - [2025-05-04T17:22:06.088+0000] {dag.py:4180} INFO - Setting next_dagrun for example_branch_datetime_operator_3 to 2025-05-03 00:00:00+00:00, run_after=2025-05-04 00:00:00+00:00
[2025-05-04T17:22:06.107+0000] {processor.py:208} INFO - Processing /home/airflow/.local/lib/python3.12/site-packages/airflow/example_dags/example_branch_datetime_operator.py took 0.137 seconds
[2025-05-04T17:22:36.294+0000] {processor.py:186} INFO - Started process (PID=580) to work on /home/airflow/.local/lib/python3.12/site-packages/airflow/example_dags/example_branch_datetime_operator.py
[2025-05-04T17:22:36.296+0000] {processor.py:914} INFO - Processing file /home/airflow/.local/lib/python3.12/site-packages/airflow/example_dags/example_branch_datetime_operator.py for tasks to queue
[2025-05-04T17:22:36.299+0000] {logging_mixin.py:190} INFO - [2025-05-04T17:22:36.299+0000] {dagbag.py:588} INFO - Filling up the DagBag from /home/airflow/.local/lib/python3.12/site-packages/airflow/example_dags/example_branch_datetime_operator.py
[2025-05-04T17:22:36.316+0000] {processor.py:925} INFO - DAG(s) 'example_branch_datetime_operator_3', 'example_branch_datetime_operator', 'example_branch_datetime_operator_2' retrieved from /home/airflow/.local/lib/python3.12/site-packages/airflow/example_dags/example_branch_datetime_operator.py
[2025-05-04T17:22:36.353+0000] {logging_mixin.py:190} INFO - [2025-05-04T17:22:36.352+0000] {dag.py:3239} INFO - Sync 3 DAGs
[2025-05-04T17:22:36.386+0000] {logging_mixin.py:190} INFO - [2025-05-04T17:22:36.385+0000] {dag.py:4180} INFO - Setting next_dagrun for example_branch_datetime_operator to 2025-05-03 00:00:00+00:00, run_after=2025-05-04 00:00:00+00:00
[2025-05-04T17:22:36.392+0000] {logging_mixin.py:190} INFO - [2025-05-04T17:22:36.391+0000] {dag.py:4180} INFO - Setting next_dagrun for example_branch_datetime_operator_2 to 2025-05-03 00:00:00+00:00, run_after=2025-05-04 00:00:00+00:00
[2025-05-04T17:22:36.395+0000] {logging_mixin.py:190} INFO - [2025-05-04T17:22:36.395+0000] {dag.py:4180} INFO - Setting next_dagrun for example_branch_datetime_operator_3 to 2025-05-03 00:00:00+00:00, run_after=2025-05-04 00:00:00+00:00
[2025-05-04T17:22:36.445+0000] {processor.py:208} INFO - Processing /home/airflow/.local/lib/python3.12/site-packages/airflow/example_dags/example_branch_datetime_operator.py took 0.159 seconds
[2025-05-04T17:23:06.955+0000] {processor.py:186} INFO - Started process (PID=643) to work on /home/airflow/.local/lib/python3.12/site-packages/airflow/example_dags/example_branch_datetime_operator.py
[2025-05-04T17:23:06.957+0000] {processor.py:914} INFO - Processing file /home/airflow/.local/lib/python3.12/site-packages/airflow/example_dags/example_branch_datetime_operator.py for tasks to queue
[2025-05-04T17:23:06.960+0000] {logging_mixin.py:190} INFO - [2025-05-04T17:23:06.960+0000] {dagbag.py:588} INFO - Filling up the DagBag from /home/airflow/.local/lib/python3.12/site-packages/airflow/example_dags/example_branch_datetime_operator.py
[2025-05-04T17:23:06.978+0000] {processor.py:925} INFO - DAG(s) 'example_branch_datetime_operator', 'example_branch_datetime_operator_2', 'example_branch_datetime_operator_3' retrieved from /home/airflow/.local/lib/python3.12/site-packages/airflow/example_dags/example_branch_datetime_operator.py
[2025-05-04T17:23:07.017+0000] {logging_mixin.py:190} INFO - [2025-05-04T17:23:07.017+0000] {dag.py:3239} INFO - Sync 3 DAGs
[2025-05-04T17:23:07.054+0000] {logging_mixin.py:190} INFO - [2025-05-04T17:23:07.054+0000] {dag.py:4180} INFO - Setting next_dagrun for example_branch_datetime_operator to 2025-05-03 00:00:00+00:00, run_after=2025-05-04 00:00:00+00:00
[2025-05-04T17:23:07.061+0000] {logging_mixin.py:190} INFO - [2025-05-04T17:23:07.061+0000] {dag.py:4180} INFO - Setting next_dagrun for example_branch_datetime_operator_2 to 2025-05-03 00:00:00+00:00, run_after=2025-05-04 00:00:00+00:00
[2025-05-04T17:23:07.064+0000] {logging_mixin.py:190} INFO - [2025-05-04T17:23:07.064+0000] {dag.py:4180} INFO - Setting next_dagrun for example_branch_datetime_operator_3 to 2025-05-03 00:00:00+00:00, run_after=2025-05-04 00:00:00+00:00
[2025-05-04T17:23:07.087+0000] {processor.py:208} INFO - Processing /home/airflow/.local/lib/python3.12/site-packages/airflow/example_dags/example_branch_datetime_operator.py took 0.141 seconds
[2025-05-04T17:23:37.198+0000] {processor.py:186} INFO - Started process (PID=706) to work on /home/airflow/.local/lib/python3.12/site-packages/airflow/example_dags/example_branch_datetime_operator.py
[2025-05-04T17:23:37.200+0000] {processor.py:914} INFO - Processing file /home/airflow/.local/lib/python3.12/site-packages/airflow/example_dags/example_branch_datetime_operator.py for tasks to queue
[2025-05-04T17:23:37.204+0000] {logging_mixin.py:190} INFO - [2025-05-04T17:23:37.203+0000] {dagbag.py:588} INFO - Filling up the DagBag from /home/airflow/.local/lib/python3.12/site-packages/airflow/example_dags/example_branch_datetime_operator.py
[2025-05-04T17:23:37.221+0000] {processor.py:925} INFO - DAG(s) 'example_branch_datetime_operator_2', 'example_branch_datetime_operator_3', 'example_branch_datetime_operator' retrieved from /home/airflow/.local/lib/python3.12/site-packages/airflow/example_dags/example_branch_datetime_operator.py
[2025-05-04T17:23:37.258+0000] {logging_mixin.py:190} INFO - [2025-05-04T17:23:37.258+0000] {dag.py:3239} INFO - Sync 3 DAGs
[2025-05-04T17:23:37.291+0000] {logging_mixin.py:190} INFO - [2025-05-04T17:23:37.291+0000] {dag.py:4180} INFO - Setting next_dagrun for example_branch_datetime_operator to 2025-05-03 00:00:00+00:00, run_after=2025-05-04 00:00:00+00:00
[2025-05-04T17:23:37.298+0000] {logging_mixin.py:190} INFO - [2025-05-04T17:23:37.298+0000] {dag.py:4180} INFO - Setting next_dagrun for example_branch_datetime_operator_2 to 2025-05-03 00:00:00+00:00, run_after=2025-05-04 00:00:00+00:00
[2025-05-04T17:23:37.301+0000] {logging_mixin.py:190} INFO - [2025-05-04T17:23:37.301+0000] {dag.py:4180} INFO - Setting next_dagrun for example_branch_datetime_operator_3 to 2025-05-03 00:00:00+00:00, run_after=2025-05-04 00:00:00+00:00
[2025-05-04T17:23:37.322+0000] {processor.py:208} INFO - Processing /home/airflow/.local/lib/python3.12/site-packages/airflow/example_dags/example_branch_datetime_operator.py took 0.132 seconds
[2025-05-04T17:24:08.264+0000] {processor.py:186} INFO - Started process (PID=769) to work on /home/airflow/.local/lib/python3.12/site-packages/airflow/example_dags/example_branch_datetime_operator.py
[2025-05-04T17:24:08.266+0000] {processor.py:914} INFO - Processing file /home/airflow/.local/lib/python3.12/site-packages/airflow/example_dags/example_branch_datetime_operator.py for tasks to queue
[2025-05-04T17:24:08.269+0000] {logging_mixin.py:190} INFO - [2025-05-04T17:24:08.269+0000] {dagbag.py:588} INFO - Filling up the DagBag from /home/airflow/.local/lib/python3.12/site-packages/airflow/example_dags/example_branch_datetime_operator.py
[2025-05-04T17:24:08.293+0000] {processor.py:925} INFO - DAG(s) 'example_branch_datetime_operator_2', 'example_branch_datetime_operator_3', 'example_branch_datetime_operator' retrieved from /home/airflow/.local/lib/python3.12/site-packages/airflow/example_dags/example_branch_datetime_operator.py
[2025-05-04T17:24:08.333+0000] {logging_mixin.py:190} INFO - [2025-05-04T17:24:08.333+0000] {dag.py:3239} INFO - Sync 3 DAGs
[2025-05-04T17:24:08.369+0000] {logging_mixin.py:190} INFO - [2025-05-04T17:24:08.369+0000] {dag.py:4180} INFO - Setting next_dagrun for example_branch_datetime_operator to 2025-05-03 00:00:00+00:00, run_after=2025-05-04 00:00:00+00:00
[2025-05-04T17:24:08.376+0000] {logging_mixin.py:190} INFO - [2025-05-04T17:24:08.376+0000] {dag.py:4180} INFO - Setting next_dagrun for example_branch_datetime_operator_2 to 2025-05-03 00:00:00+00:00, run_after=2025-05-04 00:00:00+00:00
[2025-05-04T17:24:08.379+0000] {logging_mixin.py:190} INFO - [2025-05-04T17:24:08.379+0000] {dag.py:4180} INFO - Setting next_dagrun for example_branch_datetime_operator_3 to 2025-05-03 00:00:00+00:00, run_after=2025-05-04 00:00:00+00:00
[2025-05-04T17:24:08.400+0000] {processor.py:208} INFO - Processing /home/airflow/.local/lib/python3.12/site-packages/airflow/example_dags/example_branch_datetime_operator.py took 0.144 seconds
[2025-05-04T17:24:38.544+0000] {processor.py:186} INFO - Started process (PID=832) to work on /home/airflow/.local/lib/python3.12/site-packages/airflow/example_dags/example_branch_datetime_operator.py
[2025-05-04T17:24:38.547+0000] {processor.py:914} INFO - Processing file /home/airflow/.local/lib/python3.12/site-packages/airflow/example_dags/example_branch_datetime_operator.py for tasks to queue
[2025-05-04T17:24:38.550+0000] {logging_mixin.py:190} INFO - [2025-05-04T17:24:38.549+0000] {dagbag.py:588} INFO - Filling up the DagBag from /home/airflow/.local/lib/python3.12/site-packages/airflow/example_dags/example_branch_datetime_operator.py
[2025-05-04T17:24:38.568+0000] {processor.py:925} INFO - DAG(s) 'example_branch_datetime_operator', 'example_branch_datetime_operator_3', 'example_branch_datetime_operator_2' retrieved from /home/airflow/.local/lib/python3.12/site-packages/airflow/example_dags/example_branch_datetime_operator.py
[2025-05-04T17:24:38.607+0000] {logging_mixin.py:190} INFO - [2025-05-04T17:24:38.606+0000] {dag.py:3239} INFO - Sync 3 DAGs
[2025-05-04T17:24:38.643+0000] {logging_mixin.py:190} INFO - [2025-05-04T17:24:38.642+0000] {dag.py:4180} INFO - Setting next_dagrun for example_branch_datetime_operator to 2025-05-03 00:00:00+00:00, run_after=2025-05-04 00:00:00+00:00
[2025-05-04T17:24:38.650+0000] {logging_mixin.py:190} INFO - [2025-05-04T17:24:38.650+0000] {dag.py:4180} INFO - Setting next_dagrun for example_branch_datetime_operator_2 to 2025-05-03 00:00:00+00:00, run_after=2025-05-04 00:00:00+00:00
[2025-05-04T17:24:38.653+0000] {logging_mixin.py:190} INFO - [2025-05-04T17:24:38.653+0000] {dag.py:4180} INFO - Setting next_dagrun for example_branch_datetime_operator_3 to 2025-05-03 00:00:00+00:00, run_after=2025-05-04 00:00:00+00:00
[2025-05-04T17:24:38.674+0000] {processor.py:208} INFO - Processing /home/airflow/.local/lib/python3.12/site-packages/airflow/example_dags/example_branch_datetime_operator.py took 0.140 seconds
[2025-05-04T17:25:08.798+0000] {processor.py:186} INFO - Started process (PID=895) to work on /home/airflow/.local/lib/python3.12/site-packages/airflow/example_dags/example_branch_datetime_operator.py
[2025-05-04T17:25:08.799+0000] {processor.py:914} INFO - Processing file /home/airflow/.local/lib/python3.12/site-packages/airflow/example_dags/example_branch_datetime_operator.py for tasks to queue
[2025-05-04T17:25:08.803+0000] {logging_mixin.py:190} INFO - [2025-05-04T17:25:08.802+0000] {dagbag.py:588} INFO - Filling up the DagBag from /home/airflow/.local/lib/python3.12/site-packages/airflow/example_dags/example_branch_datetime_operator.py
[2025-05-04T17:25:08.820+0000] {processor.py:925} INFO - DAG(s) 'example_branch_datetime_operator_3', 'example_branch_datetime_operator_2', 'example_branch_datetime_operator' retrieved from /home/airflow/.local/lib/python3.12/site-packages/airflow/example_dags/example_branch_datetime_operator.py
[2025-05-04T17:25:08.859+0000] {logging_mixin.py:190} INFO - [2025-05-04T17:25:08.859+0000] {dag.py:3239} INFO - Sync 3 DAGs
[2025-05-04T17:25:08.898+0000] {logging_mixin.py:190} INFO - [2025-05-04T17:25:08.898+0000] {dag.py:4180} INFO - Setting next_dagrun for example_branch_datetime_operator to 2025-05-03 00:00:00+00:00, run_after=2025-05-04 00:00:00+00:00
[2025-05-04T17:25:08.904+0000] {logging_mixin.py:190} INFO - [2025-05-04T17:25:08.904+0000] {dag.py:4180} INFO - Setting next_dagrun for example_branch_datetime_operator_2 to 2025-05-03 00:00:00+00:00, run_after=2025-05-04 00:00:00+00:00
[2025-05-04T17:25:08.907+0000] {logging_mixin.py:190} INFO - [2025-05-04T17:25:08.907+0000] {dag.py:4180} INFO - Setting next_dagrun for example_branch_datetime_operator_3 to 2025-05-03 00:00:00+00:00, run_after=2025-05-04 00:00:00+00:00
[2025-05-04T17:25:08.929+0000] {processor.py:208} INFO - Processing /home/airflow/.local/lib/python3.12/site-packages/airflow/example_dags/example_branch_datetime_operator.py took 0.140 seconds
[2025-05-04T17:25:39.391+0000] {processor.py:186} INFO - Started process (PID=958) to work on /home/airflow/.local/lib/python3.12/site-packages/airflow/example_dags/example_branch_datetime_operator.py
[2025-05-04T17:25:39.393+0000] {processor.py:914} INFO - Processing file /home/airflow/.local/lib/python3.12/site-packages/airflow/example_dags/example_branch_datetime_operator.py for tasks to queue
[2025-05-04T17:25:39.396+0000] {logging_mixin.py:190} INFO - [2025-05-04T17:25:39.396+0000] {dagbag.py:588} INFO - Filling up the DagBag from /home/airflow/.local/lib/python3.12/site-packages/airflow/example_dags/example_branch_datetime_operator.py
[2025-05-04T17:25:39.414+0000] {processor.py:925} INFO - DAG(s) 'example_branch_datetime_operator_2', 'example_branch_datetime_operator_3', 'example_branch_datetime_operator' retrieved from /home/airflow/.local/lib/python3.12/site-packages/airflow/example_dags/example_branch_datetime_operator.py
[2025-05-04T17:25:39.452+0000] {logging_mixin.py:190} INFO - [2025-05-04T17:25:39.452+0000] {dag.py:3239} INFO - Sync 3 DAGs
[2025-05-04T17:25:39.487+0000] {logging_mixin.py:190} INFO - [2025-05-04T17:25:39.487+0000] {dag.py:4180} INFO - Setting next_dagrun for example_branch_datetime_operator to 2025-05-03 00:00:00+00:00, run_after=2025-05-04 00:00:00+00:00
[2025-05-04T17:25:39.494+0000] {logging_mixin.py:190} INFO - [2025-05-04T17:25:39.494+0000] {dag.py:4180} INFO - Setting next_dagrun for example_branch_datetime_operator_2 to 2025-05-03 00:00:00+00:00, run_after=2025-05-04 00:00:00+00:00
[2025-05-04T17:25:39.497+0000] {logging_mixin.py:190} INFO - [2025-05-04T17:25:39.497+0000] {dag.py:4180} INFO - Setting next_dagrun for example_branch_datetime_operator_3 to 2025-05-03 00:00:00+00:00, run_after=2025-05-04 00:00:00+00:00
[2025-05-04T17:25:39.519+0000] {processor.py:208} INFO - Processing /home/airflow/.local/lib/python3.12/site-packages/airflow/example_dags/example_branch_datetime_operator.py took 0.136 seconds
[2025-05-04T17:26:09.926+0000] {processor.py:186} INFO - Started process (PID=1021) to work on /home/airflow/.local/lib/python3.12/site-packages/airflow/example_dags/example_branch_datetime_operator.py
[2025-05-04T17:26:09.928+0000] {processor.py:914} INFO - Processing file /home/airflow/.local/lib/python3.12/site-packages/airflow/example_dags/example_branch_datetime_operator.py for tasks to queue
[2025-05-04T17:26:09.932+0000] {logging_mixin.py:190} INFO - [2025-05-04T17:26:09.931+0000] {dagbag.py:588} INFO - Filling up the DagBag from /home/airflow/.local/lib/python3.12/site-packages/airflow/example_dags/example_branch_datetime_operator.py
[2025-05-04T17:26:09.949+0000] {processor.py:925} INFO - DAG(s) 'example_branch_datetime_operator_3', 'example_branch_datetime_operator_2', 'example_branch_datetime_operator' retrieved from /home/airflow/.local/lib/python3.12/site-packages/airflow/example_dags/example_branch_datetime_operator.py
[2025-05-04T17:26:09.988+0000] {logging_mixin.py:190} INFO - [2025-05-04T17:26:09.987+0000] {dag.py:3239} INFO - Sync 3 DAGs
[2025-05-04T17:26:10.024+0000] {logging_mixin.py:190} INFO - [2025-05-04T17:26:10.023+0000] {dag.py:4180} INFO - Setting next_dagrun for example_branch_datetime_operator to 2025-05-03 00:00:00+00:00, run_after=2025-05-04 00:00:00+00:00
[2025-05-04T17:26:10.030+0000] {logging_mixin.py:190} INFO - [2025-05-04T17:26:10.030+0000] {dag.py:4180} INFO - Setting next_dagrun for example_branch_datetime_operator_2 to 2025-05-03 00:00:00+00:00, run_after=2025-05-04 00:00:00+00:00
[2025-05-04T17:26:10.033+0000] {logging_mixin.py:190} INFO - [2025-05-04T17:26:10.033+0000] {dag.py:4180} INFO - Setting next_dagrun for example_branch_datetime_operator_3 to 2025-05-03 00:00:00+00:00, run_after=2025-05-04 00:00:00+00:00
[2025-05-04T17:26:10.055+0000] {processor.py:208} INFO - Processing /home/airflow/.local/lib/python3.12/site-packages/airflow/example_dags/example_branch_datetime_operator.py took 0.136 seconds
[2025-05-04T17:26:40.491+0000] {processor.py:186} INFO - Started process (PID=1084) to work on /home/airflow/.local/lib/python3.12/site-packages/airflow/example_dags/example_branch_datetime_operator.py
[2025-05-04T17:26:40.493+0000] {processor.py:914} INFO - Processing file /home/airflow/.local/lib/python3.12/site-packages/airflow/example_dags/example_branch_datetime_operator.py for tasks to queue
[2025-05-04T17:26:40.497+0000] {logging_mixin.py:190} INFO - [2025-05-04T17:26:40.496+0000] {dagbag.py:588} INFO - Filling up the DagBag from /home/airflow/.local/lib/python3.12/site-packages/airflow/example_dags/example_branch_datetime_operator.py
[2025-05-04T17:26:40.514+0000] {processor.py:925} INFO - DAG(s) 'example_branch_datetime_operator_3', 'example_branch_datetime_operator', 'example_branch_datetime_operator_2' retrieved from /home/airflow/.local/lib/python3.12/site-packages/airflow/example_dags/example_branch_datetime_operator.py
[2025-05-04T17:26:40.555+0000] {logging_mixin.py:190} INFO - [2025-05-04T17:26:40.554+0000] {dag.py:3239} INFO - Sync 3 DAGs
[2025-05-04T17:26:40.590+0000] {logging_mixin.py:190} INFO - [2025-05-04T17:26:40.590+0000] {dag.py:4180} INFO - Setting next_dagrun for example_branch_datetime_operator to 2025-05-03 00:00:00+00:00, run_after=2025-05-04 00:00:00+00:00
[2025-05-04T17:26:40.597+0000] {logging_mixin.py:190} INFO - [2025-05-04T17:26:40.597+0000] {dag.py:4180} INFO - Setting next_dagrun for example_branch_datetime_operator_2 to 2025-05-03 00:00:00+00:00, run_after=2025-05-04 00:00:00+00:00
[2025-05-04T17:26:40.600+0000] {logging_mixin.py:190} INFO - [2025-05-04T17:26:40.600+0000] {dag.py:4180} INFO - Setting next_dagrun for example_branch_datetime_operator_3 to 2025-05-03 00:00:00+00:00, run_after=2025-05-04 00:00:00+00:00
[2025-05-04T17:26:40.620+0000] {processor.py:208} INFO - Processing /home/airflow/.local/lib/python3.12/site-packages/airflow/example_dags/example_branch_datetime_operator.py took 0.137 seconds
