[2025-05-04T17:18:34.645+0000] {processor.py:186} INFO - Started process (PID=83) to work on /home/airflow/.local/lib/python3.12/site-packages/airflow/example_dags/example_nested_branch_dag.py
[2025-05-04T17:18:34.645+0000] {processor.py:914} INFO - Processing file /home/airflow/.local/lib/python3.12/site-packages/airflow/example_dags/example_nested_branch_dag.py for tasks to queue
[2025-05-04T17:18:34.647+0000] {logging_mixin.py:190} INFO - [2025-05-04T17:18:34.647+0000] {dagbag.py:588} INFO - Filling up the DagBag from /home/airflow/.local/lib/python3.12/site-packages/airflow/example_dags/example_nested_branch_dag.py
[2025-05-04T17:18:34.658+0000] {processor.py:925} INFO - DAG(s) 'example_nested_branch_dag' retrieved from /home/airflow/.local/lib/python3.12/site-packages/airflow/example_dags/example_nested_branch_dag.py
[2025-05-04T17:18:34.748+0000] {logging_mixin.py:190} INFO - [2025-05-04T17:18:34.748+0000] {override.py:1912} INFO - Created Permission View: can read on DAG:example_nested_branch_dag
[2025-05-04T17:18:34.755+0000] {logging_mixin.py:190} INFO - [2025-05-04T17:18:34.755+0000] {override.py:1912} INFO - Created Permission View: can edit on DAG:example_nested_branch_dag
[2025-05-04T17:18:34.759+0000] {logging_mixin.py:190} INFO - [2025-05-04T17:18:34.759+0000] {override.py:1912} INFO - Created Permission View: can delete on DAG:example_nested_branch_dag
[2025-05-04T17:18:34.763+0000] {logging_mixin.py:190} INFO - [2025-05-04T17:18:34.763+0000] {override.py:1912} INFO - Created Permission View: can read on DAG Run:example_nested_branch_dag
[2025-05-04T17:18:34.767+0000] {logging_mixin.py:190} INFO - [2025-05-04T17:18:34.767+0000] {override.py:1912} INFO - Created Permission View: can create on DAG Run:example_nested_branch_dag
[2025-05-04T17:18:34.771+0000] {logging_mixin.py:190} INFO - [2025-05-04T17:18:34.771+0000] {override.py:1912} INFO - Created Permission View: can delete on DAG Run:example_nested_branch_dag
[2025-05-04T17:18:34.775+0000] {logging_mixin.py:190} INFO - [2025-05-04T17:18:34.775+0000] {override.py:1912} INFO - Created Permission View: menu access on DAG Run:example_nested_branch_dag
[2025-05-04T17:18:34.775+0000] {logging_mixin.py:190} INFO - [2025-05-04T17:18:34.775+0000] {dag.py:3239} INFO - Sync 1 DAGs
[2025-05-04T17:18:34.786+0000] {logging_mixin.py:190} INFO - [2025-05-04T17:18:34.785+0000] {dag.py:3262} INFO - Creating ORM DAG for example_nested_branch_dag
[2025-05-04T17:18:34.793+0000] {logging_mixin.py:190} INFO - [2025-05-04T17:18:34.793+0000] {dag.py:4180} INFO - Setting next_dagrun for example_nested_branch_dag to 2025-05-03 00:00:00+00:00, run_after=2025-05-04 00:00:00+00:00
[2025-05-04T17:18:34.804+0000] {processor.py:208} INFO - Processing /home/airflow/.local/lib/python3.12/site-packages/airflow/example_dags/example_nested_branch_dag.py took 0.165 seconds
[2025-05-04T17:19:05.557+0000] {processor.py:186} INFO - Started process (PID=146) to work on /home/airflow/.local/lib/python3.12/site-packages/airflow/example_dags/example_nested_branch_dag.py
[2025-05-04T17:19:05.558+0000] {processor.py:914} INFO - Processing file /home/airflow/.local/lib/python3.12/site-packages/airflow/example_dags/example_nested_branch_dag.py for tasks to queue
[2025-05-04T17:19:05.561+0000] {logging_mixin.py:190} INFO - [2025-05-04T17:19:05.560+0000] {dagbag.py:588} INFO - Filling up the DagBag from /home/airflow/.local/lib/python3.12/site-packages/airflow/example_dags/example_nested_branch_dag.py
[2025-05-04T17:19:05.576+0000] {processor.py:925} INFO - DAG(s) 'example_nested_branch_dag' retrieved from /home/airflow/.local/lib/python3.12/site-packages/airflow/example_dags/example_nested_branch_dag.py
[2025-05-04T17:19:05.603+0000] {logging_mixin.py:190} INFO - [2025-05-04T17:19:05.603+0000] {dag.py:3239} INFO - Sync 1 DAGs
[2025-05-04T17:19:05.635+0000] {logging_mixin.py:190} INFO - [2025-05-04T17:19:05.635+0000] {dag.py:4180} INFO - Setting next_dagrun for example_nested_branch_dag to 2025-05-03 00:00:00+00:00, run_after=2025-05-04 00:00:00+00:00
[2025-05-04T17:19:05.657+0000] {processor.py:208} INFO - Processing /home/airflow/.local/lib/python3.12/site-packages/airflow/example_dags/example_nested_branch_dag.py took 0.108 seconds
[2025-05-04T17:19:36.127+0000] {processor.py:186} INFO - Started process (PID=209) to work on /home/airflow/.local/lib/python3.12/site-packages/airflow/example_dags/example_nested_branch_dag.py
[2025-05-04T17:19:36.129+0000] {processor.py:914} INFO - Processing file /home/airflow/.local/lib/python3.12/site-packages/airflow/example_dags/example_nested_branch_dag.py for tasks to queue
[2025-05-04T17:19:36.132+0000] {logging_mixin.py:190} INFO - [2025-05-04T17:19:36.131+0000] {dagbag.py:588} INFO - Filling up the DagBag from /home/airflow/.local/lib/python3.12/site-packages/airflow/example_dags/example_nested_branch_dag.py
[2025-05-04T17:19:36.149+0000] {processor.py:925} INFO - DAG(s) 'example_nested_branch_dag' retrieved from /home/airflow/.local/lib/python3.12/site-packages/airflow/example_dags/example_nested_branch_dag.py
[2025-05-04T17:19:36.182+0000] {logging_mixin.py:190} INFO - [2025-05-04T17:19:36.181+0000] {dag.py:3239} INFO - Sync 1 DAGs
[2025-05-04T17:19:36.220+0000] {logging_mixin.py:190} INFO - [2025-05-04T17:19:36.220+0000] {dag.py:4180} INFO - Setting next_dagrun for example_nested_branch_dag to 2025-05-03 00:00:00+00:00, run_after=2025-05-04 00:00:00+00:00
[2025-05-04T17:19:36.245+0000] {processor.py:208} INFO - Processing /home/airflow/.local/lib/python3.12/site-packages/airflow/example_dags/example_nested_branch_dag.py took 0.127 seconds
[2025-05-04T17:20:06.353+0000] {processor.py:186} INFO - Started process (PID=271) to work on /home/airflow/.local/lib/python3.12/site-packages/airflow/example_dags/example_nested_branch_dag.py
[2025-05-04T17:20:06.354+0000] {processor.py:914} INFO - Processing file /home/airflow/.local/lib/python3.12/site-packages/airflow/example_dags/example_nested_branch_dag.py for tasks to queue
[2025-05-04T17:20:06.357+0000] {logging_mixin.py:190} INFO - [2025-05-04T17:20:06.357+0000] {dagbag.py:588} INFO - Filling up the DagBag from /home/airflow/.local/lib/python3.12/site-packages/airflow/example_dags/example_nested_branch_dag.py
[2025-05-04T17:20:06.374+0000] {processor.py:925} INFO - DAG(s) 'example_nested_branch_dag' retrieved from /home/airflow/.local/lib/python3.12/site-packages/airflow/example_dags/example_nested_branch_dag.py
[2025-05-04T17:20:06.407+0000] {logging_mixin.py:190} INFO - [2025-05-04T17:20:06.407+0000] {dag.py:3239} INFO - Sync 1 DAGs
[2025-05-04T17:20:06.442+0000] {logging_mixin.py:190} INFO - [2025-05-04T17:20:06.442+0000] {dag.py:4180} INFO - Setting next_dagrun for example_nested_branch_dag to 2025-05-03 00:00:00+00:00, run_after=2025-05-04 00:00:00+00:00
[2025-05-04T17:20:06.466+0000] {processor.py:208} INFO - Processing /home/airflow/.local/lib/python3.12/site-packages/airflow/example_dags/example_nested_branch_dag.py took 0.122 seconds
[2025-05-04T17:20:36.573+0000] {processor.py:186} INFO - Started process (PID=334) to work on /home/airflow/.local/lib/python3.12/site-packages/airflow/example_dags/example_nested_branch_dag.py
[2025-05-04T17:20:36.574+0000] {processor.py:914} INFO - Processing file /home/airflow/.local/lib/python3.12/site-packages/airflow/example_dags/example_nested_branch_dag.py for tasks to queue
[2025-05-04T17:20:36.577+0000] {logging_mixin.py:190} INFO - [2025-05-04T17:20:36.577+0000] {dagbag.py:588} INFO - Filling up the DagBag from /home/airflow/.local/lib/python3.12/site-packages/airflow/example_dags/example_nested_branch_dag.py
[2025-05-04T17:20:36.593+0000] {processor.py:925} INFO - DAG(s) 'example_nested_branch_dag' retrieved from /home/airflow/.local/lib/python3.12/site-packages/airflow/example_dags/example_nested_branch_dag.py
[2025-05-04T17:20:36.622+0000] {logging_mixin.py:190} INFO - [2025-05-04T17:20:36.622+0000] {dag.py:3239} INFO - Sync 1 DAGs
[2025-05-04T17:20:36.655+0000] {logging_mixin.py:190} INFO - [2025-05-04T17:20:36.655+0000] {dag.py:4180} INFO - Setting next_dagrun for example_nested_branch_dag to 2025-05-03 00:00:00+00:00, run_after=2025-05-04 00:00:00+00:00
[2025-05-04T17:20:36.681+0000] {processor.py:208} INFO - Processing /home/airflow/.local/lib/python3.12/site-packages/airflow/example_dags/example_nested_branch_dag.py took 0.115 seconds
[2025-05-04T17:21:07.003+0000] {processor.py:186} INFO - Started process (PID=397) to work on /home/airflow/.local/lib/python3.12/site-packages/airflow/example_dags/example_nested_branch_dag.py
[2025-05-04T17:21:07.005+0000] {processor.py:914} INFO - Processing file /home/airflow/.local/lib/python3.12/site-packages/airflow/example_dags/example_nested_branch_dag.py for tasks to queue
[2025-05-04T17:21:07.008+0000] {logging_mixin.py:190} INFO - [2025-05-04T17:21:07.007+0000] {dagbag.py:588} INFO - Filling up the DagBag from /home/airflow/.local/lib/python3.12/site-packages/airflow/example_dags/example_nested_branch_dag.py
[2025-05-04T17:21:07.026+0000] {processor.py:925} INFO - DAG(s) 'example_nested_branch_dag' retrieved from /home/airflow/.local/lib/python3.12/site-packages/airflow/example_dags/example_nested_branch_dag.py
[2025-05-04T17:21:07.058+0000] {logging_mixin.py:190} INFO - [2025-05-04T17:21:07.058+0000] {dag.py:3239} INFO - Sync 1 DAGs
[2025-05-04T17:21:07.095+0000] {logging_mixin.py:190} INFO - [2025-05-04T17:21:07.094+0000] {dag.py:4180} INFO - Setting next_dagrun for example_nested_branch_dag to 2025-05-03 00:00:00+00:00, run_after=2025-05-04 00:00:00+00:00
[2025-05-04T17:21:07.118+0000] {processor.py:208} INFO - Processing /home/airflow/.local/lib/python3.12/site-packages/airflow/example_dags/example_nested_branch_dag.py took 0.124 seconds
[2025-05-04T17:21:37.248+0000] {processor.py:186} INFO - Started process (PID=460) to work on /home/airflow/.local/lib/python3.12/site-packages/airflow/example_dags/example_nested_branch_dag.py
[2025-05-04T17:21:37.250+0000] {processor.py:914} INFO - Processing file /home/airflow/.local/lib/python3.12/site-packages/airflow/example_dags/example_nested_branch_dag.py for tasks to queue
[2025-05-04T17:21:37.253+0000] {logging_mixin.py:190} INFO - [2025-05-04T17:21:37.253+0000] {dagbag.py:588} INFO - Filling up the DagBag from /home/airflow/.local/lib/python3.12/site-packages/airflow/example_dags/example_nested_branch_dag.py
[2025-05-04T17:21:37.271+0000] {processor.py:925} INFO - DAG(s) 'example_nested_branch_dag' retrieved from /home/airflow/.local/lib/python3.12/site-packages/airflow/example_dags/example_nested_branch_dag.py
[2025-05-04T17:21:37.303+0000] {logging_mixin.py:190} INFO - [2025-05-04T17:21:37.302+0000] {dag.py:3239} INFO - Sync 1 DAGs
[2025-05-04T17:21:37.338+0000] {logging_mixin.py:190} INFO - [2025-05-04T17:21:37.337+0000] {dag.py:4180} INFO - Setting next_dagrun for example_nested_branch_dag to 2025-05-03 00:00:00+00:00, run_after=2025-05-04 00:00:00+00:00
[2025-05-04T17:21:37.361+0000] {processor.py:208} INFO - Processing /home/airflow/.local/lib/python3.12/site-packages/airflow/example_dags/example_nested_branch_dag.py took 0.121 seconds
[2025-05-04T17:22:07.493+0000] {processor.py:186} INFO - Started process (PID=523) to work on /home/airflow/.local/lib/python3.12/site-packages/airflow/example_dags/example_nested_branch_dag.py
[2025-05-04T17:22:07.495+0000] {processor.py:914} INFO - Processing file /home/airflow/.local/lib/python3.12/site-packages/airflow/example_dags/example_nested_branch_dag.py for tasks to queue
[2025-05-04T17:22:07.498+0000] {logging_mixin.py:190} INFO - [2025-05-04T17:22:07.498+0000] {dagbag.py:588} INFO - Filling up the DagBag from /home/airflow/.local/lib/python3.12/site-packages/airflow/example_dags/example_nested_branch_dag.py
[2025-05-04T17:22:07.517+0000] {processor.py:925} INFO - DAG(s) 'example_nested_branch_dag' retrieved from /home/airflow/.local/lib/python3.12/site-packages/airflow/example_dags/example_nested_branch_dag.py
[2025-05-04T17:22:07.550+0000] {logging_mixin.py:190} INFO - [2025-05-04T17:22:07.549+0000] {dag.py:3239} INFO - Sync 1 DAGs
[2025-05-04T17:22:07.586+0000] {logging_mixin.py:190} INFO - [2025-05-04T17:22:07.585+0000] {dag.py:4180} INFO - Setting next_dagrun for example_nested_branch_dag to 2025-05-03 00:00:00+00:00, run_after=2025-05-04 00:00:00+00:00
[2025-05-04T17:22:07.609+0000] {processor.py:208} INFO - Processing /home/airflow/.local/lib/python3.12/site-packages/airflow/example_dags/example_nested_branch_dag.py took 0.124 seconds
[2025-05-04T17:22:37.859+0000] {processor.py:186} INFO - Started process (PID=586) to work on /home/airflow/.local/lib/python3.12/site-packages/airflow/example_dags/example_nested_branch_dag.py
[2025-05-04T17:22:37.861+0000] {processor.py:914} INFO - Processing file /home/airflow/.local/lib/python3.12/site-packages/airflow/example_dags/example_nested_branch_dag.py for tasks to queue
[2025-05-04T17:22:37.864+0000] {logging_mixin.py:190} INFO - [2025-05-04T17:22:37.863+0000] {dagbag.py:588} INFO - Filling up the DagBag from /home/airflow/.local/lib/python3.12/site-packages/airflow/example_dags/example_nested_branch_dag.py
[2025-05-04T17:22:37.881+0000] {processor.py:925} INFO - DAG(s) 'example_nested_branch_dag' retrieved from /home/airflow/.local/lib/python3.12/site-packages/airflow/example_dags/example_nested_branch_dag.py
[2025-05-04T17:22:37.912+0000] {logging_mixin.py:190} INFO - [2025-05-04T17:22:37.912+0000] {dag.py:3239} INFO - Sync 1 DAGs
[2025-05-04T17:22:37.947+0000] {logging_mixin.py:190} INFO - [2025-05-04T17:22:37.947+0000] {dag.py:4180} INFO - Setting next_dagrun for example_nested_branch_dag to 2025-05-03 00:00:00+00:00, run_after=2025-05-04 00:00:00+00:00
[2025-05-04T17:22:37.973+0000] {processor.py:208} INFO - Processing /home/airflow/.local/lib/python3.12/site-packages/airflow/example_dags/example_nested_branch_dag.py took 0.122 seconds
[2025-05-04T17:23:08.454+0000] {processor.py:186} INFO - Started process (PID=649) to work on /home/airflow/.local/lib/python3.12/site-packages/airflow/example_dags/example_nested_branch_dag.py
[2025-05-04T17:23:08.456+0000] {processor.py:914} INFO - Processing file /home/airflow/.local/lib/python3.12/site-packages/airflow/example_dags/example_nested_branch_dag.py for tasks to queue
[2025-05-04T17:23:08.458+0000] {logging_mixin.py:190} INFO - [2025-05-04T17:23:08.458+0000] {dagbag.py:588} INFO - Filling up the DagBag from /home/airflow/.local/lib/python3.12/site-packages/airflow/example_dags/example_nested_branch_dag.py
[2025-05-04T17:23:08.475+0000] {processor.py:925} INFO - DAG(s) 'example_nested_branch_dag' retrieved from /home/airflow/.local/lib/python3.12/site-packages/airflow/example_dags/example_nested_branch_dag.py
[2025-05-04T17:23:08.506+0000] {logging_mixin.py:190} INFO - [2025-05-04T17:23:08.506+0000] {dag.py:3239} INFO - Sync 1 DAGs
[2025-05-04T17:23:08.539+0000] {logging_mixin.py:190} INFO - [2025-05-04T17:23:08.539+0000] {dag.py:4180} INFO - Setting next_dagrun for example_nested_branch_dag to 2025-05-03 00:00:00+00:00, run_after=2025-05-04 00:00:00+00:00
[2025-05-04T17:23:08.564+0000] {processor.py:208} INFO - Processing /home/airflow/.local/lib/python3.12/site-packages/airflow/example_dags/example_nested_branch_dag.py took 0.118 seconds
[2025-05-04T17:23:38.732+0000] {processor.py:186} INFO - Started process (PID=712) to work on /home/airflow/.local/lib/python3.12/site-packages/airflow/example_dags/example_nested_branch_dag.py
[2025-05-04T17:23:38.733+0000] {processor.py:914} INFO - Processing file /home/airflow/.local/lib/python3.12/site-packages/airflow/example_dags/example_nested_branch_dag.py for tasks to queue
[2025-05-04T17:23:38.736+0000] {logging_mixin.py:190} INFO - [2025-05-04T17:23:38.735+0000] {dagbag.py:588} INFO - Filling up the DagBag from /home/airflow/.local/lib/python3.12/site-packages/airflow/example_dags/example_nested_branch_dag.py
[2025-05-04T17:23:38.753+0000] {processor.py:925} INFO - DAG(s) 'example_nested_branch_dag' retrieved from /home/airflow/.local/lib/python3.12/site-packages/airflow/example_dags/example_nested_branch_dag.py
[2025-05-04T17:23:38.786+0000] {logging_mixin.py:190} INFO - [2025-05-04T17:23:38.785+0000] {dag.py:3239} INFO - Sync 1 DAGs
[2025-05-04T17:23:38.819+0000] {logging_mixin.py:190} INFO - [2025-05-04T17:23:38.819+0000] {dag.py:4180} INFO - Setting next_dagrun for example_nested_branch_dag to 2025-05-03 00:00:00+00:00, run_after=2025-05-04 00:00:00+00:00
[2025-05-04T17:23:38.844+0000] {processor.py:208} INFO - Processing /home/airflow/.local/lib/python3.12/site-packages/airflow/example_dags/example_nested_branch_dag.py took 0.121 seconds
[2025-05-04T17:24:09.783+0000] {processor.py:186} INFO - Started process (PID=775) to work on /home/airflow/.local/lib/python3.12/site-packages/airflow/example_dags/example_nested_branch_dag.py
[2025-05-04T17:24:09.784+0000] {processor.py:914} INFO - Processing file /home/airflow/.local/lib/python3.12/site-packages/airflow/example_dags/example_nested_branch_dag.py for tasks to queue
[2025-05-04T17:24:09.787+0000] {logging_mixin.py:190} INFO - [2025-05-04T17:24:09.787+0000] {dagbag.py:588} INFO - Filling up the DagBag from /home/airflow/.local/lib/python3.12/site-packages/airflow/example_dags/example_nested_branch_dag.py
[2025-05-04T17:24:09.804+0000] {processor.py:925} INFO - DAG(s) 'example_nested_branch_dag' retrieved from /home/airflow/.local/lib/python3.12/site-packages/airflow/example_dags/example_nested_branch_dag.py
[2025-05-04T17:24:09.833+0000] {logging_mixin.py:190} INFO - [2025-05-04T17:24:09.832+0000] {dag.py:3239} INFO - Sync 1 DAGs
[2025-05-04T17:24:09.863+0000] {logging_mixin.py:190} INFO - [2025-05-04T17:24:09.863+0000] {dag.py:4180} INFO - Setting next_dagrun for example_nested_branch_dag to 2025-05-03 00:00:00+00:00, run_after=2025-05-04 00:00:00+00:00
[2025-05-04T17:24:09.885+0000] {processor.py:208} INFO - Processing /home/airflow/.local/lib/python3.12/site-packages/airflow/example_dags/example_nested_branch_dag.py took 0.111 seconds
[2025-05-04T17:24:40.052+0000] {processor.py:186} INFO - Started process (PID=838) to work on /home/airflow/.local/lib/python3.12/site-packages/airflow/example_dags/example_nested_branch_dag.py
[2025-05-04T17:24:40.053+0000] {processor.py:914} INFO - Processing file /home/airflow/.local/lib/python3.12/site-packages/airflow/example_dags/example_nested_branch_dag.py for tasks to queue
[2025-05-04T17:24:40.056+0000] {logging_mixin.py:190} INFO - [2025-05-04T17:24:40.056+0000] {dagbag.py:588} INFO - Filling up the DagBag from /home/airflow/.local/lib/python3.12/site-packages/airflow/example_dags/example_nested_branch_dag.py
[2025-05-04T17:24:40.073+0000] {processor.py:925} INFO - DAG(s) 'example_nested_branch_dag' retrieved from /home/airflow/.local/lib/python3.12/site-packages/airflow/example_dags/example_nested_branch_dag.py
[2025-05-04T17:24:40.105+0000] {logging_mixin.py:190} INFO - [2025-05-04T17:24:40.105+0000] {dag.py:3239} INFO - Sync 1 DAGs
[2025-05-04T17:24:40.138+0000] {logging_mixin.py:190} INFO - [2025-05-04T17:24:40.138+0000] {dag.py:4180} INFO - Setting next_dagrun for example_nested_branch_dag to 2025-05-03 00:00:00+00:00, run_after=2025-05-04 00:00:00+00:00
[2025-05-04T17:24:40.163+0000] {processor.py:208} INFO - Processing /home/airflow/.local/lib/python3.12/site-packages/airflow/example_dags/example_nested_branch_dag.py took 0.120 seconds
[2025-05-04T17:25:10.312+0000] {processor.py:186} INFO - Started process (PID=901) to work on /home/airflow/.local/lib/python3.12/site-packages/airflow/example_dags/example_nested_branch_dag.py
[2025-05-04T17:25:10.313+0000] {processor.py:914} INFO - Processing file /home/airflow/.local/lib/python3.12/site-packages/airflow/example_dags/example_nested_branch_dag.py for tasks to queue
[2025-05-04T17:25:10.316+0000] {logging_mixin.py:190} INFO - [2025-05-04T17:25:10.316+0000] {dagbag.py:588} INFO - Filling up the DagBag from /home/airflow/.local/lib/python3.12/site-packages/airflow/example_dags/example_nested_branch_dag.py
[2025-05-04T17:25:10.333+0000] {processor.py:925} INFO - DAG(s) 'example_nested_branch_dag' retrieved from /home/airflow/.local/lib/python3.12/site-packages/airflow/example_dags/example_nested_branch_dag.py
[2025-05-04T17:25:10.366+0000] {logging_mixin.py:190} INFO - [2025-05-04T17:25:10.366+0000] {dag.py:3239} INFO - Sync 1 DAGs
[2025-05-04T17:25:10.401+0000] {logging_mixin.py:190} INFO - [2025-05-04T17:25:10.400+0000] {dag.py:4180} INFO - Setting next_dagrun for example_nested_branch_dag to 2025-05-03 00:00:00+00:00, run_after=2025-05-04 00:00:00+00:00
[2025-05-04T17:25:10.425+0000] {processor.py:208} INFO - Processing /home/airflow/.local/lib/python3.12/site-packages/airflow/example_dags/example_nested_branch_dag.py took 0.120 seconds
[2025-05-04T17:25:40.898+0000] {processor.py:186} INFO - Started process (PID=964) to work on /home/airflow/.local/lib/python3.12/site-packages/airflow/example_dags/example_nested_branch_dag.py
[2025-05-04T17:25:40.900+0000] {processor.py:914} INFO - Processing file /home/airflow/.local/lib/python3.12/site-packages/airflow/example_dags/example_nested_branch_dag.py for tasks to queue
[2025-05-04T17:25:40.903+0000] {logging_mixin.py:190} INFO - [2025-05-04T17:25:40.902+0000] {dagbag.py:588} INFO - Filling up the DagBag from /home/airflow/.local/lib/python3.12/site-packages/airflow/example_dags/example_nested_branch_dag.py
[2025-05-04T17:25:40.920+0000] {processor.py:925} INFO - DAG(s) 'example_nested_branch_dag' retrieved from /home/airflow/.local/lib/python3.12/site-packages/airflow/example_dags/example_nested_branch_dag.py
[2025-05-04T17:25:40.951+0000] {logging_mixin.py:190} INFO - [2025-05-04T17:25:40.951+0000] {dag.py:3239} INFO - Sync 1 DAGs
[2025-05-04T17:25:40.984+0000] {logging_mixin.py:190} INFO - [2025-05-04T17:25:40.984+0000] {dag.py:4180} INFO - Setting next_dagrun for example_nested_branch_dag to 2025-05-03 00:00:00+00:00, run_after=2025-05-04 00:00:00+00:00
[2025-05-04T17:25:41.010+0000] {processor.py:208} INFO - Processing /home/airflow/.local/lib/python3.12/site-packages/airflow/example_dags/example_nested_branch_dag.py took 0.120 seconds
[2025-05-04T17:26:11.433+0000] {processor.py:186} INFO - Started process (PID=1027) to work on /home/airflow/.local/lib/python3.12/site-packages/airflow/example_dags/example_nested_branch_dag.py
[2025-05-04T17:26:11.435+0000] {processor.py:914} INFO - Processing file /home/airflow/.local/lib/python3.12/site-packages/airflow/example_dags/example_nested_branch_dag.py for tasks to queue
[2025-05-04T17:26:11.438+0000] {logging_mixin.py:190} INFO - [2025-05-04T17:26:11.438+0000] {dagbag.py:588} INFO - Filling up the DagBag from /home/airflow/.local/lib/python3.12/site-packages/airflow/example_dags/example_nested_branch_dag.py
[2025-05-04T17:26:11.455+0000] {processor.py:925} INFO - DAG(s) 'example_nested_branch_dag' retrieved from /home/airflow/.local/lib/python3.12/site-packages/airflow/example_dags/example_nested_branch_dag.py
[2025-05-04T17:26:11.486+0000] {logging_mixin.py:190} INFO - [2025-05-04T17:26:11.485+0000] {dag.py:3239} INFO - Sync 1 DAGs
[2025-05-04T17:26:11.517+0000] {logging_mixin.py:190} INFO - [2025-05-04T17:26:11.517+0000] {dag.py:4180} INFO - Setting next_dagrun for example_nested_branch_dag to 2025-05-03 00:00:00+00:00, run_after=2025-05-04 00:00:00+00:00
[2025-05-04T17:26:11.538+0000] {processor.py:208} INFO - Processing /home/airflow/.local/lib/python3.12/site-packages/airflow/example_dags/example_nested_branch_dag.py took 0.114 seconds
[2025-05-04T17:26:42.027+0000] {processor.py:186} INFO - Started process (PID=1090) to work on /home/airflow/.local/lib/python3.12/site-packages/airflow/example_dags/example_nested_branch_dag.py
[2025-05-04T17:26:42.029+0000] {processor.py:914} INFO - Processing file /home/airflow/.local/lib/python3.12/site-packages/airflow/example_dags/example_nested_branch_dag.py for tasks to queue
[2025-05-04T17:26:42.032+0000] {logging_mixin.py:190} INFO - [2025-05-04T17:26:42.032+0000] {dagbag.py:588} INFO - Filling up the DagBag from /home/airflow/.local/lib/python3.12/site-packages/airflow/example_dags/example_nested_branch_dag.py
[2025-05-04T17:26:42.049+0000] {processor.py:925} INFO - DAG(s) 'example_nested_branch_dag' retrieved from /home/airflow/.local/lib/python3.12/site-packages/airflow/example_dags/example_nested_branch_dag.py
[2025-05-04T17:26:42.081+0000] {logging_mixin.py:190} INFO - [2025-05-04T17:26:42.081+0000] {dag.py:3239} INFO - Sync 1 DAGs
[2025-05-04T17:26:42.116+0000] {logging_mixin.py:190} INFO - [2025-05-04T17:26:42.115+0000] {dag.py:4180} INFO - Setting next_dagrun for example_nested_branch_dag to 2025-05-03 00:00:00+00:00, run_after=2025-05-04 00:00:00+00:00
[2025-05-04T17:26:42.139+0000] {processor.py:208} INFO - Processing /home/airflow/.local/lib/python3.12/site-packages/airflow/example_dags/example_nested_branch_dag.py took 0.120 seconds
