[2025-05-04T17:18:34.835+0000] {processor.py:186} INFO - Started process (PID=85) to work on /home/airflow/.local/lib/python3.12/site-packages/airflow/example_dags/example_branch_python_dop_operator_3.py
[2025-05-04T17:18:34.836+0000] {processor.py:914} INFO - Processing file /home/airflow/.local/lib/python3.12/site-packages/airflow/example_dags/example_branch_python_dop_operator_3.py for tasks to queue
[2025-05-04T17:18:34.838+0000] {logging_mixin.py:190} INFO - [2025-05-04T17:18:34.838+0000] {dagbag.py:588} INFO - Filling up the DagBag from /home/airflow/.local/lib/python3.12/site-packages/airflow/example_dags/example_branch_python_dop_operator_3.py
[2025-05-04T17:18:34.849+0000] {processor.py:925} INFO - DAG(s) 'example_branch_dop_operator_v3' retrieved from /home/airflow/.local/lib/python3.12/site-packages/airflow/example_dags/example_branch_python_dop_operator_3.py
[2025-05-04T17:18:34.940+0000] {logging_mixin.py:190} INFO - [2025-05-04T17:18:34.939+0000] {override.py:1912} INFO - Created Permission View: can read on DAG:example_branch_dop_operator_v3
[2025-05-04T17:18:34.946+0000] {logging_mixin.py:190} INFO - [2025-05-04T17:18:34.946+0000] {override.py:1912} INFO - Created Permission View: can edit on DAG:example_branch_dop_operator_v3
[2025-05-04T17:18:34.950+0000] {logging_mixin.py:190} INFO - [2025-05-04T17:18:34.950+0000] {override.py:1912} INFO - Created Permission View: can delete on DAG:example_branch_dop_operator_v3
[2025-05-04T17:18:34.955+0000] {logging_mixin.py:190} INFO - [2025-05-04T17:18:34.955+0000] {override.py:1912} INFO - Created Permission View: can read on DAG Run:example_branch_dop_operator_v3
[2025-05-04T17:18:34.960+0000] {logging_mixin.py:190} INFO - [2025-05-04T17:18:34.960+0000] {override.py:1912} INFO - Created Permission View: can create on DAG Run:example_branch_dop_operator_v3
[2025-05-04T17:18:34.964+0000] {logging_mixin.py:190} INFO - [2025-05-04T17:18:34.964+0000] {override.py:1912} INFO - Created Permission View: can delete on DAG Run:example_branch_dop_operator_v3
[2025-05-04T17:18:34.968+0000] {logging_mixin.py:190} INFO - [2025-05-04T17:18:34.968+0000] {override.py:1912} INFO - Created Permission View: menu access on DAG Run:example_branch_dop_operator_v3
[2025-05-04T17:18:34.968+0000] {logging_mixin.py:190} INFO - [2025-05-04T17:18:34.968+0000] {dag.py:3239} INFO - Sync 1 DAGs
[2025-05-04T17:18:34.978+0000] {logging_mixin.py:190} INFO - [2025-05-04T17:18:34.978+0000] {dag.py:3262} INFO - Creating ORM DAG for example_branch_dop_operator_v3
[2025-05-04T17:18:34.988+0000] {logging_mixin.py:190} INFO - [2025-05-04T17:18:34.988+0000] {dag.py:4180} INFO - Setting next_dagrun for example_branch_dop_operator_v3 to 2025-05-04 17:17:00+00:00, run_after=2025-05-04 17:18:00+00:00
[2025-05-04T17:18:34.999+0000] {processor.py:208} INFO - Processing /home/airflow/.local/lib/python3.12/site-packages/airflow/example_dags/example_branch_python_dop_operator_3.py took 0.169 seconds
[2025-05-04T17:19:05.703+0000] {processor.py:186} INFO - Started process (PID=148) to work on /home/airflow/.local/lib/python3.12/site-packages/airflow/example_dags/example_branch_python_dop_operator_3.py
[2025-05-04T17:19:05.704+0000] {processor.py:914} INFO - Processing file /home/airflow/.local/lib/python3.12/site-packages/airflow/example_dags/example_branch_python_dop_operator_3.py for tasks to queue
[2025-05-04T17:19:05.707+0000] {logging_mixin.py:190} INFO - [2025-05-04T17:19:05.707+0000] {dagbag.py:588} INFO - Filling up the DagBag from /home/airflow/.local/lib/python3.12/site-packages/airflow/example_dags/example_branch_python_dop_operator_3.py
[2025-05-04T17:19:05.721+0000] {processor.py:925} INFO - DAG(s) 'example_branch_dop_operator_v3' retrieved from /home/airflow/.local/lib/python3.12/site-packages/airflow/example_dags/example_branch_python_dop_operator_3.py
[2025-05-04T17:19:05.746+0000] {logging_mixin.py:190} INFO - [2025-05-04T17:19:05.746+0000] {dag.py:3239} INFO - Sync 1 DAGs
[2025-05-04T17:19:05.782+0000] {logging_mixin.py:190} INFO - [2025-05-04T17:19:05.782+0000] {dag.py:4180} INFO - Setting next_dagrun for example_branch_dop_operator_v3 to 2025-05-04 17:18:00+00:00, run_after=2025-05-04 17:19:00+00:00
[2025-05-04T17:19:05.804+0000] {processor.py:208} INFO - Processing /home/airflow/.local/lib/python3.12/site-packages/airflow/example_dags/example_branch_python_dop_operator_3.py took 0.109 seconds
[2025-05-04T17:19:36.444+0000] {processor.py:186} INFO - Started process (PID=211) to work on /home/airflow/.local/lib/python3.12/site-packages/airflow/example_dags/example_branch_python_dop_operator_3.py
[2025-05-04T17:19:36.446+0000] {processor.py:914} INFO - Processing file /home/airflow/.local/lib/python3.12/site-packages/airflow/example_dags/example_branch_python_dop_operator_3.py for tasks to queue
[2025-05-04T17:19:36.449+0000] {logging_mixin.py:190} INFO - [2025-05-04T17:19:36.449+0000] {dagbag.py:588} INFO - Filling up the DagBag from /home/airflow/.local/lib/python3.12/site-packages/airflow/example_dags/example_branch_python_dop_operator_3.py
[2025-05-04T17:19:36.464+0000] {processor.py:925} INFO - DAG(s) 'example_branch_dop_operator_v3' retrieved from /home/airflow/.local/lib/python3.12/site-packages/airflow/example_dags/example_branch_python_dop_operator_3.py
[2025-05-04T17:19:36.491+0000] {logging_mixin.py:190} INFO - [2025-05-04T17:19:36.491+0000] {dag.py:3239} INFO - Sync 1 DAGs
[2025-05-04T17:19:36.528+0000] {logging_mixin.py:190} INFO - [2025-05-04T17:19:36.528+0000] {dag.py:4180} INFO - Setting next_dagrun for example_branch_dop_operator_v3 to 2025-05-04 17:18:00+00:00, run_after=2025-05-04 17:19:00+00:00
[2025-05-04T17:19:36.554+0000] {processor.py:208} INFO - Processing /home/airflow/.local/lib/python3.12/site-packages/airflow/example_dags/example_branch_python_dop_operator_3.py took 0.118 seconds
[2025-05-04T17:20:06.670+0000] {processor.py:186} INFO - Started process (PID=274) to work on /home/airflow/.local/lib/python3.12/site-packages/airflow/example_dags/example_branch_python_dop_operator_3.py
[2025-05-04T17:20:06.671+0000] {processor.py:914} INFO - Processing file /home/airflow/.local/lib/python3.12/site-packages/airflow/example_dags/example_branch_python_dop_operator_3.py for tasks to queue
[2025-05-04T17:20:06.674+0000] {logging_mixin.py:190} INFO - [2025-05-04T17:20:06.674+0000] {dagbag.py:588} INFO - Filling up the DagBag from /home/airflow/.local/lib/python3.12/site-packages/airflow/example_dags/example_branch_python_dop_operator_3.py
[2025-05-04T17:20:06.687+0000] {processor.py:925} INFO - DAG(s) 'example_branch_dop_operator_v3' retrieved from /home/airflow/.local/lib/python3.12/site-packages/airflow/example_dags/example_branch_python_dop_operator_3.py
[2025-05-04T17:20:06.714+0000] {logging_mixin.py:190} INFO - [2025-05-04T17:20:06.714+0000] {dag.py:3239} INFO - Sync 1 DAGs
[2025-05-04T17:20:06.748+0000] {logging_mixin.py:190} INFO - [2025-05-04T17:20:06.747+0000] {dag.py:4180} INFO - Setting next_dagrun for example_branch_dop_operator_v3 to 2025-05-04 17:19:00+00:00, run_after=2025-05-04 17:20:00+00:00
[2025-05-04T17:20:06.768+0000] {processor.py:208} INFO - Processing /home/airflow/.local/lib/python3.12/site-packages/airflow/example_dags/example_branch_python_dop_operator_3.py took 0.106 seconds
[2025-05-04T17:20:36.838+0000] {processor.py:186} INFO - Started process (PID=336) to work on /home/airflow/.local/lib/python3.12/site-packages/airflow/example_dags/example_branch_python_dop_operator_3.py
[2025-05-04T17:20:36.840+0000] {processor.py:914} INFO - Processing file /home/airflow/.local/lib/python3.12/site-packages/airflow/example_dags/example_branch_python_dop_operator_3.py for tasks to queue
[2025-05-04T17:20:36.843+0000] {logging_mixin.py:190} INFO - [2025-05-04T17:20:36.843+0000] {dagbag.py:588} INFO - Filling up the DagBag from /home/airflow/.local/lib/python3.12/site-packages/airflow/example_dags/example_branch_python_dop_operator_3.py
[2025-05-04T17:20:36.859+0000] {processor.py:925} INFO - DAG(s) 'example_branch_dop_operator_v3' retrieved from /home/airflow/.local/lib/python3.12/site-packages/airflow/example_dags/example_branch_python_dop_operator_3.py
[2025-05-04T17:20:36.890+0000] {logging_mixin.py:190} INFO - [2025-05-04T17:20:36.890+0000] {dag.py:3239} INFO - Sync 1 DAGs
[2025-05-04T17:20:36.930+0000] {logging_mixin.py:190} INFO - [2025-05-04T17:20:36.930+0000] {dag.py:4180} INFO - Setting next_dagrun for example_branch_dop_operator_v3 to 2025-05-04 17:19:00+00:00, run_after=2025-05-04 17:20:00+00:00
[2025-05-04T17:20:36.955+0000] {processor.py:208} INFO - Processing /home/airflow/.local/lib/python3.12/site-packages/airflow/example_dags/example_branch_python_dop_operator_3.py took 0.126 seconds
[2025-05-04T17:21:07.178+0000] {processor.py:186} INFO - Started process (PID=399) to work on /home/airflow/.local/lib/python3.12/site-packages/airflow/example_dags/example_branch_python_dop_operator_3.py
[2025-05-04T17:21:07.179+0000] {processor.py:914} INFO - Processing file /home/airflow/.local/lib/python3.12/site-packages/airflow/example_dags/example_branch_python_dop_operator_3.py for tasks to queue
[2025-05-04T17:21:07.182+0000] {logging_mixin.py:190} INFO - [2025-05-04T17:21:07.182+0000] {dagbag.py:588} INFO - Filling up the DagBag from /home/airflow/.local/lib/python3.12/site-packages/airflow/example_dags/example_branch_python_dop_operator_3.py
[2025-05-04T17:21:07.197+0000] {processor.py:925} INFO - DAG(s) 'example_branch_dop_operator_v3' retrieved from /home/airflow/.local/lib/python3.12/site-packages/airflow/example_dags/example_branch_python_dop_operator_3.py
[2025-05-04T17:21:07.227+0000] {logging_mixin.py:190} INFO - [2025-05-04T17:21:07.226+0000] {dag.py:3239} INFO - Sync 1 DAGs
[2025-05-04T17:21:07.264+0000] {logging_mixin.py:190} INFO - [2025-05-04T17:21:07.263+0000] {dag.py:4180} INFO - Setting next_dagrun for example_branch_dop_operator_v3 to 2025-05-04 17:20:00+00:00, run_after=2025-05-04 17:21:00+00:00
[2025-05-04T17:21:07.288+0000] {processor.py:208} INFO - Processing /home/airflow/.local/lib/python3.12/site-packages/airflow/example_dags/example_branch_python_dop_operator_3.py took 0.120 seconds
[2025-05-04T17:21:37.418+0000] {processor.py:186} INFO - Started process (PID=462) to work on /home/airflow/.local/lib/python3.12/site-packages/airflow/example_dags/example_branch_python_dop_operator_3.py
[2025-05-04T17:21:37.420+0000] {processor.py:914} INFO - Processing file /home/airflow/.local/lib/python3.12/site-packages/airflow/example_dags/example_branch_python_dop_operator_3.py for tasks to queue
[2025-05-04T17:21:37.423+0000] {logging_mixin.py:190} INFO - [2025-05-04T17:21:37.423+0000] {dagbag.py:588} INFO - Filling up the DagBag from /home/airflow/.local/lib/python3.12/site-packages/airflow/example_dags/example_branch_python_dop_operator_3.py
[2025-05-04T17:21:37.438+0000] {processor.py:925} INFO - DAG(s) 'example_branch_dop_operator_v3' retrieved from /home/airflow/.local/lib/python3.12/site-packages/airflow/example_dags/example_branch_python_dop_operator_3.py
[2025-05-04T17:21:37.467+0000] {logging_mixin.py:190} INFO - [2025-05-04T17:21:37.467+0000] {dag.py:3239} INFO - Sync 1 DAGs
[2025-05-04T17:21:37.506+0000] {logging_mixin.py:190} INFO - [2025-05-04T17:21:37.506+0000] {dag.py:4180} INFO - Setting next_dagrun for example_branch_dop_operator_v3 to 2025-05-04 17:20:00+00:00, run_after=2025-05-04 17:21:00+00:00
[2025-05-04T17:21:37.528+0000] {processor.py:208} INFO - Processing /home/airflow/.local/lib/python3.12/site-packages/airflow/example_dags/example_branch_python_dop_operator_3.py took 0.118 seconds
[2025-05-04T17:22:07.666+0000] {processor.py:186} INFO - Started process (PID=525) to work on /home/airflow/.local/lib/python3.12/site-packages/airflow/example_dags/example_branch_python_dop_operator_3.py
[2025-05-04T17:22:07.667+0000] {processor.py:914} INFO - Processing file /home/airflow/.local/lib/python3.12/site-packages/airflow/example_dags/example_branch_python_dop_operator_3.py for tasks to queue
[2025-05-04T17:22:07.670+0000] {logging_mixin.py:190} INFO - [2025-05-04T17:22:07.670+0000] {dagbag.py:588} INFO - Filling up the DagBag from /home/airflow/.local/lib/python3.12/site-packages/airflow/example_dags/example_branch_python_dop_operator_3.py
[2025-05-04T17:22:07.686+0000] {processor.py:925} INFO - DAG(s) 'example_branch_dop_operator_v3' retrieved from /home/airflow/.local/lib/python3.12/site-packages/airflow/example_dags/example_branch_python_dop_operator_3.py
[2025-05-04T17:22:07.717+0000] {logging_mixin.py:190} INFO - [2025-05-04T17:22:07.716+0000] {dag.py:3239} INFO - Sync 1 DAGs
[2025-05-04T17:22:07.754+0000] {logging_mixin.py:190} INFO - [2025-05-04T17:22:07.754+0000] {dag.py:4180} INFO - Setting next_dagrun for example_branch_dop_operator_v3 to 2025-05-04 17:21:00+00:00, run_after=2025-05-04 17:22:00+00:00
[2025-05-04T17:22:07.781+0000] {processor.py:208} INFO - Processing /home/airflow/.local/lib/python3.12/site-packages/airflow/example_dags/example_branch_python_dop_operator_3.py took 0.124 seconds
[2025-05-04T17:22:38.032+0000] {processor.py:186} INFO - Started process (PID=588) to work on /home/airflow/.local/lib/python3.12/site-packages/airflow/example_dags/example_branch_python_dop_operator_3.py
[2025-05-04T17:22:38.034+0000] {processor.py:914} INFO - Processing file /home/airflow/.local/lib/python3.12/site-packages/airflow/example_dags/example_branch_python_dop_operator_3.py for tasks to queue
[2025-05-04T17:22:38.038+0000] {logging_mixin.py:190} INFO - [2025-05-04T17:22:38.038+0000] {dagbag.py:588} INFO - Filling up the DagBag from /home/airflow/.local/lib/python3.12/site-packages/airflow/example_dags/example_branch_python_dop_operator_3.py
[2025-05-04T17:22:38.055+0000] {processor.py:925} INFO - DAG(s) 'example_branch_dop_operator_v3' retrieved from /home/airflow/.local/lib/python3.12/site-packages/airflow/example_dags/example_branch_python_dop_operator_3.py
[2025-05-04T17:22:38.084+0000] {logging_mixin.py:190} INFO - [2025-05-04T17:22:38.084+0000] {dag.py:3239} INFO - Sync 1 DAGs
[2025-05-04T17:22:38.121+0000] {logging_mixin.py:190} INFO - [2025-05-04T17:22:38.121+0000] {dag.py:4180} INFO - Setting next_dagrun for example_branch_dop_operator_v3 to 2025-05-04 17:21:00+00:00, run_after=2025-05-04 17:22:00+00:00
[2025-05-04T17:22:38.148+0000] {processor.py:208} INFO - Processing /home/airflow/.local/lib/python3.12/site-packages/airflow/example_dags/example_branch_python_dop_operator_3.py took 0.124 seconds
[2025-05-04T17:23:08.615+0000] {processor.py:186} INFO - Started process (PID=651) to work on /home/airflow/.local/lib/python3.12/site-packages/airflow/example_dags/example_branch_python_dop_operator_3.py
[2025-05-04T17:23:08.617+0000] {processor.py:914} INFO - Processing file /home/airflow/.local/lib/python3.12/site-packages/airflow/example_dags/example_branch_python_dop_operator_3.py for tasks to queue
[2025-05-04T17:23:08.620+0000] {logging_mixin.py:190} INFO - [2025-05-04T17:23:08.619+0000] {dagbag.py:588} INFO - Filling up the DagBag from /home/airflow/.local/lib/python3.12/site-packages/airflow/example_dags/example_branch_python_dop_operator_3.py
[2025-05-04T17:23:08.634+0000] {processor.py:925} INFO - DAG(s) 'example_branch_dop_operator_v3' retrieved from /home/airflow/.local/lib/python3.12/site-packages/airflow/example_dags/example_branch_python_dop_operator_3.py
[2025-05-04T17:23:08.663+0000] {logging_mixin.py:190} INFO - [2025-05-04T17:23:08.663+0000] {dag.py:3239} INFO - Sync 1 DAGs
[2025-05-04T17:23:08.700+0000] {logging_mixin.py:190} INFO - [2025-05-04T17:23:08.700+0000] {dag.py:4180} INFO - Setting next_dagrun for example_branch_dop_operator_v3 to 2025-05-04 17:22:00+00:00, run_after=2025-05-04 17:23:00+00:00
[2025-05-04T17:23:08.725+0000] {processor.py:208} INFO - Processing /home/airflow/.local/lib/python3.12/site-packages/airflow/example_dags/example_branch_python_dop_operator_3.py took 0.117 seconds
[2025-05-04T17:23:38.901+0000] {processor.py:186} INFO - Started process (PID=714) to work on /home/airflow/.local/lib/python3.12/site-packages/airflow/example_dags/example_branch_python_dop_operator_3.py
[2025-05-04T17:23:38.903+0000] {processor.py:914} INFO - Processing file /home/airflow/.local/lib/python3.12/site-packages/airflow/example_dags/example_branch_python_dop_operator_3.py for tasks to queue
[2025-05-04T17:23:38.906+0000] {logging_mixin.py:190} INFO - [2025-05-04T17:23:38.905+0000] {dagbag.py:588} INFO - Filling up the DagBag from /home/airflow/.local/lib/python3.12/site-packages/airflow/example_dags/example_branch_python_dop_operator_3.py
[2025-05-04T17:23:38.923+0000] {processor.py:925} INFO - DAG(s) 'example_branch_dop_operator_v3' retrieved from /home/airflow/.local/lib/python3.12/site-packages/airflow/example_dags/example_branch_python_dop_operator_3.py
[2025-05-04T17:23:38.953+0000] {logging_mixin.py:190} INFO - [2025-05-04T17:23:38.953+0000] {dag.py:3239} INFO - Sync 1 DAGs
[2025-05-04T17:23:38.994+0000] {logging_mixin.py:190} INFO - [2025-05-04T17:23:38.994+0000] {dag.py:4180} INFO - Setting next_dagrun for example_branch_dop_operator_v3 to 2025-05-04 17:22:00+00:00, run_after=2025-05-04 17:23:00+00:00
[2025-05-04T17:23:39.023+0000] {processor.py:208} INFO - Processing /home/airflow/.local/lib/python3.12/site-packages/airflow/example_dags/example_branch_python_dop_operator_3.py took 0.130 seconds
[2025-05-04T17:24:09.937+0000] {processor.py:186} INFO - Started process (PID=777) to work on /home/airflow/.local/lib/python3.12/site-packages/airflow/example_dags/example_branch_python_dop_operator_3.py
[2025-05-04T17:24:09.939+0000] {processor.py:914} INFO - Processing file /home/airflow/.local/lib/python3.12/site-packages/airflow/example_dags/example_branch_python_dop_operator_3.py for tasks to queue
[2025-05-04T17:24:09.941+0000] {logging_mixin.py:190} INFO - [2025-05-04T17:24:09.941+0000] {dagbag.py:588} INFO - Filling up the DagBag from /home/airflow/.local/lib/python3.12/site-packages/airflow/example_dags/example_branch_python_dop_operator_3.py
[2025-05-04T17:24:09.955+0000] {processor.py:925} INFO - DAG(s) 'example_branch_dop_operator_v3' retrieved from /home/airflow/.local/lib/python3.12/site-packages/airflow/example_dags/example_branch_python_dop_operator_3.py
[2025-05-04T17:24:09.981+0000] {logging_mixin.py:190} INFO - [2025-05-04T17:24:09.981+0000] {dag.py:3239} INFO - Sync 1 DAGs
[2025-05-04T17:24:10.019+0000] {logging_mixin.py:190} INFO - [2025-05-04T17:24:10.019+0000] {dag.py:4180} INFO - Setting next_dagrun for example_branch_dop_operator_v3 to 2025-05-04 17:23:00+00:00, run_after=2025-05-04 17:24:00+00:00
[2025-05-04T17:24:10.042+0000] {processor.py:208} INFO - Processing /home/airflow/.local/lib/python3.12/site-packages/airflow/example_dags/example_branch_python_dop_operator_3.py took 0.113 seconds
[2025-05-04T17:24:40.221+0000] {processor.py:186} INFO - Started process (PID=840) to work on /home/airflow/.local/lib/python3.12/site-packages/airflow/example_dags/example_branch_python_dop_operator_3.py
[2025-05-04T17:24:40.223+0000] {processor.py:914} INFO - Processing file /home/airflow/.local/lib/python3.12/site-packages/airflow/example_dags/example_branch_python_dop_operator_3.py for tasks to queue
[2025-05-04T17:24:40.226+0000] {logging_mixin.py:190} INFO - [2025-05-04T17:24:40.226+0000] {dagbag.py:588} INFO - Filling up the DagBag from /home/airflow/.local/lib/python3.12/site-packages/airflow/example_dags/example_branch_python_dop_operator_3.py
[2025-05-04T17:24:40.241+0000] {processor.py:925} INFO - DAG(s) 'example_branch_dop_operator_v3' retrieved from /home/airflow/.local/lib/python3.12/site-packages/airflow/example_dags/example_branch_python_dop_operator_3.py
[2025-05-04T17:24:40.271+0000] {logging_mixin.py:190} INFO - [2025-05-04T17:24:40.270+0000] {dag.py:3239} INFO - Sync 1 DAGs
[2025-05-04T17:24:40.309+0000] {logging_mixin.py:190} INFO - [2025-05-04T17:24:40.309+0000] {dag.py:4180} INFO - Setting next_dagrun for example_branch_dop_operator_v3 to 2025-05-04 17:23:00+00:00, run_after=2025-05-04 17:24:00+00:00
[2025-05-04T17:24:40.333+0000] {processor.py:208} INFO - Processing /home/airflow/.local/lib/python3.12/site-packages/airflow/example_dags/example_branch_python_dop_operator_3.py took 0.121 seconds
[2025-05-04T17:25:10.481+0000] {processor.py:186} INFO - Started process (PID=903) to work on /home/airflow/.local/lib/python3.12/site-packages/airflow/example_dags/example_branch_python_dop_operator_3.py
[2025-05-04T17:25:10.482+0000] {processor.py:914} INFO - Processing file /home/airflow/.local/lib/python3.12/site-packages/airflow/example_dags/example_branch_python_dop_operator_3.py for tasks to queue
[2025-05-04T17:25:10.485+0000] {logging_mixin.py:190} INFO - [2025-05-04T17:25:10.485+0000] {dagbag.py:588} INFO - Filling up the DagBag from /home/airflow/.local/lib/python3.12/site-packages/airflow/example_dags/example_branch_python_dop_operator_3.py
[2025-05-04T17:25:10.500+0000] {processor.py:925} INFO - DAG(s) 'example_branch_dop_operator_v3' retrieved from /home/airflow/.local/lib/python3.12/site-packages/airflow/example_dags/example_branch_python_dop_operator_3.py
[2025-05-04T17:25:10.532+0000] {logging_mixin.py:190} INFO - [2025-05-04T17:25:10.531+0000] {dag.py:3239} INFO - Sync 1 DAGs
[2025-05-04T17:25:10.570+0000] {logging_mixin.py:190} INFO - [2025-05-04T17:25:10.569+0000] {dag.py:4180} INFO - Setting next_dagrun for example_branch_dop_operator_v3 to 2025-05-04 17:24:00+00:00, run_after=2025-05-04 17:25:00+00:00
[2025-05-04T17:25:10.596+0000] {processor.py:208} INFO - Processing /home/airflow/.local/lib/python3.12/site-packages/airflow/example_dags/example_branch_python_dop_operator_3.py took 0.123 seconds
[2025-05-04T17:25:41.069+0000] {processor.py:186} INFO - Started process (PID=966) to work on /home/airflow/.local/lib/python3.12/site-packages/airflow/example_dags/example_branch_python_dop_operator_3.py
[2025-05-04T17:25:41.071+0000] {processor.py:914} INFO - Processing file /home/airflow/.local/lib/python3.12/site-packages/airflow/example_dags/example_branch_python_dop_operator_3.py for tasks to queue
[2025-05-04T17:25:41.074+0000] {logging_mixin.py:190} INFO - [2025-05-04T17:25:41.074+0000] {dagbag.py:588} INFO - Filling up the DagBag from /home/airflow/.local/lib/python3.12/site-packages/airflow/example_dags/example_branch_python_dop_operator_3.py
[2025-05-04T17:25:41.090+0000] {processor.py:925} INFO - DAG(s) 'example_branch_dop_operator_v3' retrieved from /home/airflow/.local/lib/python3.12/site-packages/airflow/example_dags/example_branch_python_dop_operator_3.py
[2025-05-04T17:25:41.120+0000] {logging_mixin.py:190} INFO - [2025-05-04T17:25:41.119+0000] {dag.py:3239} INFO - Sync 1 DAGs
[2025-05-04T17:25:41.157+0000] {logging_mixin.py:190} INFO - [2025-05-04T17:25:41.157+0000] {dag.py:4180} INFO - Setting next_dagrun for example_branch_dop_operator_v3 to 2025-05-04 17:24:00+00:00, run_after=2025-05-04 17:25:00+00:00
[2025-05-04T17:25:41.184+0000] {processor.py:208} INFO - Processing /home/airflow/.local/lib/python3.12/site-packages/airflow/example_dags/example_branch_python_dop_operator_3.py took 0.123 seconds
[2025-05-04T17:26:11.613+0000] {processor.py:186} INFO - Started process (PID=1029) to work on /home/airflow/.local/lib/python3.12/site-packages/airflow/example_dags/example_branch_python_dop_operator_3.py
[2025-05-04T17:26:11.615+0000] {processor.py:914} INFO - Processing file /home/airflow/.local/lib/python3.12/site-packages/airflow/example_dags/example_branch_python_dop_operator_3.py for tasks to queue
[2025-05-04T17:26:11.618+0000] {logging_mixin.py:190} INFO - [2025-05-04T17:26:11.618+0000] {dagbag.py:588} INFO - Filling up the DagBag from /home/airflow/.local/lib/python3.12/site-packages/airflow/example_dags/example_branch_python_dop_operator_3.py
[2025-05-04T17:26:11.636+0000] {processor.py:925} INFO - DAG(s) 'example_branch_dop_operator_v3' retrieved from /home/airflow/.local/lib/python3.12/site-packages/airflow/example_dags/example_branch_python_dop_operator_3.py
[2025-05-04T17:26:11.667+0000] {logging_mixin.py:190} INFO - [2025-05-04T17:26:11.667+0000] {dag.py:3239} INFO - Sync 1 DAGs
[2025-05-04T17:26:11.706+0000] {logging_mixin.py:190} INFO - [2025-05-04T17:26:11.706+0000] {dag.py:4180} INFO - Setting next_dagrun for example_branch_dop_operator_v3 to 2025-05-04 17:25:00+00:00, run_after=2025-05-04 17:26:00+00:00
[2025-05-04T17:26:11.732+0000] {processor.py:208} INFO - Processing /home/airflow/.local/lib/python3.12/site-packages/airflow/example_dags/example_branch_python_dop_operator_3.py took 0.128 seconds
[2025-05-04T17:26:42.197+0000] {processor.py:186} INFO - Started process (PID=1092) to work on /home/airflow/.local/lib/python3.12/site-packages/airflow/example_dags/example_branch_python_dop_operator_3.py
[2025-05-04T17:26:42.198+0000] {processor.py:914} INFO - Processing file /home/airflow/.local/lib/python3.12/site-packages/airflow/example_dags/example_branch_python_dop_operator_3.py for tasks to queue
[2025-05-04T17:26:42.201+0000] {logging_mixin.py:190} INFO - [2025-05-04T17:26:42.201+0000] {dagbag.py:588} INFO - Filling up the DagBag from /home/airflow/.local/lib/python3.12/site-packages/airflow/example_dags/example_branch_python_dop_operator_3.py
[2025-05-04T17:26:42.217+0000] {processor.py:925} INFO - DAG(s) 'example_branch_dop_operator_v3' retrieved from /home/airflow/.local/lib/python3.12/site-packages/airflow/example_dags/example_branch_python_dop_operator_3.py
[2025-05-04T17:26:42.249+0000] {logging_mixin.py:190} INFO - [2025-05-04T17:26:42.248+0000] {dag.py:3239} INFO - Sync 1 DAGs
[2025-05-04T17:26:42.287+0000] {logging_mixin.py:190} INFO - [2025-05-04T17:26:42.287+0000] {dag.py:4180} INFO - Setting next_dagrun for example_branch_dop_operator_v3 to 2025-05-04 17:25:00+00:00, run_after=2025-05-04 17:26:00+00:00
[2025-05-04T17:26:42.313+0000] {processor.py:208} INFO - Processing /home/airflow/.local/lib/python3.12/site-packages/airflow/example_dags/example_branch_python_dop_operator_3.py took 0.126 seconds
