[2025-05-04T17:18:36.016+0000] {processor.py:186} INFO - Started process (PID=95) to work on /home/airflow/.local/lib/python3.12/site-packages/airflow/example_dags/example_latest_only.py
[2025-05-04T17:18:36.017+0000] {processor.py:914} INFO - Processing file /home/airflow/.local/lib/python3.12/site-packages/airflow/example_dags/example_latest_only.py for tasks to queue
[2025-05-04T17:18:36.019+0000] {logging_mixin.py:190} INFO - [2025-05-04T17:18:36.019+0000] {dagbag.py:588} INFO - Filling up the DagBag from /home/airflow/.local/lib/python3.12/site-packages/airflow/example_dags/example_latest_only.py
[2025-05-04T17:18:36.028+0000] {processor.py:925} INFO - DAG(s) 'latest_only' retrieved from /home/airflow/.local/lib/python3.12/site-packages/airflow/example_dags/example_latest_only.py
[2025-05-04T17:18:36.120+0000] {logging_mixin.py:190} INFO - [2025-05-04T17:18:36.119+0000] {override.py:1912} INFO - Created Permission View: can read on DAG:latest_only
[2025-05-04T17:18:36.127+0000] {logging_mixin.py:190} INFO - [2025-05-04T17:18:36.126+0000] {override.py:1912} INFO - Created Permission View: can edit on DAG:latest_only
[2025-05-04T17:18:36.135+0000] {logging_mixin.py:190} INFO - [2025-05-04T17:18:36.134+0000] {override.py:1912} INFO - Created Permission View: can delete on DAG:latest_only
[2025-05-04T17:18:36.139+0000] {logging_mixin.py:190} INFO - [2025-05-04T17:18:36.139+0000] {override.py:1912} INFO - Created Permission View: can read on DAG Run:latest_only
[2025-05-04T17:18:36.144+0000] {logging_mixin.py:190} INFO - [2025-05-04T17:18:36.144+0000] {override.py:1912} INFO - Created Permission View: can create on DAG Run:latest_only
[2025-05-04T17:18:36.149+0000] {logging_mixin.py:190} INFO - [2025-05-04T17:18:36.149+0000] {override.py:1912} INFO - Created Permission View: can delete on DAG Run:latest_only
[2025-05-04T17:18:36.153+0000] {logging_mixin.py:190} INFO - [2025-05-04T17:18:36.153+0000] {override.py:1912} INFO - Created Permission View: menu access on DAG Run:latest_only
[2025-05-04T17:18:36.154+0000] {logging_mixin.py:190} INFO - [2025-05-04T17:18:36.154+0000] {dag.py:3239} INFO - Sync 1 DAGs
[2025-05-04T17:18:36.164+0000] {logging_mixin.py:190} INFO - [2025-05-04T17:18:36.163+0000] {dag.py:3262} INFO - Creating ORM DAG for latest_only
[2025-05-04T17:18:36.172+0000] {logging_mixin.py:190} INFO - [2025-05-04T17:18:36.172+0000] {dag.py:4180} INFO - Setting next_dagrun for latest_only to 2025-05-04 12:00:00+00:00, run_after=2025-05-04 16:00:00+00:00
[2025-05-04T17:18:36.185+0000] {processor.py:208} INFO - Processing /home/airflow/.local/lib/python3.12/site-packages/airflow/example_dags/example_latest_only.py took 0.174 seconds
[2025-05-04T17:19:06.350+0000] {processor.py:186} INFO - Started process (PID=157) to work on /home/airflow/.local/lib/python3.12/site-packages/airflow/example_dags/example_latest_only.py
[2025-05-04T17:19:06.351+0000] {processor.py:914} INFO - Processing file /home/airflow/.local/lib/python3.12/site-packages/airflow/example_dags/example_latest_only.py for tasks to queue
[2025-05-04T17:19:06.354+0000] {logging_mixin.py:190} INFO - [2025-05-04T17:19:06.354+0000] {dagbag.py:588} INFO - Filling up the DagBag from /home/airflow/.local/lib/python3.12/site-packages/airflow/example_dags/example_latest_only.py
[2025-05-04T17:19:06.363+0000] {processor.py:925} INFO - DAG(s) 'latest_only' retrieved from /home/airflow/.local/lib/python3.12/site-packages/airflow/example_dags/example_latest_only.py
[2025-05-04T17:19:06.389+0000] {logging_mixin.py:190} INFO - [2025-05-04T17:19:06.389+0000] {dag.py:3239} INFO - Sync 1 DAGs
[2025-05-04T17:19:06.419+0000] {logging_mixin.py:190} INFO - [2025-05-04T17:19:06.418+0000] {dag.py:4180} INFO - Setting next_dagrun for latest_only to 2025-05-04 12:00:00+00:00, run_after=2025-05-04 16:00:00+00:00
[2025-05-04T17:19:06.440+0000] {processor.py:208} INFO - Processing /home/airflow/.local/lib/python3.12/site-packages/airflow/example_dags/example_latest_only.py took 0.098 seconds
[2025-05-04T17:19:37.396+0000] {processor.py:186} INFO - Started process (PID=220) to work on /home/airflow/.local/lib/python3.12/site-packages/airflow/example_dags/example_latest_only.py
[2025-05-04T17:19:37.398+0000] {processor.py:914} INFO - Processing file /home/airflow/.local/lib/python3.12/site-packages/airflow/example_dags/example_latest_only.py for tasks to queue
[2025-05-04T17:19:37.401+0000] {logging_mixin.py:190} INFO - [2025-05-04T17:19:37.401+0000] {dagbag.py:588} INFO - Filling up the DagBag from /home/airflow/.local/lib/python3.12/site-packages/airflow/example_dags/example_latest_only.py
[2025-05-04T17:19:37.411+0000] {processor.py:925} INFO - DAG(s) 'latest_only' retrieved from /home/airflow/.local/lib/python3.12/site-packages/airflow/example_dags/example_latest_only.py
[2025-05-04T17:19:37.441+0000] {logging_mixin.py:190} INFO - [2025-05-04T17:19:37.440+0000] {dag.py:3239} INFO - Sync 1 DAGs
[2025-05-04T17:19:37.475+0000] {logging_mixin.py:190} INFO - [2025-05-04T17:19:37.475+0000] {dag.py:4180} INFO - Setting next_dagrun for latest_only to 2025-05-04 12:00:00+00:00, run_after=2025-05-04 16:00:00+00:00
[2025-05-04T17:19:37.499+0000] {processor.py:208} INFO - Processing /home/airflow/.local/lib/python3.12/site-packages/airflow/example_dags/example_latest_only.py took 0.110 seconds
[2025-05-04T17:20:07.909+0000] {processor.py:186} INFO - Started process (PID=283) to work on /home/airflow/.local/lib/python3.12/site-packages/airflow/example_dags/example_latest_only.py
[2025-05-04T17:20:07.911+0000] {processor.py:914} INFO - Processing file /home/airflow/.local/lib/python3.12/site-packages/airflow/example_dags/example_latest_only.py for tasks to queue
[2025-05-04T17:20:07.914+0000] {logging_mixin.py:190} INFO - [2025-05-04T17:20:07.913+0000] {dagbag.py:588} INFO - Filling up the DagBag from /home/airflow/.local/lib/python3.12/site-packages/airflow/example_dags/example_latest_only.py
[2025-05-04T17:20:07.924+0000] {processor.py:925} INFO - DAG(s) 'latest_only' retrieved from /home/airflow/.local/lib/python3.12/site-packages/airflow/example_dags/example_latest_only.py
[2025-05-04T17:20:07.952+0000] {logging_mixin.py:190} INFO - [2025-05-04T17:20:07.951+0000] {dag.py:3239} INFO - Sync 1 DAGs
[2025-05-04T17:20:07.985+0000] {logging_mixin.py:190} INFO - [2025-05-04T17:20:07.985+0000] {dag.py:4180} INFO - Setting next_dagrun for latest_only to 2025-05-04 12:00:00+00:00, run_after=2025-05-04 16:00:00+00:00
[2025-05-04T17:20:08.008+0000] {processor.py:208} INFO - Processing /home/airflow/.local/lib/python3.12/site-packages/airflow/example_dags/example_latest_only.py took 0.108 seconds
[2025-05-04T17:20:39.198+0000] {processor.py:186} INFO - Started process (PID=346) to work on /home/airflow/.local/lib/python3.12/site-packages/airflow/example_dags/example_latest_only.py
[2025-05-04T17:20:39.200+0000] {processor.py:914} INFO - Processing file /home/airflow/.local/lib/python3.12/site-packages/airflow/example_dags/example_latest_only.py for tasks to queue
[2025-05-04T17:20:39.204+0000] {logging_mixin.py:190} INFO - [2025-05-04T17:20:39.203+0000] {dagbag.py:588} INFO - Filling up the DagBag from /home/airflow/.local/lib/python3.12/site-packages/airflow/example_dags/example_latest_only.py
[2025-05-04T17:20:39.214+0000] {processor.py:925} INFO - DAG(s) 'latest_only' retrieved from /home/airflow/.local/lib/python3.12/site-packages/airflow/example_dags/example_latest_only.py
[2025-05-04T17:20:39.243+0000] {logging_mixin.py:190} INFO - [2025-05-04T17:20:39.243+0000] {dag.py:3239} INFO - Sync 1 DAGs
[2025-05-04T17:20:39.279+0000] {logging_mixin.py:190} INFO - [2025-05-04T17:20:39.279+0000] {dag.py:4180} INFO - Setting next_dagrun for latest_only to 2025-05-04 12:00:00+00:00, run_after=2025-05-04 16:00:00+00:00
[2025-05-04T17:20:39.304+0000] {processor.py:208} INFO - Processing /home/airflow/.local/lib/python3.12/site-packages/airflow/example_dags/example_latest_only.py took 0.115 seconds
[2025-05-04T17:21:09.509+0000] {processor.py:186} INFO - Started process (PID=408) to work on /home/airflow/.local/lib/python3.12/site-packages/airflow/example_dags/example_latest_only.py
[2025-05-04T17:21:09.511+0000] {processor.py:914} INFO - Processing file /home/airflow/.local/lib/python3.12/site-packages/airflow/example_dags/example_latest_only.py for tasks to queue
[2025-05-04T17:21:09.514+0000] {logging_mixin.py:190} INFO - [2025-05-04T17:21:09.514+0000] {dagbag.py:588} INFO - Filling up the DagBag from /home/airflow/.local/lib/python3.12/site-packages/airflow/example_dags/example_latest_only.py
[2025-05-04T17:21:09.525+0000] {processor.py:925} INFO - DAG(s) 'latest_only' retrieved from /home/airflow/.local/lib/python3.12/site-packages/airflow/example_dags/example_latest_only.py
[2025-05-04T17:21:09.554+0000] {logging_mixin.py:190} INFO - [2025-05-04T17:21:09.554+0000] {dag.py:3239} INFO - Sync 1 DAGs
[2025-05-04T17:21:09.587+0000] {logging_mixin.py:190} INFO - [2025-05-04T17:21:09.587+0000] {dag.py:4180} INFO - Setting next_dagrun for latest_only to 2025-05-04 12:00:00+00:00, run_after=2025-05-04 16:00:00+00:00
[2025-05-04T17:21:09.610+0000] {processor.py:208} INFO - Processing /home/airflow/.local/lib/python3.12/site-packages/airflow/example_dags/example_latest_only.py took 0.110 seconds
[2025-05-04T17:21:39.726+0000] {processor.py:186} INFO - Started process (PID=471) to work on /home/airflow/.local/lib/python3.12/site-packages/airflow/example_dags/example_latest_only.py
[2025-05-04T17:21:39.728+0000] {processor.py:914} INFO - Processing file /home/airflow/.local/lib/python3.12/site-packages/airflow/example_dags/example_latest_only.py for tasks to queue
[2025-05-04T17:21:39.731+0000] {logging_mixin.py:190} INFO - [2025-05-04T17:21:39.730+0000] {dagbag.py:588} INFO - Filling up the DagBag from /home/airflow/.local/lib/python3.12/site-packages/airflow/example_dags/example_latest_only.py
[2025-05-04T17:21:39.741+0000] {processor.py:925} INFO - DAG(s) 'latest_only' retrieved from /home/airflow/.local/lib/python3.12/site-packages/airflow/example_dags/example_latest_only.py
[2025-05-04T17:21:39.767+0000] {logging_mixin.py:190} INFO - [2025-05-04T17:21:39.767+0000] {dag.py:3239} INFO - Sync 1 DAGs
[2025-05-04T17:21:39.797+0000] {logging_mixin.py:190} INFO - [2025-05-04T17:21:39.797+0000] {dag.py:4180} INFO - Setting next_dagrun for latest_only to 2025-05-04 12:00:00+00:00, run_after=2025-05-04 16:00:00+00:00
[2025-05-04T17:21:39.821+0000] {processor.py:208} INFO - Processing /home/airflow/.local/lib/python3.12/site-packages/airflow/example_dags/example_latest_only.py took 0.104 seconds
[2025-05-04T17:22:10.010+0000] {processor.py:186} INFO - Started process (PID=534) to work on /home/airflow/.local/lib/python3.12/site-packages/airflow/example_dags/example_latest_only.py
[2025-05-04T17:22:10.012+0000] {processor.py:914} INFO - Processing file /home/airflow/.local/lib/python3.12/site-packages/airflow/example_dags/example_latest_only.py for tasks to queue
[2025-05-04T17:22:10.014+0000] {logging_mixin.py:190} INFO - [2025-05-04T17:22:10.014+0000] {dagbag.py:588} INFO - Filling up the DagBag from /home/airflow/.local/lib/python3.12/site-packages/airflow/example_dags/example_latest_only.py
[2025-05-04T17:22:10.025+0000] {processor.py:925} INFO - DAG(s) 'latest_only' retrieved from /home/airflow/.local/lib/python3.12/site-packages/airflow/example_dags/example_latest_only.py
[2025-05-04T17:22:10.054+0000] {logging_mixin.py:190} INFO - [2025-05-04T17:22:10.054+0000] {dag.py:3239} INFO - Sync 1 DAGs
[2025-05-04T17:22:10.086+0000] {logging_mixin.py:190} INFO - [2025-05-04T17:22:10.085+0000] {dag.py:4180} INFO - Setting next_dagrun for latest_only to 2025-05-04 12:00:00+00:00, run_after=2025-05-04 16:00:00+00:00
[2025-05-04T17:22:10.110+0000] {processor.py:208} INFO - Processing /home/airflow/.local/lib/python3.12/site-packages/airflow/example_dags/example_latest_only.py took 0.109 seconds
[2025-05-04T17:22:40.218+0000] {processor.py:186} INFO - Started process (PID=597) to work on /home/airflow/.local/lib/python3.12/site-packages/airflow/example_dags/example_latest_only.py
[2025-05-04T17:22:40.220+0000] {processor.py:914} INFO - Processing file /home/airflow/.local/lib/python3.12/site-packages/airflow/example_dags/example_latest_only.py for tasks to queue
[2025-05-04T17:22:40.223+0000] {logging_mixin.py:190} INFO - [2025-05-04T17:22:40.223+0000] {dagbag.py:588} INFO - Filling up the DagBag from /home/airflow/.local/lib/python3.12/site-packages/airflow/example_dags/example_latest_only.py
[2025-05-04T17:22:40.233+0000] {processor.py:925} INFO - DAG(s) 'latest_only' retrieved from /home/airflow/.local/lib/python3.12/site-packages/airflow/example_dags/example_latest_only.py
[2025-05-04T17:22:40.262+0000] {logging_mixin.py:190} INFO - [2025-05-04T17:22:40.261+0000] {dag.py:3239} INFO - Sync 1 DAGs
[2025-05-04T17:22:40.294+0000] {logging_mixin.py:190} INFO - [2025-05-04T17:22:40.294+0000] {dag.py:4180} INFO - Setting next_dagrun for latest_only to 2025-05-04 12:00:00+00:00, run_after=2025-05-04 16:00:00+00:00
[2025-05-04T17:22:40.319+0000] {processor.py:208} INFO - Processing /home/airflow/.local/lib/python3.12/site-packages/airflow/example_dags/example_latest_only.py took 0.109 seconds
[2025-05-04T17:23:10.491+0000] {processor.py:186} INFO - Started process (PID=660) to work on /home/airflow/.local/lib/python3.12/site-packages/airflow/example_dags/example_latest_only.py
[2025-05-04T17:23:10.493+0000] {processor.py:914} INFO - Processing file /home/airflow/.local/lib/python3.12/site-packages/airflow/example_dags/example_latest_only.py for tasks to queue
[2025-05-04T17:23:10.496+0000] {logging_mixin.py:190} INFO - [2025-05-04T17:23:10.495+0000] {dagbag.py:588} INFO - Filling up the DagBag from /home/airflow/.local/lib/python3.12/site-packages/airflow/example_dags/example_latest_only.py
[2025-05-04T17:23:10.505+0000] {processor.py:925} INFO - DAG(s) 'latest_only' retrieved from /home/airflow/.local/lib/python3.12/site-packages/airflow/example_dags/example_latest_only.py
[2025-05-04T17:23:10.532+0000] {logging_mixin.py:190} INFO - [2025-05-04T17:23:10.532+0000] {dag.py:3239} INFO - Sync 1 DAGs
[2025-05-04T17:23:10.564+0000] {logging_mixin.py:190} INFO - [2025-05-04T17:23:10.564+0000] {dag.py:4180} INFO - Setting next_dagrun for latest_only to 2025-05-04 12:00:00+00:00, run_after=2025-05-04 16:00:00+00:00
[2025-05-04T17:23:10.587+0000] {processor.py:208} INFO - Processing /home/airflow/.local/lib/python3.12/site-packages/airflow/example_dags/example_latest_only.py took 0.105 seconds
[2025-05-04T17:23:40.692+0000] {processor.py:186} INFO - Started process (PID=723) to work on /home/airflow/.local/lib/python3.12/site-packages/airflow/example_dags/example_latest_only.py
[2025-05-04T17:23:40.694+0000] {processor.py:914} INFO - Processing file /home/airflow/.local/lib/python3.12/site-packages/airflow/example_dags/example_latest_only.py for tasks to queue
[2025-05-04T17:23:40.697+0000] {logging_mixin.py:190} INFO - [2025-05-04T17:23:40.696+0000] {dagbag.py:588} INFO - Filling up the DagBag from /home/airflow/.local/lib/python3.12/site-packages/airflow/example_dags/example_latest_only.py
[2025-05-04T17:23:40.708+0000] {processor.py:925} INFO - DAG(s) 'latest_only' retrieved from /home/airflow/.local/lib/python3.12/site-packages/airflow/example_dags/example_latest_only.py
[2025-05-04T17:23:40.737+0000] {logging_mixin.py:190} INFO - [2025-05-04T17:23:40.737+0000] {dag.py:3239} INFO - Sync 1 DAGs
[2025-05-04T17:23:40.768+0000] {logging_mixin.py:190} INFO - [2025-05-04T17:23:40.768+0000] {dag.py:4180} INFO - Setting next_dagrun for latest_only to 2025-05-04 12:00:00+00:00, run_after=2025-05-04 16:00:00+00:00
[2025-05-04T17:23:40.791+0000] {processor.py:208} INFO - Processing /home/airflow/.local/lib/python3.12/site-packages/airflow/example_dags/example_latest_only.py took 0.109 seconds
[2025-05-04T17:24:11.634+0000] {processor.py:186} INFO - Started process (PID=786) to work on /home/airflow/.local/lib/python3.12/site-packages/airflow/example_dags/example_latest_only.py
[2025-05-04T17:24:11.636+0000] {processor.py:914} INFO - Processing file /home/airflow/.local/lib/python3.12/site-packages/airflow/example_dags/example_latest_only.py for tasks to queue
[2025-05-04T17:24:11.639+0000] {logging_mixin.py:190} INFO - [2025-05-04T17:24:11.638+0000] {dagbag.py:588} INFO - Filling up the DagBag from /home/airflow/.local/lib/python3.12/site-packages/airflow/example_dags/example_latest_only.py
[2025-05-04T17:24:11.648+0000] {processor.py:925} INFO - DAG(s) 'latest_only' retrieved from /home/airflow/.local/lib/python3.12/site-packages/airflow/example_dags/example_latest_only.py
[2025-05-04T17:24:11.676+0000] {logging_mixin.py:190} INFO - [2025-05-04T17:24:11.675+0000] {dag.py:3239} INFO - Sync 1 DAGs
[2025-05-04T17:24:11.707+0000] {logging_mixin.py:190} INFO - [2025-05-04T17:24:11.707+0000] {dag.py:4180} INFO - Setting next_dagrun for latest_only to 2025-05-04 12:00:00+00:00, run_after=2025-05-04 16:00:00+00:00
[2025-05-04T17:24:11.731+0000] {processor.py:208} INFO - Processing /home/airflow/.local/lib/python3.12/site-packages/airflow/example_dags/example_latest_only.py took 0.105 seconds
[2025-05-04T17:24:41.988+0000] {processor.py:186} INFO - Started process (PID=849) to work on /home/airflow/.local/lib/python3.12/site-packages/airflow/example_dags/example_latest_only.py
[2025-05-04T17:24:41.990+0000] {processor.py:914} INFO - Processing file /home/airflow/.local/lib/python3.12/site-packages/airflow/example_dags/example_latest_only.py for tasks to queue
[2025-05-04T17:24:41.992+0000] {logging_mixin.py:190} INFO - [2025-05-04T17:24:41.992+0000] {dagbag.py:588} INFO - Filling up the DagBag from /home/airflow/.local/lib/python3.12/site-packages/airflow/example_dags/example_latest_only.py
[2025-05-04T17:24:42.002+0000] {processor.py:925} INFO - DAG(s) 'latest_only' retrieved from /home/airflow/.local/lib/python3.12/site-packages/airflow/example_dags/example_latest_only.py
[2025-05-04T17:24:42.031+0000] {logging_mixin.py:190} INFO - [2025-05-04T17:24:42.031+0000] {dag.py:3239} INFO - Sync 1 DAGs
[2025-05-04T17:24:42.063+0000] {logging_mixin.py:190} INFO - [2025-05-04T17:24:42.063+0000] {dag.py:4180} INFO - Setting next_dagrun for latest_only to 2025-05-04 12:00:00+00:00, run_after=2025-05-04 16:00:00+00:00
[2025-05-04T17:24:42.085+0000] {processor.py:208} INFO - Processing /home/airflow/.local/lib/python3.12/site-packages/airflow/example_dags/example_latest_only.py took 0.105 seconds
[2025-05-04T17:25:12.267+0000] {processor.py:186} INFO - Started process (PID=912) to work on /home/airflow/.local/lib/python3.12/site-packages/airflow/example_dags/example_latest_only.py
[2025-05-04T17:25:12.269+0000] {processor.py:914} INFO - Processing file /home/airflow/.local/lib/python3.12/site-packages/airflow/example_dags/example_latest_only.py for tasks to queue
[2025-05-04T17:25:12.272+0000] {logging_mixin.py:190} INFO - [2025-05-04T17:25:12.271+0000] {dagbag.py:588} INFO - Filling up the DagBag from /home/airflow/.local/lib/python3.12/site-packages/airflow/example_dags/example_latest_only.py
[2025-05-04T17:25:12.282+0000] {processor.py:925} INFO - DAG(s) 'latest_only' retrieved from /home/airflow/.local/lib/python3.12/site-packages/airflow/example_dags/example_latest_only.py
[2025-05-04T17:25:12.312+0000] {logging_mixin.py:190} INFO - [2025-05-04T17:25:12.311+0000] {dag.py:3239} INFO - Sync 1 DAGs
[2025-05-04T17:25:12.344+0000] {logging_mixin.py:190} INFO - [2025-05-04T17:25:12.343+0000] {dag.py:4180} INFO - Setting next_dagrun for latest_only to 2025-05-04 12:00:00+00:00, run_after=2025-05-04 16:00:00+00:00
[2025-05-04T17:25:12.367+0000] {processor.py:208} INFO - Processing /home/airflow/.local/lib/python3.12/site-packages/airflow/example_dags/example_latest_only.py took 0.109 seconds
[2025-05-04T17:25:42.833+0000] {processor.py:186} INFO - Started process (PID=975) to work on /home/airflow/.local/lib/python3.12/site-packages/airflow/example_dags/example_latest_only.py
[2025-05-04T17:25:42.834+0000] {processor.py:914} INFO - Processing file /home/airflow/.local/lib/python3.12/site-packages/airflow/example_dags/example_latest_only.py for tasks to queue
[2025-05-04T17:25:42.837+0000] {logging_mixin.py:190} INFO - [2025-05-04T17:25:42.837+0000] {dagbag.py:588} INFO - Filling up the DagBag from /home/airflow/.local/lib/python3.12/site-packages/airflow/example_dags/example_latest_only.py
[2025-05-04T17:25:42.847+0000] {processor.py:925} INFO - DAG(s) 'latest_only' retrieved from /home/airflow/.local/lib/python3.12/site-packages/airflow/example_dags/example_latest_only.py
[2025-05-04T17:25:42.877+0000] {logging_mixin.py:190} INFO - [2025-05-04T17:25:42.876+0000] {dag.py:3239} INFO - Sync 1 DAGs
[2025-05-04T17:25:42.909+0000] {logging_mixin.py:190} INFO - [2025-05-04T17:25:42.909+0000] {dag.py:4180} INFO - Setting next_dagrun for latest_only to 2025-05-04 12:00:00+00:00, run_after=2025-05-04 16:00:00+00:00
[2025-05-04T17:25:42.933+0000] {processor.py:208} INFO - Processing /home/airflow/.local/lib/python3.12/site-packages/airflow/example_dags/example_latest_only.py took 0.109 seconds
[2025-05-04T17:26:13.345+0000] {processor.py:186} INFO - Started process (PID=1038) to work on /home/airflow/.local/lib/python3.12/site-packages/airflow/example_dags/example_latest_only.py
[2025-05-04T17:26:13.348+0000] {processor.py:914} INFO - Processing file /home/airflow/.local/lib/python3.12/site-packages/airflow/example_dags/example_latest_only.py for tasks to queue
[2025-05-04T17:26:13.352+0000] {logging_mixin.py:190} INFO - [2025-05-04T17:26:13.351+0000] {dagbag.py:588} INFO - Filling up the DagBag from /home/airflow/.local/lib/python3.12/site-packages/airflow/example_dags/example_latest_only.py
[2025-05-04T17:26:13.362+0000] {processor.py:925} INFO - DAG(s) 'latest_only' retrieved from /home/airflow/.local/lib/python3.12/site-packages/airflow/example_dags/example_latest_only.py
[2025-05-04T17:26:13.394+0000] {logging_mixin.py:190} INFO - [2025-05-04T17:26:13.393+0000] {dag.py:3239} INFO - Sync 1 DAGs
[2025-05-04T17:26:13.428+0000] {logging_mixin.py:190} INFO - [2025-05-04T17:26:13.428+0000] {dag.py:4180} INFO - Setting next_dagrun for latest_only to 2025-05-04 12:00:00+00:00, run_after=2025-05-04 16:00:00+00:00
[2025-05-04T17:26:13.457+0000] {processor.py:208} INFO - Processing /home/airflow/.local/lib/python3.12/site-packages/airflow/example_dags/example_latest_only.py took 0.121 seconds
[2025-05-04T17:26:44.000+0000] {processor.py:186} INFO - Started process (PID=1101) to work on /home/airflow/.local/lib/python3.12/site-packages/airflow/example_dags/example_latest_only.py
[2025-05-04T17:26:44.002+0000] {processor.py:914} INFO - Processing file /home/airflow/.local/lib/python3.12/site-packages/airflow/example_dags/example_latest_only.py for tasks to queue
[2025-05-04T17:26:44.005+0000] {logging_mixin.py:190} INFO - [2025-05-04T17:26:44.004+0000] {dagbag.py:588} INFO - Filling up the DagBag from /home/airflow/.local/lib/python3.12/site-packages/airflow/example_dags/example_latest_only.py
[2025-05-04T17:26:44.015+0000] {processor.py:925} INFO - DAG(s) 'latest_only' retrieved from /home/airflow/.local/lib/python3.12/site-packages/airflow/example_dags/example_latest_only.py
[2025-05-04T17:26:44.045+0000] {logging_mixin.py:190} INFO - [2025-05-04T17:26:44.045+0000] {dag.py:3239} INFO - Sync 1 DAGs
[2025-05-04T17:26:44.078+0000] {logging_mixin.py:190} INFO - [2025-05-04T17:26:44.078+0000] {dag.py:4180} INFO - Setting next_dagrun for latest_only to 2025-05-04 12:00:00+00:00, run_after=2025-05-04 16:00:00+00:00
[2025-05-04T17:26:44.106+0000] {processor.py:208} INFO - Processing /home/airflow/.local/lib/python3.12/site-packages/airflow/example_dags/example_latest_only.py took 0.115 seconds
