[2025-05-04T17:18:31.608+0000] {processor.py:186} INFO - Started process (PID=58) to work on /home/airflow/.local/lib/python3.12/site-packages/airflow/example_dags/example_kubernetes_executor.py
[2025-05-04T17:18:31.608+0000] {processor.py:914} INFO - Processing file /home/airflow/.local/lib/python3.12/site-packages/airflow/example_dags/example_kubernetes_executor.py for tasks to queue
[2025-05-04T17:18:31.610+0000] {logging_mixin.py:190} INFO - [2025-05-04T17:18:31.610+0000] {dagbag.py:588} INFO - Filling up the DagBag from /home/airflow/.local/lib/python3.12/site-packages/airflow/example_dags/example_kubernetes_executor.py
[2025-05-04T17:18:31.633+0000] {processor.py:925} INFO - DAG(s) 'example_kubernetes_executor' retrieved from /home/airflow/.local/lib/python3.12/site-packages/airflow/example_dags/example_kubernetes_executor.py
[2025-05-04T17:18:31.852+0000] {logging_mixin.py:190} INFO - [2025-05-04T17:18:31.852+0000] {override.py:1912} INFO - Created Permission View: can read on DAG:example_kubernetes_executor
[2025-05-04T17:18:31.868+0000] {logging_mixin.py:190} INFO - [2025-05-04T17:18:31.868+0000] {override.py:1912} INFO - Created Permission View: can edit on DAG:example_kubernetes_executor
[2025-05-04T17:18:31.874+0000] {logging_mixin.py:190} INFO - [2025-05-04T17:18:31.873+0000] {override.py:1912} INFO - Created Permission View: can delete on DAG:example_kubernetes_executor
[2025-05-04T17:18:31.879+0000] {logging_mixin.py:190} INFO - [2025-05-04T17:18:31.879+0000] {override.py:1912} INFO - Created Permission View: can read on DAG Run:example_kubernetes_executor
[2025-05-04T17:18:31.884+0000] {logging_mixin.py:190} INFO - [2025-05-04T17:18:31.884+0000] {override.py:1912} INFO - Created Permission View: can create on DAG Run:example_kubernetes_executor
[2025-05-04T17:18:31.889+0000] {logging_mixin.py:190} INFO - [2025-05-04T17:18:31.889+0000] {override.py:1912} INFO - Created Permission View: can delete on DAG Run:example_kubernetes_executor
[2025-05-04T17:18:31.893+0000] {logging_mixin.py:190} INFO - [2025-05-04T17:18:31.893+0000] {override.py:1912} INFO - Created Permission View: menu access on DAG Run:example_kubernetes_executor
[2025-05-04T17:18:31.894+0000] {logging_mixin.py:190} INFO - [2025-05-04T17:18:31.894+0000] {dag.py:3239} INFO - Sync 1 DAGs
[2025-05-04T17:18:31.907+0000] {logging_mixin.py:190} INFO - [2025-05-04T17:18:31.906+0000] {dag.py:3262} INFO - Creating ORM DAG for example_kubernetes_executor
[2025-05-04T17:18:31.907+0000] {logging_mixin.py:190} INFO - [2025-05-04T17:18:31.907+0000] {dag.py:4180} INFO - Setting next_dagrun for example_kubernetes_executor to None, run_after=None
[2025-05-04T17:18:31.924+0000] {processor.py:208} INFO - Processing /home/airflow/.local/lib/python3.12/site-packages/airflow/example_dags/example_kubernetes_executor.py took 0.322 seconds
[2025-05-04T17:19:02.151+0000] {processor.py:186} INFO - Started process (PID=121) to work on /home/airflow/.local/lib/python3.12/site-packages/airflow/example_dags/example_kubernetes_executor.py
[2025-05-04T17:19:02.152+0000] {processor.py:914} INFO - Processing file /home/airflow/.local/lib/python3.12/site-packages/airflow/example_dags/example_kubernetes_executor.py for tasks to queue
[2025-05-04T17:19:02.155+0000] {logging_mixin.py:190} INFO - [2025-05-04T17:19:02.154+0000] {dagbag.py:588} INFO - Filling up the DagBag from /home/airflow/.local/lib/python3.12/site-packages/airflow/example_dags/example_kubernetes_executor.py
[2025-05-04T17:19:02.173+0000] {processor.py:925} INFO - DAG(s) 'example_kubernetes_executor' retrieved from /home/airflow/.local/lib/python3.12/site-packages/airflow/example_dags/example_kubernetes_executor.py
[2025-05-04T17:19:02.208+0000] {logging_mixin.py:190} INFO - [2025-05-04T17:19:02.207+0000] {dag.py:3239} INFO - Sync 1 DAGs
[2025-05-04T17:19:02.228+0000] {logging_mixin.py:190} INFO - [2025-05-04T17:19:02.228+0000] {dag.py:4180} INFO - Setting next_dagrun for example_kubernetes_executor to None, run_after=None
[2025-05-04T17:19:02.253+0000] {processor.py:208} INFO - Processing /home/airflow/.local/lib/python3.12/site-packages/airflow/example_dags/example_kubernetes_executor.py took 0.109 seconds
[2025-05-04T17:19:32.321+0000] {processor.py:186} INFO - Started process (PID=190) to work on /home/airflow/.local/lib/python3.12/site-packages/airflow/example_dags/example_kubernetes_executor.py
[2025-05-04T17:19:32.351+0000] {processor.py:914} INFO - Processing file /home/airflow/.local/lib/python3.12/site-packages/airflow/example_dags/example_kubernetes_executor.py for tasks to queue
[2025-05-04T17:19:32.354+0000] {logging_mixin.py:190} INFO - [2025-05-04T17:19:32.354+0000] {dagbag.py:588} INFO - Filling up the DagBag from /home/airflow/.local/lib/python3.12/site-packages/airflow/example_dags/example_kubernetes_executor.py
[2025-05-04T17:19:32.374+0000] {processor.py:925} INFO - DAG(s) 'example_kubernetes_executor' retrieved from /home/airflow/.local/lib/python3.12/site-packages/airflow/example_dags/example_kubernetes_executor.py
[2025-05-04T17:19:32.409+0000] {logging_mixin.py:190} INFO - [2025-05-04T17:19:32.409+0000] {dag.py:3239} INFO - Sync 1 DAGs
[2025-05-04T17:19:32.429+0000] {logging_mixin.py:190} INFO - [2025-05-04T17:19:32.429+0000] {dag.py:4180} INFO - Setting next_dagrun for example_kubernetes_executor to None, run_after=None
[2025-05-04T17:19:32.454+0000] {processor.py:208} INFO - Processing /home/airflow/.local/lib/python3.12/site-packages/airflow/example_dags/example_kubernetes_executor.py took 0.143 seconds
[2025-05-04T17:20:02.656+0000] {processor.py:186} INFO - Started process (PID=253) to work on /home/airflow/.local/lib/python3.12/site-packages/airflow/example_dags/example_kubernetes_executor.py
[2025-05-04T17:20:02.685+0000] {processor.py:914} INFO - Processing file /home/airflow/.local/lib/python3.12/site-packages/airflow/example_dags/example_kubernetes_executor.py for tasks to queue
[2025-05-04T17:20:02.688+0000] {logging_mixin.py:190} INFO - [2025-05-04T17:20:02.688+0000] {dagbag.py:588} INFO - Filling up the DagBag from /home/airflow/.local/lib/python3.12/site-packages/airflow/example_dags/example_kubernetes_executor.py
[2025-05-04T17:20:02.707+0000] {processor.py:925} INFO - DAG(s) 'example_kubernetes_executor' retrieved from /home/airflow/.local/lib/python3.12/site-packages/airflow/example_dags/example_kubernetes_executor.py
[2025-05-04T17:20:02.741+0000] {logging_mixin.py:190} INFO - [2025-05-04T17:20:02.741+0000] {dag.py:3239} INFO - Sync 1 DAGs
[2025-05-04T17:20:02.764+0000] {logging_mixin.py:190} INFO - [2025-05-04T17:20:02.763+0000] {dag.py:4180} INFO - Setting next_dagrun for example_kubernetes_executor to None, run_after=None
[2025-05-04T17:20:02.790+0000] {processor.py:208} INFO - Processing /home/airflow/.local/lib/python3.12/site-packages/airflow/example_dags/example_kubernetes_executor.py took 0.142 seconds
[2025-05-04T17:20:33.743+0000] {processor.py:186} INFO - Started process (PID=316) to work on /home/airflow/.local/lib/python3.12/site-packages/airflow/example_dags/example_kubernetes_executor.py
[2025-05-04T17:20:33.774+0000] {processor.py:914} INFO - Processing file /home/airflow/.local/lib/python3.12/site-packages/airflow/example_dags/example_kubernetes_executor.py for tasks to queue
[2025-05-04T17:20:33.778+0000] {logging_mixin.py:190} INFO - [2025-05-04T17:20:33.777+0000] {dagbag.py:588} INFO - Filling up the DagBag from /home/airflow/.local/lib/python3.12/site-packages/airflow/example_dags/example_kubernetes_executor.py
[2025-05-04T17:20:33.800+0000] {processor.py:925} INFO - DAG(s) 'example_kubernetes_executor' retrieved from /home/airflow/.local/lib/python3.12/site-packages/airflow/example_dags/example_kubernetes_executor.py
[2025-05-04T17:20:33.838+0000] {logging_mixin.py:190} INFO - [2025-05-04T17:20:33.838+0000] {dag.py:3239} INFO - Sync 1 DAGs
[2025-05-04T17:20:33.861+0000] {logging_mixin.py:190} INFO - [2025-05-04T17:20:33.860+0000] {dag.py:4180} INFO - Setting next_dagrun for example_kubernetes_executor to None, run_after=None
[2025-05-04T17:20:33.889+0000] {processor.py:208} INFO - Processing /home/airflow/.local/lib/python3.12/site-packages/airflow/example_dags/example_kubernetes_executor.py took 0.156 seconds
[2025-05-04T17:21:04.086+0000] {processor.py:186} INFO - Started process (PID=379) to work on /home/airflow/.local/lib/python3.12/site-packages/airflow/example_dags/example_kubernetes_executor.py
[2025-05-04T17:21:04.115+0000] {processor.py:914} INFO - Processing file /home/airflow/.local/lib/python3.12/site-packages/airflow/example_dags/example_kubernetes_executor.py for tasks to queue
[2025-05-04T17:21:04.119+0000] {logging_mixin.py:190} INFO - [2025-05-04T17:21:04.118+0000] {dagbag.py:588} INFO - Filling up the DagBag from /home/airflow/.local/lib/python3.12/site-packages/airflow/example_dags/example_kubernetes_executor.py
[2025-05-04T17:21:04.139+0000] {processor.py:925} INFO - DAG(s) 'example_kubernetes_executor' retrieved from /home/airflow/.local/lib/python3.12/site-packages/airflow/example_dags/example_kubernetes_executor.py
[2025-05-04T17:21:04.172+0000] {logging_mixin.py:190} INFO - [2025-05-04T17:21:04.172+0000] {dag.py:3239} INFO - Sync 1 DAGs
[2025-05-04T17:21:04.192+0000] {logging_mixin.py:190} INFO - [2025-05-04T17:21:04.192+0000] {dag.py:4180} INFO - Setting next_dagrun for example_kubernetes_executor to None, run_after=None
[2025-05-04T17:21:04.216+0000] {processor.py:208} INFO - Processing /home/airflow/.local/lib/python3.12/site-packages/airflow/example_dags/example_kubernetes_executor.py took 0.138 seconds
[2025-05-04T17:21:34.375+0000] {processor.py:186} INFO - Started process (PID=442) to work on /home/airflow/.local/lib/python3.12/site-packages/airflow/example_dags/example_kubernetes_executor.py
[2025-05-04T17:21:34.384+0000] {processor.py:914} INFO - Processing file /home/airflow/.local/lib/python3.12/site-packages/airflow/example_dags/example_kubernetes_executor.py for tasks to queue
[2025-05-04T17:21:34.388+0000] {logging_mixin.py:190} INFO - [2025-05-04T17:21:34.387+0000] {dagbag.py:588} INFO - Filling up the DagBag from /home/airflow/.local/lib/python3.12/site-packages/airflow/example_dags/example_kubernetes_executor.py
[2025-05-04T17:21:34.408+0000] {processor.py:925} INFO - DAG(s) 'example_kubernetes_executor' retrieved from /home/airflow/.local/lib/python3.12/site-packages/airflow/example_dags/example_kubernetes_executor.py
[2025-05-04T17:21:34.445+0000] {logging_mixin.py:190} INFO - [2025-05-04T17:21:34.445+0000] {dag.py:3239} INFO - Sync 1 DAGs
[2025-05-04T17:21:34.466+0000] {logging_mixin.py:190} INFO - [2025-05-04T17:21:34.465+0000] {dag.py:4180} INFO - Setting next_dagrun for example_kubernetes_executor to None, run_after=None
[2025-05-04T17:21:34.490+0000] {processor.py:208} INFO - Processing /home/airflow/.local/lib/python3.12/site-packages/airflow/example_dags/example_kubernetes_executor.py took 0.123 seconds
[2025-05-04T17:22:04.602+0000] {processor.py:186} INFO - Started process (PID=505) to work on /home/airflow/.local/lib/python3.12/site-packages/airflow/example_dags/example_kubernetes_executor.py
[2025-05-04T17:22:04.633+0000] {processor.py:914} INFO - Processing file /home/airflow/.local/lib/python3.12/site-packages/airflow/example_dags/example_kubernetes_executor.py for tasks to queue
[2025-05-04T17:22:04.637+0000] {logging_mixin.py:190} INFO - [2025-05-04T17:22:04.636+0000] {dagbag.py:588} INFO - Filling up the DagBag from /home/airflow/.local/lib/python3.12/site-packages/airflow/example_dags/example_kubernetes_executor.py
[2025-05-04T17:22:04.656+0000] {processor.py:925} INFO - DAG(s) 'example_kubernetes_executor' retrieved from /home/airflow/.local/lib/python3.12/site-packages/airflow/example_dags/example_kubernetes_executor.py
[2025-05-04T17:22:04.692+0000] {logging_mixin.py:190} INFO - [2025-05-04T17:22:04.691+0000] {dag.py:3239} INFO - Sync 1 DAGs
[2025-05-04T17:22:04.712+0000] {logging_mixin.py:190} INFO - [2025-05-04T17:22:04.712+0000] {dag.py:4180} INFO - Setting next_dagrun for example_kubernetes_executor to None, run_after=None
[2025-05-04T17:22:04.736+0000] {processor.py:208} INFO - Processing /home/airflow/.local/lib/python3.12/site-packages/airflow/example_dags/example_kubernetes_executor.py took 0.142 seconds
[2025-05-04T17:22:35.064+0000] {processor.py:186} INFO - Started process (PID=568) to work on /home/airflow/.local/lib/python3.12/site-packages/airflow/example_dags/example_kubernetes_executor.py
[2025-05-04T17:22:35.082+0000] {processor.py:914} INFO - Processing file /home/airflow/.local/lib/python3.12/site-packages/airflow/example_dags/example_kubernetes_executor.py for tasks to queue
[2025-05-04T17:22:35.085+0000] {logging_mixin.py:190} INFO - [2025-05-04T17:22:35.084+0000] {dagbag.py:588} INFO - Filling up the DagBag from /home/airflow/.local/lib/python3.12/site-packages/airflow/example_dags/example_kubernetes_executor.py
[2025-05-04T17:22:35.104+0000] {processor.py:925} INFO - DAG(s) 'example_kubernetes_executor' retrieved from /home/airflow/.local/lib/python3.12/site-packages/airflow/example_dags/example_kubernetes_executor.py
[2025-05-04T17:22:35.135+0000] {logging_mixin.py:190} INFO - [2025-05-04T17:22:35.135+0000] {dag.py:3239} INFO - Sync 1 DAGs
[2025-05-04T17:22:35.154+0000] {logging_mixin.py:190} INFO - [2025-05-04T17:22:35.153+0000] {dag.py:4180} INFO - Setting next_dagrun for example_kubernetes_executor to None, run_after=None
[2025-05-04T17:22:35.176+0000] {processor.py:208} INFO - Processing /home/airflow/.local/lib/python3.12/site-packages/airflow/example_dags/example_kubernetes_executor.py took 0.120 seconds
[2025-05-04T17:23:05.771+0000] {processor.py:186} INFO - Started process (PID=631) to work on /home/airflow/.local/lib/python3.12/site-packages/airflow/example_dags/example_kubernetes_executor.py
[2025-05-04T17:23:05.801+0000] {processor.py:914} INFO - Processing file /home/airflow/.local/lib/python3.12/site-packages/airflow/example_dags/example_kubernetes_executor.py for tasks to queue
[2025-05-04T17:23:05.804+0000] {logging_mixin.py:190} INFO - [2025-05-04T17:23:05.804+0000] {dagbag.py:588} INFO - Filling up the DagBag from /home/airflow/.local/lib/python3.12/site-packages/airflow/example_dags/example_kubernetes_executor.py
[2025-05-04T17:23:05.824+0000] {processor.py:925} INFO - DAG(s) 'example_kubernetes_executor' retrieved from /home/airflow/.local/lib/python3.12/site-packages/airflow/example_dags/example_kubernetes_executor.py
[2025-05-04T17:23:05.857+0000] {logging_mixin.py:190} INFO - [2025-05-04T17:23:05.857+0000] {dag.py:3239} INFO - Sync 1 DAGs
[2025-05-04T17:23:05.876+0000] {logging_mixin.py:190} INFO - [2025-05-04T17:23:05.876+0000] {dag.py:4180} INFO - Setting next_dagrun for example_kubernetes_executor to None, run_after=None
[2025-05-04T17:23:05.902+0000] {processor.py:208} INFO - Processing /home/airflow/.local/lib/python3.12/site-packages/airflow/example_dags/example_kubernetes_executor.py took 0.139 seconds
[2025-05-04T17:23:35.967+0000] {processor.py:186} INFO - Started process (PID=694) to work on /home/airflow/.local/lib/python3.12/site-packages/airflow/example_dags/example_kubernetes_executor.py
[2025-05-04T17:23:35.997+0000] {processor.py:914} INFO - Processing file /home/airflow/.local/lib/python3.12/site-packages/airflow/example_dags/example_kubernetes_executor.py for tasks to queue
[2025-05-04T17:23:36.000+0000] {logging_mixin.py:190} INFO - [2025-05-04T17:23:35.999+0000] {dagbag.py:588} INFO - Filling up the DagBag from /home/airflow/.local/lib/python3.12/site-packages/airflow/example_dags/example_kubernetes_executor.py
[2025-05-04T17:23:36.018+0000] {processor.py:925} INFO - DAG(s) 'example_kubernetes_executor' retrieved from /home/airflow/.local/lib/python3.12/site-packages/airflow/example_dags/example_kubernetes_executor.py
[2025-05-04T17:23:36.049+0000] {logging_mixin.py:190} INFO - [2025-05-04T17:23:36.048+0000] {dag.py:3239} INFO - Sync 1 DAGs
[2025-05-04T17:23:36.068+0000] {logging_mixin.py:190} INFO - [2025-05-04T17:23:36.068+0000] {dag.py:4180} INFO - Setting next_dagrun for example_kubernetes_executor to None, run_after=None
[2025-05-04T17:23:36.092+0000] {processor.py:208} INFO - Processing /home/airflow/.local/lib/python3.12/site-packages/airflow/example_dags/example_kubernetes_executor.py took 0.132 seconds
[2025-05-04T17:24:07.121+0000] {processor.py:186} INFO - Started process (PID=757) to work on /home/airflow/.local/lib/python3.12/site-packages/airflow/example_dags/example_kubernetes_executor.py
[2025-05-04T17:24:07.152+0000] {processor.py:914} INFO - Processing file /home/airflow/.local/lib/python3.12/site-packages/airflow/example_dags/example_kubernetes_executor.py for tasks to queue
[2025-05-04T17:24:07.155+0000] {logging_mixin.py:190} INFO - [2025-05-04T17:24:07.154+0000] {dagbag.py:588} INFO - Filling up the DagBag from /home/airflow/.local/lib/python3.12/site-packages/airflow/example_dags/example_kubernetes_executor.py
[2025-05-04T17:24:07.174+0000] {processor.py:925} INFO - DAG(s) 'example_kubernetes_executor' retrieved from /home/airflow/.local/lib/python3.12/site-packages/airflow/example_dags/example_kubernetes_executor.py
[2025-05-04T17:24:07.207+0000] {logging_mixin.py:190} INFO - [2025-05-04T17:24:07.207+0000] {dag.py:3239} INFO - Sync 1 DAGs
[2025-05-04T17:24:07.227+0000] {logging_mixin.py:190} INFO - [2025-05-04T17:24:07.226+0000] {dag.py:4180} INFO - Setting next_dagrun for example_kubernetes_executor to None, run_after=None
[2025-05-04T17:24:07.251+0000] {processor.py:208} INFO - Processing /home/airflow/.local/lib/python3.12/site-packages/airflow/example_dags/example_kubernetes_executor.py took 0.138 seconds
[2025-05-04T17:24:37.361+0000] {processor.py:186} INFO - Started process (PID=820) to work on /home/airflow/.local/lib/python3.12/site-packages/airflow/example_dags/example_kubernetes_executor.py
[2025-05-04T17:24:37.391+0000] {processor.py:914} INFO - Processing file /home/airflow/.local/lib/python3.12/site-packages/airflow/example_dags/example_kubernetes_executor.py for tasks to queue
[2025-05-04T17:24:37.395+0000] {logging_mixin.py:190} INFO - [2025-05-04T17:24:37.394+0000] {dagbag.py:588} INFO - Filling up the DagBag from /home/airflow/.local/lib/python3.12/site-packages/airflow/example_dags/example_kubernetes_executor.py
[2025-05-04T17:24:37.414+0000] {processor.py:925} INFO - DAG(s) 'example_kubernetes_executor' retrieved from /home/airflow/.local/lib/python3.12/site-packages/airflow/example_dags/example_kubernetes_executor.py
[2025-05-04T17:24:37.447+0000] {logging_mixin.py:190} INFO - [2025-05-04T17:24:37.446+0000] {dag.py:3239} INFO - Sync 1 DAGs
[2025-05-04T17:24:37.468+0000] {logging_mixin.py:190} INFO - [2025-05-04T17:24:37.468+0000] {dag.py:4180} INFO - Setting next_dagrun for example_kubernetes_executor to None, run_after=None
[2025-05-04T17:24:37.493+0000] {processor.py:208} INFO - Processing /home/airflow/.local/lib/python3.12/site-packages/airflow/example_dags/example_kubernetes_executor.py took 0.140 seconds
[2025-05-04T17:25:07.603+0000] {processor.py:186} INFO - Started process (PID=883) to work on /home/airflow/.local/lib/python3.12/site-packages/airflow/example_dags/example_kubernetes_executor.py
[2025-05-04T17:25:07.604+0000] {processor.py:914} INFO - Processing file /home/airflow/.local/lib/python3.12/site-packages/airflow/example_dags/example_kubernetes_executor.py for tasks to queue
[2025-05-04T17:25:07.607+0000] {logging_mixin.py:190} INFO - [2025-05-04T17:25:07.606+0000] {dagbag.py:588} INFO - Filling up the DagBag from /home/airflow/.local/lib/python3.12/site-packages/airflow/example_dags/example_kubernetes_executor.py
[2025-05-04T17:25:07.628+0000] {processor.py:925} INFO - DAG(s) 'example_kubernetes_executor' retrieved from /home/airflow/.local/lib/python3.12/site-packages/airflow/example_dags/example_kubernetes_executor.py
[2025-05-04T17:25:07.666+0000] {logging_mixin.py:190} INFO - [2025-05-04T17:25:07.665+0000] {dag.py:3239} INFO - Sync 1 DAGs
[2025-05-04T17:25:07.688+0000] {logging_mixin.py:190} INFO - [2025-05-04T17:25:07.687+0000] {dag.py:4180} INFO - Setting next_dagrun for example_kubernetes_executor to None, run_after=None
[2025-05-04T17:25:07.710+0000] {processor.py:208} INFO - Processing /home/airflow/.local/lib/python3.12/site-packages/airflow/example_dags/example_kubernetes_executor.py took 0.115 seconds
[2025-05-04T17:25:38.273+0000] {processor.py:186} INFO - Started process (PID=946) to work on /home/airflow/.local/lib/python3.12/site-packages/airflow/example_dags/example_kubernetes_executor.py
[2025-05-04T17:25:38.275+0000] {processor.py:914} INFO - Processing file /home/airflow/.local/lib/python3.12/site-packages/airflow/example_dags/example_kubernetes_executor.py for tasks to queue
[2025-05-04T17:25:38.277+0000] {logging_mixin.py:190} INFO - [2025-05-04T17:25:38.277+0000] {dagbag.py:588} INFO - Filling up the DagBag from /home/airflow/.local/lib/python3.12/site-packages/airflow/example_dags/example_kubernetes_executor.py
[2025-05-04T17:25:38.298+0000] {processor.py:925} INFO - DAG(s) 'example_kubernetes_executor' retrieved from /home/airflow/.local/lib/python3.12/site-packages/airflow/example_dags/example_kubernetes_executor.py
[2025-05-04T17:25:38.334+0000] {logging_mixin.py:190} INFO - [2025-05-04T17:25:38.334+0000] {dag.py:3239} INFO - Sync 1 DAGs
[2025-05-04T17:25:38.354+0000] {logging_mixin.py:190} INFO - [2025-05-04T17:25:38.353+0000] {dag.py:4180} INFO - Setting next_dagrun for example_kubernetes_executor to None, run_after=None
[2025-05-04T17:25:38.378+0000] {processor.py:208} INFO - Processing /home/airflow/.local/lib/python3.12/site-packages/airflow/example_dags/example_kubernetes_executor.py took 0.114 seconds
[2025-05-04T17:26:08.598+0000] {processor.py:186} INFO - Started process (PID=1009) to work on /home/airflow/.local/lib/python3.12/site-packages/airflow/example_dags/example_kubernetes_executor.py
[2025-05-04T17:26:08.604+0000] {processor.py:914} INFO - Processing file /home/airflow/.local/lib/python3.12/site-packages/airflow/example_dags/example_kubernetes_executor.py for tasks to queue
[2025-05-04T17:26:08.607+0000] {logging_mixin.py:190} INFO - [2025-05-04T17:26:08.606+0000] {dagbag.py:588} INFO - Filling up the DagBag from /home/airflow/.local/lib/python3.12/site-packages/airflow/example_dags/example_kubernetes_executor.py
[2025-05-04T17:26:08.627+0000] {processor.py:925} INFO - DAG(s) 'example_kubernetes_executor' retrieved from /home/airflow/.local/lib/python3.12/site-packages/airflow/example_dags/example_kubernetes_executor.py
[2025-05-04T17:26:08.663+0000] {logging_mixin.py:190} INFO - [2025-05-04T17:26:08.663+0000] {dag.py:3239} INFO - Sync 1 DAGs
[2025-05-04T17:26:08.683+0000] {logging_mixin.py:190} INFO - [2025-05-04T17:26:08.682+0000] {dag.py:4180} INFO - Setting next_dagrun for example_kubernetes_executor to None, run_after=None
[2025-05-04T17:26:08.706+0000] {processor.py:208} INFO - Processing /home/airflow/.local/lib/python3.12/site-packages/airflow/example_dags/example_kubernetes_executor.py took 0.116 seconds
[2025-05-04T17:26:39.317+0000] {processor.py:186} INFO - Started process (PID=1072) to work on /home/airflow/.local/lib/python3.12/site-packages/airflow/example_dags/example_kubernetes_executor.py
[2025-05-04T17:26:39.346+0000] {processor.py:914} INFO - Processing file /home/airflow/.local/lib/python3.12/site-packages/airflow/example_dags/example_kubernetes_executor.py for tasks to queue
[2025-05-04T17:26:39.349+0000] {logging_mixin.py:190} INFO - [2025-05-04T17:26:39.348+0000] {dagbag.py:588} INFO - Filling up the DagBag from /home/airflow/.local/lib/python3.12/site-packages/airflow/example_dags/example_kubernetes_executor.py
[2025-05-04T17:26:39.369+0000] {processor.py:925} INFO - DAG(s) 'example_kubernetes_executor' retrieved from /home/airflow/.local/lib/python3.12/site-packages/airflow/example_dags/example_kubernetes_executor.py
[2025-05-04T17:26:39.403+0000] {logging_mixin.py:190} INFO - [2025-05-04T17:26:39.402+0000] {dag.py:3239} INFO - Sync 1 DAGs
[2025-05-04T17:26:39.422+0000] {logging_mixin.py:190} INFO - [2025-05-04T17:26:39.422+0000] {dag.py:4180} INFO - Setting next_dagrun for example_kubernetes_executor to None, run_after=None
[2025-05-04T17:26:39.447+0000] {processor.py:208} INFO - Processing /home/airflow/.local/lib/python3.12/site-packages/airflow/example_dags/example_kubernetes_executor.py took 0.138 seconds
