[2025-05-04T17:18:34.230+0000] {processor.py:186} INFO - Started process (PID=79) to work on /home/airflow/.local/lib/python3.12/site-packages/airflow/example_dags/example_bash_decorator.py
[2025-05-04T17:18:34.230+0000] {processor.py:914} INFO - Processing file /home/airflow/.local/lib/python3.12/site-packages/airflow/example_dags/example_bash_decorator.py for tasks to queue
[2025-05-04T17:18:34.232+0000] {logging_mixin.py:190} INFO - [2025-05-04T17:18:34.232+0000] {dagbag.py:588} INFO - Filling up the DagBag from /home/airflow/.local/lib/python3.12/site-packages/airflow/example_dags/example_bash_decorator.py
[2025-05-04T17:18:34.252+0000] {processor.py:925} INFO - DAG(s) 'example_bash_decorator' retrieved from /home/airflow/.local/lib/python3.12/site-packages/airflow/example_dags/example_bash_decorator.py
[2025-05-04T17:18:34.340+0000] {logging_mixin.py:190} INFO - [2025-05-04T17:18:34.339+0000] {override.py:1912} INFO - Created Permission View: can read on DAG:example_bash_decorator
[2025-05-04T17:18:34.346+0000] {logging_mixin.py:190} INFO - [2025-05-04T17:18:34.346+0000] {override.py:1912} INFO - Created Permission View: can edit on DAG:example_bash_decorator
[2025-05-04T17:18:34.351+0000] {logging_mixin.py:190} INFO - [2025-05-04T17:18:34.351+0000] {override.py:1912} INFO - Created Permission View: can delete on DAG:example_bash_decorator
[2025-05-04T17:18:34.356+0000] {logging_mixin.py:190} INFO - [2025-05-04T17:18:34.356+0000] {override.py:1912} INFO - Created Permission View: can read on DAG Run:example_bash_decorator
[2025-05-04T17:18:34.361+0000] {logging_mixin.py:190} INFO - [2025-05-04T17:18:34.361+0000] {override.py:1912} INFO - Created Permission View: can create on DAG Run:example_bash_decorator
[2025-05-04T17:18:34.367+0000] {logging_mixin.py:190} INFO - [2025-05-04T17:18:34.366+0000] {override.py:1912} INFO - Created Permission View: can delete on DAG Run:example_bash_decorator
[2025-05-04T17:18:34.372+0000] {logging_mixin.py:190} INFO - [2025-05-04T17:18:34.371+0000] {override.py:1912} INFO - Created Permission View: menu access on DAG Run:example_bash_decorator
[2025-05-04T17:18:34.372+0000] {logging_mixin.py:190} INFO - [2025-05-04T17:18:34.372+0000] {dag.py:3239} INFO - Sync 1 DAGs
[2025-05-04T17:18:34.386+0000] {logging_mixin.py:190} INFO - [2025-05-04T17:18:34.386+0000] {dag.py:3262} INFO - Creating ORM DAG for example_bash_decorator
[2025-05-04T17:18:34.386+0000] {logging_mixin.py:190} INFO - [2025-05-04T17:18:34.386+0000] {dag.py:4180} INFO - Setting next_dagrun for example_bash_decorator to None, run_after=None
[2025-05-04T17:18:34.397+0000] {processor.py:208} INFO - Processing /home/airflow/.local/lib/python3.12/site-packages/airflow/example_dags/example_bash_decorator.py took 0.172 seconds
[2025-05-04T17:19:05.283+0000] {processor.py:186} INFO - Started process (PID=142) to work on /home/airflow/.local/lib/python3.12/site-packages/airflow/example_dags/example_bash_decorator.py
[2025-05-04T17:19:05.284+0000] {processor.py:914} INFO - Processing file /home/airflow/.local/lib/python3.12/site-packages/airflow/example_dags/example_bash_decorator.py for tasks to queue
[2025-05-04T17:19:05.287+0000] {logging_mixin.py:190} INFO - [2025-05-04T17:19:05.286+0000] {dagbag.py:588} INFO - Filling up the DagBag from /home/airflow/.local/lib/python3.12/site-packages/airflow/example_dags/example_bash_decorator.py
[2025-05-04T17:19:05.308+0000] {processor.py:925} INFO - DAG(s) 'example_bash_decorator' retrieved from /home/airflow/.local/lib/python3.12/site-packages/airflow/example_dags/example_bash_decorator.py
[2025-05-04T17:19:05.336+0000] {logging_mixin.py:190} INFO - [2025-05-04T17:19:05.336+0000] {dag.py:3239} INFO - Sync 1 DAGs
[2025-05-04T17:19:05.355+0000] {logging_mixin.py:190} INFO - [2025-05-04T17:19:05.355+0000] {dag.py:4180} INFO - Setting next_dagrun for example_bash_decorator to None, run_after=None
[2025-05-04T17:19:05.375+0000] {processor.py:208} INFO - Processing /home/airflow/.local/lib/python3.12/site-packages/airflow/example_dags/example_bash_decorator.py took 0.101 seconds
[2025-05-04T17:19:35.542+0000] {processor.py:186} INFO - Started process (PID=205) to work on /home/airflow/.local/lib/python3.12/site-packages/airflow/example_dags/example_bash_decorator.py
[2025-05-04T17:19:35.543+0000] {processor.py:914} INFO - Processing file /home/airflow/.local/lib/python3.12/site-packages/airflow/example_dags/example_bash_decorator.py for tasks to queue
[2025-05-04T17:19:35.546+0000] {logging_mixin.py:190} INFO - [2025-05-04T17:19:35.546+0000] {dagbag.py:588} INFO - Filling up the DagBag from /home/airflow/.local/lib/python3.12/site-packages/airflow/example_dags/example_bash_decorator.py
[2025-05-04T17:19:35.568+0000] {processor.py:925} INFO - DAG(s) 'example_bash_decorator' retrieved from /home/airflow/.local/lib/python3.12/site-packages/airflow/example_dags/example_bash_decorator.py
[2025-05-04T17:19:35.602+0000] {logging_mixin.py:190} INFO - [2025-05-04T17:19:35.602+0000] {dag.py:3239} INFO - Sync 1 DAGs
[2025-05-04T17:19:35.622+0000] {logging_mixin.py:190} INFO - [2025-05-04T17:19:35.622+0000] {dag.py:4180} INFO - Setting next_dagrun for example_bash_decorator to None, run_after=None
[2025-05-04T17:19:35.648+0000] {processor.py:208} INFO - Processing /home/airflow/.local/lib/python3.12/site-packages/airflow/example_dags/example_bash_decorator.py took 0.115 seconds
[2025-05-04T17:20:05.917+0000] {processor.py:186} INFO - Started process (PID=267) to work on /home/airflow/.local/lib/python3.12/site-packages/airflow/example_dags/example_bash_decorator.py
[2025-05-04T17:20:05.919+0000] {processor.py:914} INFO - Processing file /home/airflow/.local/lib/python3.12/site-packages/airflow/example_dags/example_bash_decorator.py for tasks to queue
[2025-05-04T17:20:05.923+0000] {logging_mixin.py:190} INFO - [2025-05-04T17:20:05.922+0000] {dagbag.py:588} INFO - Filling up the DagBag from /home/airflow/.local/lib/python3.12/site-packages/airflow/example_dags/example_bash_decorator.py
[2025-05-04T17:20:05.944+0000] {processor.py:925} INFO - DAG(s) 'example_bash_decorator' retrieved from /home/airflow/.local/lib/python3.12/site-packages/airflow/example_dags/example_bash_decorator.py
[2025-05-04T17:20:05.979+0000] {logging_mixin.py:190} INFO - [2025-05-04T17:20:05.979+0000] {dag.py:3239} INFO - Sync 1 DAGs
[2025-05-04T17:20:06.000+0000] {logging_mixin.py:190} INFO - [2025-05-04T17:20:05.999+0000] {dag.py:4180} INFO - Setting next_dagrun for example_bash_decorator to None, run_after=None
[2025-05-04T17:20:06.025+0000] {processor.py:208} INFO - Processing /home/airflow/.local/lib/python3.12/site-packages/airflow/example_dags/example_bash_decorator.py took 0.116 seconds
[2025-05-04T17:20:36.230+0000] {processor.py:186} INFO - Started process (PID=330) to work on /home/airflow/.local/lib/python3.12/site-packages/airflow/example_dags/example_bash_decorator.py
[2025-05-04T17:20:36.260+0000] {processor.py:914} INFO - Processing file /home/airflow/.local/lib/python3.12/site-packages/airflow/example_dags/example_bash_decorator.py for tasks to queue
[2025-05-04T17:20:36.264+0000] {logging_mixin.py:190} INFO - [2025-05-04T17:20:36.264+0000] {dagbag.py:588} INFO - Filling up the DagBag from /home/airflow/.local/lib/python3.12/site-packages/airflow/example_dags/example_bash_decorator.py
[2025-05-04T17:20:36.285+0000] {processor.py:925} INFO - DAG(s) 'example_bash_decorator' retrieved from /home/airflow/.local/lib/python3.12/site-packages/airflow/example_dags/example_bash_decorator.py
[2025-05-04T17:20:36.318+0000] {logging_mixin.py:190} INFO - [2025-05-04T17:20:36.318+0000] {dag.py:3239} INFO - Sync 1 DAGs
[2025-05-04T17:20:36.337+0000] {logging_mixin.py:190} INFO - [2025-05-04T17:20:36.337+0000] {dag.py:4180} INFO - Setting next_dagrun for example_bash_decorator to None, run_after=None
[2025-05-04T17:20:36.360+0000] {processor.py:208} INFO - Processing /home/airflow/.local/lib/python3.12/site-packages/airflow/example_dags/example_bash_decorator.py took 0.140 seconds
[2025-05-04T17:21:06.659+0000] {processor.py:186} INFO - Started process (PID=393) to work on /home/airflow/.local/lib/python3.12/site-packages/airflow/example_dags/example_bash_decorator.py
[2025-05-04T17:21:06.688+0000] {processor.py:914} INFO - Processing file /home/airflow/.local/lib/python3.12/site-packages/airflow/example_dags/example_bash_decorator.py for tasks to queue
[2025-05-04T17:21:06.691+0000] {logging_mixin.py:190} INFO - [2025-05-04T17:21:06.690+0000] {dagbag.py:588} INFO - Filling up the DagBag from /home/airflow/.local/lib/python3.12/site-packages/airflow/example_dags/example_bash_decorator.py
[2025-05-04T17:21:06.713+0000] {processor.py:925} INFO - DAG(s) 'example_bash_decorator' retrieved from /home/airflow/.local/lib/python3.12/site-packages/airflow/example_dags/example_bash_decorator.py
[2025-05-04T17:21:06.746+0000] {logging_mixin.py:190} INFO - [2025-05-04T17:21:06.746+0000] {dag.py:3239} INFO - Sync 1 DAGs
[2025-05-04T17:21:06.765+0000] {logging_mixin.py:190} INFO - [2025-05-04T17:21:06.765+0000] {dag.py:4180} INFO - Setting next_dagrun for example_bash_decorator to None, run_after=None
[2025-05-04T17:21:06.789+0000] {processor.py:208} INFO - Processing /home/airflow/.local/lib/python3.12/site-packages/airflow/example_dags/example_bash_decorator.py took 0.138 seconds
[2025-05-04T17:21:36.902+0000] {processor.py:186} INFO - Started process (PID=456) to work on /home/airflow/.local/lib/python3.12/site-packages/airflow/example_dags/example_bash_decorator.py
[2025-05-04T17:21:36.930+0000] {processor.py:914} INFO - Processing file /home/airflow/.local/lib/python3.12/site-packages/airflow/example_dags/example_bash_decorator.py for tasks to queue
[2025-05-04T17:21:36.934+0000] {logging_mixin.py:190} INFO - [2025-05-04T17:21:36.934+0000] {dagbag.py:588} INFO - Filling up the DagBag from /home/airflow/.local/lib/python3.12/site-packages/airflow/example_dags/example_bash_decorator.py
[2025-05-04T17:21:36.955+0000] {processor.py:925} INFO - DAG(s) 'example_bash_decorator' retrieved from /home/airflow/.local/lib/python3.12/site-packages/airflow/example_dags/example_bash_decorator.py
[2025-05-04T17:21:36.988+0000] {logging_mixin.py:190} INFO - [2025-05-04T17:21:36.988+0000] {dag.py:3239} INFO - Sync 1 DAGs
[2025-05-04T17:21:37.008+0000] {logging_mixin.py:190} INFO - [2025-05-04T17:21:37.008+0000] {dag.py:4180} INFO - Setting next_dagrun for example_bash_decorator to None, run_after=None
[2025-05-04T17:21:37.031+0000] {processor.py:208} INFO - Processing /home/airflow/.local/lib/python3.12/site-packages/airflow/example_dags/example_bash_decorator.py took 0.137 seconds
[2025-05-04T17:22:07.174+0000] {processor.py:186} INFO - Started process (PID=519) to work on /home/airflow/.local/lib/python3.12/site-packages/airflow/example_dags/example_bash_decorator.py
[2025-05-04T17:22:07.175+0000] {processor.py:914} INFO - Processing file /home/airflow/.local/lib/python3.12/site-packages/airflow/example_dags/example_bash_decorator.py for tasks to queue
[2025-05-04T17:22:07.178+0000] {logging_mixin.py:190} INFO - [2025-05-04T17:22:07.177+0000] {dagbag.py:588} INFO - Filling up the DagBag from /home/airflow/.local/lib/python3.12/site-packages/airflow/example_dags/example_bash_decorator.py
[2025-05-04T17:22:07.199+0000] {processor.py:925} INFO - DAG(s) 'example_bash_decorator' retrieved from /home/airflow/.local/lib/python3.12/site-packages/airflow/example_dags/example_bash_decorator.py
[2025-05-04T17:22:07.234+0000] {logging_mixin.py:190} INFO - [2025-05-04T17:22:07.233+0000] {dag.py:3239} INFO - Sync 1 DAGs
[2025-05-04T17:22:07.254+0000] {logging_mixin.py:190} INFO - [2025-05-04T17:22:07.254+0000] {dag.py:4180} INFO - Setting next_dagrun for example_bash_decorator to None, run_after=None
[2025-05-04T17:22:07.282+0000] {processor.py:208} INFO - Processing /home/airflow/.local/lib/python3.12/site-packages/airflow/example_dags/example_bash_decorator.py took 0.117 seconds
[2025-05-04T17:22:37.515+0000] {processor.py:186} INFO - Started process (PID=582) to work on /home/airflow/.local/lib/python3.12/site-packages/airflow/example_dags/example_bash_decorator.py
[2025-05-04T17:22:37.545+0000] {processor.py:914} INFO - Processing file /home/airflow/.local/lib/python3.12/site-packages/airflow/example_dags/example_bash_decorator.py for tasks to queue
[2025-05-04T17:22:37.548+0000] {logging_mixin.py:190} INFO - [2025-05-04T17:22:37.548+0000] {dagbag.py:588} INFO - Filling up the DagBag from /home/airflow/.local/lib/python3.12/site-packages/airflow/example_dags/example_bash_decorator.py
[2025-05-04T17:22:37.568+0000] {processor.py:925} INFO - DAG(s) 'example_bash_decorator' retrieved from /home/airflow/.local/lib/python3.12/site-packages/airflow/example_dags/example_bash_decorator.py
[2025-05-04T17:22:37.602+0000] {logging_mixin.py:190} INFO - [2025-05-04T17:22:37.602+0000] {dag.py:3239} INFO - Sync 1 DAGs
[2025-05-04T17:22:37.622+0000] {logging_mixin.py:190} INFO - [2025-05-04T17:22:37.621+0000] {dag.py:4180} INFO - Setting next_dagrun for example_bash_decorator to None, run_after=None
[2025-05-04T17:22:37.647+0000] {processor.py:208} INFO - Processing /home/airflow/.local/lib/python3.12/site-packages/airflow/example_dags/example_bash_decorator.py took 0.140 seconds
[2025-05-04T17:23:08.146+0000] {processor.py:186} INFO - Started process (PID=645) to work on /home/airflow/.local/lib/python3.12/site-packages/airflow/example_dags/example_bash_decorator.py
[2025-05-04T17:23:08.174+0000] {processor.py:914} INFO - Processing file /home/airflow/.local/lib/python3.12/site-packages/airflow/example_dags/example_bash_decorator.py for tasks to queue
[2025-05-04T17:23:08.177+0000] {logging_mixin.py:190} INFO - [2025-05-04T17:23:08.176+0000] {dagbag.py:588} INFO - Filling up the DagBag from /home/airflow/.local/lib/python3.12/site-packages/airflow/example_dags/example_bash_decorator.py
[2025-05-04T17:23:08.197+0000] {processor.py:925} INFO - DAG(s) 'example_bash_decorator' retrieved from /home/airflow/.local/lib/python3.12/site-packages/airflow/example_dags/example_bash_decorator.py
[2025-05-04T17:23:08.228+0000] {logging_mixin.py:190} INFO - [2025-05-04T17:23:08.227+0000] {dag.py:3239} INFO - Sync 1 DAGs
[2025-05-04T17:23:08.246+0000] {logging_mixin.py:190} INFO - [2025-05-04T17:23:08.246+0000] {dag.py:4180} INFO - Setting next_dagrun for example_bash_decorator to None, run_after=None
[2025-05-04T17:23:08.268+0000] {processor.py:208} INFO - Processing /home/airflow/.local/lib/python3.12/site-packages/airflow/example_dags/example_bash_decorator.py took 0.130 seconds
[2025-05-04T17:23:38.384+0000] {processor.py:186} INFO - Started process (PID=708) to work on /home/airflow/.local/lib/python3.12/site-packages/airflow/example_dags/example_bash_decorator.py
[2025-05-04T17:23:38.412+0000] {processor.py:914} INFO - Processing file /home/airflow/.local/lib/python3.12/site-packages/airflow/example_dags/example_bash_decorator.py for tasks to queue
[2025-05-04T17:23:38.416+0000] {logging_mixin.py:190} INFO - [2025-05-04T17:23:38.415+0000] {dagbag.py:588} INFO - Filling up the DagBag from /home/airflow/.local/lib/python3.12/site-packages/airflow/example_dags/example_bash_decorator.py
[2025-05-04T17:23:38.440+0000] {processor.py:925} INFO - DAG(s) 'example_bash_decorator' retrieved from /home/airflow/.local/lib/python3.12/site-packages/airflow/example_dags/example_bash_decorator.py
[2025-05-04T17:23:38.474+0000] {logging_mixin.py:190} INFO - [2025-05-04T17:23:38.473+0000] {dag.py:3239} INFO - Sync 1 DAGs
[2025-05-04T17:23:38.495+0000] {logging_mixin.py:190} INFO - [2025-05-04T17:23:38.495+0000] {dag.py:4180} INFO - Setting next_dagrun for example_bash_decorator to None, run_after=None
[2025-05-04T17:23:38.519+0000] {processor.py:208} INFO - Processing /home/airflow/.local/lib/python3.12/site-packages/airflow/example_dags/example_bash_decorator.py took 0.143 seconds
[2025-05-04T17:24:09.466+0000] {processor.py:186} INFO - Started process (PID=771) to work on /home/airflow/.local/lib/python3.12/site-packages/airflow/example_dags/example_bash_decorator.py
[2025-05-04T17:24:09.494+0000] {processor.py:914} INFO - Processing file /home/airflow/.local/lib/python3.12/site-packages/airflow/example_dags/example_bash_decorator.py for tasks to queue
[2025-05-04T17:24:09.497+0000] {logging_mixin.py:190} INFO - [2025-05-04T17:24:09.497+0000] {dagbag.py:588} INFO - Filling up the DagBag from /home/airflow/.local/lib/python3.12/site-packages/airflow/example_dags/example_bash_decorator.py
[2025-05-04T17:24:09.519+0000] {processor.py:925} INFO - DAG(s) 'example_bash_decorator' retrieved from /home/airflow/.local/lib/python3.12/site-packages/airflow/example_dags/example_bash_decorator.py
[2025-05-04T17:24:09.550+0000] {logging_mixin.py:190} INFO - [2025-05-04T17:24:09.550+0000] {dag.py:3239} INFO - Sync 1 DAGs
[2025-05-04T17:24:09.569+0000] {logging_mixin.py:190} INFO - [2025-05-04T17:24:09.568+0000] {dag.py:4180} INFO - Setting next_dagrun for example_bash_decorator to None, run_after=None
[2025-05-04T17:24:09.592+0000] {processor.py:208} INFO - Processing /home/airflow/.local/lib/python3.12/site-packages/airflow/example_dags/example_bash_decorator.py took 0.134 seconds
[2025-05-04T17:24:39.735+0000] {processor.py:186} INFO - Started process (PID=834) to work on /home/airflow/.local/lib/python3.12/site-packages/airflow/example_dags/example_bash_decorator.py
[2025-05-04T17:24:39.737+0000] {processor.py:914} INFO - Processing file /home/airflow/.local/lib/python3.12/site-packages/airflow/example_dags/example_bash_decorator.py for tasks to queue
[2025-05-04T17:24:39.740+0000] {logging_mixin.py:190} INFO - [2025-05-04T17:24:39.739+0000] {dagbag.py:588} INFO - Filling up the DagBag from /home/airflow/.local/lib/python3.12/site-packages/airflow/example_dags/example_bash_decorator.py
[2025-05-04T17:24:39.761+0000] {processor.py:925} INFO - DAG(s) 'example_bash_decorator' retrieved from /home/airflow/.local/lib/python3.12/site-packages/airflow/example_dags/example_bash_decorator.py
[2025-05-04T17:24:39.796+0000] {logging_mixin.py:190} INFO - [2025-05-04T17:24:39.796+0000] {dag.py:3239} INFO - Sync 1 DAGs
[2025-05-04T17:24:39.815+0000] {logging_mixin.py:190} INFO - [2025-05-04T17:24:39.815+0000] {dag.py:4180} INFO - Setting next_dagrun for example_bash_decorator to None, run_after=None
[2025-05-04T17:24:39.839+0000] {processor.py:208} INFO - Processing /home/airflow/.local/lib/python3.12/site-packages/airflow/example_dags/example_bash_decorator.py took 0.112 seconds
[2025-05-04T17:25:09.996+0000] {processor.py:186} INFO - Started process (PID=897) to work on /home/airflow/.local/lib/python3.12/site-packages/airflow/example_dags/example_bash_decorator.py
[2025-05-04T17:25:09.997+0000] {processor.py:914} INFO - Processing file /home/airflow/.local/lib/python3.12/site-packages/airflow/example_dags/example_bash_decorator.py for tasks to queue
[2025-05-04T17:25:10.000+0000] {logging_mixin.py:190} INFO - [2025-05-04T17:25:09.999+0000] {dagbag.py:588} INFO - Filling up the DagBag from /home/airflow/.local/lib/python3.12/site-packages/airflow/example_dags/example_bash_decorator.py
[2025-05-04T17:25:10.023+0000] {processor.py:925} INFO - DAG(s) 'example_bash_decorator' retrieved from /home/airflow/.local/lib/python3.12/site-packages/airflow/example_dags/example_bash_decorator.py
[2025-05-04T17:25:10.056+0000] {logging_mixin.py:190} INFO - [2025-05-04T17:25:10.056+0000] {dag.py:3239} INFO - Sync 1 DAGs
[2025-05-04T17:25:10.077+0000] {logging_mixin.py:190} INFO - [2025-05-04T17:25:10.077+0000] {dag.py:4180} INFO - Setting next_dagrun for example_bash_decorator to None, run_after=None
[2025-05-04T17:25:10.100+0000] {processor.py:208} INFO - Processing /home/airflow/.local/lib/python3.12/site-packages/airflow/example_dags/example_bash_decorator.py took 0.113 seconds
[2025-05-04T17:25:40.583+0000] {processor.py:186} INFO - Started process (PID=960) to work on /home/airflow/.local/lib/python3.12/site-packages/airflow/example_dags/example_bash_decorator.py
[2025-05-04T17:25:40.585+0000] {processor.py:914} INFO - Processing file /home/airflow/.local/lib/python3.12/site-packages/airflow/example_dags/example_bash_decorator.py for tasks to queue
[2025-05-04T17:25:40.588+0000] {logging_mixin.py:190} INFO - [2025-05-04T17:25:40.588+0000] {dagbag.py:588} INFO - Filling up the DagBag from /home/airflow/.local/lib/python3.12/site-packages/airflow/example_dags/example_bash_decorator.py
[2025-05-04T17:25:40.609+0000] {processor.py:925} INFO - DAG(s) 'example_bash_decorator' retrieved from /home/airflow/.local/lib/python3.12/site-packages/airflow/example_dags/example_bash_decorator.py
[2025-05-04T17:25:40.642+0000] {logging_mixin.py:190} INFO - [2025-05-04T17:25:40.642+0000] {dag.py:3239} INFO - Sync 1 DAGs
[2025-05-04T17:25:40.661+0000] {logging_mixin.py:190} INFO - [2025-05-04T17:25:40.661+0000] {dag.py:4180} INFO - Setting next_dagrun for example_bash_decorator to None, run_after=None
[2025-05-04T17:25:40.683+0000] {processor.py:208} INFO - Processing /home/airflow/.local/lib/python3.12/site-packages/airflow/example_dags/example_bash_decorator.py took 0.108 seconds
[2025-05-04T17:26:11.100+0000] {processor.py:186} INFO - Started process (PID=1023) to work on /home/airflow/.local/lib/python3.12/site-packages/airflow/example_dags/example_bash_decorator.py
[2025-05-04T17:26:11.129+0000] {processor.py:914} INFO - Processing file /home/airflow/.local/lib/python3.12/site-packages/airflow/example_dags/example_bash_decorator.py for tasks to queue
[2025-05-04T17:26:11.133+0000] {logging_mixin.py:190} INFO - [2025-05-04T17:26:11.132+0000] {dagbag.py:588} INFO - Filling up the DagBag from /home/airflow/.local/lib/python3.12/site-packages/airflow/example_dags/example_bash_decorator.py
[2025-05-04T17:26:11.154+0000] {processor.py:925} INFO - DAG(s) 'example_bash_decorator' retrieved from /home/airflow/.local/lib/python3.12/site-packages/airflow/example_dags/example_bash_decorator.py
[2025-05-04T17:26:11.187+0000] {logging_mixin.py:190} INFO - [2025-05-04T17:26:11.186+0000] {dag.py:3239} INFO - Sync 1 DAGs
[2025-05-04T17:26:11.207+0000] {logging_mixin.py:190} INFO - [2025-05-04T17:26:11.207+0000] {dag.py:4180} INFO - Setting next_dagrun for example_bash_decorator to None, run_after=None
[2025-05-04T17:26:11.230+0000] {processor.py:208} INFO - Processing /home/airflow/.local/lib/python3.12/site-packages/airflow/example_dags/example_bash_decorator.py took 0.139 seconds
[2025-05-04T17:26:41.684+0000] {processor.py:186} INFO - Started process (PID=1086) to work on /home/airflow/.local/lib/python3.12/site-packages/airflow/example_dags/example_bash_decorator.py
[2025-05-04T17:26:41.712+0000] {processor.py:914} INFO - Processing file /home/airflow/.local/lib/python3.12/site-packages/airflow/example_dags/example_bash_decorator.py for tasks to queue
[2025-05-04T17:26:41.715+0000] {logging_mixin.py:190} INFO - [2025-05-04T17:26:41.715+0000] {dagbag.py:588} INFO - Filling up the DagBag from /home/airflow/.local/lib/python3.12/site-packages/airflow/example_dags/example_bash_decorator.py
[2025-05-04T17:26:41.737+0000] {processor.py:925} INFO - DAG(s) 'example_bash_decorator' retrieved from /home/airflow/.local/lib/python3.12/site-packages/airflow/example_dags/example_bash_decorator.py
[2025-05-04T17:26:41.771+0000] {logging_mixin.py:190} INFO - [2025-05-04T17:26:41.770+0000] {dag.py:3239} INFO - Sync 1 DAGs
[2025-05-04T17:26:41.791+0000] {logging_mixin.py:190} INFO - [2025-05-04T17:26:41.791+0000] {dag.py:4180} INFO - Setting next_dagrun for example_bash_decorator to None, run_after=None
[2025-05-04T17:26:41.814+0000] {processor.py:208} INFO - Processing /home/airflow/.local/lib/python3.12/site-packages/airflow/example_dags/example_bash_decorator.py took 0.138 seconds
