[2025-05-04T17:18:37.016+0000] {processor.py:186} INFO - Started process (PID=102) to work on /home/airflow/.local/lib/python3.12/site-packages/airflow/example_dags/example_complex.py
[2025-05-04T17:18:37.017+0000] {processor.py:914} INFO - Processing file /home/airflow/.local/lib/python3.12/site-packages/airflow/example_dags/example_complex.py for tasks to queue
[2025-05-04T17:18:37.018+0000] {logging_mixin.py:190} INFO - [2025-05-04T17:18:37.018+0000] {dagbag.py:588} INFO - Filling up the DagBag from /home/airflow/.local/lib/python3.12/site-packages/airflow/example_dags/example_complex.py
[2025-05-04T17:18:37.027+0000] {processor.py:925} INFO - DAG(s) 'example_complex' retrieved from /home/airflow/.local/lib/python3.12/site-packages/airflow/example_dags/example_complex.py
[2025-05-04T17:18:37.112+0000] {logging_mixin.py:190} INFO - [2025-05-04T17:18:37.112+0000] {override.py:1912} INFO - Created Permission View: can read on DAG:example_complex
[2025-05-04T17:18:37.118+0000] {logging_mixin.py:190} INFO - [2025-05-04T17:18:37.118+0000] {override.py:1912} INFO - Created Permission View: can edit on DAG:example_complex
[2025-05-04T17:18:37.122+0000] {logging_mixin.py:190} INFO - [2025-05-04T17:18:37.122+0000] {override.py:1912} INFO - Created Permission View: can delete on DAG:example_complex
[2025-05-04T17:18:37.126+0000] {logging_mixin.py:190} INFO - [2025-05-04T17:18:37.126+0000] {override.py:1912} INFO - Created Permission View: can read on DAG Run:example_complex
[2025-05-04T17:18:37.130+0000] {logging_mixin.py:190} INFO - [2025-05-04T17:18:37.130+0000] {override.py:1912} INFO - Created Permission View: can create on DAG Run:example_complex
[2025-05-04T17:18:37.135+0000] {logging_mixin.py:190} INFO - [2025-05-04T17:18:37.134+0000] {override.py:1912} INFO - Created Permission View: can delete on DAG Run:example_complex
[2025-05-04T17:18:37.139+0000] {logging_mixin.py:190} INFO - [2025-05-04T17:18:37.139+0000] {override.py:1912} INFO - Created Permission View: menu access on DAG Run:example_complex
[2025-05-04T17:18:37.139+0000] {logging_mixin.py:190} INFO - [2025-05-04T17:18:37.139+0000] {dag.py:3239} INFO - Sync 1 DAGs
[2025-05-04T17:18:37.149+0000] {logging_mixin.py:190} INFO - [2025-05-04T17:18:37.149+0000] {dag.py:3262} INFO - Creating ORM DAG for example_complex
[2025-05-04T17:18:37.150+0000] {logging_mixin.py:190} INFO - [2025-05-04T17:18:37.149+0000] {dag.py:4180} INFO - Setting next_dagrun for example_complex to None, run_after=None
[2025-05-04T17:18:37.161+0000] {processor.py:208} INFO - Processing /home/airflow/.local/lib/python3.12/site-packages/airflow/example_dags/example_complex.py took 0.149 seconds
[2025-05-04T17:19:08.194+0000] {processor.py:186} INFO - Started process (PID=165) to work on /home/airflow/.local/lib/python3.12/site-packages/airflow/example_dags/example_complex.py
[2025-05-04T17:19:08.195+0000] {processor.py:914} INFO - Processing file /home/airflow/.local/lib/python3.12/site-packages/airflow/example_dags/example_complex.py for tasks to queue
[2025-05-04T17:19:08.198+0000] {logging_mixin.py:190} INFO - [2025-05-04T17:19:08.198+0000] {dagbag.py:588} INFO - Filling up the DagBag from /home/airflow/.local/lib/python3.12/site-packages/airflow/example_dags/example_complex.py
[2025-05-04T17:19:08.214+0000] {processor.py:925} INFO - DAG(s) 'example_complex' retrieved from /home/airflow/.local/lib/python3.12/site-packages/airflow/example_dags/example_complex.py
[2025-05-04T17:19:08.256+0000] {logging_mixin.py:190} INFO - [2025-05-04T17:19:08.255+0000] {dag.py:3239} INFO - Sync 1 DAGs
[2025-05-04T17:19:08.274+0000] {logging_mixin.py:190} INFO - [2025-05-04T17:19:08.274+0000] {dag.py:4180} INFO - Setting next_dagrun for example_complex to None, run_after=None
[2025-05-04T17:19:08.296+0000] {processor.py:208} INFO - Processing /home/airflow/.local/lib/python3.12/site-packages/airflow/example_dags/example_complex.py took 0.110 seconds
[2025-05-04T17:19:39.297+0000] {processor.py:186} INFO - Started process (PID=228) to work on /home/airflow/.local/lib/python3.12/site-packages/airflow/example_dags/example_complex.py
[2025-05-04T17:19:39.299+0000] {processor.py:914} INFO - Processing file /home/airflow/.local/lib/python3.12/site-packages/airflow/example_dags/example_complex.py for tasks to queue
[2025-05-04T17:19:39.301+0000] {logging_mixin.py:190} INFO - [2025-05-04T17:19:39.301+0000] {dagbag.py:588} INFO - Filling up the DagBag from /home/airflow/.local/lib/python3.12/site-packages/airflow/example_dags/example_complex.py
[2025-05-04T17:19:39.317+0000] {processor.py:925} INFO - DAG(s) 'example_complex' retrieved from /home/airflow/.local/lib/python3.12/site-packages/airflow/example_dags/example_complex.py
[2025-05-04T17:19:39.359+0000] {logging_mixin.py:190} INFO - [2025-05-04T17:19:39.358+0000] {dag.py:3239} INFO - Sync 1 DAGs
[2025-05-04T17:19:39.377+0000] {logging_mixin.py:190} INFO - [2025-05-04T17:19:39.377+0000] {dag.py:4180} INFO - Setting next_dagrun for example_complex to None, run_after=None
[2025-05-04T17:19:39.398+0000] {processor.py:208} INFO - Processing /home/airflow/.local/lib/python3.12/site-packages/airflow/example_dags/example_complex.py took 0.109 seconds
[2025-05-04T17:20:09.488+0000] {processor.py:186} INFO - Started process (PID=290) to work on /home/airflow/.local/lib/python3.12/site-packages/airflow/example_dags/example_complex.py
[2025-05-04T17:20:09.490+0000] {processor.py:914} INFO - Processing file /home/airflow/.local/lib/python3.12/site-packages/airflow/example_dags/example_complex.py for tasks to queue
[2025-05-04T17:20:09.492+0000] {logging_mixin.py:190} INFO - [2025-05-04T17:20:09.492+0000] {dagbag.py:588} INFO - Filling up the DagBag from /home/airflow/.local/lib/python3.12/site-packages/airflow/example_dags/example_complex.py
[2025-05-04T17:20:09.510+0000] {processor.py:925} INFO - DAG(s) 'example_complex' retrieved from /home/airflow/.local/lib/python3.12/site-packages/airflow/example_dags/example_complex.py
[2025-05-04T17:20:09.562+0000] {logging_mixin.py:190} INFO - [2025-05-04T17:20:09.562+0000] {dag.py:3239} INFO - Sync 1 DAGs
[2025-05-04T17:20:09.583+0000] {logging_mixin.py:190} INFO - [2025-05-04T17:20:09.583+0000] {dag.py:4180} INFO - Setting next_dagrun for example_complex to None, run_after=None
[2025-05-04T17:20:09.609+0000] {processor.py:208} INFO - Processing /home/airflow/.local/lib/python3.12/site-packages/airflow/example_dags/example_complex.py took 0.129 seconds
[2025-05-04T17:20:39.985+0000] {processor.py:186} INFO - Started process (PID=353) to work on /home/airflow/.local/lib/python3.12/site-packages/airflow/example_dags/example_complex.py
[2025-05-04T17:20:39.987+0000] {processor.py:914} INFO - Processing file /home/airflow/.local/lib/python3.12/site-packages/airflow/example_dags/example_complex.py for tasks to queue
[2025-05-04T17:20:39.991+0000] {logging_mixin.py:190} INFO - [2025-05-04T17:20:39.990+0000] {dagbag.py:588} INFO - Filling up the DagBag from /home/airflow/.local/lib/python3.12/site-packages/airflow/example_dags/example_complex.py
[2025-05-04T17:20:40.008+0000] {processor.py:925} INFO - DAG(s) 'example_complex' retrieved from /home/airflow/.local/lib/python3.12/site-packages/airflow/example_dags/example_complex.py
[2025-05-04T17:20:40.053+0000] {logging_mixin.py:190} INFO - [2025-05-04T17:20:40.053+0000] {dag.py:3239} INFO - Sync 1 DAGs
[2025-05-04T17:20:40.074+0000] {logging_mixin.py:190} INFO - [2025-05-04T17:20:40.073+0000] {dag.py:4180} INFO - Setting next_dagrun for example_complex to None, run_after=None
[2025-05-04T17:20:40.099+0000] {processor.py:208} INFO - Processing /home/airflow/.local/lib/python3.12/site-packages/airflow/example_dags/example_complex.py took 0.122 seconds
[2025-05-04T17:21:10.675+0000] {processor.py:186} INFO - Started process (PID=416) to work on /home/airflow/.local/lib/python3.12/site-packages/airflow/example_dags/example_complex.py
[2025-05-04T17:21:10.677+0000] {processor.py:914} INFO - Processing file /home/airflow/.local/lib/python3.12/site-packages/airflow/example_dags/example_complex.py for tasks to queue
[2025-05-04T17:21:10.680+0000] {logging_mixin.py:190} INFO - [2025-05-04T17:21:10.679+0000] {dagbag.py:588} INFO - Filling up the DagBag from /home/airflow/.local/lib/python3.12/site-packages/airflow/example_dags/example_complex.py
[2025-05-04T17:21:10.696+0000] {processor.py:925} INFO - DAG(s) 'example_complex' retrieved from /home/airflow/.local/lib/python3.12/site-packages/airflow/example_dags/example_complex.py
[2025-05-04T17:21:10.736+0000] {logging_mixin.py:190} INFO - [2025-05-04T17:21:10.736+0000] {dag.py:3239} INFO - Sync 1 DAGs
[2025-05-04T17:21:10.755+0000] {logging_mixin.py:190} INFO - [2025-05-04T17:21:10.755+0000] {dag.py:4180} INFO - Setting next_dagrun for example_complex to None, run_after=None
[2025-05-04T17:21:10.778+0000] {processor.py:208} INFO - Processing /home/airflow/.local/lib/python3.12/site-packages/airflow/example_dags/example_complex.py took 0.111 seconds
[2025-05-04T17:21:40.854+0000] {processor.py:186} INFO - Started process (PID=479) to work on /home/airflow/.local/lib/python3.12/site-packages/airflow/example_dags/example_complex.py
[2025-05-04T17:21:40.856+0000] {processor.py:914} INFO - Processing file /home/airflow/.local/lib/python3.12/site-packages/airflow/example_dags/example_complex.py for tasks to queue
[2025-05-04T17:21:40.859+0000] {logging_mixin.py:190} INFO - [2025-05-04T17:21:40.858+0000] {dagbag.py:588} INFO - Filling up the DagBag from /home/airflow/.local/lib/python3.12/site-packages/airflow/example_dags/example_complex.py
[2025-05-04T17:21:40.874+0000] {processor.py:925} INFO - DAG(s) 'example_complex' retrieved from /home/airflow/.local/lib/python3.12/site-packages/airflow/example_dags/example_complex.py
[2025-05-04T17:21:40.915+0000] {logging_mixin.py:190} INFO - [2025-05-04T17:21:40.915+0000] {dag.py:3239} INFO - Sync 1 DAGs
[2025-05-04T17:21:40.934+0000] {logging_mixin.py:190} INFO - [2025-05-04T17:21:40.934+0000] {dag.py:4180} INFO - Setting next_dagrun for example_complex to None, run_after=None
[2025-05-04T17:21:40.955+0000] {processor.py:208} INFO - Processing /home/airflow/.local/lib/python3.12/site-packages/airflow/example_dags/example_complex.py took 0.109 seconds
[2025-05-04T17:22:11.607+0000] {processor.py:186} INFO - Started process (PID=541) to work on /home/airflow/.local/lib/python3.12/site-packages/airflow/example_dags/example_complex.py
[2025-05-04T17:22:11.609+0000] {processor.py:914} INFO - Processing file /home/airflow/.local/lib/python3.12/site-packages/airflow/example_dags/example_complex.py for tasks to queue
[2025-05-04T17:22:11.612+0000] {logging_mixin.py:190} INFO - [2025-05-04T17:22:11.612+0000] {dagbag.py:588} INFO - Filling up the DagBag from /home/airflow/.local/lib/python3.12/site-packages/airflow/example_dags/example_complex.py
[2025-05-04T17:22:11.629+0000] {processor.py:925} INFO - DAG(s) 'example_complex' retrieved from /home/airflow/.local/lib/python3.12/site-packages/airflow/example_dags/example_complex.py
[2025-05-04T17:22:11.672+0000] {logging_mixin.py:190} INFO - [2025-05-04T17:22:11.671+0000] {dag.py:3239} INFO - Sync 1 DAGs
[2025-05-04T17:22:11.691+0000] {logging_mixin.py:190} INFO - [2025-05-04T17:22:11.690+0000] {dag.py:4180} INFO - Setting next_dagrun for example_complex to None, run_after=None
[2025-05-04T17:22:11.713+0000] {processor.py:208} INFO - Processing /home/airflow/.local/lib/python3.12/site-packages/airflow/example_dags/example_complex.py took 0.115 seconds
[2025-05-04T17:22:41.923+0000] {processor.py:186} INFO - Started process (PID=604) to work on /home/airflow/.local/lib/python3.12/site-packages/airflow/example_dags/example_complex.py
[2025-05-04T17:22:41.925+0000] {processor.py:914} INFO - Processing file /home/airflow/.local/lib/python3.12/site-packages/airflow/example_dags/example_complex.py for tasks to queue
[2025-05-04T17:22:41.928+0000] {logging_mixin.py:190} INFO - [2025-05-04T17:22:41.928+0000] {dagbag.py:588} INFO - Filling up the DagBag from /home/airflow/.local/lib/python3.12/site-packages/airflow/example_dags/example_complex.py
[2025-05-04T17:22:41.945+0000] {processor.py:925} INFO - DAG(s) 'example_complex' retrieved from /home/airflow/.local/lib/python3.12/site-packages/airflow/example_dags/example_complex.py
[2025-05-04T17:22:41.990+0000] {logging_mixin.py:190} INFO - [2025-05-04T17:22:41.990+0000] {dag.py:3239} INFO - Sync 1 DAGs
[2025-05-04T17:22:42.010+0000] {logging_mixin.py:190} INFO - [2025-05-04T17:22:42.010+0000] {dag.py:4180} INFO - Setting next_dagrun for example_complex to None, run_after=None
[2025-05-04T17:22:42.035+0000] {processor.py:208} INFO - Processing /home/airflow/.local/lib/python3.12/site-packages/airflow/example_dags/example_complex.py took 0.120 seconds
[2025-05-04T17:23:12.195+0000] {processor.py:186} INFO - Started process (PID=667) to work on /home/airflow/.local/lib/python3.12/site-packages/airflow/example_dags/example_complex.py
[2025-05-04T17:23:12.197+0000] {processor.py:914} INFO - Processing file /home/airflow/.local/lib/python3.12/site-packages/airflow/example_dags/example_complex.py for tasks to queue
[2025-05-04T17:23:12.200+0000] {logging_mixin.py:190} INFO - [2025-05-04T17:23:12.200+0000] {dagbag.py:588} INFO - Filling up the DagBag from /home/airflow/.local/lib/python3.12/site-packages/airflow/example_dags/example_complex.py
[2025-05-04T17:23:12.217+0000] {processor.py:925} INFO - DAG(s) 'example_complex' retrieved from /home/airflow/.local/lib/python3.12/site-packages/airflow/example_dags/example_complex.py
[2025-05-04T17:23:12.262+0000] {logging_mixin.py:190} INFO - [2025-05-04T17:23:12.261+0000] {dag.py:3239} INFO - Sync 1 DAGs
[2025-05-04T17:23:12.282+0000] {logging_mixin.py:190} INFO - [2025-05-04T17:23:12.282+0000] {dag.py:4180} INFO - Setting next_dagrun for example_complex to None, run_after=None
[2025-05-04T17:23:12.305+0000] {processor.py:208} INFO - Processing /home/airflow/.local/lib/python3.12/site-packages/airflow/example_dags/example_complex.py took 0.120 seconds
[2025-05-04T17:23:42.400+0000] {processor.py:186} INFO - Started process (PID=730) to work on /home/airflow/.local/lib/python3.12/site-packages/airflow/example_dags/example_complex.py
[2025-05-04T17:23:42.402+0000] {processor.py:914} INFO - Processing file /home/airflow/.local/lib/python3.12/site-packages/airflow/example_dags/example_complex.py for tasks to queue
[2025-05-04T17:23:42.404+0000] {logging_mixin.py:190} INFO - [2025-05-04T17:23:42.404+0000] {dagbag.py:588} INFO - Filling up the DagBag from /home/airflow/.local/lib/python3.12/site-packages/airflow/example_dags/example_complex.py
[2025-05-04T17:23:42.420+0000] {processor.py:925} INFO - DAG(s) 'example_complex' retrieved from /home/airflow/.local/lib/python3.12/site-packages/airflow/example_dags/example_complex.py
[2025-05-04T17:23:42.462+0000] {logging_mixin.py:190} INFO - [2025-05-04T17:23:42.462+0000] {dag.py:3239} INFO - Sync 1 DAGs
[2025-05-04T17:23:42.482+0000] {logging_mixin.py:190} INFO - [2025-05-04T17:23:42.482+0000] {dag.py:4180} INFO - Setting next_dagrun for example_complex to None, run_after=None
[2025-05-04T17:23:42.505+0000] {processor.py:208} INFO - Processing /home/airflow/.local/lib/python3.12/site-packages/airflow/example_dags/example_complex.py took 0.113 seconds
[2025-05-04T17:24:13.138+0000] {processor.py:186} INFO - Started process (PID=793) to work on /home/airflow/.local/lib/python3.12/site-packages/airflow/example_dags/example_complex.py
[2025-05-04T17:24:13.140+0000] {processor.py:914} INFO - Processing file /home/airflow/.local/lib/python3.12/site-packages/airflow/example_dags/example_complex.py for tasks to queue
[2025-05-04T17:24:13.143+0000] {logging_mixin.py:190} INFO - [2025-05-04T17:24:13.143+0000] {dagbag.py:588} INFO - Filling up the DagBag from /home/airflow/.local/lib/python3.12/site-packages/airflow/example_dags/example_complex.py
[2025-05-04T17:24:13.160+0000] {processor.py:925} INFO - DAG(s) 'example_complex' retrieved from /home/airflow/.local/lib/python3.12/site-packages/airflow/example_dags/example_complex.py
[2025-05-04T17:24:13.207+0000] {logging_mixin.py:190} INFO - [2025-05-04T17:24:13.206+0000] {dag.py:3239} INFO - Sync 1 DAGs
[2025-05-04T17:24:13.229+0000] {logging_mixin.py:190} INFO - [2025-05-04T17:24:13.229+0000] {dag.py:4180} INFO - Setting next_dagrun for example_complex to None, run_after=None
[2025-05-04T17:24:13.257+0000] {processor.py:208} INFO - Processing /home/airflow/.local/lib/python3.12/site-packages/airflow/example_dags/example_complex.py took 0.127 seconds
[2025-05-04T17:24:43.659+0000] {processor.py:186} INFO - Started process (PID=856) to work on /home/airflow/.local/lib/python3.12/site-packages/airflow/example_dags/example_complex.py
[2025-05-04T17:24:43.660+0000] {processor.py:914} INFO - Processing file /home/airflow/.local/lib/python3.12/site-packages/airflow/example_dags/example_complex.py for tasks to queue
[2025-05-04T17:24:43.663+0000] {logging_mixin.py:190} INFO - [2025-05-04T17:24:43.663+0000] {dagbag.py:588} INFO - Filling up the DagBag from /home/airflow/.local/lib/python3.12/site-packages/airflow/example_dags/example_complex.py
[2025-05-04T17:24:43.680+0000] {processor.py:925} INFO - DAG(s) 'example_complex' retrieved from /home/airflow/.local/lib/python3.12/site-packages/airflow/example_dags/example_complex.py
[2025-05-04T17:24:43.727+0000] {logging_mixin.py:190} INFO - [2025-05-04T17:24:43.726+0000] {dag.py:3239} INFO - Sync 1 DAGs
[2025-05-04T17:24:43.746+0000] {logging_mixin.py:190} INFO - [2025-05-04T17:24:43.746+0000] {dag.py:4180} INFO - Setting next_dagrun for example_complex to None, run_after=None
[2025-05-04T17:24:43.770+0000] {processor.py:208} INFO - Processing /home/airflow/.local/lib/python3.12/site-packages/airflow/example_dags/example_complex.py took 0.119 seconds
[2025-05-04T17:25:13.941+0000] {processor.py:186} INFO - Started process (PID=919) to work on /home/airflow/.local/lib/python3.12/site-packages/airflow/example_dags/example_complex.py
[2025-05-04T17:25:13.945+0000] {processor.py:914} INFO - Processing file /home/airflow/.local/lib/python3.12/site-packages/airflow/example_dags/example_complex.py for tasks to queue
[2025-05-04T17:25:13.948+0000] {logging_mixin.py:190} INFO - [2025-05-04T17:25:13.947+0000] {dagbag.py:588} INFO - Filling up the DagBag from /home/airflow/.local/lib/python3.12/site-packages/airflow/example_dags/example_complex.py
[2025-05-04T17:25:13.965+0000] {processor.py:925} INFO - DAG(s) 'example_complex' retrieved from /home/airflow/.local/lib/python3.12/site-packages/airflow/example_dags/example_complex.py
[2025-05-04T17:25:14.011+0000] {logging_mixin.py:190} INFO - [2025-05-04T17:25:14.010+0000] {dag.py:3239} INFO - Sync 1 DAGs
[2025-05-04T17:25:14.030+0000] {logging_mixin.py:190} INFO - [2025-05-04T17:25:14.029+0000] {dag.py:4180} INFO - Setting next_dagrun for example_complex to None, run_after=None
[2025-05-04T17:25:14.053+0000] {processor.py:208} INFO - Processing /home/airflow/.local/lib/python3.12/site-packages/airflow/example_dags/example_complex.py took 0.121 seconds
[2025-05-04T17:25:44.339+0000] {processor.py:186} INFO - Started process (PID=982) to work on /home/airflow/.local/lib/python3.12/site-packages/airflow/example_dags/example_complex.py
[2025-05-04T17:25:44.340+0000] {processor.py:914} INFO - Processing file /home/airflow/.local/lib/python3.12/site-packages/airflow/example_dags/example_complex.py for tasks to queue
[2025-05-04T17:25:44.343+0000] {logging_mixin.py:190} INFO - [2025-05-04T17:25:44.343+0000] {dagbag.py:588} INFO - Filling up the DagBag from /home/airflow/.local/lib/python3.12/site-packages/airflow/example_dags/example_complex.py
[2025-05-04T17:25:44.360+0000] {processor.py:925} INFO - DAG(s) 'example_complex' retrieved from /home/airflow/.local/lib/python3.12/site-packages/airflow/example_dags/example_complex.py
[2025-05-04T17:25:44.406+0000] {logging_mixin.py:190} INFO - [2025-05-04T17:25:44.406+0000] {dag.py:3239} INFO - Sync 1 DAGs
[2025-05-04T17:25:44.426+0000] {logging_mixin.py:190} INFO - [2025-05-04T17:25:44.425+0000] {dag.py:4180} INFO - Setting next_dagrun for example_complex to None, run_after=None
[2025-05-04T17:25:44.449+0000] {processor.py:208} INFO - Processing /home/airflow/.local/lib/python3.12/site-packages/airflow/example_dags/example_complex.py took 0.119 seconds
[2025-05-04T17:26:14.927+0000] {processor.py:186} INFO - Started process (PID=1045) to work on /home/airflow/.local/lib/python3.12/site-packages/airflow/example_dags/example_complex.py
[2025-05-04T17:26:14.929+0000] {processor.py:914} INFO - Processing file /home/airflow/.local/lib/python3.12/site-packages/airflow/example_dags/example_complex.py for tasks to queue
[2025-05-04T17:26:14.931+0000] {logging_mixin.py:190} INFO - [2025-05-04T17:26:14.931+0000] {dagbag.py:588} INFO - Filling up the DagBag from /home/airflow/.local/lib/python3.12/site-packages/airflow/example_dags/example_complex.py
[2025-05-04T17:26:14.948+0000] {processor.py:925} INFO - DAG(s) 'example_complex' retrieved from /home/airflow/.local/lib/python3.12/site-packages/airflow/example_dags/example_complex.py
[2025-05-04T17:26:14.992+0000] {logging_mixin.py:190} INFO - [2025-05-04T17:26:14.992+0000] {dag.py:3239} INFO - Sync 1 DAGs
[2025-05-04T17:26:15.014+0000] {logging_mixin.py:190} INFO - [2025-05-04T17:26:15.013+0000] {dag.py:4180} INFO - Setting next_dagrun for example_complex to None, run_after=None
[2025-05-04T17:26:15.040+0000] {processor.py:208} INFO - Processing /home/airflow/.local/lib/python3.12/site-packages/airflow/example_dags/example_complex.py took 0.121 seconds
[2025-05-04T17:26:45.566+0000] {processor.py:186} INFO - Started process (PID=1108) to work on /home/airflow/.local/lib/python3.12/site-packages/airflow/example_dags/example_complex.py
[2025-05-04T17:26:45.568+0000] {processor.py:914} INFO - Processing file /home/airflow/.local/lib/python3.12/site-packages/airflow/example_dags/example_complex.py for tasks to queue
[2025-05-04T17:26:45.574+0000] {logging_mixin.py:190} INFO - [2025-05-04T17:26:45.573+0000] {dagbag.py:588} INFO - Filling up the DagBag from /home/airflow/.local/lib/python3.12/site-packages/airflow/example_dags/example_complex.py
[2025-05-04T17:26:45.598+0000] {processor.py:925} INFO - DAG(s) 'example_complex' retrieved from /home/airflow/.local/lib/python3.12/site-packages/airflow/example_dags/example_complex.py
[2025-05-04T17:26:45.657+0000] {logging_mixin.py:190} INFO - [2025-05-04T17:26:45.656+0000] {dag.py:3239} INFO - Sync 1 DAGs
[2025-05-04T17:26:45.683+0000] {logging_mixin.py:190} INFO - [2025-05-04T17:26:45.682+0000] {dag.py:4180} INFO - Setting next_dagrun for example_complex to None, run_after=None
[2025-05-04T17:26:45.758+0000] {processor.py:208} INFO - Processing /home/airflow/.local/lib/python3.12/site-packages/airflow/example_dags/example_complex.py took 0.207 seconds
