[2025-05-04T17:18:38.253+0000] {processor.py:186} INFO - Started process (PID=111) to work on /home/airflow/.local/lib/python3.12/site-packages/airflow/example_dags/example_external_task_marker_dag.py
[2025-05-04T17:18:38.254+0000] {processor.py:914} INFO - Processing file /home/airflow/.local/lib/python3.12/site-packages/airflow/example_dags/example_external_task_marker_dag.py for tasks to queue
[2025-05-04T17:18:38.256+0000] {logging_mixin.py:190} INFO - [2025-05-04T17:18:38.256+0000] {dagbag.py:588} INFO - Filling up the DagBag from /home/airflow/.local/lib/python3.12/site-packages/airflow/example_dags/example_external_task_marker_dag.py
[2025-05-04T17:18:38.263+0000] {processor.py:925} INFO - DAG(s) 'example_external_task_marker_child', 'example_external_task_marker_parent' retrieved from /home/airflow/.local/lib/python3.12/site-packages/airflow/example_dags/example_external_task_marker_dag.py
[2025-05-04T17:18:38.343+0000] {logging_mixin.py:190} INFO - [2025-05-04T17:18:38.342+0000] {override.py:1912} INFO - Created Permission View: can read on DAG:example_external_task_marker_child
[2025-05-04T17:18:38.348+0000] {logging_mixin.py:190} INFO - [2025-05-04T17:18:38.348+0000] {override.py:1912} INFO - Created Permission View: can edit on DAG:example_external_task_marker_child
[2025-05-04T17:18:38.352+0000] {logging_mixin.py:190} INFO - [2025-05-04T17:18:38.352+0000] {override.py:1912} INFO - Created Permission View: can delete on DAG:example_external_task_marker_child
[2025-05-04T17:18:38.357+0000] {logging_mixin.py:190} INFO - [2025-05-04T17:18:38.356+0000] {override.py:1912} INFO - Created Permission View: can read on DAG Run:example_external_task_marker_child
[2025-05-04T17:18:38.361+0000] {logging_mixin.py:190} INFO - [2025-05-04T17:18:38.360+0000] {override.py:1912} INFO - Created Permission View: can create on DAG Run:example_external_task_marker_child
[2025-05-04T17:18:38.364+0000] {logging_mixin.py:190} INFO - [2025-05-04T17:18:38.364+0000] {override.py:1912} INFO - Created Permission View: can delete on DAG Run:example_external_task_marker_child
[2025-05-04T17:18:38.368+0000] {logging_mixin.py:190} INFO - [2025-05-04T17:18:38.368+0000] {override.py:1912} INFO - Created Permission View: menu access on DAG Run:example_external_task_marker_child
[2025-05-04T17:18:38.375+0000] {logging_mixin.py:190} INFO - [2025-05-04T17:18:38.374+0000] {override.py:1912} INFO - Created Permission View: can read on DAG:example_external_task_marker_parent
[2025-05-04T17:18:38.378+0000] {logging_mixin.py:190} INFO - [2025-05-04T17:18:38.378+0000] {override.py:1912} INFO - Created Permission View: can edit on DAG:example_external_task_marker_parent
[2025-05-04T17:18:38.381+0000] {logging_mixin.py:190} INFO - [2025-05-04T17:18:38.381+0000] {override.py:1912} INFO - Created Permission View: can delete on DAG:example_external_task_marker_parent
[2025-05-04T17:18:38.384+0000] {logging_mixin.py:190} INFO - [2025-05-04T17:18:38.384+0000] {override.py:1912} INFO - Created Permission View: can read on DAG Run:example_external_task_marker_parent
[2025-05-04T17:18:38.387+0000] {logging_mixin.py:190} INFO - [2025-05-04T17:18:38.387+0000] {override.py:1912} INFO - Created Permission View: can create on DAG Run:example_external_task_marker_parent
[2025-05-04T17:18:38.391+0000] {logging_mixin.py:190} INFO - [2025-05-04T17:18:38.390+0000] {override.py:1912} INFO - Created Permission View: can delete on DAG Run:example_external_task_marker_parent
[2025-05-04T17:18:38.394+0000] {logging_mixin.py:190} INFO - [2025-05-04T17:18:38.393+0000] {override.py:1912} INFO - Created Permission View: menu access on DAG Run:example_external_task_marker_parent
[2025-05-04T17:18:38.394+0000] {logging_mixin.py:190} INFO - [2025-05-04T17:18:38.394+0000] {dag.py:3239} INFO - Sync 2 DAGs
[2025-05-04T17:18:38.403+0000] {logging_mixin.py:190} INFO - [2025-05-04T17:18:38.402+0000] {dag.py:3262} INFO - Creating ORM DAG for example_external_task_marker_parent
[2025-05-04T17:18:38.403+0000] {logging_mixin.py:190} INFO - [2025-05-04T17:18:38.403+0000] {dag.py:3262} INFO - Creating ORM DAG for example_external_task_marker_child
[2025-05-04T17:18:38.403+0000] {logging_mixin.py:190} INFO - [2025-05-04T17:18:38.403+0000] {dag.py:4180} INFO - Setting next_dagrun for example_external_task_marker_child to None, run_after=None
[2025-05-04T17:18:38.404+0000] {logging_mixin.py:190} INFO - [2025-05-04T17:18:38.404+0000] {dag.py:4180} INFO - Setting next_dagrun for example_external_task_marker_parent to None, run_after=None
[2025-05-04T17:18:38.414+0000] {processor.py:208} INFO - Processing /home/airflow/.local/lib/python3.12/site-packages/airflow/example_dags/example_external_task_marker_dag.py took 0.167 seconds
[2025-05-04T17:19:09.144+0000] {processor.py:186} INFO - Started process (PID=174) to work on /home/airflow/.local/lib/python3.12/site-packages/airflow/example_dags/example_external_task_marker_dag.py
[2025-05-04T17:19:09.145+0000] {processor.py:914} INFO - Processing file /home/airflow/.local/lib/python3.12/site-packages/airflow/example_dags/example_external_task_marker_dag.py for tasks to queue
[2025-05-04T17:19:09.148+0000] {logging_mixin.py:190} INFO - [2025-05-04T17:19:09.148+0000] {dagbag.py:588} INFO - Filling up the DagBag from /home/airflow/.local/lib/python3.12/site-packages/airflow/example_dags/example_external_task_marker_dag.py
[2025-05-04T17:19:09.159+0000] {processor.py:925} INFO - DAG(s) 'example_external_task_marker_parent', 'example_external_task_marker_child' retrieved from /home/airflow/.local/lib/python3.12/site-packages/airflow/example_dags/example_external_task_marker_dag.py
[2025-05-04T17:19:09.191+0000] {logging_mixin.py:190} INFO - [2025-05-04T17:19:09.191+0000] {dag.py:3239} INFO - Sync 2 DAGs
[2025-05-04T17:19:09.213+0000] {logging_mixin.py:190} INFO - [2025-05-04T17:19:09.213+0000] {dag.py:4180} INFO - Setting next_dagrun for example_external_task_marker_child to None, run_after=None
[2025-05-04T17:19:09.219+0000] {logging_mixin.py:190} INFO - [2025-05-04T17:19:09.219+0000] {dag.py:4180} INFO - Setting next_dagrun for example_external_task_marker_parent to None, run_after=None
[2025-05-04T17:19:09.243+0000] {processor.py:208} INFO - Processing /home/airflow/.local/lib/python3.12/site-packages/airflow/example_dags/example_external_task_marker_dag.py took 0.106 seconds
[2025-05-04T17:19:40.413+0000] {processor.py:186} INFO - Started process (PID=237) to work on /home/airflow/.local/lib/python3.12/site-packages/airflow/example_dags/example_external_task_marker_dag.py
[2025-05-04T17:19:40.415+0000] {processor.py:914} INFO - Processing file /home/airflow/.local/lib/python3.12/site-packages/airflow/example_dags/example_external_task_marker_dag.py for tasks to queue
[2025-05-04T17:19:40.417+0000] {logging_mixin.py:190} INFO - [2025-05-04T17:19:40.417+0000] {dagbag.py:588} INFO - Filling up the DagBag from /home/airflow/.local/lib/python3.12/site-packages/airflow/example_dags/example_external_task_marker_dag.py
[2025-05-04T17:19:40.428+0000] {processor.py:925} INFO - DAG(s) 'example_external_task_marker_parent', 'example_external_task_marker_child' retrieved from /home/airflow/.local/lib/python3.12/site-packages/airflow/example_dags/example_external_task_marker_dag.py
[2025-05-04T17:19:40.460+0000] {logging_mixin.py:190} INFO - [2025-05-04T17:19:40.460+0000] {dag.py:3239} INFO - Sync 2 DAGs
[2025-05-04T17:19:40.481+0000] {logging_mixin.py:190} INFO - [2025-05-04T17:19:40.480+0000] {dag.py:4180} INFO - Setting next_dagrun for example_external_task_marker_child to None, run_after=None
[2025-05-04T17:19:40.486+0000] {logging_mixin.py:190} INFO - [2025-05-04T17:19:40.485+0000] {dag.py:4180} INFO - Setting next_dagrun for example_external_task_marker_parent to None, run_after=None
[2025-05-04T17:19:40.506+0000] {processor.py:208} INFO - Processing /home/airflow/.local/lib/python3.12/site-packages/airflow/example_dags/example_external_task_marker_dag.py took 0.101 seconds
[2025-05-04T17:20:10.703+0000] {processor.py:186} INFO - Started process (PID=300) to work on /home/airflow/.local/lib/python3.12/site-packages/airflow/example_dags/example_external_task_marker_dag.py
[2025-05-04T17:20:10.705+0000] {processor.py:914} INFO - Processing file /home/airflow/.local/lib/python3.12/site-packages/airflow/example_dags/example_external_task_marker_dag.py for tasks to queue
[2025-05-04T17:20:10.708+0000] {logging_mixin.py:190} INFO - [2025-05-04T17:20:10.707+0000] {dagbag.py:588} INFO - Filling up the DagBag from /home/airflow/.local/lib/python3.12/site-packages/airflow/example_dags/example_external_task_marker_dag.py
[2025-05-04T17:20:10.719+0000] {processor.py:925} INFO - DAG(s) 'example_external_task_marker_parent', 'example_external_task_marker_child' retrieved from /home/airflow/.local/lib/python3.12/site-packages/airflow/example_dags/example_external_task_marker_dag.py
[2025-05-04T17:20:10.751+0000] {logging_mixin.py:190} INFO - [2025-05-04T17:20:10.751+0000] {dag.py:3239} INFO - Sync 2 DAGs
[2025-05-04T17:20:10.773+0000] {logging_mixin.py:190} INFO - [2025-05-04T17:20:10.772+0000] {dag.py:4180} INFO - Setting next_dagrun for example_external_task_marker_child to None, run_after=None
[2025-05-04T17:20:10.777+0000] {logging_mixin.py:190} INFO - [2025-05-04T17:20:10.777+0000] {dag.py:4180} INFO - Setting next_dagrun for example_external_task_marker_parent to None, run_after=None
[2025-05-04T17:20:10.796+0000] {processor.py:208} INFO - Processing /home/airflow/.local/lib/python3.12/site-packages/airflow/example_dags/example_external_task_marker_dag.py took 0.101 seconds
[2025-05-04T17:20:40.870+0000] {processor.py:186} INFO - Started process (PID=362) to work on /home/airflow/.local/lib/python3.12/site-packages/airflow/example_dags/example_external_task_marker_dag.py
[2025-05-04T17:20:40.872+0000] {processor.py:914} INFO - Processing file /home/airflow/.local/lib/python3.12/site-packages/airflow/example_dags/example_external_task_marker_dag.py for tasks to queue
[2025-05-04T17:20:40.875+0000] {logging_mixin.py:190} INFO - [2025-05-04T17:20:40.874+0000] {dagbag.py:588} INFO - Filling up the DagBag from /home/airflow/.local/lib/python3.12/site-packages/airflow/example_dags/example_external_task_marker_dag.py
[2025-05-04T17:20:40.885+0000] {processor.py:925} INFO - DAG(s) 'example_external_task_marker_child', 'example_external_task_marker_parent' retrieved from /home/airflow/.local/lib/python3.12/site-packages/airflow/example_dags/example_external_task_marker_dag.py
[2025-05-04T17:20:40.915+0000] {logging_mixin.py:190} INFO - [2025-05-04T17:20:40.914+0000] {dag.py:3239} INFO - Sync 2 DAGs
[2025-05-04T17:20:40.936+0000] {logging_mixin.py:190} INFO - [2025-05-04T17:20:40.935+0000] {dag.py:4180} INFO - Setting next_dagrun for example_external_task_marker_child to None, run_after=None
[2025-05-04T17:20:40.941+0000] {logging_mixin.py:190} INFO - [2025-05-04T17:20:40.941+0000] {dag.py:4180} INFO - Setting next_dagrun for example_external_task_marker_parent to None, run_after=None
[2025-05-04T17:20:40.965+0000] {processor.py:208} INFO - Processing /home/airflow/.local/lib/python3.12/site-packages/airflow/example_dags/example_external_task_marker_dag.py took 0.104 seconds
[2025-05-04T17:21:11.231+0000] {processor.py:186} INFO - Started process (PID=424) to work on /home/airflow/.local/lib/python3.12/site-packages/airflow/example_dags/example_external_task_marker_dag.py
[2025-05-04T17:21:11.232+0000] {processor.py:914} INFO - Processing file /home/airflow/.local/lib/python3.12/site-packages/airflow/example_dags/example_external_task_marker_dag.py for tasks to queue
[2025-05-04T17:21:11.235+0000] {logging_mixin.py:190} INFO - [2025-05-04T17:21:11.234+0000] {dagbag.py:588} INFO - Filling up the DagBag from /home/airflow/.local/lib/python3.12/site-packages/airflow/example_dags/example_external_task_marker_dag.py
[2025-05-04T17:21:11.246+0000] {processor.py:925} INFO - DAG(s) 'example_external_task_marker_parent', 'example_external_task_marker_child' retrieved from /home/airflow/.local/lib/python3.12/site-packages/airflow/example_dags/example_external_task_marker_dag.py
[2025-05-04T17:21:11.276+0000] {logging_mixin.py:190} INFO - [2025-05-04T17:21:11.276+0000] {dag.py:3239} INFO - Sync 2 DAGs
[2025-05-04T17:21:11.297+0000] {logging_mixin.py:190} INFO - [2025-05-04T17:21:11.297+0000] {dag.py:4180} INFO - Setting next_dagrun for example_external_task_marker_child to None, run_after=None
[2025-05-04T17:21:11.303+0000] {logging_mixin.py:190} INFO - [2025-05-04T17:21:11.302+0000] {dag.py:4180} INFO - Setting next_dagrun for example_external_task_marker_parent to None, run_after=None
[2025-05-04T17:21:11.323+0000] {processor.py:208} INFO - Processing /home/airflow/.local/lib/python3.12/site-packages/airflow/example_dags/example_external_task_marker_dag.py took 0.100 seconds
[2025-05-04T17:21:41.827+0000] {processor.py:186} INFO - Started process (PID=487) to work on /home/airflow/.local/lib/python3.12/site-packages/airflow/example_dags/example_external_task_marker_dag.py
[2025-05-04T17:21:41.829+0000] {processor.py:914} INFO - Processing file /home/airflow/.local/lib/python3.12/site-packages/airflow/example_dags/example_external_task_marker_dag.py for tasks to queue
[2025-05-04T17:21:41.832+0000] {logging_mixin.py:190} INFO - [2025-05-04T17:21:41.831+0000] {dagbag.py:588} INFO - Filling up the DagBag from /home/airflow/.local/lib/python3.12/site-packages/airflow/example_dags/example_external_task_marker_dag.py
[2025-05-04T17:21:41.842+0000] {processor.py:925} INFO - DAG(s) 'example_external_task_marker_parent', 'example_external_task_marker_child' retrieved from /home/airflow/.local/lib/python3.12/site-packages/airflow/example_dags/example_external_task_marker_dag.py
[2025-05-04T17:21:41.874+0000] {logging_mixin.py:190} INFO - [2025-05-04T17:21:41.874+0000] {dag.py:3239} INFO - Sync 2 DAGs
[2025-05-04T17:21:41.895+0000] {logging_mixin.py:190} INFO - [2025-05-04T17:21:41.895+0000] {dag.py:4180} INFO - Setting next_dagrun for example_external_task_marker_child to None, run_after=None
[2025-05-04T17:21:41.900+0000] {logging_mixin.py:190} INFO - [2025-05-04T17:21:41.899+0000] {dag.py:4180} INFO - Setting next_dagrun for example_external_task_marker_parent to None, run_after=None
[2025-05-04T17:21:41.920+0000] {processor.py:208} INFO - Processing /home/airflow/.local/lib/python3.12/site-packages/airflow/example_dags/example_external_task_marker_dag.py took 0.101 seconds
[2025-05-04T17:22:12.805+0000] {processor.py:186} INFO - Started process (PID=550) to work on /home/airflow/.local/lib/python3.12/site-packages/airflow/example_dags/example_external_task_marker_dag.py
[2025-05-04T17:22:12.807+0000] {processor.py:914} INFO - Processing file /home/airflow/.local/lib/python3.12/site-packages/airflow/example_dags/example_external_task_marker_dag.py for tasks to queue
[2025-05-04T17:22:12.810+0000] {logging_mixin.py:190} INFO - [2025-05-04T17:22:12.810+0000] {dagbag.py:588} INFO - Filling up the DagBag from /home/airflow/.local/lib/python3.12/site-packages/airflow/example_dags/example_external_task_marker_dag.py
[2025-05-04T17:22:12.821+0000] {processor.py:925} INFO - DAG(s) 'example_external_task_marker_child', 'example_external_task_marker_parent' retrieved from /home/airflow/.local/lib/python3.12/site-packages/airflow/example_dags/example_external_task_marker_dag.py
[2025-05-04T17:22:12.857+0000] {logging_mixin.py:190} INFO - [2025-05-04T17:22:12.856+0000] {dag.py:3239} INFO - Sync 2 DAGs
[2025-05-04T17:22:12.881+0000] {logging_mixin.py:190} INFO - [2025-05-04T17:22:12.881+0000] {dag.py:4180} INFO - Setting next_dagrun for example_external_task_marker_child to None, run_after=None
[2025-05-04T17:22:12.886+0000] {logging_mixin.py:190} INFO - [2025-05-04T17:22:12.885+0000] {dag.py:4180} INFO - Setting next_dagrun for example_external_task_marker_parent to None, run_after=None
[2025-05-04T17:22:12.905+0000] {processor.py:208} INFO - Processing /home/airflow/.local/lib/python3.12/site-packages/airflow/example_dags/example_external_task_marker_dag.py took 0.109 seconds
[2025-05-04T17:22:42.963+0000] {processor.py:186} INFO - Started process (PID=612) to work on /home/airflow/.local/lib/python3.12/site-packages/airflow/example_dags/example_external_task_marker_dag.py
[2025-05-04T17:22:42.965+0000] {processor.py:914} INFO - Processing file /home/airflow/.local/lib/python3.12/site-packages/airflow/example_dags/example_external_task_marker_dag.py for tasks to queue
[2025-05-04T17:22:42.969+0000] {logging_mixin.py:190} INFO - [2025-05-04T17:22:42.968+0000] {dagbag.py:588} INFO - Filling up the DagBag from /home/airflow/.local/lib/python3.12/site-packages/airflow/example_dags/example_external_task_marker_dag.py
[2025-05-04T17:22:42.980+0000] {processor.py:925} INFO - DAG(s) 'example_external_task_marker_child', 'example_external_task_marker_parent' retrieved from /home/airflow/.local/lib/python3.12/site-packages/airflow/example_dags/example_external_task_marker_dag.py
[2025-05-04T17:22:43.016+0000] {logging_mixin.py:190} INFO - [2025-05-04T17:22:43.016+0000] {dag.py:3239} INFO - Sync 2 DAGs
[2025-05-04T17:22:43.039+0000] {logging_mixin.py:190} INFO - [2025-05-04T17:22:43.039+0000] {dag.py:4180} INFO - Setting next_dagrun for example_external_task_marker_child to None, run_after=None
[2025-05-04T17:22:43.044+0000] {logging_mixin.py:190} INFO - [2025-05-04T17:22:43.043+0000] {dag.py:4180} INFO - Setting next_dagrun for example_external_task_marker_parent to None, run_after=None
[2025-05-04T17:22:43.063+0000] {processor.py:208} INFO - Processing /home/airflow/.local/lib/python3.12/site-packages/airflow/example_dags/example_external_task_marker_dag.py took 0.109 seconds
[2025-05-04T17:23:13.230+0000] {processor.py:186} INFO - Started process (PID=675) to work on /home/airflow/.local/lib/python3.12/site-packages/airflow/example_dags/example_external_task_marker_dag.py
[2025-05-04T17:23:13.232+0000] {processor.py:914} INFO - Processing file /home/airflow/.local/lib/python3.12/site-packages/airflow/example_dags/example_external_task_marker_dag.py for tasks to queue
[2025-05-04T17:23:13.235+0000] {logging_mixin.py:190} INFO - [2025-05-04T17:23:13.234+0000] {dagbag.py:588} INFO - Filling up the DagBag from /home/airflow/.local/lib/python3.12/site-packages/airflow/example_dags/example_external_task_marker_dag.py
[2025-05-04T17:23:13.247+0000] {processor.py:925} INFO - DAG(s) 'example_external_task_marker_parent', 'example_external_task_marker_child' retrieved from /home/airflow/.local/lib/python3.12/site-packages/airflow/example_dags/example_external_task_marker_dag.py
[2025-05-04T17:23:13.280+0000] {logging_mixin.py:190} INFO - [2025-05-04T17:23:13.279+0000] {dag.py:3239} INFO - Sync 2 DAGs
[2025-05-04T17:23:13.300+0000] {logging_mixin.py:190} INFO - [2025-05-04T17:23:13.300+0000] {dag.py:4180} INFO - Setting next_dagrun for example_external_task_marker_child to None, run_after=None
[2025-05-04T17:23:13.305+0000] {logging_mixin.py:190} INFO - [2025-05-04T17:23:13.304+0000] {dag.py:4180} INFO - Setting next_dagrun for example_external_task_marker_parent to None, run_after=None
[2025-05-04T17:23:13.323+0000] {processor.py:208} INFO - Processing /home/airflow/.local/lib/python3.12/site-packages/airflow/example_dags/example_external_task_marker_dag.py took 0.102 seconds
[2025-05-04T17:23:44.247+0000] {processor.py:186} INFO - Started process (PID=738) to work on /home/airflow/.local/lib/python3.12/site-packages/airflow/example_dags/example_external_task_marker_dag.py
[2025-05-04T17:23:44.248+0000] {processor.py:914} INFO - Processing file /home/airflow/.local/lib/python3.12/site-packages/airflow/example_dags/example_external_task_marker_dag.py for tasks to queue
[2025-05-04T17:23:44.251+0000] {logging_mixin.py:190} INFO - [2025-05-04T17:23:44.251+0000] {dagbag.py:588} INFO - Filling up the DagBag from /home/airflow/.local/lib/python3.12/site-packages/airflow/example_dags/example_external_task_marker_dag.py
[2025-05-04T17:23:44.262+0000] {processor.py:925} INFO - DAG(s) 'example_external_task_marker_child', 'example_external_task_marker_parent' retrieved from /home/airflow/.local/lib/python3.12/site-packages/airflow/example_dags/example_external_task_marker_dag.py
[2025-05-04T17:23:44.295+0000] {logging_mixin.py:190} INFO - [2025-05-04T17:23:44.294+0000] {dag.py:3239} INFO - Sync 2 DAGs
[2025-05-04T17:23:44.317+0000] {logging_mixin.py:190} INFO - [2025-05-04T17:23:44.317+0000] {dag.py:4180} INFO - Setting next_dagrun for example_external_task_marker_child to None, run_after=None
[2025-05-04T17:23:44.323+0000] {logging_mixin.py:190} INFO - [2025-05-04T17:23:44.322+0000] {dag.py:4180} INFO - Setting next_dagrun for example_external_task_marker_parent to None, run_after=None
[2025-05-04T17:23:44.344+0000] {processor.py:208} INFO - Processing /home/airflow/.local/lib/python3.12/site-packages/airflow/example_dags/example_external_task_marker_dag.py took 0.105 seconds
[2025-05-04T17:24:14.912+0000] {processor.py:186} INFO - Started process (PID=801) to work on /home/airflow/.local/lib/python3.12/site-packages/airflow/example_dags/example_external_task_marker_dag.py
[2025-05-04T17:24:14.940+0000] {processor.py:914} INFO - Processing file /home/airflow/.local/lib/python3.12/site-packages/airflow/example_dags/example_external_task_marker_dag.py for tasks to queue
[2025-05-04T17:24:14.944+0000] {logging_mixin.py:190} INFO - [2025-05-04T17:24:14.943+0000] {dagbag.py:588} INFO - Filling up the DagBag from /home/airflow/.local/lib/python3.12/site-packages/airflow/example_dags/example_external_task_marker_dag.py
[2025-05-04T17:24:14.955+0000] {processor.py:925} INFO - DAG(s) 'example_external_task_marker_child', 'example_external_task_marker_parent' retrieved from /home/airflow/.local/lib/python3.12/site-packages/airflow/example_dags/example_external_task_marker_dag.py
[2025-05-04T17:24:14.992+0000] {logging_mixin.py:190} INFO - [2025-05-04T17:24:14.992+0000] {dag.py:3239} INFO - Sync 2 DAGs
[2025-05-04T17:24:15.014+0000] {logging_mixin.py:190} INFO - [2025-05-04T17:24:15.013+0000] {dag.py:4180} INFO - Setting next_dagrun for example_external_task_marker_child to None, run_after=None
[2025-05-04T17:24:15.019+0000] {logging_mixin.py:190} INFO - [2025-05-04T17:24:15.018+0000] {dag.py:4180} INFO - Setting next_dagrun for example_external_task_marker_parent to None, run_after=None
[2025-05-04T17:24:15.042+0000] {processor.py:208} INFO - Processing /home/airflow/.local/lib/python3.12/site-packages/airflow/example_dags/example_external_task_marker_dag.py took 0.138 seconds
[2025-05-04T17:24:45.403+0000] {processor.py:186} INFO - Started process (PID=864) to work on /home/airflow/.local/lib/python3.12/site-packages/airflow/example_dags/example_external_task_marker_dag.py
[2025-05-04T17:24:45.404+0000] {processor.py:914} INFO - Processing file /home/airflow/.local/lib/python3.12/site-packages/airflow/example_dags/example_external_task_marker_dag.py for tasks to queue
[2025-05-04T17:24:45.407+0000] {logging_mixin.py:190} INFO - [2025-05-04T17:24:45.407+0000] {dagbag.py:588} INFO - Filling up the DagBag from /home/airflow/.local/lib/python3.12/site-packages/airflow/example_dags/example_external_task_marker_dag.py
[2025-05-04T17:24:45.419+0000] {processor.py:925} INFO - DAG(s) 'example_external_task_marker_parent', 'example_external_task_marker_child' retrieved from /home/airflow/.local/lib/python3.12/site-packages/airflow/example_dags/example_external_task_marker_dag.py
[2025-05-04T17:24:45.450+0000] {logging_mixin.py:190} INFO - [2025-05-04T17:24:45.450+0000] {dag.py:3239} INFO - Sync 2 DAGs
[2025-05-04T17:24:45.470+0000] {logging_mixin.py:190} INFO - [2025-05-04T17:24:45.470+0000] {dag.py:4180} INFO - Setting next_dagrun for example_external_task_marker_child to None, run_after=None
[2025-05-04T17:24:45.475+0000] {logging_mixin.py:190} INFO - [2025-05-04T17:24:45.475+0000] {dag.py:4180} INFO - Setting next_dagrun for example_external_task_marker_parent to None, run_after=None
[2025-05-04T17:24:45.496+0000] {processor.py:208} INFO - Processing /home/airflow/.local/lib/python3.12/site-packages/airflow/example_dags/example_external_task_marker_dag.py took 0.100 seconds
[2025-05-04T17:25:15.729+0000] {processor.py:186} INFO - Started process (PID=927) to work on /home/airflow/.local/lib/python3.12/site-packages/airflow/example_dags/example_external_task_marker_dag.py
[2025-05-04T17:25:15.757+0000] {processor.py:914} INFO - Processing file /home/airflow/.local/lib/python3.12/site-packages/airflow/example_dags/example_external_task_marker_dag.py for tasks to queue
[2025-05-04T17:25:15.760+0000] {logging_mixin.py:190} INFO - [2025-05-04T17:25:15.760+0000] {dagbag.py:588} INFO - Filling up the DagBag from /home/airflow/.local/lib/python3.12/site-packages/airflow/example_dags/example_external_task_marker_dag.py
[2025-05-04T17:25:15.772+0000] {processor.py:925} INFO - DAG(s) 'example_external_task_marker_child', 'example_external_task_marker_parent' retrieved from /home/airflow/.local/lib/python3.12/site-packages/airflow/example_dags/example_external_task_marker_dag.py
[2025-05-04T17:25:15.806+0000] {logging_mixin.py:190} INFO - [2025-05-04T17:25:15.806+0000] {dag.py:3239} INFO - Sync 2 DAGs
[2025-05-04T17:25:15.827+0000] {logging_mixin.py:190} INFO - [2025-05-04T17:25:15.826+0000] {dag.py:4180} INFO - Setting next_dagrun for example_external_task_marker_child to None, run_after=None
[2025-05-04T17:25:15.831+0000] {logging_mixin.py:190} INFO - [2025-05-04T17:25:15.831+0000] {dag.py:4180} INFO - Setting next_dagrun for example_external_task_marker_parent to None, run_after=None
[2025-05-04T17:25:15.849+0000] {processor.py:208} INFO - Processing /home/airflow/.local/lib/python3.12/site-packages/airflow/example_dags/example_external_task_marker_dag.py took 0.128 seconds
[2025-05-04T17:25:46.105+0000] {processor.py:186} INFO - Started process (PID=990) to work on /home/airflow/.local/lib/python3.12/site-packages/airflow/example_dags/example_external_task_marker_dag.py
[2025-05-04T17:25:46.106+0000] {processor.py:914} INFO - Processing file /home/airflow/.local/lib/python3.12/site-packages/airflow/example_dags/example_external_task_marker_dag.py for tasks to queue
[2025-05-04T17:25:46.109+0000] {logging_mixin.py:190} INFO - [2025-05-04T17:25:46.108+0000] {dagbag.py:588} INFO - Filling up the DagBag from /home/airflow/.local/lib/python3.12/site-packages/airflow/example_dags/example_external_task_marker_dag.py
[2025-05-04T17:25:46.121+0000] {processor.py:925} INFO - DAG(s) 'example_external_task_marker_parent', 'example_external_task_marker_child' retrieved from /home/airflow/.local/lib/python3.12/site-packages/airflow/example_dags/example_external_task_marker_dag.py
[2025-05-04T17:25:46.157+0000] {logging_mixin.py:190} INFO - [2025-05-04T17:25:46.157+0000] {dag.py:3239} INFO - Sync 2 DAGs
[2025-05-04T17:25:46.178+0000] {logging_mixin.py:190} INFO - [2025-05-04T17:25:46.178+0000] {dag.py:4180} INFO - Setting next_dagrun for example_external_task_marker_child to None, run_after=None
[2025-05-04T17:25:46.184+0000] {logging_mixin.py:190} INFO - [2025-05-04T17:25:46.184+0000] {dag.py:4180} INFO - Setting next_dagrun for example_external_task_marker_parent to None, run_after=None
[2025-05-04T17:25:46.205+0000] {processor.py:208} INFO - Processing /home/airflow/.local/lib/python3.12/site-packages/airflow/example_dags/example_external_task_marker_dag.py took 0.108 seconds
[2025-05-04T17:26:16.664+0000] {processor.py:186} INFO - Started process (PID=1053) to work on /home/airflow/.local/lib/python3.12/site-packages/airflow/example_dags/example_external_task_marker_dag.py
[2025-05-04T17:26:16.666+0000] {processor.py:914} INFO - Processing file /home/airflow/.local/lib/python3.12/site-packages/airflow/example_dags/example_external_task_marker_dag.py for tasks to queue
[2025-05-04T17:26:16.669+0000] {logging_mixin.py:190} INFO - [2025-05-04T17:26:16.668+0000] {dagbag.py:588} INFO - Filling up the DagBag from /home/airflow/.local/lib/python3.12/site-packages/airflow/example_dags/example_external_task_marker_dag.py
[2025-05-04T17:26:16.681+0000] {processor.py:925} INFO - DAG(s) 'example_external_task_marker_child', 'example_external_task_marker_parent' retrieved from /home/airflow/.local/lib/python3.12/site-packages/airflow/example_dags/example_external_task_marker_dag.py
[2025-05-04T17:26:16.718+0000] {logging_mixin.py:190} INFO - [2025-05-04T17:26:16.718+0000] {dag.py:3239} INFO - Sync 2 DAGs
[2025-05-04T17:26:16.742+0000] {logging_mixin.py:190} INFO - [2025-05-04T17:26:16.742+0000] {dag.py:4180} INFO - Setting next_dagrun for example_external_task_marker_child to None, run_after=None
[2025-05-04T17:26:16.747+0000] {logging_mixin.py:190} INFO - [2025-05-04T17:26:16.747+0000] {dag.py:4180} INFO - Setting next_dagrun for example_external_task_marker_parent to None, run_after=None
[2025-05-04T17:26:16.771+0000] {processor.py:208} INFO - Processing /home/airflow/.local/lib/python3.12/site-packages/airflow/example_dags/example_external_task_marker_dag.py took 0.116 seconds
