[2025-05-04T17:18:35.812+0000] {processor.py:186} INFO - Started process (PID=93) to work on /home/airflow/.local/lib/python3.12/site-packages/airflow/example_dags/example_params_ui_tutorial.py
[2025-05-04T17:18:35.813+0000] {processor.py:914} INFO - Processing file /home/airflow/.local/lib/python3.12/site-packages/airflow/example_dags/example_params_ui_tutorial.py for tasks to queue
[2025-05-04T17:18:35.815+0000] {logging_mixin.py:190} INFO - [2025-05-04T17:18:35.814+0000] {dagbag.py:588} INFO - Filling up the DagBag from /home/airflow/.local/lib/python3.12/site-packages/airflow/example_dags/example_params_ui_tutorial.py
[2025-05-04T17:18:35.824+0000] {processor.py:925} INFO - DAG(s) 'example_params_ui_tutorial' retrieved from /home/airflow/.local/lib/python3.12/site-packages/airflow/example_dags/example_params_ui_tutorial.py
[2025-05-04T17:18:35.932+0000] {logging_mixin.py:190} INFO - [2025-05-04T17:18:35.931+0000] {override.py:1912} INFO - Created Permission View: can read on DAG:example_params_ui_tutorial
[2025-05-04T17:18:35.939+0000] {logging_mixin.py:190} INFO - [2025-05-04T17:18:35.938+0000] {override.py:1912} INFO - Created Permission View: can edit on DAG:example_params_ui_tutorial
[2025-05-04T17:18:35.943+0000] {logging_mixin.py:190} INFO - [2025-05-04T17:18:35.943+0000] {override.py:1912} INFO - Created Permission View: can delete on DAG:example_params_ui_tutorial
[2025-05-04T17:18:35.948+0000] {logging_mixin.py:190} INFO - [2025-05-04T17:18:35.947+0000] {override.py:1912} INFO - Created Permission View: can read on DAG Run:example_params_ui_tutorial
[2025-05-04T17:18:35.952+0000] {logging_mixin.py:190} INFO - [2025-05-04T17:18:35.951+0000] {override.py:1912} INFO - Created Permission View: can create on DAG Run:example_params_ui_tutorial
[2025-05-04T17:18:35.956+0000] {logging_mixin.py:190} INFO - [2025-05-04T17:18:35.956+0000] {override.py:1912} INFO - Created Permission View: can delete on DAG Run:example_params_ui_tutorial
[2025-05-04T17:18:35.960+0000] {logging_mixin.py:190} INFO - [2025-05-04T17:18:35.959+0000] {override.py:1912} INFO - Created Permission View: menu access on DAG Run:example_params_ui_tutorial
[2025-05-04T17:18:35.960+0000] {logging_mixin.py:190} INFO - [2025-05-04T17:18:35.960+0000] {dag.py:3239} INFO - Sync 1 DAGs
[2025-05-04T17:18:35.970+0000] {logging_mixin.py:190} INFO - [2025-05-04T17:18:35.969+0000] {dag.py:3262} INFO - Creating ORM DAG for example_params_ui_tutorial
[2025-05-04T17:18:35.970+0000] {logging_mixin.py:190} INFO - [2025-05-04T17:18:35.970+0000] {dag.py:4180} INFO - Setting next_dagrun for example_params_ui_tutorial to None, run_after=None
[2025-05-04T17:18:35.983+0000] {processor.py:208} INFO - Processing /home/airflow/.local/lib/python3.12/site-packages/airflow/example_dags/example_params_ui_tutorial.py took 0.175 seconds
[2025-05-04T17:19:06.239+0000] {processor.py:186} INFO - Started process (PID=156) to work on /home/airflow/.local/lib/python3.12/site-packages/airflow/example_dags/example_params_ui_tutorial.py
[2025-05-04T17:19:06.240+0000] {processor.py:914} INFO - Processing file /home/airflow/.local/lib/python3.12/site-packages/airflow/example_dags/example_params_ui_tutorial.py for tasks to queue
[2025-05-04T17:19:06.242+0000] {logging_mixin.py:190} INFO - [2025-05-04T17:19:06.242+0000] {dagbag.py:588} INFO - Filling up the DagBag from /home/airflow/.local/lib/python3.12/site-packages/airflow/example_dags/example_params_ui_tutorial.py
[2025-05-04T17:19:06.254+0000] {processor.py:925} INFO - DAG(s) 'example_params_ui_tutorial' retrieved from /home/airflow/.local/lib/python3.12/site-packages/airflow/example_dags/example_params_ui_tutorial.py
[2025-05-04T17:19:06.314+0000] {logging_mixin.py:190} INFO - [2025-05-04T17:19:06.313+0000] {dag.py:3239} INFO - Sync 1 DAGs
[2025-05-04T17:19:06.332+0000] {logging_mixin.py:190} INFO - [2025-05-04T17:19:06.332+0000] {dag.py:4180} INFO - Setting next_dagrun for example_params_ui_tutorial to None, run_after=None
[2025-05-04T17:19:06.354+0000] {processor.py:208} INFO - Processing /home/airflow/.local/lib/python3.12/site-packages/airflow/example_dags/example_params_ui_tutorial.py took 0.123 seconds
[2025-05-04T17:19:37.186+0000] {processor.py:186} INFO - Started process (PID=219) to work on /home/airflow/.local/lib/python3.12/site-packages/airflow/example_dags/example_params_ui_tutorial.py
[2025-05-04T17:19:37.189+0000] {processor.py:914} INFO - Processing file /home/airflow/.local/lib/python3.12/site-packages/airflow/example_dags/example_params_ui_tutorial.py for tasks to queue
[2025-05-04T17:19:37.192+0000] {logging_mixin.py:190} INFO - [2025-05-04T17:19:37.191+0000] {dagbag.py:588} INFO - Filling up the DagBag from /home/airflow/.local/lib/python3.12/site-packages/airflow/example_dags/example_params_ui_tutorial.py
[2025-05-04T17:19:37.205+0000] {processor.py:925} INFO - DAG(s) 'example_params_ui_tutorial' retrieved from /home/airflow/.local/lib/python3.12/site-packages/airflow/example_dags/example_params_ui_tutorial.py
[2025-05-04T17:19:37.273+0000] {logging_mixin.py:190} INFO - [2025-05-04T17:19:37.272+0000] {dag.py:3239} INFO - Sync 1 DAGs
[2025-05-04T17:19:37.295+0000] {logging_mixin.py:190} INFO - [2025-05-04T17:19:37.294+0000] {dag.py:4180} INFO - Setting next_dagrun for example_params_ui_tutorial to None, run_after=None
[2025-05-04T17:19:37.348+0000] {processor.py:208} INFO - Processing /home/airflow/.local/lib/python3.12/site-packages/airflow/example_dags/example_params_ui_tutorial.py took 0.171 seconds
[2025-05-04T17:20:07.798+0000] {processor.py:186} INFO - Started process (PID=282) to work on /home/airflow/.local/lib/python3.12/site-packages/airflow/example_dags/example_params_ui_tutorial.py
[2025-05-04T17:20:07.800+0000] {processor.py:914} INFO - Processing file /home/airflow/.local/lib/python3.12/site-packages/airflow/example_dags/example_params_ui_tutorial.py for tasks to queue
[2025-05-04T17:20:07.803+0000] {logging_mixin.py:190} INFO - [2025-05-04T17:20:07.802+0000] {dagbag.py:588} INFO - Filling up the DagBag from /home/airflow/.local/lib/python3.12/site-packages/airflow/example_dags/example_params_ui_tutorial.py
[2025-05-04T17:20:07.816+0000] {processor.py:925} INFO - DAG(s) 'example_params_ui_tutorial' retrieved from /home/airflow/.local/lib/python3.12/site-packages/airflow/example_dags/example_params_ui_tutorial.py
[2025-05-04T17:20:07.880+0000] {logging_mixin.py:190} INFO - [2025-05-04T17:20:07.879+0000] {dag.py:3239} INFO - Sync 1 DAGs
[2025-05-04T17:20:07.899+0000] {logging_mixin.py:190} INFO - [2025-05-04T17:20:07.898+0000] {dag.py:4180} INFO - Setting next_dagrun for example_params_ui_tutorial to None, run_after=None
[2025-05-04T17:20:07.923+0000] {processor.py:208} INFO - Processing /home/airflow/.local/lib/python3.12/site-packages/airflow/example_dags/example_params_ui_tutorial.py took 0.133 seconds
[2025-05-04T17:20:39.019+0000] {processor.py:186} INFO - Started process (PID=345) to work on /home/airflow/.local/lib/python3.12/site-packages/airflow/example_dags/example_params_ui_tutorial.py
[2025-05-04T17:20:39.022+0000] {processor.py:914} INFO - Processing file /home/airflow/.local/lib/python3.12/site-packages/airflow/example_dags/example_params_ui_tutorial.py for tasks to queue
[2025-05-04T17:20:39.025+0000] {logging_mixin.py:190} INFO - [2025-05-04T17:20:39.025+0000] {dagbag.py:588} INFO - Filling up the DagBag from /home/airflow/.local/lib/python3.12/site-packages/airflow/example_dags/example_params_ui_tutorial.py
[2025-05-04T17:20:39.039+0000] {processor.py:925} INFO - DAG(s) 'example_params_ui_tutorial' retrieved from /home/airflow/.local/lib/python3.12/site-packages/airflow/example_dags/example_params_ui_tutorial.py
[2025-05-04T17:20:39.104+0000] {logging_mixin.py:190} INFO - [2025-05-04T17:20:39.103+0000] {dag.py:3239} INFO - Sync 1 DAGs
[2025-05-04T17:20:39.124+0000] {logging_mixin.py:190} INFO - [2025-05-04T17:20:39.124+0000] {dag.py:4180} INFO - Setting next_dagrun for example_params_ui_tutorial to None, run_after=None
[2025-05-04T17:20:39.149+0000] {processor.py:208} INFO - Processing /home/airflow/.local/lib/python3.12/site-packages/airflow/example_dags/example_params_ui_tutorial.py took 0.138 seconds
[2025-05-04T17:21:09.337+0000] {processor.py:186} INFO - Started process (PID=407) to work on /home/airflow/.local/lib/python3.12/site-packages/airflow/example_dags/example_params_ui_tutorial.py
[2025-05-04T17:21:09.338+0000] {processor.py:914} INFO - Processing file /home/airflow/.local/lib/python3.12/site-packages/airflow/example_dags/example_params_ui_tutorial.py for tasks to queue
[2025-05-04T17:21:09.341+0000] {logging_mixin.py:190} INFO - [2025-05-04T17:21:09.341+0000] {dagbag.py:588} INFO - Filling up the DagBag from /home/airflow/.local/lib/python3.12/site-packages/airflow/example_dags/example_params_ui_tutorial.py
[2025-05-04T17:21:09.354+0000] {processor.py:925} INFO - DAG(s) 'example_params_ui_tutorial' retrieved from /home/airflow/.local/lib/python3.12/site-packages/airflow/example_dags/example_params_ui_tutorial.py
[2025-05-04T17:21:09.416+0000] {logging_mixin.py:190} INFO - [2025-05-04T17:21:09.416+0000] {dag.py:3239} INFO - Sync 1 DAGs
[2025-05-04T17:21:09.435+0000] {logging_mixin.py:190} INFO - [2025-05-04T17:21:09.435+0000] {dag.py:4180} INFO - Setting next_dagrun for example_params_ui_tutorial to None, run_after=None
[2025-05-04T17:21:09.457+0000] {processor.py:208} INFO - Processing /home/airflow/.local/lib/python3.12/site-packages/airflow/example_dags/example_params_ui_tutorial.py took 0.129 seconds
[2025-05-04T17:21:39.523+0000] {processor.py:186} INFO - Started process (PID=470) to work on /home/airflow/.local/lib/python3.12/site-packages/airflow/example_dags/example_params_ui_tutorial.py
[2025-05-04T17:21:39.525+0000] {processor.py:914} INFO - Processing file /home/airflow/.local/lib/python3.12/site-packages/airflow/example_dags/example_params_ui_tutorial.py for tasks to queue
[2025-05-04T17:21:39.528+0000] {logging_mixin.py:190} INFO - [2025-05-04T17:21:39.527+0000] {dagbag.py:588} INFO - Filling up the DagBag from /home/airflow/.local/lib/python3.12/site-packages/airflow/example_dags/example_params_ui_tutorial.py
[2025-05-04T17:21:39.541+0000] {processor.py:925} INFO - DAG(s) 'example_params_ui_tutorial' retrieved from /home/airflow/.local/lib/python3.12/site-packages/airflow/example_dags/example_params_ui_tutorial.py
[2025-05-04T17:21:39.602+0000] {logging_mixin.py:190} INFO - [2025-05-04T17:21:39.602+0000] {dag.py:3239} INFO - Sync 1 DAGs
[2025-05-04T17:21:39.622+0000] {logging_mixin.py:190} INFO - [2025-05-04T17:21:39.622+0000] {dag.py:4180} INFO - Setting next_dagrun for example_params_ui_tutorial to None, run_after=None
[2025-05-04T17:21:39.674+0000] {processor.py:208} INFO - Processing /home/airflow/.local/lib/python3.12/site-packages/airflow/example_dags/example_params_ui_tutorial.py took 0.158 seconds
[2025-05-04T17:22:09.806+0000] {processor.py:186} INFO - Started process (PID=533) to work on /home/airflow/.local/lib/python3.12/site-packages/airflow/example_dags/example_params_ui_tutorial.py
[2025-05-04T17:22:09.809+0000] {processor.py:914} INFO - Processing file /home/airflow/.local/lib/python3.12/site-packages/airflow/example_dags/example_params_ui_tutorial.py for tasks to queue
[2025-05-04T17:22:09.812+0000] {logging_mixin.py:190} INFO - [2025-05-04T17:22:09.811+0000] {dagbag.py:588} INFO - Filling up the DagBag from /home/airflow/.local/lib/python3.12/site-packages/airflow/example_dags/example_params_ui_tutorial.py
[2025-05-04T17:22:09.825+0000] {processor.py:925} INFO - DAG(s) 'example_params_ui_tutorial' retrieved from /home/airflow/.local/lib/python3.12/site-packages/airflow/example_dags/example_params_ui_tutorial.py
[2025-05-04T17:22:09.888+0000] {logging_mixin.py:190} INFO - [2025-05-04T17:22:09.888+0000] {dag.py:3239} INFO - Sync 1 DAGs
[2025-05-04T17:22:09.907+0000] {logging_mixin.py:190} INFO - [2025-05-04T17:22:09.907+0000] {dag.py:4180} INFO - Setting next_dagrun for example_params_ui_tutorial to None, run_after=None
[2025-05-04T17:22:09.957+0000] {processor.py:208} INFO - Processing /home/airflow/.local/lib/python3.12/site-packages/airflow/example_dags/example_params_ui_tutorial.py took 0.159 seconds
[2025-05-04T17:22:40.042+0000] {processor.py:186} INFO - Started process (PID=596) to work on /home/airflow/.local/lib/python3.12/site-packages/airflow/example_dags/example_params_ui_tutorial.py
[2025-05-04T17:22:40.044+0000] {processor.py:914} INFO - Processing file /home/airflow/.local/lib/python3.12/site-packages/airflow/example_dags/example_params_ui_tutorial.py for tasks to queue
[2025-05-04T17:22:40.047+0000] {logging_mixin.py:190} INFO - [2025-05-04T17:22:40.046+0000] {dagbag.py:588} INFO - Filling up the DagBag from /home/airflow/.local/lib/python3.12/site-packages/airflow/example_dags/example_params_ui_tutorial.py
[2025-05-04T17:22:40.059+0000] {processor.py:925} INFO - DAG(s) 'example_params_ui_tutorial' retrieved from /home/airflow/.local/lib/python3.12/site-packages/airflow/example_dags/example_params_ui_tutorial.py
[2025-05-04T17:22:40.123+0000] {logging_mixin.py:190} INFO - [2025-05-04T17:22:40.123+0000] {dag.py:3239} INFO - Sync 1 DAGs
[2025-05-04T17:22:40.143+0000] {logging_mixin.py:190} INFO - [2025-05-04T17:22:40.143+0000] {dag.py:4180} INFO - Setting next_dagrun for example_params_ui_tutorial to None, run_after=None
[2025-05-04T17:22:40.166+0000] {processor.py:208} INFO - Processing /home/airflow/.local/lib/python3.12/site-packages/airflow/example_dags/example_params_ui_tutorial.py took 0.132 seconds
[2025-05-04T17:23:10.322+0000] {processor.py:186} INFO - Started process (PID=659) to work on /home/airflow/.local/lib/python3.12/site-packages/airflow/example_dags/example_params_ui_tutorial.py
[2025-05-04T17:23:10.324+0000] {processor.py:914} INFO - Processing file /home/airflow/.local/lib/python3.12/site-packages/airflow/example_dags/example_params_ui_tutorial.py for tasks to queue
[2025-05-04T17:23:10.327+0000] {logging_mixin.py:190} INFO - [2025-05-04T17:23:10.326+0000] {dagbag.py:588} INFO - Filling up the DagBag from /home/airflow/.local/lib/python3.12/site-packages/airflow/example_dags/example_params_ui_tutorial.py
[2025-05-04T17:23:10.339+0000] {processor.py:925} INFO - DAG(s) 'example_params_ui_tutorial' retrieved from /home/airflow/.local/lib/python3.12/site-packages/airflow/example_dags/example_params_ui_tutorial.py
[2025-05-04T17:23:10.399+0000] {logging_mixin.py:190} INFO - [2025-05-04T17:23:10.399+0000] {dag.py:3239} INFO - Sync 1 DAGs
[2025-05-04T17:23:10.419+0000] {logging_mixin.py:190} INFO - [2025-05-04T17:23:10.419+0000] {dag.py:4180} INFO - Setting next_dagrun for example_params_ui_tutorial to None, run_after=None
[2025-05-04T17:23:10.441+0000] {processor.py:208} INFO - Processing /home/airflow/.local/lib/python3.12/site-packages/airflow/example_dags/example_params_ui_tutorial.py took 0.127 seconds
[2025-05-04T17:23:40.557+0000] {processor.py:186} INFO - Started process (PID=722) to work on /home/airflow/.local/lib/python3.12/site-packages/airflow/example_dags/example_params_ui_tutorial.py
[2025-05-04T17:23:40.559+0000] {processor.py:914} INFO - Processing file /home/airflow/.local/lib/python3.12/site-packages/airflow/example_dags/example_params_ui_tutorial.py for tasks to queue
[2025-05-04T17:23:40.562+0000] {logging_mixin.py:190} INFO - [2025-05-04T17:23:40.562+0000] {dagbag.py:588} INFO - Filling up the DagBag from /home/airflow/.local/lib/python3.12/site-packages/airflow/example_dags/example_params_ui_tutorial.py
[2025-05-04T17:23:40.575+0000] {processor.py:925} INFO - DAG(s) 'example_params_ui_tutorial' retrieved from /home/airflow/.local/lib/python3.12/site-packages/airflow/example_dags/example_params_ui_tutorial.py
[2025-05-04T17:23:40.646+0000] {logging_mixin.py:190} INFO - [2025-05-04T17:23:40.646+0000] {dag.py:3239} INFO - Sync 1 DAGs
[2025-05-04T17:23:40.667+0000] {logging_mixin.py:190} INFO - [2025-05-04T17:23:40.667+0000] {dag.py:4180} INFO - Setting next_dagrun for example_params_ui_tutorial to None, run_after=None
[2025-05-04T17:23:40.693+0000] {processor.py:208} INFO - Processing /home/airflow/.local/lib/python3.12/site-packages/airflow/example_dags/example_params_ui_tutorial.py took 0.145 seconds
[2025-05-04T17:24:11.516+0000] {processor.py:186} INFO - Started process (PID=785) to work on /home/airflow/.local/lib/python3.12/site-packages/airflow/example_dags/example_params_ui_tutorial.py
[2025-05-04T17:24:11.518+0000] {processor.py:914} INFO - Processing file /home/airflow/.local/lib/python3.12/site-packages/airflow/example_dags/example_params_ui_tutorial.py for tasks to queue
[2025-05-04T17:24:11.521+0000] {logging_mixin.py:190} INFO - [2025-05-04T17:24:11.521+0000] {dagbag.py:588} INFO - Filling up the DagBag from /home/airflow/.local/lib/python3.12/site-packages/airflow/example_dags/example_params_ui_tutorial.py
[2025-05-04T17:24:11.534+0000] {processor.py:925} INFO - DAG(s) 'example_params_ui_tutorial' retrieved from /home/airflow/.local/lib/python3.12/site-packages/airflow/example_dags/example_params_ui_tutorial.py
[2025-05-04T17:24:11.597+0000] {logging_mixin.py:190} INFO - [2025-05-04T17:24:11.597+0000] {dag.py:3239} INFO - Sync 1 DAGs
[2025-05-04T17:24:11.618+0000] {logging_mixin.py:190} INFO - [2025-05-04T17:24:11.617+0000] {dag.py:4180} INFO - Setting next_dagrun for example_params_ui_tutorial to None, run_after=None
[2025-05-04T17:24:11.641+0000] {processor.py:208} INFO - Processing /home/airflow/.local/lib/python3.12/site-packages/airflow/example_dags/example_params_ui_tutorial.py took 0.133 seconds
[2025-05-04T17:24:41.859+0000] {processor.py:186} INFO - Started process (PID=848) to work on /home/airflow/.local/lib/python3.12/site-packages/airflow/example_dags/example_params_ui_tutorial.py
[2025-05-04T17:24:41.861+0000] {processor.py:914} INFO - Processing file /home/airflow/.local/lib/python3.12/site-packages/airflow/example_dags/example_params_ui_tutorial.py for tasks to queue
[2025-05-04T17:24:41.863+0000] {logging_mixin.py:190} INFO - [2025-05-04T17:24:41.863+0000] {dagbag.py:588} INFO - Filling up the DagBag from /home/airflow/.local/lib/python3.12/site-packages/airflow/example_dags/example_params_ui_tutorial.py
[2025-05-04T17:24:41.876+0000] {processor.py:925} INFO - DAG(s) 'example_params_ui_tutorial' retrieved from /home/airflow/.local/lib/python3.12/site-packages/airflow/example_dags/example_params_ui_tutorial.py
[2025-05-04T17:24:41.939+0000] {logging_mixin.py:190} INFO - [2025-05-04T17:24:41.939+0000] {dag.py:3239} INFO - Sync 1 DAGs
[2025-05-04T17:24:41.960+0000] {logging_mixin.py:190} INFO - [2025-05-04T17:24:41.959+0000] {dag.py:4180} INFO - Setting next_dagrun for example_params_ui_tutorial to None, run_after=None
[2025-05-04T17:24:41.984+0000] {processor.py:208} INFO - Processing /home/airflow/.local/lib/python3.12/site-packages/airflow/example_dags/example_params_ui_tutorial.py took 0.133 seconds
[2025-05-04T17:25:12.138+0000] {processor.py:186} INFO - Started process (PID=911) to work on /home/airflow/.local/lib/python3.12/site-packages/airflow/example_dags/example_params_ui_tutorial.py
[2025-05-04T17:25:12.140+0000] {processor.py:914} INFO - Processing file /home/airflow/.local/lib/python3.12/site-packages/airflow/example_dags/example_params_ui_tutorial.py for tasks to queue
[2025-05-04T17:25:12.143+0000] {logging_mixin.py:190} INFO - [2025-05-04T17:25:12.143+0000] {dagbag.py:588} INFO - Filling up the DagBag from /home/airflow/.local/lib/python3.12/site-packages/airflow/example_dags/example_params_ui_tutorial.py
[2025-05-04T17:25:12.156+0000] {processor.py:925} INFO - DAG(s) 'example_params_ui_tutorial' retrieved from /home/airflow/.local/lib/python3.12/site-packages/airflow/example_dags/example_params_ui_tutorial.py
[2025-05-04T17:25:12.221+0000] {logging_mixin.py:190} INFO - [2025-05-04T17:25:12.220+0000] {dag.py:3239} INFO - Sync 1 DAGs
[2025-05-04T17:25:12.242+0000] {logging_mixin.py:190} INFO - [2025-05-04T17:25:12.242+0000] {dag.py:4180} INFO - Setting next_dagrun for example_params_ui_tutorial to None, run_after=None
[2025-05-04T17:25:12.266+0000] {processor.py:208} INFO - Processing /home/airflow/.local/lib/python3.12/site-packages/airflow/example_dags/example_params_ui_tutorial.py took 0.136 seconds
[2025-05-04T17:25:42.696+0000] {processor.py:186} INFO - Started process (PID=974) to work on /home/airflow/.local/lib/python3.12/site-packages/airflow/example_dags/example_params_ui_tutorial.py
[2025-05-04T17:25:42.697+0000] {processor.py:914} INFO - Processing file /home/airflow/.local/lib/python3.12/site-packages/airflow/example_dags/example_params_ui_tutorial.py for tasks to queue
[2025-05-04T17:25:42.700+0000] {logging_mixin.py:190} INFO - [2025-05-04T17:25:42.699+0000] {dagbag.py:588} INFO - Filling up the DagBag from /home/airflow/.local/lib/python3.12/site-packages/airflow/example_dags/example_params_ui_tutorial.py
[2025-05-04T17:25:42.713+0000] {processor.py:925} INFO - DAG(s) 'example_params_ui_tutorial' retrieved from /home/airflow/.local/lib/python3.12/site-packages/airflow/example_dags/example_params_ui_tutorial.py
[2025-05-04T17:25:42.777+0000] {logging_mixin.py:190} INFO - [2025-05-04T17:25:42.776+0000] {dag.py:3239} INFO - Sync 1 DAGs
[2025-05-04T17:25:42.801+0000] {logging_mixin.py:190} INFO - [2025-05-04T17:25:42.800+0000] {dag.py:4180} INFO - Setting next_dagrun for example_params_ui_tutorial to None, run_after=None
[2025-05-04T17:25:42.825+0000] {processor.py:208} INFO - Processing /home/airflow/.local/lib/python3.12/site-packages/airflow/example_dags/example_params_ui_tutorial.py took 0.138 seconds
[2025-05-04T17:26:13.202+0000] {processor.py:186} INFO - Started process (PID=1037) to work on /home/airflow/.local/lib/python3.12/site-packages/airflow/example_dags/example_params_ui_tutorial.py
[2025-05-04T17:26:13.204+0000] {processor.py:914} INFO - Processing file /home/airflow/.local/lib/python3.12/site-packages/airflow/example_dags/example_params_ui_tutorial.py for tasks to queue
[2025-05-04T17:26:13.207+0000] {logging_mixin.py:190} INFO - [2025-05-04T17:26:13.207+0000] {dagbag.py:588} INFO - Filling up the DagBag from /home/airflow/.local/lib/python3.12/site-packages/airflow/example_dags/example_params_ui_tutorial.py
[2025-05-04T17:26:13.223+0000] {processor.py:925} INFO - DAG(s) 'example_params_ui_tutorial' retrieved from /home/airflow/.local/lib/python3.12/site-packages/airflow/example_dags/example_params_ui_tutorial.py
[2025-05-04T17:26:13.294+0000] {logging_mixin.py:190} INFO - [2025-05-04T17:26:13.293+0000] {dag.py:3239} INFO - Sync 1 DAGs
[2025-05-04T17:26:13.318+0000] {logging_mixin.py:190} INFO - [2025-05-04T17:26:13.317+0000] {dag.py:4180} INFO - Setting next_dagrun for example_params_ui_tutorial to None, run_after=None
[2025-05-04T17:26:13.345+0000] {processor.py:208} INFO - Processing /home/airflow/.local/lib/python3.12/site-packages/airflow/example_dags/example_params_ui_tutorial.py took 0.154 seconds
[2025-05-04T17:26:43.871+0000] {processor.py:186} INFO - Started process (PID=1100) to work on /home/airflow/.local/lib/python3.12/site-packages/airflow/example_dags/example_params_ui_tutorial.py
[2025-05-04T17:26:43.872+0000] {processor.py:914} INFO - Processing file /home/airflow/.local/lib/python3.12/site-packages/airflow/example_dags/example_params_ui_tutorial.py for tasks to queue
[2025-05-04T17:26:43.875+0000] {logging_mixin.py:190} INFO - [2025-05-04T17:26:43.875+0000] {dagbag.py:588} INFO - Filling up the DagBag from /home/airflow/.local/lib/python3.12/site-packages/airflow/example_dags/example_params_ui_tutorial.py
[2025-05-04T17:26:43.888+0000] {processor.py:925} INFO - DAG(s) 'example_params_ui_tutorial' retrieved from /home/airflow/.local/lib/python3.12/site-packages/airflow/example_dags/example_params_ui_tutorial.py
[2025-05-04T17:26:43.951+0000] {logging_mixin.py:190} INFO - [2025-05-04T17:26:43.951+0000] {dag.py:3239} INFO - Sync 1 DAGs
[2025-05-04T17:26:43.972+0000] {logging_mixin.py:190} INFO - [2025-05-04T17:26:43.972+0000] {dag.py:4180} INFO - Setting next_dagrun for example_params_ui_tutorial to None, run_after=None
[2025-05-04T17:26:43.997+0000] {processor.py:208} INFO - Processing /home/airflow/.local/lib/python3.12/site-packages/airflow/example_dags/example_params_ui_tutorial.py took 0.135 seconds
