[2025-05-04T17:18:35.838+0000] {processor.py:186} INFO - Started process (PID=94) to work on /home/airflow/.local/lib/python3.12/site-packages/airflow/example_dags/example_outlet_event_extra.py
[2025-05-04T17:18:35.838+0000] {processor.py:914} INFO - Processing file /home/airflow/.local/lib/python3.12/site-packages/airflow/example_dags/example_outlet_event_extra.py for tasks to queue
[2025-05-04T17:18:35.840+0000] {logging_mixin.py:190} INFO - [2025-05-04T17:18:35.839+0000] {dagbag.py:588} INFO - Filling up the DagBag from /home/airflow/.local/lib/python3.12/site-packages/airflow/example_dags/example_outlet_event_extra.py
[2025-05-04T17:18:36.366+0000] {processor.py:925} INFO - DAG(s) 'dataset_with_extra_by_context', 'dataset_with_extra_from_classic_operator', 'dataset_with_extra_by_yield' retrieved from /home/airflow/.local/lib/python3.12/site-packages/airflow/example_dags/example_outlet_event_extra.py
[2025-05-04T17:18:36.454+0000] {logging_mixin.py:190} INFO - [2025-05-04T17:18:36.453+0000] {override.py:1912} INFO - Created Permission View: can read on DAG:dataset_with_extra_by_context
[2025-05-04T17:18:36.461+0000] {logging_mixin.py:190} INFO - [2025-05-04T17:18:36.461+0000] {override.py:1912} INFO - Created Permission View: can edit on DAG:dataset_with_extra_by_context
[2025-05-04T17:18:36.466+0000] {logging_mixin.py:190} INFO - [2025-05-04T17:18:36.466+0000] {override.py:1912} INFO - Created Permission View: can delete on DAG:dataset_with_extra_by_context
[2025-05-04T17:18:36.471+0000] {logging_mixin.py:190} INFO - [2025-05-04T17:18:36.470+0000] {override.py:1912} INFO - Created Permission View: can read on DAG Run:dataset_with_extra_by_context
[2025-05-04T17:18:36.476+0000] {logging_mixin.py:190} INFO - [2025-05-04T17:18:36.476+0000] {override.py:1912} INFO - Created Permission View: can create on DAG Run:dataset_with_extra_by_context
[2025-05-04T17:18:36.481+0000] {logging_mixin.py:190} INFO - [2025-05-04T17:18:36.480+0000] {override.py:1912} INFO - Created Permission View: can delete on DAG Run:dataset_with_extra_by_context
[2025-05-04T17:18:36.485+0000] {logging_mixin.py:190} INFO - [2025-05-04T17:18:36.485+0000] {override.py:1912} INFO - Created Permission View: menu access on DAG Run:dataset_with_extra_by_context
[2025-05-04T17:18:36.495+0000] {logging_mixin.py:190} INFO - [2025-05-04T17:18:36.495+0000] {override.py:1912} INFO - Created Permission View: can read on DAG:dataset_with_extra_from_classic_operator
[2025-05-04T17:18:36.500+0000] {logging_mixin.py:190} INFO - [2025-05-04T17:18:36.499+0000] {override.py:1912} INFO - Created Permission View: can edit on DAG:dataset_with_extra_from_classic_operator
[2025-05-04T17:18:36.505+0000] {logging_mixin.py:190} INFO - [2025-05-04T17:18:36.504+0000] {override.py:1912} INFO - Created Permission View: can delete on DAG:dataset_with_extra_from_classic_operator
[2025-05-04T17:18:36.510+0000] {logging_mixin.py:190} INFO - [2025-05-04T17:18:36.510+0000] {override.py:1912} INFO - Created Permission View: can read on DAG Run:dataset_with_extra_from_classic_operator
[2025-05-04T17:18:36.516+0000] {logging_mixin.py:190} INFO - [2025-05-04T17:18:36.516+0000] {override.py:1912} INFO - Created Permission View: can create on DAG Run:dataset_with_extra_from_classic_operator
[2025-05-04T17:18:36.521+0000] {logging_mixin.py:190} INFO - [2025-05-04T17:18:36.521+0000] {override.py:1912} INFO - Created Permission View: can delete on DAG Run:dataset_with_extra_from_classic_operator
[2025-05-04T17:18:36.528+0000] {logging_mixin.py:190} INFO - [2025-05-04T17:18:36.527+0000] {override.py:1912} INFO - Created Permission View: menu access on DAG Run:dataset_with_extra_from_classic_operator
[2025-05-04T17:18:36.538+0000] {logging_mixin.py:190} INFO - [2025-05-04T17:18:36.537+0000] {override.py:1912} INFO - Created Permission View: can read on DAG:dataset_with_extra_by_yield
[2025-05-04T17:18:36.544+0000] {logging_mixin.py:190} INFO - [2025-05-04T17:18:36.544+0000] {override.py:1912} INFO - Created Permission View: can edit on DAG:dataset_with_extra_by_yield
[2025-05-04T17:18:36.550+0000] {logging_mixin.py:190} INFO - [2025-05-04T17:18:36.550+0000] {override.py:1912} INFO - Created Permission View: can delete on DAG:dataset_with_extra_by_yield
[2025-05-04T17:18:36.555+0000] {logging_mixin.py:190} INFO - [2025-05-04T17:18:36.555+0000] {override.py:1912} INFO - Created Permission View: can read on DAG Run:dataset_with_extra_by_yield
[2025-05-04T17:18:36.560+0000] {logging_mixin.py:190} INFO - [2025-05-04T17:18:36.560+0000] {override.py:1912} INFO - Created Permission View: can create on DAG Run:dataset_with_extra_by_yield
[2025-05-04T17:18:36.564+0000] {logging_mixin.py:190} INFO - [2025-05-04T17:18:36.564+0000] {override.py:1912} INFO - Created Permission View: can delete on DAG Run:dataset_with_extra_by_yield
[2025-05-04T17:18:36.569+0000] {logging_mixin.py:190} INFO - [2025-05-04T17:18:36.569+0000] {override.py:1912} INFO - Created Permission View: menu access on DAG Run:dataset_with_extra_by_yield
[2025-05-04T17:18:36.569+0000] {logging_mixin.py:190} INFO - [2025-05-04T17:18:36.569+0000] {dag.py:3239} INFO - Sync 3 DAGs
[2025-05-04T17:18:36.581+0000] {logging_mixin.py:190} INFO - [2025-05-04T17:18:36.580+0000] {dag.py:3262} INFO - Creating ORM DAG for dataset_with_extra_by_context
[2025-05-04T17:18:36.582+0000] {logging_mixin.py:190} INFO - [2025-05-04T17:18:36.582+0000] {dag.py:3262} INFO - Creating ORM DAG for dataset_with_extra_by_yield
[2025-05-04T17:18:36.583+0000] {logging_mixin.py:190} INFO - [2025-05-04T17:18:36.582+0000] {dag.py:3262} INFO - Creating ORM DAG for dataset_with_extra_from_classic_operator
[2025-05-04T17:18:36.592+0000] {logging_mixin.py:190} INFO - [2025-05-04T17:18:36.592+0000] {dag.py:4180} INFO - Setting next_dagrun for dataset_with_extra_by_context to 2025-05-03 00:00:00+00:00, run_after=2025-05-04 00:00:00+00:00
[2025-05-04T17:18:36.593+0000] {logging_mixin.py:190} INFO - [2025-05-04T17:18:36.593+0000] {dag.py:4180} INFO - Setting next_dagrun for dataset_with_extra_by_yield to 2025-05-03 00:00:00+00:00, run_after=2025-05-04 00:00:00+00:00
[2025-05-04T17:18:36.595+0000] {logging_mixin.py:190} INFO - [2025-05-04T17:18:36.594+0000] {dag.py:4180} INFO - Setting next_dagrun for dataset_with_extra_from_classic_operator to 2025-05-03 00:00:00+00:00, run_after=2025-05-04 00:00:00+00:00
[2025-05-04T17:18:36.613+0000] {processor.py:208} INFO - Processing /home/airflow/.local/lib/python3.12/site-packages/airflow/example_dags/example_outlet_event_extra.py took 0.781 seconds
[2025-05-04T17:19:06.785+0000] {processor.py:186} INFO - Started process (PID=160) to work on /home/airflow/.local/lib/python3.12/site-packages/airflow/example_dags/example_outlet_event_extra.py
[2025-05-04T17:19:06.787+0000] {processor.py:914} INFO - Processing file /home/airflow/.local/lib/python3.12/site-packages/airflow/example_dags/example_outlet_event_extra.py for tasks to queue
[2025-05-04T17:19:06.790+0000] {logging_mixin.py:190} INFO - [2025-05-04T17:19:06.789+0000] {dagbag.py:588} INFO - Filling up the DagBag from /home/airflow/.local/lib/python3.12/site-packages/airflow/example_dags/example_outlet_event_extra.py
[2025-05-04T17:19:07.605+0000] {processor.py:925} INFO - DAG(s) 'dataset_with_extra_by_yield', 'dataset_with_extra_from_classic_operator', 'dataset_with_extra_by_context' retrieved from /home/airflow/.local/lib/python3.12/site-packages/airflow/example_dags/example_outlet_event_extra.py
[2025-05-04T17:19:07.641+0000] {logging_mixin.py:190} INFO - [2025-05-04T17:19:07.641+0000] {dag.py:3239} INFO - Sync 3 DAGs
[2025-05-04T17:19:07.679+0000] {logging_mixin.py:190} INFO - [2025-05-04T17:19:07.679+0000] {dag.py:4180} INFO - Setting next_dagrun for dataset_with_extra_by_context to 2025-05-03 00:00:00+00:00, run_after=2025-05-04 00:00:00+00:00
[2025-05-04T17:19:07.688+0000] {logging_mixin.py:190} INFO - [2025-05-04T17:19:07.688+0000] {dag.py:4180} INFO - Setting next_dagrun for dataset_with_extra_by_yield to 2025-05-03 00:00:00+00:00, run_after=2025-05-04 00:00:00+00:00
[2025-05-04T17:19:07.692+0000] {logging_mixin.py:190} INFO - [2025-05-04T17:19:07.692+0000] {dag.py:4180} INFO - Setting next_dagrun for dataset_with_extra_from_classic_operator to 2025-05-03 00:00:00+00:00, run_after=2025-05-04 00:00:00+00:00
[2025-05-04T17:19:07.898+0000] {processor.py:208} INFO - Processing /home/airflow/.local/lib/python3.12/site-packages/airflow/example_dags/example_outlet_event_extra.py took 1.121 seconds
[2025-05-04T17:19:38.602+0000] {processor.py:186} INFO - Started process (PID=223) to work on /home/airflow/.local/lib/python3.12/site-packages/airflow/example_dags/example_outlet_event_extra.py
[2025-05-04T17:19:38.631+0000] {processor.py:914} INFO - Processing file /home/airflow/.local/lib/python3.12/site-packages/airflow/example_dags/example_outlet_event_extra.py for tasks to queue
[2025-05-04T17:19:38.634+0000] {logging_mixin.py:190} INFO - [2025-05-04T17:19:38.633+0000] {dagbag.py:588} INFO - Filling up the DagBag from /home/airflow/.local/lib/python3.12/site-packages/airflow/example_dags/example_outlet_event_extra.py
[2025-05-04T17:19:39.463+0000] {processor.py:925} INFO - DAG(s) 'dataset_with_extra_from_classic_operator', 'dataset_with_extra_by_yield', 'dataset_with_extra_by_context' retrieved from /home/airflow/.local/lib/python3.12/site-packages/airflow/example_dags/example_outlet_event_extra.py
[2025-05-04T17:19:39.497+0000] {logging_mixin.py:190} INFO - [2025-05-04T17:19:39.497+0000] {dag.py:3239} INFO - Sync 3 DAGs
[2025-05-04T17:19:39.531+0000] {logging_mixin.py:190} INFO - [2025-05-04T17:19:39.531+0000] {dag.py:4180} INFO - Setting next_dagrun for dataset_with_extra_by_context to 2025-05-03 00:00:00+00:00, run_after=2025-05-04 00:00:00+00:00
[2025-05-04T17:19:39.538+0000] {logging_mixin.py:190} INFO - [2025-05-04T17:19:39.537+0000] {dag.py:4180} INFO - Setting next_dagrun for dataset_with_extra_by_yield to 2025-05-03 00:00:00+00:00, run_after=2025-05-04 00:00:00+00:00
[2025-05-04T17:19:39.541+0000] {logging_mixin.py:190} INFO - [2025-05-04T17:19:39.541+0000] {dag.py:4180} INFO - Setting next_dagrun for dataset_with_extra_from_classic_operator to 2025-05-03 00:00:00+00:00, run_after=2025-05-04 00:00:00+00:00
[2025-05-04T17:19:39.566+0000] {processor.py:208} INFO - Processing /home/airflow/.local/lib/python3.12/site-packages/airflow/example_dags/example_outlet_event_extra.py took 0.972 seconds
[2025-05-04T17:20:09.656+0000] {processor.py:186} INFO - Started process (PID=291) to work on /home/airflow/.local/lib/python3.12/site-packages/airflow/example_dags/example_outlet_event_extra.py
[2025-05-04T17:20:09.659+0000] {processor.py:914} INFO - Processing file /home/airflow/.local/lib/python3.12/site-packages/airflow/example_dags/example_outlet_event_extra.py for tasks to queue
[2025-05-04T17:20:09.661+0000] {logging_mixin.py:190} INFO - [2025-05-04T17:20:09.661+0000] {dagbag.py:588} INFO - Filling up the DagBag from /home/airflow/.local/lib/python3.12/site-packages/airflow/example_dags/example_outlet_event_extra.py
[2025-05-04T17:20:10.500+0000] {processor.py:925} INFO - DAG(s) 'dataset_with_extra_by_context', 'dataset_with_extra_by_yield', 'dataset_with_extra_from_classic_operator' retrieved from /home/airflow/.local/lib/python3.12/site-packages/airflow/example_dags/example_outlet_event_extra.py
[2025-05-04T17:20:10.534+0000] {logging_mixin.py:190} INFO - [2025-05-04T17:20:10.534+0000] {dag.py:3239} INFO - Sync 3 DAGs
[2025-05-04T17:20:10.570+0000] {logging_mixin.py:190} INFO - [2025-05-04T17:20:10.569+0000] {dag.py:4180} INFO - Setting next_dagrun for dataset_with_extra_by_context to 2025-05-03 00:00:00+00:00, run_after=2025-05-04 00:00:00+00:00
[2025-05-04T17:20:10.577+0000] {logging_mixin.py:190} INFO - [2025-05-04T17:20:10.577+0000] {dag.py:4180} INFO - Setting next_dagrun for dataset_with_extra_by_yield to 2025-05-03 00:00:00+00:00, run_after=2025-05-04 00:00:00+00:00
[2025-05-04T17:20:10.581+0000] {logging_mixin.py:190} INFO - [2025-05-04T17:20:10.581+0000] {dag.py:4180} INFO - Setting next_dagrun for dataset_with_extra_from_classic_operator to 2025-05-03 00:00:00+00:00, run_after=2025-05-04 00:00:00+00:00
[2025-05-04T17:20:10.608+0000] {processor.py:208} INFO - Processing /home/airflow/.local/lib/python3.12/site-packages/airflow/example_dags/example_outlet_event_extra.py took 0.960 seconds
[2025-05-04T17:20:40.724+0000] {processor.py:186} INFO - Started process (PID=360) to work on /home/airflow/.local/lib/python3.12/site-packages/airflow/example_dags/example_outlet_event_extra.py
[2025-05-04T17:20:40.726+0000] {processor.py:914} INFO - Processing file /home/airflow/.local/lib/python3.12/site-packages/airflow/example_dags/example_outlet_event_extra.py for tasks to queue
[2025-05-04T17:20:40.729+0000] {logging_mixin.py:190} INFO - [2025-05-04T17:20:40.729+0000] {dagbag.py:588} INFO - Filling up the DagBag from /home/airflow/.local/lib/python3.12/site-packages/airflow/example_dags/example_outlet_event_extra.py
[2025-05-04T17:20:41.564+0000] {processor.py:925} INFO - DAG(s) 'dataset_with_extra_by_context', 'dataset_with_extra_by_yield', 'dataset_with_extra_from_classic_operator' retrieved from /home/airflow/.local/lib/python3.12/site-packages/airflow/example_dags/example_outlet_event_extra.py
[2025-05-04T17:20:41.599+0000] {logging_mixin.py:190} INFO - [2025-05-04T17:20:41.599+0000] {dag.py:3239} INFO - Sync 3 DAGs
[2025-05-04T17:20:41.634+0000] {logging_mixin.py:190} INFO - [2025-05-04T17:20:41.634+0000] {dag.py:4180} INFO - Setting next_dagrun for dataset_with_extra_by_context to 2025-05-03 00:00:00+00:00, run_after=2025-05-04 00:00:00+00:00
[2025-05-04T17:20:41.642+0000] {logging_mixin.py:190} INFO - [2025-05-04T17:20:41.642+0000] {dag.py:4180} INFO - Setting next_dagrun for dataset_with_extra_by_yield to 2025-05-03 00:00:00+00:00, run_after=2025-05-04 00:00:00+00:00
[2025-05-04T17:20:41.646+0000] {logging_mixin.py:190} INFO - [2025-05-04T17:20:41.645+0000] {dag.py:4180} INFO - Setting next_dagrun for dataset_with_extra_from_classic_operator to 2025-05-03 00:00:00+00:00, run_after=2025-05-04 00:00:00+00:00
[2025-05-04T17:20:41.676+0000] {processor.py:208} INFO - Processing /home/airflow/.local/lib/python3.12/site-packages/airflow/example_dags/example_outlet_event_extra.py took 0.960 seconds
[2025-05-04T17:21:12.384+0000] {processor.py:186} INFO - Started process (PID=426) to work on /home/airflow/.local/lib/python3.12/site-packages/airflow/example_dags/example_outlet_event_extra.py
[2025-05-04T17:21:12.386+0000] {processor.py:914} INFO - Processing file /home/airflow/.local/lib/python3.12/site-packages/airflow/example_dags/example_outlet_event_extra.py for tasks to queue
[2025-05-04T17:21:12.390+0000] {logging_mixin.py:190} INFO - [2025-05-04T17:21:12.389+0000] {dagbag.py:588} INFO - Filling up the DagBag from /home/airflow/.local/lib/python3.12/site-packages/airflow/example_dags/example_outlet_event_extra.py
[2025-05-04T17:21:13.293+0000] {processor.py:925} INFO - DAG(s) 'dataset_with_extra_by_context', 'dataset_with_extra_by_yield', 'dataset_with_extra_from_classic_operator' retrieved from /home/airflow/.local/lib/python3.12/site-packages/airflow/example_dags/example_outlet_event_extra.py
[2025-05-04T17:21:13.329+0000] {logging_mixin.py:190} INFO - [2025-05-04T17:21:13.328+0000] {dag.py:3239} INFO - Sync 3 DAGs
[2025-05-04T17:21:13.364+0000] {logging_mixin.py:190} INFO - [2025-05-04T17:21:13.363+0000] {dag.py:4180} INFO - Setting next_dagrun for dataset_with_extra_by_context to 2025-05-03 00:00:00+00:00, run_after=2025-05-04 00:00:00+00:00
[2025-05-04T17:21:13.371+0000] {logging_mixin.py:190} INFO - [2025-05-04T17:21:13.371+0000] {dag.py:4180} INFO - Setting next_dagrun for dataset_with_extra_by_yield to 2025-05-03 00:00:00+00:00, run_after=2025-05-04 00:00:00+00:00
[2025-05-04T17:21:13.374+0000] {logging_mixin.py:190} INFO - [2025-05-04T17:21:13.374+0000] {dag.py:4180} INFO - Setting next_dagrun for dataset_with_extra_from_classic_operator to 2025-05-03 00:00:00+00:00, run_after=2025-05-04 00:00:00+00:00
[2025-05-04T17:21:13.401+0000] {processor.py:208} INFO - Processing /home/airflow/.local/lib/python3.12/site-packages/airflow/example_dags/example_outlet_event_extra.py took 1.026 seconds
[2025-05-04T17:21:43.989+0000] {processor.py:186} INFO - Started process (PID=489) to work on /home/airflow/.local/lib/python3.12/site-packages/airflow/example_dags/example_outlet_event_extra.py
[2025-05-04T17:21:43.992+0000] {processor.py:914} INFO - Processing file /home/airflow/.local/lib/python3.12/site-packages/airflow/example_dags/example_outlet_event_extra.py for tasks to queue
[2025-05-04T17:21:43.996+0000] {logging_mixin.py:190} INFO - [2025-05-04T17:21:43.995+0000] {dagbag.py:588} INFO - Filling up the DagBag from /home/airflow/.local/lib/python3.12/site-packages/airflow/example_dags/example_outlet_event_extra.py
[2025-05-04T17:21:44.968+0000] {processor.py:925} INFO - DAG(s) 'dataset_with_extra_by_yield', 'dataset_with_extra_by_context', 'dataset_with_extra_from_classic_operator' retrieved from /home/airflow/.local/lib/python3.12/site-packages/airflow/example_dags/example_outlet_event_extra.py
[2025-05-04T17:21:45.004+0000] {logging_mixin.py:190} INFO - [2025-05-04T17:21:45.003+0000] {dag.py:3239} INFO - Sync 3 DAGs
[2025-05-04T17:21:45.038+0000] {logging_mixin.py:190} INFO - [2025-05-04T17:21:45.038+0000] {dag.py:4180} INFO - Setting next_dagrun for dataset_with_extra_by_context to 2025-05-03 00:00:00+00:00, run_after=2025-05-04 00:00:00+00:00
[2025-05-04T17:21:45.045+0000] {logging_mixin.py:190} INFO - [2025-05-04T17:21:45.045+0000] {dag.py:4180} INFO - Setting next_dagrun for dataset_with_extra_by_yield to 2025-05-03 00:00:00+00:00, run_after=2025-05-04 00:00:00+00:00
[2025-05-04T17:21:45.048+0000] {logging_mixin.py:190} INFO - [2025-05-04T17:21:45.048+0000] {dag.py:4180} INFO - Setting next_dagrun for dataset_with_extra_from_classic_operator to 2025-05-03 00:00:00+00:00, run_after=2025-05-04 00:00:00+00:00
[2025-05-04T17:21:45.075+0000] {processor.py:208} INFO - Processing /home/airflow/.local/lib/python3.12/site-packages/airflow/example_dags/example_outlet_event_extra.py took 1.093 seconds
[2025-05-04T17:22:15.234+0000] {processor.py:186} INFO - Started process (PID=554) to work on /home/airflow/.local/lib/python3.12/site-packages/airflow/example_dags/example_outlet_event_extra.py
[2025-05-04T17:22:15.237+0000] {processor.py:914} INFO - Processing file /home/airflow/.local/lib/python3.12/site-packages/airflow/example_dags/example_outlet_event_extra.py for tasks to queue
[2025-05-04T17:22:15.240+0000] {logging_mixin.py:190} INFO - [2025-05-04T17:22:15.240+0000] {dagbag.py:588} INFO - Filling up the DagBag from /home/airflow/.local/lib/python3.12/site-packages/airflow/example_dags/example_outlet_event_extra.py
[2025-05-04T17:22:16.134+0000] {processor.py:925} INFO - DAG(s) 'dataset_with_extra_by_yield', 'dataset_with_extra_from_classic_operator', 'dataset_with_extra_by_context' retrieved from /home/airflow/.local/lib/python3.12/site-packages/airflow/example_dags/example_outlet_event_extra.py
[2025-05-04T17:22:16.171+0000] {logging_mixin.py:190} INFO - [2025-05-04T17:22:16.170+0000] {dag.py:3239} INFO - Sync 3 DAGs
[2025-05-04T17:22:16.203+0000] {logging_mixin.py:190} INFO - [2025-05-04T17:22:16.203+0000] {dag.py:4180} INFO - Setting next_dagrun for dataset_with_extra_by_context to 2025-05-03 00:00:00+00:00, run_after=2025-05-04 00:00:00+00:00
[2025-05-04T17:22:16.210+0000] {logging_mixin.py:190} INFO - [2025-05-04T17:22:16.209+0000] {dag.py:4180} INFO - Setting next_dagrun for dataset_with_extra_by_yield to 2025-05-03 00:00:00+00:00, run_after=2025-05-04 00:00:00+00:00
[2025-05-04T17:22:16.213+0000] {logging_mixin.py:190} INFO - [2025-05-04T17:22:16.213+0000] {dag.py:4180} INFO - Setting next_dagrun for dataset_with_extra_from_classic_operator to 2025-05-03 00:00:00+00:00, run_after=2025-05-04 00:00:00+00:00
[2025-05-04T17:22:16.264+0000] {processor.py:208} INFO - Processing /home/airflow/.local/lib/python3.12/site-packages/airflow/example_dags/example_outlet_event_extra.py took 1.039 seconds
[2025-05-04T17:22:46.609+0000] {processor.py:186} INFO - Started process (PID=621) to work on /home/airflow/.local/lib/python3.12/site-packages/airflow/example_dags/example_outlet_event_extra.py
[2025-05-04T17:22:46.611+0000] {processor.py:914} INFO - Processing file /home/airflow/.local/lib/python3.12/site-packages/airflow/example_dags/example_outlet_event_extra.py for tasks to queue
[2025-05-04T17:22:46.614+0000] {logging_mixin.py:190} INFO - [2025-05-04T17:22:46.613+0000] {dagbag.py:588} INFO - Filling up the DagBag from /home/airflow/.local/lib/python3.12/site-packages/airflow/example_dags/example_outlet_event_extra.py
[2025-05-04T17:22:47.505+0000] {processor.py:925} INFO - DAG(s) 'dataset_with_extra_by_yield', 'dataset_with_extra_from_classic_operator', 'dataset_with_extra_by_context' retrieved from /home/airflow/.local/lib/python3.12/site-packages/airflow/example_dags/example_outlet_event_extra.py
[2025-05-04T17:22:47.541+0000] {logging_mixin.py:190} INFO - [2025-05-04T17:22:47.541+0000] {dag.py:3239} INFO - Sync 3 DAGs
[2025-05-04T17:22:47.577+0000] {logging_mixin.py:190} INFO - [2025-05-04T17:22:47.576+0000] {dag.py:4180} INFO - Setting next_dagrun for dataset_with_extra_by_context to 2025-05-03 00:00:00+00:00, run_after=2025-05-04 00:00:00+00:00
[2025-05-04T17:22:47.583+0000] {logging_mixin.py:190} INFO - [2025-05-04T17:22:47.583+0000] {dag.py:4180} INFO - Setting next_dagrun for dataset_with_extra_by_yield to 2025-05-03 00:00:00+00:00, run_after=2025-05-04 00:00:00+00:00
[2025-05-04T17:22:47.587+0000] {logging_mixin.py:190} INFO - [2025-05-04T17:22:47.586+0000] {dag.py:4180} INFO - Setting next_dagrun for dataset_with_extra_from_classic_operator to 2025-05-03 00:00:00+00:00, run_after=2025-05-04 00:00:00+00:00
[2025-05-04T17:22:47.640+0000] {processor.py:208} INFO - Processing /home/airflow/.local/lib/python3.12/site-packages/airflow/example_dags/example_outlet_event_extra.py took 1.040 seconds
[2025-05-04T17:23:17.795+0000] {processor.py:186} INFO - Started process (PID=684) to work on /home/airflow/.local/lib/python3.12/site-packages/airflow/example_dags/example_outlet_event_extra.py
[2025-05-04T17:23:17.824+0000] {processor.py:914} INFO - Processing file /home/airflow/.local/lib/python3.12/site-packages/airflow/example_dags/example_outlet_event_extra.py for tasks to queue
[2025-05-04T17:23:17.827+0000] {logging_mixin.py:190} INFO - [2025-05-04T17:23:17.827+0000] {dagbag.py:588} INFO - Filling up the DagBag from /home/airflow/.local/lib/python3.12/site-packages/airflow/example_dags/example_outlet_event_extra.py
[2025-05-04T17:23:18.712+0000] {processor.py:925} INFO - DAG(s) 'dataset_with_extra_by_yield', 'dataset_with_extra_by_context', 'dataset_with_extra_from_classic_operator' retrieved from /home/airflow/.local/lib/python3.12/site-packages/airflow/example_dags/example_outlet_event_extra.py
[2025-05-04T17:23:18.751+0000] {logging_mixin.py:190} INFO - [2025-05-04T17:23:18.750+0000] {dag.py:3239} INFO - Sync 3 DAGs
[2025-05-04T17:23:18.791+0000] {logging_mixin.py:190} INFO - [2025-05-04T17:23:18.791+0000] {dag.py:4180} INFO - Setting next_dagrun for dataset_with_extra_by_context to 2025-05-03 00:00:00+00:00, run_after=2025-05-04 00:00:00+00:00
[2025-05-04T17:23:18.799+0000] {logging_mixin.py:190} INFO - [2025-05-04T17:23:18.799+0000] {dag.py:4180} INFO - Setting next_dagrun for dataset_with_extra_by_yield to 2025-05-03 00:00:00+00:00, run_after=2025-05-04 00:00:00+00:00
[2025-05-04T17:23:18.803+0000] {logging_mixin.py:190} INFO - [2025-05-04T17:23:18.803+0000] {dag.py:4180} INFO - Setting next_dagrun for dataset_with_extra_from_classic_operator to 2025-05-03 00:00:00+00:00, run_after=2025-05-04 00:00:00+00:00
[2025-05-04T17:23:18.858+0000] {processor.py:208} INFO - Processing /home/airflow/.local/lib/python3.12/site-packages/airflow/example_dags/example_outlet_event_extra.py took 1.072 seconds
[2025-05-04T17:23:49.850+0000] {processor.py:186} INFO - Started process (PID=747) to work on /home/airflow/.local/lib/python3.12/site-packages/airflow/example_dags/example_outlet_event_extra.py
[2025-05-04T17:23:49.879+0000] {processor.py:914} INFO - Processing file /home/airflow/.local/lib/python3.12/site-packages/airflow/example_dags/example_outlet_event_extra.py for tasks to queue
[2025-05-04T17:23:49.882+0000] {logging_mixin.py:190} INFO - [2025-05-04T17:23:49.882+0000] {dagbag.py:588} INFO - Filling up the DagBag from /home/airflow/.local/lib/python3.12/site-packages/airflow/example_dags/example_outlet_event_extra.py
[2025-05-04T17:23:50.771+0000] {processor.py:925} INFO - DAG(s) 'dataset_with_extra_from_classic_operator', 'dataset_with_extra_by_context', 'dataset_with_extra_by_yield' retrieved from /home/airflow/.local/lib/python3.12/site-packages/airflow/example_dags/example_outlet_event_extra.py
[2025-05-04T17:23:50.804+0000] {logging_mixin.py:190} INFO - [2025-05-04T17:23:50.804+0000] {dag.py:3239} INFO - Sync 3 DAGs
[2025-05-04T17:23:50.841+0000] {logging_mixin.py:190} INFO - [2025-05-04T17:23:50.840+0000] {dag.py:4180} INFO - Setting next_dagrun for dataset_with_extra_by_context to 2025-05-03 00:00:00+00:00, run_after=2025-05-04 00:00:00+00:00
[2025-05-04T17:23:50.848+0000] {logging_mixin.py:190} INFO - [2025-05-04T17:23:50.848+0000] {dag.py:4180} INFO - Setting next_dagrun for dataset_with_extra_by_yield to 2025-05-03 00:00:00+00:00, run_after=2025-05-04 00:00:00+00:00
[2025-05-04T17:23:50.851+0000] {logging_mixin.py:190} INFO - [2025-05-04T17:23:50.851+0000] {dag.py:4180} INFO - Setting next_dagrun for dataset_with_extra_from_classic_operator to 2025-05-03 00:00:00+00:00, run_after=2025-05-04 00:00:00+00:00
[2025-05-04T17:23:50.905+0000] {processor.py:208} INFO - Processing /home/airflow/.local/lib/python3.12/site-packages/airflow/example_dags/example_outlet_event_extra.py took 1.063 seconds
[2025-05-04T17:24:21.120+0000] {processor.py:186} INFO - Started process (PID=810) to work on /home/airflow/.local/lib/python3.12/site-packages/airflow/example_dags/example_outlet_event_extra.py
[2025-05-04T17:24:21.133+0000] {processor.py:914} INFO - Processing file /home/airflow/.local/lib/python3.12/site-packages/airflow/example_dags/example_outlet_event_extra.py for tasks to queue
[2025-05-04T17:24:21.136+0000] {logging_mixin.py:190} INFO - [2025-05-04T17:24:21.136+0000] {dagbag.py:588} INFO - Filling up the DagBag from /home/airflow/.local/lib/python3.12/site-packages/airflow/example_dags/example_outlet_event_extra.py
[2025-05-04T17:24:22.009+0000] {processor.py:925} INFO - DAG(s) 'dataset_with_extra_by_yield', 'dataset_with_extra_by_context', 'dataset_with_extra_from_classic_operator' retrieved from /home/airflow/.local/lib/python3.12/site-packages/airflow/example_dags/example_outlet_event_extra.py
[2025-05-04T17:24:22.044+0000] {logging_mixin.py:190} INFO - [2025-05-04T17:24:22.044+0000] {dag.py:3239} INFO - Sync 3 DAGs
[2025-05-04T17:24:22.076+0000] {logging_mixin.py:190} INFO - [2025-05-04T17:24:22.076+0000] {dag.py:4180} INFO - Setting next_dagrun for dataset_with_extra_by_context to 2025-05-03 00:00:00+00:00, run_after=2025-05-04 00:00:00+00:00
[2025-05-04T17:24:22.083+0000] {logging_mixin.py:190} INFO - [2025-05-04T17:24:22.083+0000] {dag.py:4180} INFO - Setting next_dagrun for dataset_with_extra_by_yield to 2025-05-03 00:00:00+00:00, run_after=2025-05-04 00:00:00+00:00
[2025-05-04T17:24:22.086+0000] {logging_mixin.py:190} INFO - [2025-05-04T17:24:22.086+0000] {dag.py:4180} INFO - Setting next_dagrun for dataset_with_extra_from_classic_operator to 2025-05-03 00:00:00+00:00, run_after=2025-05-04 00:00:00+00:00
[2025-05-04T17:24:22.141+0000] {processor.py:208} INFO - Processing /home/airflow/.local/lib/python3.12/site-packages/airflow/example_dags/example_outlet_event_extra.py took 1.030 seconds
[2025-05-04T17:24:52.973+0000] {processor.py:186} INFO - Started process (PID=873) to work on /home/airflow/.local/lib/python3.12/site-packages/airflow/example_dags/example_outlet_event_extra.py
[2025-05-04T17:24:53.003+0000] {processor.py:914} INFO - Processing file /home/airflow/.local/lib/python3.12/site-packages/airflow/example_dags/example_outlet_event_extra.py for tasks to queue
[2025-05-04T17:24:53.006+0000] {logging_mixin.py:190} INFO - [2025-05-04T17:24:53.005+0000] {dagbag.py:588} INFO - Filling up the DagBag from /home/airflow/.local/lib/python3.12/site-packages/airflow/example_dags/example_outlet_event_extra.py
[2025-05-04T17:24:53.801+0000] {processor.py:925} INFO - DAG(s) 'dataset_with_extra_by_yield', 'dataset_with_extra_by_context', 'dataset_with_extra_from_classic_operator' retrieved from /home/airflow/.local/lib/python3.12/site-packages/airflow/example_dags/example_outlet_event_extra.py
[2025-05-04T17:24:53.833+0000] {logging_mixin.py:190} INFO - [2025-05-04T17:24:53.833+0000] {dag.py:3239} INFO - Sync 3 DAGs
[2025-05-04T17:24:53.864+0000] {logging_mixin.py:190} INFO - [2025-05-04T17:24:53.864+0000] {dag.py:4180} INFO - Setting next_dagrun for dataset_with_extra_by_context to 2025-05-03 00:00:00+00:00, run_after=2025-05-04 00:00:00+00:00
[2025-05-04T17:24:53.870+0000] {logging_mixin.py:190} INFO - [2025-05-04T17:24:53.870+0000] {dag.py:4180} INFO - Setting next_dagrun for dataset_with_extra_by_yield to 2025-05-03 00:00:00+00:00, run_after=2025-05-04 00:00:00+00:00
[2025-05-04T17:24:53.874+0000] {logging_mixin.py:190} INFO - [2025-05-04T17:24:53.873+0000] {dag.py:4180} INFO - Setting next_dagrun for dataset_with_extra_from_classic_operator to 2025-05-03 00:00:00+00:00, run_after=2025-05-04 00:00:00+00:00
[2025-05-04T17:24:53.911+0000] {processor.py:208} INFO - Processing /home/airflow/.local/lib/python3.12/site-packages/airflow/example_dags/example_outlet_event_extra.py took 0.947 seconds
[2025-05-04T17:25:24.186+0000] {processor.py:186} INFO - Started process (PID=936) to work on /home/airflow/.local/lib/python3.12/site-packages/airflow/example_dags/example_outlet_event_extra.py
[2025-05-04T17:25:24.187+0000] {processor.py:914} INFO - Processing file /home/airflow/.local/lib/python3.12/site-packages/airflow/example_dags/example_outlet_event_extra.py for tasks to queue
[2025-05-04T17:25:24.190+0000] {logging_mixin.py:190} INFO - [2025-05-04T17:25:24.190+0000] {dagbag.py:588} INFO - Filling up the DagBag from /home/airflow/.local/lib/python3.12/site-packages/airflow/example_dags/example_outlet_event_extra.py
[2025-05-04T17:25:25.000+0000] {processor.py:925} INFO - DAG(s) 'dataset_with_extra_from_classic_operator', 'dataset_with_extra_by_context', 'dataset_with_extra_by_yield' retrieved from /home/airflow/.local/lib/python3.12/site-packages/airflow/example_dags/example_outlet_event_extra.py
[2025-05-04T17:25:25.032+0000] {logging_mixin.py:190} INFO - [2025-05-04T17:25:25.032+0000] {dag.py:3239} INFO - Sync 3 DAGs
[2025-05-04T17:25:25.063+0000] {logging_mixin.py:190} INFO - [2025-05-04T17:25:25.062+0000] {dag.py:4180} INFO - Setting next_dagrun for dataset_with_extra_by_context to 2025-05-03 00:00:00+00:00, run_after=2025-05-04 00:00:00+00:00
[2025-05-04T17:25:25.069+0000] {logging_mixin.py:190} INFO - [2025-05-04T17:25:25.069+0000] {dag.py:4180} INFO - Setting next_dagrun for dataset_with_extra_by_yield to 2025-05-03 00:00:00+00:00, run_after=2025-05-04 00:00:00+00:00
[2025-05-04T17:25:25.072+0000] {logging_mixin.py:190} INFO - [2025-05-04T17:25:25.072+0000] {dag.py:4180} INFO - Setting next_dagrun for dataset_with_extra_from_classic_operator to 2025-05-03 00:00:00+00:00, run_after=2025-05-04 00:00:00+00:00
[2025-05-04T17:25:25.123+0000] {processor.py:208} INFO - Processing /home/airflow/.local/lib/python3.12/site-packages/airflow/example_dags/example_outlet_event_extra.py took 0.946 seconds
[2025-05-04T17:25:55.556+0000] {processor.py:186} INFO - Started process (PID=999) to work on /home/airflow/.local/lib/python3.12/site-packages/airflow/example_dags/example_outlet_event_extra.py
[2025-05-04T17:25:55.558+0000] {processor.py:914} INFO - Processing file /home/airflow/.local/lib/python3.12/site-packages/airflow/example_dags/example_outlet_event_extra.py for tasks to queue
[2025-05-04T17:25:55.561+0000] {logging_mixin.py:190} INFO - [2025-05-04T17:25:55.561+0000] {dagbag.py:588} INFO - Filling up the DagBag from /home/airflow/.local/lib/python3.12/site-packages/airflow/example_dags/example_outlet_event_extra.py
[2025-05-04T17:25:56.345+0000] {processor.py:925} INFO - DAG(s) 'dataset_with_extra_by_context', 'dataset_with_extra_by_yield', 'dataset_with_extra_from_classic_operator' retrieved from /home/airflow/.local/lib/python3.12/site-packages/airflow/example_dags/example_outlet_event_extra.py
[2025-05-04T17:25:56.377+0000] {logging_mixin.py:190} INFO - [2025-05-04T17:25:56.376+0000] {dag.py:3239} INFO - Sync 3 DAGs
[2025-05-04T17:25:56.410+0000] {logging_mixin.py:190} INFO - [2025-05-04T17:25:56.410+0000] {dag.py:4180} INFO - Setting next_dagrun for dataset_with_extra_by_context to 2025-05-03 00:00:00+00:00, run_after=2025-05-04 00:00:00+00:00
[2025-05-04T17:25:56.416+0000] {logging_mixin.py:190} INFO - [2025-05-04T17:25:56.416+0000] {dag.py:4180} INFO - Setting next_dagrun for dataset_with_extra_by_yield to 2025-05-03 00:00:00+00:00, run_after=2025-05-04 00:00:00+00:00
[2025-05-04T17:25:56.420+0000] {logging_mixin.py:190} INFO - [2025-05-04T17:25:56.420+0000] {dag.py:4180} INFO - Setting next_dagrun for dataset_with_extra_from_classic_operator to 2025-05-03 00:00:00+00:00, run_after=2025-05-04 00:00:00+00:00
[2025-05-04T17:25:56.444+0000] {processor.py:208} INFO - Processing /home/airflow/.local/lib/python3.12/site-packages/airflow/example_dags/example_outlet_event_extra.py took 0.896 seconds
[2025-05-04T17:26:27.167+0000] {processor.py:186} INFO - Started process (PID=1062) to work on /home/airflow/.local/lib/python3.12/site-packages/airflow/example_dags/example_outlet_event_extra.py
[2025-05-04T17:26:27.195+0000] {processor.py:914} INFO - Processing file /home/airflow/.local/lib/python3.12/site-packages/airflow/example_dags/example_outlet_event_extra.py for tasks to queue
[2025-05-04T17:26:27.199+0000] {logging_mixin.py:190} INFO - [2025-05-04T17:26:27.198+0000] {dagbag.py:588} INFO - Filling up the DagBag from /home/airflow/.local/lib/python3.12/site-packages/airflow/example_dags/example_outlet_event_extra.py
[2025-05-04T17:26:28.000+0000] {processor.py:925} INFO - DAG(s) 'dataset_with_extra_by_context', 'dataset_with_extra_by_yield', 'dataset_with_extra_from_classic_operator' retrieved from /home/airflow/.local/lib/python3.12/site-packages/airflow/example_dags/example_outlet_event_extra.py
[2025-05-04T17:26:28.032+0000] {logging_mixin.py:190} INFO - [2025-05-04T17:26:28.031+0000] {dag.py:3239} INFO - Sync 3 DAGs
[2025-05-04T17:26:28.063+0000] {logging_mixin.py:190} INFO - [2025-05-04T17:26:28.063+0000] {dag.py:4180} INFO - Setting next_dagrun for dataset_with_extra_by_context to 2025-05-03 00:00:00+00:00, run_after=2025-05-04 00:00:00+00:00
[2025-05-04T17:26:28.070+0000] {logging_mixin.py:190} INFO - [2025-05-04T17:26:28.070+0000] {dag.py:4180} INFO - Setting next_dagrun for dataset_with_extra_by_yield to 2025-05-03 00:00:00+00:00, run_after=2025-05-04 00:00:00+00:00
[2025-05-04T17:26:28.073+0000] {logging_mixin.py:190} INFO - [2025-05-04T17:26:28.073+0000] {dag.py:4180} INFO - Setting next_dagrun for dataset_with_extra_from_classic_operator to 2025-05-03 00:00:00+00:00, run_after=2025-05-04 00:00:00+00:00
[2025-05-04T17:26:28.126+0000] {processor.py:208} INFO - Processing /home/airflow/.local/lib/python3.12/site-packages/airflow/example_dags/example_outlet_event_extra.py took 0.968 seconds
