[2025-05-04T17:18:36.220+0000] {processor.py:186} INFO - Started process (PID=96) to work on /home/airflow/.local/lib/python3.12/site-packages/airflow/example_dags/example_branch_operator.py
[2025-05-04T17:18:36.221+0000] {processor.py:914} INFO - Processing file /home/airflow/.local/lib/python3.12/site-packages/airflow/example_dags/example_branch_operator.py for tasks to queue
[2025-05-04T17:18:36.223+0000] {logging_mixin.py:190} INFO - [2025-05-04T17:18:36.222+0000] {dagbag.py:588} INFO - Filling up the DagBag from /home/airflow/.local/lib/python3.12/site-packages/airflow/example_dags/example_branch_operator.py
[2025-05-04T17:18:36.238+0000] {processor.py:925} INFO - DAG(s) 'example_branch_operator' retrieved from /home/airflow/.local/lib/python3.12/site-packages/airflow/example_dags/example_branch_operator.py
[2025-05-04T17:18:36.341+0000] {logging_mixin.py:190} INFO - [2025-05-04T17:18:36.340+0000] {override.py:1912} INFO - Created Permission View: can read on DAG:example_branch_operator
[2025-05-04T17:18:36.348+0000] {logging_mixin.py:190} INFO - [2025-05-04T17:18:36.347+0000] {override.py:1912} INFO - Created Permission View: can edit on DAG:example_branch_operator
[2025-05-04T17:18:36.352+0000] {logging_mixin.py:190} INFO - [2025-05-04T17:18:36.351+0000] {override.py:1912} INFO - Created Permission View: can delete on DAG:example_branch_operator
[2025-05-04T17:18:36.356+0000] {logging_mixin.py:190} INFO - [2025-05-04T17:18:36.356+0000] {override.py:1912} INFO - Created Permission View: can read on DAG Run:example_branch_operator
[2025-05-04T17:18:36.361+0000] {logging_mixin.py:190} INFO - [2025-05-04T17:18:36.360+0000] {override.py:1912} INFO - Created Permission View: can create on DAG Run:example_branch_operator
[2025-05-04T17:18:36.365+0000] {logging_mixin.py:190} INFO - [2025-05-04T17:18:36.365+0000] {override.py:1912} INFO - Created Permission View: can delete on DAG Run:example_branch_operator
[2025-05-04T17:18:36.370+0000] {logging_mixin.py:190} INFO - [2025-05-04T17:18:36.370+0000] {override.py:1912} INFO - Created Permission View: menu access on DAG Run:example_branch_operator
[2025-05-04T17:18:36.370+0000] {logging_mixin.py:190} INFO - [2025-05-04T17:18:36.370+0000] {dag.py:3239} INFO - Sync 1 DAGs
[2025-05-04T17:18:36.381+0000] {logging_mixin.py:190} INFO - [2025-05-04T17:18:36.381+0000] {dag.py:3262} INFO - Creating ORM DAG for example_branch_operator
[2025-05-04T17:18:36.391+0000] {logging_mixin.py:190} INFO - [2025-05-04T17:18:36.391+0000] {dag.py:4180} INFO - Setting next_dagrun for example_branch_operator to 2025-05-03 00:00:00+00:00, run_after=2025-05-04 00:00:00+00:00
[2025-05-04T17:18:36.405+0000] {processor.py:208} INFO - Processing /home/airflow/.local/lib/python3.12/site-packages/airflow/example_dags/example_branch_operator.py took 0.190 seconds
[2025-05-04T17:19:06.486+0000] {processor.py:186} INFO - Started process (PID=158) to work on /home/airflow/.local/lib/python3.12/site-packages/airflow/example_dags/example_branch_operator.py
[2025-05-04T17:19:06.487+0000] {processor.py:914} INFO - Processing file /home/airflow/.local/lib/python3.12/site-packages/airflow/example_dags/example_branch_operator.py for tasks to queue
[2025-05-04T17:19:06.490+0000] {logging_mixin.py:190} INFO - [2025-05-04T17:19:06.489+0000] {dagbag.py:588} INFO - Filling up the DagBag from /home/airflow/.local/lib/python3.12/site-packages/airflow/example_dags/example_branch_operator.py
[2025-05-04T17:19:06.515+0000] {processor.py:925} INFO - DAG(s) 'example_branch_operator' retrieved from /home/airflow/.local/lib/python3.12/site-packages/airflow/example_dags/example_branch_operator.py
[2025-05-04T17:19:06.554+0000] {logging_mixin.py:190} INFO - [2025-05-04T17:19:06.554+0000] {dag.py:3239} INFO - Sync 1 DAGs
[2025-05-04T17:19:06.584+0000] {logging_mixin.py:190} INFO - [2025-05-04T17:19:06.584+0000] {dag.py:4180} INFO - Setting next_dagrun for example_branch_operator to 2025-05-03 00:00:00+00:00, run_after=2025-05-04 00:00:00+00:00
[2025-05-04T17:19:06.605+0000] {processor.py:208} INFO - Processing /home/airflow/.local/lib/python3.12/site-packages/airflow/example_dags/example_branch_operator.py took 0.127 seconds
[2025-05-04T17:19:37.413+0000] {processor.py:186} INFO - Started process (PID=221) to work on /home/airflow/.local/lib/python3.12/site-packages/airflow/example_dags/example_branch_operator.py
[2025-05-04T17:19:37.415+0000] {processor.py:914} INFO - Processing file /home/airflow/.local/lib/python3.12/site-packages/airflow/example_dags/example_branch_operator.py for tasks to queue
[2025-05-04T17:19:37.418+0000] {logging_mixin.py:190} INFO - [2025-05-04T17:19:37.418+0000] {dagbag.py:588} INFO - Filling up the DagBag from /home/airflow/.local/lib/python3.12/site-packages/airflow/example_dags/example_branch_operator.py
[2025-05-04T17:19:37.444+0000] {processor.py:925} INFO - DAG(s) 'example_branch_operator' retrieved from /home/airflow/.local/lib/python3.12/site-packages/airflow/example_dags/example_branch_operator.py
[2025-05-04T17:19:37.484+0000] {logging_mixin.py:190} INFO - [2025-05-04T17:19:37.484+0000] {dag.py:3239} INFO - Sync 1 DAGs
[2025-05-04T17:19:37.519+0000] {logging_mixin.py:190} INFO - [2025-05-04T17:19:37.519+0000] {dag.py:4180} INFO - Setting next_dagrun for example_branch_operator to 2025-05-03 00:00:00+00:00, run_after=2025-05-04 00:00:00+00:00
[2025-05-04T17:19:37.544+0000] {processor.py:208} INFO - Processing /home/airflow/.local/lib/python3.12/site-packages/airflow/example_dags/example_branch_operator.py took 0.139 seconds
[2025-05-04T17:20:07.972+0000] {processor.py:186} INFO - Started process (PID=284) to work on /home/airflow/.local/lib/python3.12/site-packages/airflow/example_dags/example_branch_operator.py
[2025-05-04T17:20:07.974+0000] {processor.py:914} INFO - Processing file /home/airflow/.local/lib/python3.12/site-packages/airflow/example_dags/example_branch_operator.py for tasks to queue
[2025-05-04T17:20:07.978+0000] {logging_mixin.py:190} INFO - [2025-05-04T17:20:07.977+0000] {dagbag.py:588} INFO - Filling up the DagBag from /home/airflow/.local/lib/python3.12/site-packages/airflow/example_dags/example_branch_operator.py
[2025-05-04T17:20:08.003+0000] {processor.py:925} INFO - DAG(s) 'example_branch_operator' retrieved from /home/airflow/.local/lib/python3.12/site-packages/airflow/example_dags/example_branch_operator.py
[2025-05-04T17:20:08.045+0000] {logging_mixin.py:190} INFO - [2025-05-04T17:20:08.045+0000] {dag.py:3239} INFO - Sync 1 DAGs
[2025-05-04T17:20:08.083+0000] {logging_mixin.py:190} INFO - [2025-05-04T17:20:08.083+0000] {dag.py:4180} INFO - Setting next_dagrun for example_branch_operator to 2025-05-03 00:00:00+00:00, run_after=2025-05-04 00:00:00+00:00
[2025-05-04T17:20:08.109+0000] {processor.py:208} INFO - Processing /home/airflow/.local/lib/python3.12/site-packages/airflow/example_dags/example_branch_operator.py took 0.145 seconds
[2025-05-04T17:20:39.354+0000] {processor.py:186} INFO - Started process (PID=347) to work on /home/airflow/.local/lib/python3.12/site-packages/airflow/example_dags/example_branch_operator.py
[2025-05-04T17:20:39.357+0000] {processor.py:914} INFO - Processing file /home/airflow/.local/lib/python3.12/site-packages/airflow/example_dags/example_branch_operator.py for tasks to queue
[2025-05-04T17:20:39.359+0000] {logging_mixin.py:190} INFO - [2025-05-04T17:20:39.359+0000] {dagbag.py:588} INFO - Filling up the DagBag from /home/airflow/.local/lib/python3.12/site-packages/airflow/example_dags/example_branch_operator.py
[2025-05-04T17:20:39.385+0000] {processor.py:925} INFO - DAG(s) 'example_branch_operator' retrieved from /home/airflow/.local/lib/python3.12/site-packages/airflow/example_dags/example_branch_operator.py
[2025-05-04T17:20:39.427+0000] {logging_mixin.py:190} INFO - [2025-05-04T17:20:39.427+0000] {dag.py:3239} INFO - Sync 1 DAGs
[2025-05-04T17:20:39.461+0000] {logging_mixin.py:190} INFO - [2025-05-04T17:20:39.460+0000] {dag.py:4180} INFO - Setting next_dagrun for example_branch_operator to 2025-05-03 00:00:00+00:00, run_after=2025-05-04 00:00:00+00:00
[2025-05-04T17:20:39.508+0000] {processor.py:208} INFO - Processing /home/airflow/.local/lib/python3.12/site-packages/airflow/example_dags/example_branch_operator.py took 0.163 seconds
[2025-05-04T17:21:09.679+0000] {processor.py:186} INFO - Started process (PID=410) to work on /home/airflow/.local/lib/python3.12/site-packages/airflow/example_dags/example_branch_operator.py
[2025-05-04T17:21:09.681+0000] {processor.py:914} INFO - Processing file /home/airflow/.local/lib/python3.12/site-packages/airflow/example_dags/example_branch_operator.py for tasks to queue
[2025-05-04T17:21:09.684+0000] {logging_mixin.py:190} INFO - [2025-05-04T17:21:09.683+0000] {dagbag.py:588} INFO - Filling up the DagBag from /home/airflow/.local/lib/python3.12/site-packages/airflow/example_dags/example_branch_operator.py
[2025-05-04T17:21:09.709+0000] {processor.py:925} INFO - DAG(s) 'example_branch_operator' retrieved from /home/airflow/.local/lib/python3.12/site-packages/airflow/example_dags/example_branch_operator.py
[2025-05-04T17:21:09.750+0000] {logging_mixin.py:190} INFO - [2025-05-04T17:21:09.750+0000] {dag.py:3239} INFO - Sync 1 DAGs
[2025-05-04T17:21:09.785+0000] {logging_mixin.py:190} INFO - [2025-05-04T17:21:09.784+0000] {dag.py:4180} INFO - Setting next_dagrun for example_branch_operator to 2025-05-03 00:00:00+00:00, run_after=2025-05-04 00:00:00+00:00
[2025-05-04T17:21:09.809+0000] {processor.py:208} INFO - Processing /home/airflow/.local/lib/python3.12/site-packages/airflow/example_dags/example_branch_operator.py took 0.138 seconds
[2025-05-04T17:21:39.876+0000] {processor.py:186} INFO - Started process (PID=472) to work on /home/airflow/.local/lib/python3.12/site-packages/airflow/example_dags/example_branch_operator.py
[2025-05-04T17:21:39.878+0000] {processor.py:914} INFO - Processing file /home/airflow/.local/lib/python3.12/site-packages/airflow/example_dags/example_branch_operator.py for tasks to queue
[2025-05-04T17:21:39.880+0000] {logging_mixin.py:190} INFO - [2025-05-04T17:21:39.880+0000] {dagbag.py:588} INFO - Filling up the DagBag from /home/airflow/.local/lib/python3.12/site-packages/airflow/example_dags/example_branch_operator.py
[2025-05-04T17:21:39.906+0000] {processor.py:925} INFO - DAG(s) 'example_branch_operator' retrieved from /home/airflow/.local/lib/python3.12/site-packages/airflow/example_dags/example_branch_operator.py
[2025-05-04T17:21:39.947+0000] {logging_mixin.py:190} INFO - [2025-05-04T17:21:39.946+0000] {dag.py:3239} INFO - Sync 1 DAGs
[2025-05-04T17:21:39.979+0000] {logging_mixin.py:190} INFO - [2025-05-04T17:21:39.979+0000] {dag.py:4180} INFO - Setting next_dagrun for example_branch_operator to 2025-05-03 00:00:00+00:00, run_after=2025-05-04 00:00:00+00:00
[2025-05-04T17:21:40.001+0000] {processor.py:208} INFO - Processing /home/airflow/.local/lib/python3.12/site-packages/airflow/example_dags/example_branch_operator.py took 0.134 seconds
[2025-05-04T17:22:10.164+0000] {processor.py:186} INFO - Started process (PID=535) to work on /home/airflow/.local/lib/python3.12/site-packages/airflow/example_dags/example_branch_operator.py
[2025-05-04T17:22:10.167+0000] {processor.py:914} INFO - Processing file /home/airflow/.local/lib/python3.12/site-packages/airflow/example_dags/example_branch_operator.py for tasks to queue
[2025-05-04T17:22:10.169+0000] {logging_mixin.py:190} INFO - [2025-05-04T17:22:10.169+0000] {dagbag.py:588} INFO - Filling up the DagBag from /home/airflow/.local/lib/python3.12/site-packages/airflow/example_dags/example_branch_operator.py
[2025-05-04T17:22:10.195+0000] {processor.py:925} INFO - DAG(s) 'example_branch_operator' retrieved from /home/airflow/.local/lib/python3.12/site-packages/airflow/example_dags/example_branch_operator.py
[2025-05-04T17:22:10.237+0000] {logging_mixin.py:190} INFO - [2025-05-04T17:22:10.237+0000] {dag.py:3239} INFO - Sync 1 DAGs
[2025-05-04T17:22:10.269+0000] {logging_mixin.py:190} INFO - [2025-05-04T17:22:10.269+0000] {dag.py:4180} INFO - Setting next_dagrun for example_branch_operator to 2025-05-03 00:00:00+00:00, run_after=2025-05-04 00:00:00+00:00
[2025-05-04T17:22:10.294+0000] {processor.py:208} INFO - Processing /home/airflow/.local/lib/python3.12/site-packages/airflow/example_dags/example_branch_operator.py took 0.138 seconds
[2025-05-04T17:22:40.371+0000] {processor.py:186} INFO - Started process (PID=598) to work on /home/airflow/.local/lib/python3.12/site-packages/airflow/example_dags/example_branch_operator.py
[2025-05-04T17:22:40.373+0000] {processor.py:914} INFO - Processing file /home/airflow/.local/lib/python3.12/site-packages/airflow/example_dags/example_branch_operator.py for tasks to queue
[2025-05-04T17:22:40.376+0000] {logging_mixin.py:190} INFO - [2025-05-04T17:22:40.375+0000] {dagbag.py:588} INFO - Filling up the DagBag from /home/airflow/.local/lib/python3.12/site-packages/airflow/example_dags/example_branch_operator.py
[2025-05-04T17:22:40.401+0000] {processor.py:925} INFO - DAG(s) 'example_branch_operator' retrieved from /home/airflow/.local/lib/python3.12/site-packages/airflow/example_dags/example_branch_operator.py
[2025-05-04T17:22:40.442+0000] {logging_mixin.py:190} INFO - [2025-05-04T17:22:40.442+0000] {dag.py:3239} INFO - Sync 1 DAGs
[2025-05-04T17:22:40.476+0000] {logging_mixin.py:190} INFO - [2025-05-04T17:22:40.475+0000] {dag.py:4180} INFO - Setting next_dagrun for example_branch_operator to 2025-05-03 00:00:00+00:00, run_after=2025-05-04 00:00:00+00:00
[2025-05-04T17:22:40.500+0000] {processor.py:208} INFO - Processing /home/airflow/.local/lib/python3.12/site-packages/airflow/example_dags/example_branch_operator.py took 0.138 seconds
[2025-05-04T17:23:10.634+0000] {processor.py:186} INFO - Started process (PID=661) to work on /home/airflow/.local/lib/python3.12/site-packages/airflow/example_dags/example_branch_operator.py
[2025-05-04T17:23:10.636+0000] {processor.py:914} INFO - Processing file /home/airflow/.local/lib/python3.12/site-packages/airflow/example_dags/example_branch_operator.py for tasks to queue
[2025-05-04T17:23:10.639+0000] {logging_mixin.py:190} INFO - [2025-05-04T17:23:10.638+0000] {dagbag.py:588} INFO - Filling up the DagBag from /home/airflow/.local/lib/python3.12/site-packages/airflow/example_dags/example_branch_operator.py
[2025-05-04T17:23:10.662+0000] {processor.py:925} INFO - DAG(s) 'example_branch_operator' retrieved from /home/airflow/.local/lib/python3.12/site-packages/airflow/example_dags/example_branch_operator.py
[2025-05-04T17:23:10.701+0000] {logging_mixin.py:190} INFO - [2025-05-04T17:23:10.701+0000] {dag.py:3239} INFO - Sync 1 DAGs
[2025-05-04T17:23:10.735+0000] {logging_mixin.py:190} INFO - [2025-05-04T17:23:10.735+0000] {dag.py:4180} INFO - Setting next_dagrun for example_branch_operator to 2025-05-03 00:00:00+00:00, run_after=2025-05-04 00:00:00+00:00
[2025-05-04T17:23:10.783+0000] {processor.py:208} INFO - Processing /home/airflow/.local/lib/python3.12/site-packages/airflow/example_dags/example_branch_operator.py took 0.157 seconds
[2025-05-04T17:23:40.847+0000] {processor.py:186} INFO - Started process (PID=724) to work on /home/airflow/.local/lib/python3.12/site-packages/airflow/example_dags/example_branch_operator.py
[2025-05-04T17:23:40.849+0000] {processor.py:914} INFO - Processing file /home/airflow/.local/lib/python3.12/site-packages/airflow/example_dags/example_branch_operator.py for tasks to queue
[2025-05-04T17:23:40.852+0000] {logging_mixin.py:190} INFO - [2025-05-04T17:23:40.852+0000] {dagbag.py:588} INFO - Filling up the DagBag from /home/airflow/.local/lib/python3.12/site-packages/airflow/example_dags/example_branch_operator.py
[2025-05-04T17:23:40.878+0000] {processor.py:925} INFO - DAG(s) 'example_branch_operator' retrieved from /home/airflow/.local/lib/python3.12/site-packages/airflow/example_dags/example_branch_operator.py
[2025-05-04T17:23:40.921+0000] {logging_mixin.py:190} INFO - [2025-05-04T17:23:40.921+0000] {dag.py:3239} INFO - Sync 1 DAGs
[2025-05-04T17:23:40.957+0000] {logging_mixin.py:190} INFO - [2025-05-04T17:23:40.957+0000] {dag.py:4180} INFO - Setting next_dagrun for example_branch_operator to 2025-05-03 00:00:00+00:00, run_after=2025-05-04 00:00:00+00:00
[2025-05-04T17:23:40.981+0000] {processor.py:208} INFO - Processing /home/airflow/.local/lib/python3.12/site-packages/airflow/example_dags/example_branch_operator.py took 0.142 seconds
[2025-05-04T17:24:11.690+0000] {processor.py:186} INFO - Started process (PID=787) to work on /home/airflow/.local/lib/python3.12/site-packages/airflow/example_dags/example_branch_operator.py
[2025-05-04T17:24:11.692+0000] {processor.py:914} INFO - Processing file /home/airflow/.local/lib/python3.12/site-packages/airflow/example_dags/example_branch_operator.py for tasks to queue
[2025-05-04T17:24:11.695+0000] {logging_mixin.py:190} INFO - [2025-05-04T17:24:11.694+0000] {dagbag.py:588} INFO - Filling up the DagBag from /home/airflow/.local/lib/python3.12/site-packages/airflow/example_dags/example_branch_operator.py
[2025-05-04T17:24:11.719+0000] {processor.py:925} INFO - DAG(s) 'example_branch_operator' retrieved from /home/airflow/.local/lib/python3.12/site-packages/airflow/example_dags/example_branch_operator.py
[2025-05-04T17:24:11.759+0000] {logging_mixin.py:190} INFO - [2025-05-04T17:24:11.759+0000] {dag.py:3239} INFO - Sync 1 DAGs
[2025-05-04T17:24:11.791+0000] {logging_mixin.py:190} INFO - [2025-05-04T17:24:11.790+0000] {dag.py:4180} INFO - Setting next_dagrun for example_branch_operator to 2025-05-03 00:00:00+00:00, run_after=2025-05-04 00:00:00+00:00
[2025-05-04T17:24:11.815+0000] {processor.py:208} INFO - Processing /home/airflow/.local/lib/python3.12/site-packages/airflow/example_dags/example_branch_operator.py took 0.133 seconds
[2025-05-04T17:24:42.043+0000] {processor.py:186} INFO - Started process (PID=850) to work on /home/airflow/.local/lib/python3.12/site-packages/airflow/example_dags/example_branch_operator.py
[2025-05-04T17:24:42.044+0000] {processor.py:914} INFO - Processing file /home/airflow/.local/lib/python3.12/site-packages/airflow/example_dags/example_branch_operator.py for tasks to queue
[2025-05-04T17:24:42.047+0000] {logging_mixin.py:190} INFO - [2025-05-04T17:24:42.047+0000] {dagbag.py:588} INFO - Filling up the DagBag from /home/airflow/.local/lib/python3.12/site-packages/airflow/example_dags/example_branch_operator.py
[2025-05-04T17:24:42.073+0000] {processor.py:925} INFO - DAG(s) 'example_branch_operator' retrieved from /home/airflow/.local/lib/python3.12/site-packages/airflow/example_dags/example_branch_operator.py
[2025-05-04T17:24:42.114+0000] {logging_mixin.py:190} INFO - [2025-05-04T17:24:42.114+0000] {dag.py:3239} INFO - Sync 1 DAGs
[2025-05-04T17:24:42.148+0000] {logging_mixin.py:190} INFO - [2025-05-04T17:24:42.147+0000] {dag.py:4180} INFO - Setting next_dagrun for example_branch_operator to 2025-05-03 00:00:00+00:00, run_after=2025-05-04 00:00:00+00:00
[2025-05-04T17:24:42.171+0000] {processor.py:208} INFO - Processing /home/airflow/.local/lib/python3.12/site-packages/airflow/example_dags/example_branch_operator.py took 0.137 seconds
[2025-05-04T17:25:12.322+0000] {processor.py:186} INFO - Started process (PID=913) to work on /home/airflow/.local/lib/python3.12/site-packages/airflow/example_dags/example_branch_operator.py
[2025-05-04T17:25:12.323+0000] {processor.py:914} INFO - Processing file /home/airflow/.local/lib/python3.12/site-packages/airflow/example_dags/example_branch_operator.py for tasks to queue
[2025-05-04T17:25:12.326+0000] {logging_mixin.py:190} INFO - [2025-05-04T17:25:12.325+0000] {dagbag.py:588} INFO - Filling up the DagBag from /home/airflow/.local/lib/python3.12/site-packages/airflow/example_dags/example_branch_operator.py
[2025-05-04T17:25:12.351+0000] {processor.py:925} INFO - DAG(s) 'example_branch_operator' retrieved from /home/airflow/.local/lib/python3.12/site-packages/airflow/example_dags/example_branch_operator.py
[2025-05-04T17:25:12.393+0000] {logging_mixin.py:190} INFO - [2025-05-04T17:25:12.393+0000] {dag.py:3239} INFO - Sync 1 DAGs
[2025-05-04T17:25:12.427+0000] {logging_mixin.py:190} INFO - [2025-05-04T17:25:12.427+0000] {dag.py:4180} INFO - Setting next_dagrun for example_branch_operator to 2025-05-03 00:00:00+00:00, run_after=2025-05-04 00:00:00+00:00
[2025-05-04T17:25:12.453+0000] {processor.py:208} INFO - Processing /home/airflow/.local/lib/python3.12/site-packages/airflow/example_dags/example_branch_operator.py took 0.139 seconds
[2025-05-04T17:25:42.883+0000] {processor.py:186} INFO - Started process (PID=976) to work on /home/airflow/.local/lib/python3.12/site-packages/airflow/example_dags/example_branch_operator.py
[2025-05-04T17:25:42.885+0000] {processor.py:914} INFO - Processing file /home/airflow/.local/lib/python3.12/site-packages/airflow/example_dags/example_branch_operator.py for tasks to queue
[2025-05-04T17:25:42.888+0000] {logging_mixin.py:190} INFO - [2025-05-04T17:25:42.887+0000] {dagbag.py:588} INFO - Filling up the DagBag from /home/airflow/.local/lib/python3.12/site-packages/airflow/example_dags/example_branch_operator.py
[2025-05-04T17:25:42.913+0000] {processor.py:925} INFO - DAG(s) 'example_branch_operator' retrieved from /home/airflow/.local/lib/python3.12/site-packages/airflow/example_dags/example_branch_operator.py
[2025-05-04T17:25:42.956+0000] {logging_mixin.py:190} INFO - [2025-05-04T17:25:42.955+0000] {dag.py:3239} INFO - Sync 1 DAGs
[2025-05-04T17:25:42.990+0000] {logging_mixin.py:190} INFO - [2025-05-04T17:25:42.990+0000] {dag.py:4180} INFO - Setting next_dagrun for example_branch_operator to 2025-05-03 00:00:00+00:00, run_after=2025-05-04 00:00:00+00:00
[2025-05-04T17:25:43.013+0000] {processor.py:208} INFO - Processing /home/airflow/.local/lib/python3.12/site-packages/airflow/example_dags/example_branch_operator.py took 0.139 seconds
[2025-05-04T17:26:13.410+0000] {processor.py:186} INFO - Started process (PID=1039) to work on /home/airflow/.local/lib/python3.12/site-packages/airflow/example_dags/example_branch_operator.py
[2025-05-04T17:26:13.412+0000] {processor.py:914} INFO - Processing file /home/airflow/.local/lib/python3.12/site-packages/airflow/example_dags/example_branch_operator.py for tasks to queue
[2025-05-04T17:26:13.416+0000] {logging_mixin.py:190} INFO - [2025-05-04T17:26:13.415+0000] {dagbag.py:588} INFO - Filling up the DagBag from /home/airflow/.local/lib/python3.12/site-packages/airflow/example_dags/example_branch_operator.py
[2025-05-04T17:26:13.446+0000] {processor.py:925} INFO - DAG(s) 'example_branch_operator' retrieved from /home/airflow/.local/lib/python3.12/site-packages/airflow/example_dags/example_branch_operator.py
[2025-05-04T17:26:13.491+0000] {logging_mixin.py:190} INFO - [2025-05-04T17:26:13.491+0000] {dag.py:3239} INFO - Sync 1 DAGs
[2025-05-04T17:26:13.533+0000] {logging_mixin.py:190} INFO - [2025-05-04T17:26:13.533+0000] {dag.py:4180} INFO - Setting next_dagrun for example_branch_operator to 2025-05-03 00:00:00+00:00, run_after=2025-05-04 00:00:00+00:00
[2025-05-04T17:26:13.564+0000] {processor.py:208} INFO - Processing /home/airflow/.local/lib/python3.12/site-packages/airflow/example_dags/example_branch_operator.py took 0.164 seconds
[2025-05-04T17:26:44.057+0000] {processor.py:186} INFO - Started process (PID=1102) to work on /home/airflow/.local/lib/python3.12/site-packages/airflow/example_dags/example_branch_operator.py
[2025-05-04T17:26:44.058+0000] {processor.py:914} INFO - Processing file /home/airflow/.local/lib/python3.12/site-packages/airflow/example_dags/example_branch_operator.py for tasks to queue
[2025-05-04T17:26:44.061+0000] {logging_mixin.py:190} INFO - [2025-05-04T17:26:44.061+0000] {dagbag.py:588} INFO - Filling up the DagBag from /home/airflow/.local/lib/python3.12/site-packages/airflow/example_dags/example_branch_operator.py
[2025-05-04T17:26:44.090+0000] {processor.py:925} INFO - DAG(s) 'example_branch_operator' retrieved from /home/airflow/.local/lib/python3.12/site-packages/airflow/example_dags/example_branch_operator.py
[2025-05-04T17:26:44.132+0000] {logging_mixin.py:190} INFO - [2025-05-04T17:26:44.132+0000] {dag.py:3239} INFO - Sync 1 DAGs
[2025-05-04T17:26:44.166+0000] {logging_mixin.py:190} INFO - [2025-05-04T17:26:44.166+0000] {dag.py:4180} INFO - Setting next_dagrun for example_branch_operator to 2025-05-03 00:00:00+00:00, run_after=2025-05-04 00:00:00+00:00
[2025-05-04T17:26:44.191+0000] {processor.py:208} INFO - Processing /home/airflow/.local/lib/python3.12/site-packages/airflow/example_dags/example_branch_operator.py took 0.143 seconds
