[2025-05-04T17:18:31.633+0000] {processor.py:186} INFO - Started process (PID=59) to work on /home/airflow/.local/lib/python3.12/site-packages/airflow/example_dags/example_sensors.py
[2025-05-04T17:18:31.634+0000] {processor.py:914} INFO - Processing file /home/airflow/.local/lib/python3.12/site-packages/airflow/example_dags/example_sensors.py for tasks to queue
[2025-05-04T17:18:31.635+0000] {logging_mixin.py:190} INFO - [2025-05-04T17:18:31.635+0000] {dagbag.py:588} INFO - Filling up the DagBag from /home/airflow/.local/lib/python3.12/site-packages/airflow/example_dags/example_sensors.py
[2025-05-04T17:18:31.648+0000] {processor.py:925} INFO - DAG(s) 'example_sensors' retrieved from /home/airflow/.local/lib/python3.12/site-packages/airflow/example_dags/example_sensors.py
[2025-05-04T17:18:31.853+0000] {logging_mixin.py:190} INFO - [2025-05-04T17:18:31.852+0000] {override.py:1912} INFO - Created Permission View: can read on DAG:example_sensors
[2025-05-04T17:18:31.868+0000] {logging_mixin.py:190} INFO - [2025-05-04T17:18:31.868+0000] {override.py:1912} INFO - Created Permission View: can edit on DAG:example_sensors
[2025-05-04T17:18:31.874+0000] {logging_mixin.py:190} INFO - [2025-05-04T17:18:31.873+0000] {override.py:1912} INFO - Created Permission View: can delete on DAG:example_sensors
[2025-05-04T17:18:31.879+0000] {logging_mixin.py:190} INFO - [2025-05-04T17:18:31.879+0000] {override.py:1912} INFO - Created Permission View: can read on DAG Run:example_sensors
[2025-05-04T17:18:31.884+0000] {logging_mixin.py:190} INFO - [2025-05-04T17:18:31.884+0000] {override.py:1912} INFO - Created Permission View: can create on DAG Run:example_sensors
[2025-05-04T17:18:31.888+0000] {logging_mixin.py:190} INFO - [2025-05-04T17:18:31.888+0000] {override.py:1912} INFO - Created Permission View: can delete on DAG Run:example_sensors
[2025-05-04T17:18:31.893+0000] {logging_mixin.py:190} INFO - [2025-05-04T17:18:31.892+0000] {override.py:1912} INFO - Created Permission View: menu access on DAG Run:example_sensors
[2025-05-04T17:18:31.893+0000] {logging_mixin.py:190} INFO - [2025-05-04T17:18:31.893+0000] {dag.py:3239} INFO - Sync 1 DAGs
[2025-05-04T17:18:31.904+0000] {logging_mixin.py:190} INFO - [2025-05-04T17:18:31.903+0000] {dag.py:3262} INFO - Creating ORM DAG for example_sensors
[2025-05-04T17:18:31.904+0000] {logging_mixin.py:190} INFO - [2025-05-04T17:18:31.904+0000] {dag.py:4180} INFO - Setting next_dagrun for example_sensors to None, run_after=None
[2025-05-04T17:18:31.922+0000] {processor.py:208} INFO - Processing /home/airflow/.local/lib/python3.12/site-packages/airflow/example_dags/example_sensors.py took 0.296 seconds
[2025-05-04T17:19:02.166+0000] {processor.py:186} INFO - Started process (PID=122) to work on /home/airflow/.local/lib/python3.12/site-packages/airflow/example_dags/example_sensors.py
[2025-05-04T17:19:02.167+0000] {processor.py:914} INFO - Processing file /home/airflow/.local/lib/python3.12/site-packages/airflow/example_dags/example_sensors.py for tasks to queue
[2025-05-04T17:19:02.170+0000] {logging_mixin.py:190} INFO - [2025-05-04T17:19:02.169+0000] {dagbag.py:588} INFO - Filling up the DagBag from /home/airflow/.local/lib/python3.12/site-packages/airflow/example_dags/example_sensors.py
[2025-05-04T17:19:02.185+0000] {processor.py:925} INFO - DAG(s) 'example_sensors' retrieved from /home/airflow/.local/lib/python3.12/site-packages/airflow/example_dags/example_sensors.py
[2025-05-04T17:19:02.221+0000] {logging_mixin.py:190} INFO - [2025-05-04T17:19:02.220+0000] {dag.py:3239} INFO - Sync 1 DAGs
[2025-05-04T17:19:02.242+0000] {logging_mixin.py:190} INFO - [2025-05-04T17:19:02.242+0000] {dag.py:4180} INFO - Setting next_dagrun for example_sensors to None, run_after=None
[2025-05-04T17:19:02.266+0000] {processor.py:208} INFO - Processing /home/airflow/.local/lib/python3.12/site-packages/airflow/example_dags/example_sensors.py took 0.107 seconds
[2025-05-04T17:19:32.337+0000] {processor.py:186} INFO - Started process (PID=191) to work on /home/airflow/.local/lib/python3.12/site-packages/airflow/example_dags/example_sensors.py
[2025-05-04T17:19:32.351+0000] {processor.py:914} INFO - Processing file /home/airflow/.local/lib/python3.12/site-packages/airflow/example_dags/example_sensors.py for tasks to queue
[2025-05-04T17:19:32.354+0000] {logging_mixin.py:190} INFO - [2025-05-04T17:19:32.354+0000] {dagbag.py:588} INFO - Filling up the DagBag from /home/airflow/.local/lib/python3.12/site-packages/airflow/example_dags/example_sensors.py
[2025-05-04T17:19:32.368+0000] {processor.py:925} INFO - DAG(s) 'example_sensors' retrieved from /home/airflow/.local/lib/python3.12/site-packages/airflow/example_dags/example_sensors.py
[2025-05-04T17:19:32.406+0000] {logging_mixin.py:190} INFO - [2025-05-04T17:19:32.406+0000] {dag.py:3239} INFO - Sync 1 DAGs
[2025-05-04T17:19:32.426+0000] {logging_mixin.py:190} INFO - [2025-05-04T17:19:32.425+0000] {dag.py:4180} INFO - Setting next_dagrun for example_sensors to None, run_after=None
[2025-05-04T17:19:32.451+0000] {processor.py:208} INFO - Processing /home/airflow/.local/lib/python3.12/site-packages/airflow/example_dags/example_sensors.py took 0.122 seconds
[2025-05-04T17:20:02.673+0000] {processor.py:186} INFO - Started process (PID=254) to work on /home/airflow/.local/lib/python3.12/site-packages/airflow/example_dags/example_sensors.py
[2025-05-04T17:20:02.685+0000] {processor.py:914} INFO - Processing file /home/airflow/.local/lib/python3.12/site-packages/airflow/example_dags/example_sensors.py for tasks to queue
[2025-05-04T17:20:02.688+0000] {logging_mixin.py:190} INFO - [2025-05-04T17:20:02.688+0000] {dagbag.py:588} INFO - Filling up the DagBag from /home/airflow/.local/lib/python3.12/site-packages/airflow/example_dags/example_sensors.py
[2025-05-04T17:20:02.702+0000] {processor.py:925} INFO - DAG(s) 'example_sensors' retrieved from /home/airflow/.local/lib/python3.12/site-packages/airflow/example_dags/example_sensors.py
[2025-05-04T17:20:02.742+0000] {logging_mixin.py:190} INFO - [2025-05-04T17:20:02.741+0000] {dag.py:3239} INFO - Sync 1 DAGs
[2025-05-04T17:20:02.764+0000] {logging_mixin.py:190} INFO - [2025-05-04T17:20:02.764+0000] {dag.py:4180} INFO - Setting next_dagrun for example_sensors to None, run_after=None
[2025-05-04T17:20:02.790+0000] {processor.py:208} INFO - Processing /home/airflow/.local/lib/python3.12/site-packages/airflow/example_dags/example_sensors.py took 0.124 seconds
[2025-05-04T17:20:33.765+0000] {processor.py:186} INFO - Started process (PID=317) to work on /home/airflow/.local/lib/python3.12/site-packages/airflow/example_dags/example_sensors.py
[2025-05-04T17:20:33.774+0000] {processor.py:914} INFO - Processing file /home/airflow/.local/lib/python3.12/site-packages/airflow/example_dags/example_sensors.py for tasks to queue
[2025-05-04T17:20:33.778+0000] {logging_mixin.py:190} INFO - [2025-05-04T17:20:33.777+0000] {dagbag.py:588} INFO - Filling up the DagBag from /home/airflow/.local/lib/python3.12/site-packages/airflow/example_dags/example_sensors.py
[2025-05-04T17:20:33.795+0000] {processor.py:925} INFO - DAG(s) 'example_sensors' retrieved from /home/airflow/.local/lib/python3.12/site-packages/airflow/example_dags/example_sensors.py
[2025-05-04T17:20:33.838+0000] {logging_mixin.py:190} INFO - [2025-05-04T17:20:33.838+0000] {dag.py:3239} INFO - Sync 1 DAGs
[2025-05-04T17:20:33.861+0000] {logging_mixin.py:190} INFO - [2025-05-04T17:20:33.860+0000] {dag.py:4180} INFO - Setting next_dagrun for example_sensors to None, run_after=None
[2025-05-04T17:20:33.890+0000] {processor.py:208} INFO - Processing /home/airflow/.local/lib/python3.12/site-packages/airflow/example_dags/example_sensors.py took 0.134 seconds
[2025-05-04T17:21:04.107+0000] {processor.py:186} INFO - Started process (PID=380) to work on /home/airflow/.local/lib/python3.12/site-packages/airflow/example_dags/example_sensors.py
[2025-05-04T17:21:04.115+0000] {processor.py:914} INFO - Processing file /home/airflow/.local/lib/python3.12/site-packages/airflow/example_dags/example_sensors.py for tasks to queue
[2025-05-04T17:21:04.119+0000] {logging_mixin.py:190} INFO - [2025-05-04T17:21:04.118+0000] {dagbag.py:588} INFO - Filling up the DagBag from /home/airflow/.local/lib/python3.12/site-packages/airflow/example_dags/example_sensors.py
[2025-05-04T17:21:04.134+0000] {processor.py:925} INFO - DAG(s) 'example_sensors' retrieved from /home/airflow/.local/lib/python3.12/site-packages/airflow/example_dags/example_sensors.py
[2025-05-04T17:21:04.173+0000] {logging_mixin.py:190} INFO - [2025-05-04T17:21:04.172+0000] {dag.py:3239} INFO - Sync 1 DAGs
[2025-05-04T17:21:04.192+0000] {logging_mixin.py:190} INFO - [2025-05-04T17:21:04.192+0000] {dag.py:4180} INFO - Setting next_dagrun for example_sensors to None, run_after=None
[2025-05-04T17:21:04.216+0000] {processor.py:208} INFO - Processing /home/airflow/.local/lib/python3.12/site-packages/airflow/example_dags/example_sensors.py took 0.117 seconds
[2025-05-04T17:21:34.394+0000] {processor.py:186} INFO - Started process (PID=443) to work on /home/airflow/.local/lib/python3.12/site-packages/airflow/example_dags/example_sensors.py
[2025-05-04T17:21:34.396+0000] {processor.py:914} INFO - Processing file /home/airflow/.local/lib/python3.12/site-packages/airflow/example_dags/example_sensors.py for tasks to queue
[2025-05-04T17:21:34.399+0000] {logging_mixin.py:190} INFO - [2025-05-04T17:21:34.398+0000] {dagbag.py:588} INFO - Filling up the DagBag from /home/airflow/.local/lib/python3.12/site-packages/airflow/example_dags/example_sensors.py
[2025-05-04T17:21:34.414+0000] {processor.py:925} INFO - DAG(s) 'example_sensors' retrieved from /home/airflow/.local/lib/python3.12/site-packages/airflow/example_dags/example_sensors.py
[2025-05-04T17:21:34.450+0000] {logging_mixin.py:190} INFO - [2025-05-04T17:21:34.450+0000] {dag.py:3239} INFO - Sync 1 DAGs
[2025-05-04T17:21:34.469+0000] {logging_mixin.py:190} INFO - [2025-05-04T17:21:34.469+0000] {dag.py:4180} INFO - Setting next_dagrun for example_sensors to None, run_after=None
[2025-05-04T17:21:34.492+0000] {processor.py:208} INFO - Processing /home/airflow/.local/lib/python3.12/site-packages/airflow/example_dags/example_sensors.py took 0.108 seconds
[2025-05-04T17:22:04.621+0000] {processor.py:186} INFO - Started process (PID=506) to work on /home/airflow/.local/lib/python3.12/site-packages/airflow/example_dags/example_sensors.py
[2025-05-04T17:22:04.633+0000] {processor.py:914} INFO - Processing file /home/airflow/.local/lib/python3.12/site-packages/airflow/example_dags/example_sensors.py for tasks to queue
[2025-05-04T17:22:04.637+0000] {logging_mixin.py:190} INFO - [2025-05-04T17:22:04.636+0000] {dagbag.py:588} INFO - Filling up the DagBag from /home/airflow/.local/lib/python3.12/site-packages/airflow/example_dags/example_sensors.py
[2025-05-04T17:22:04.652+0000] {processor.py:925} INFO - DAG(s) 'example_sensors' retrieved from /home/airflow/.local/lib/python3.12/site-packages/airflow/example_dags/example_sensors.py
[2025-05-04T17:22:04.692+0000] {logging_mixin.py:190} INFO - [2025-05-04T17:22:04.691+0000] {dag.py:3239} INFO - Sync 1 DAGs
[2025-05-04T17:22:04.712+0000] {logging_mixin.py:190} INFO - [2025-05-04T17:22:04.712+0000] {dag.py:4180} INFO - Setting next_dagrun for example_sensors to None, run_after=None
[2025-05-04T17:22:04.736+0000] {processor.py:208} INFO - Processing /home/airflow/.local/lib/python3.12/site-packages/airflow/example_dags/example_sensors.py took 0.124 seconds
[2025-05-04T17:22:35.078+0000] {processor.py:186} INFO - Started process (PID=569) to work on /home/airflow/.local/lib/python3.12/site-packages/airflow/example_dags/example_sensors.py
[2025-05-04T17:22:35.082+0000] {processor.py:914} INFO - Processing file /home/airflow/.local/lib/python3.12/site-packages/airflow/example_dags/example_sensors.py for tasks to queue
[2025-05-04T17:22:35.085+0000] {logging_mixin.py:190} INFO - [2025-05-04T17:22:35.084+0000] {dagbag.py:588} INFO - Filling up the DagBag from /home/airflow/.local/lib/python3.12/site-packages/airflow/example_dags/example_sensors.py
[2025-05-04T17:22:35.099+0000] {processor.py:925} INFO - DAG(s) 'example_sensors' retrieved from /home/airflow/.local/lib/python3.12/site-packages/airflow/example_dags/example_sensors.py
[2025-05-04T17:22:35.135+0000] {logging_mixin.py:190} INFO - [2025-05-04T17:22:35.134+0000] {dag.py:3239} INFO - Sync 1 DAGs
[2025-05-04T17:22:35.153+0000] {logging_mixin.py:190} INFO - [2025-05-04T17:22:35.153+0000] {dag.py:4180} INFO - Setting next_dagrun for example_sensors to None, run_after=None
[2025-05-04T17:22:35.177+0000] {processor.py:208} INFO - Processing /home/airflow/.local/lib/python3.12/site-packages/airflow/example_dags/example_sensors.py took 0.106 seconds
[2025-05-04T17:23:05.791+0000] {processor.py:186} INFO - Started process (PID=632) to work on /home/airflow/.local/lib/python3.12/site-packages/airflow/example_dags/example_sensors.py
[2025-05-04T17:23:05.801+0000] {processor.py:914} INFO - Processing file /home/airflow/.local/lib/python3.12/site-packages/airflow/example_dags/example_sensors.py for tasks to queue
[2025-05-04T17:23:05.804+0000] {logging_mixin.py:190} INFO - [2025-05-04T17:23:05.804+0000] {dagbag.py:588} INFO - Filling up the DagBag from /home/airflow/.local/lib/python3.12/site-packages/airflow/example_dags/example_sensors.py
[2025-05-04T17:23:05.820+0000] {processor.py:925} INFO - DAG(s) 'example_sensors' retrieved from /home/airflow/.local/lib/python3.12/site-packages/airflow/example_dags/example_sensors.py
[2025-05-04T17:23:05.858+0000] {logging_mixin.py:190} INFO - [2025-05-04T17:23:05.857+0000] {dag.py:3239} INFO - Sync 1 DAGs
[2025-05-04T17:23:05.876+0000] {logging_mixin.py:190} INFO - [2025-05-04T17:23:05.876+0000] {dag.py:4180} INFO - Setting next_dagrun for example_sensors to None, run_after=None
[2025-05-04T17:23:05.902+0000] {processor.py:208} INFO - Processing /home/airflow/.local/lib/python3.12/site-packages/airflow/example_dags/example_sensors.py took 0.120 seconds
[2025-05-04T17:23:35.983+0000] {processor.py:186} INFO - Started process (PID=695) to work on /home/airflow/.local/lib/python3.12/site-packages/airflow/example_dags/example_sensors.py
[2025-05-04T17:23:35.997+0000] {processor.py:914} INFO - Processing file /home/airflow/.local/lib/python3.12/site-packages/airflow/example_dags/example_sensors.py for tasks to queue
[2025-05-04T17:23:36.000+0000] {logging_mixin.py:190} INFO - [2025-05-04T17:23:35.999+0000] {dagbag.py:588} INFO - Filling up the DagBag from /home/airflow/.local/lib/python3.12/site-packages/airflow/example_dags/example_sensors.py
[2025-05-04T17:23:36.014+0000] {processor.py:925} INFO - DAG(s) 'example_sensors' retrieved from /home/airflow/.local/lib/python3.12/site-packages/airflow/example_dags/example_sensors.py
[2025-05-04T17:23:36.049+0000] {logging_mixin.py:190} INFO - [2025-05-04T17:23:36.049+0000] {dag.py:3239} INFO - Sync 1 DAGs
[2025-05-04T17:23:36.068+0000] {logging_mixin.py:190} INFO - [2025-05-04T17:23:36.068+0000] {dag.py:4180} INFO - Setting next_dagrun for example_sensors to None, run_after=None
[2025-05-04T17:23:36.092+0000] {processor.py:208} INFO - Processing /home/airflow/.local/lib/python3.12/site-packages/airflow/example_dags/example_sensors.py took 0.116 seconds
[2025-05-04T17:24:07.140+0000] {processor.py:186} INFO - Started process (PID=758) to work on /home/airflow/.local/lib/python3.12/site-packages/airflow/example_dags/example_sensors.py
[2025-05-04T17:24:07.152+0000] {processor.py:914} INFO - Processing file /home/airflow/.local/lib/python3.12/site-packages/airflow/example_dags/example_sensors.py for tasks to queue
[2025-05-04T17:24:07.155+0000] {logging_mixin.py:190} INFO - [2025-05-04T17:24:07.154+0000] {dagbag.py:588} INFO - Filling up the DagBag from /home/airflow/.local/lib/python3.12/site-packages/airflow/example_dags/example_sensors.py
[2025-05-04T17:24:07.170+0000] {processor.py:925} INFO - DAG(s) 'example_sensors' retrieved from /home/airflow/.local/lib/python3.12/site-packages/airflow/example_dags/example_sensors.py
[2025-05-04T17:24:07.208+0000] {logging_mixin.py:190} INFO - [2025-05-04T17:24:07.207+0000] {dag.py:3239} INFO - Sync 1 DAGs
[2025-05-04T17:24:07.227+0000] {logging_mixin.py:190} INFO - [2025-05-04T17:24:07.227+0000] {dag.py:4180} INFO - Setting next_dagrun for example_sensors to None, run_after=None
[2025-05-04T17:24:07.251+0000] {processor.py:208} INFO - Processing /home/airflow/.local/lib/python3.12/site-packages/airflow/example_dags/example_sensors.py took 0.119 seconds
[2025-05-04T17:24:37.379+0000] {processor.py:186} INFO - Started process (PID=821) to work on /home/airflow/.local/lib/python3.12/site-packages/airflow/example_dags/example_sensors.py
[2025-05-04T17:24:37.391+0000] {processor.py:914} INFO - Processing file /home/airflow/.local/lib/python3.12/site-packages/airflow/example_dags/example_sensors.py for tasks to queue
[2025-05-04T17:24:37.395+0000] {logging_mixin.py:190} INFO - [2025-05-04T17:24:37.394+0000] {dagbag.py:588} INFO - Filling up the DagBag from /home/airflow/.local/lib/python3.12/site-packages/airflow/example_dags/example_sensors.py
[2025-05-04T17:24:37.410+0000] {processor.py:925} INFO - DAG(s) 'example_sensors' retrieved from /home/airflow/.local/lib/python3.12/site-packages/airflow/example_dags/example_sensors.py
[2025-05-04T17:24:37.449+0000] {logging_mixin.py:190} INFO - [2025-05-04T17:24:37.448+0000] {dag.py:3239} INFO - Sync 1 DAGs
[2025-05-04T17:24:37.470+0000] {logging_mixin.py:190} INFO - [2025-05-04T17:24:37.470+0000] {dag.py:4180} INFO - Setting next_dagrun for example_sensors to None, run_after=None
[2025-05-04T17:24:37.493+0000] {processor.py:208} INFO - Processing /home/airflow/.local/lib/python3.12/site-packages/airflow/example_dags/example_sensors.py took 0.123 seconds
[2025-05-04T17:25:07.622+0000] {processor.py:186} INFO - Started process (PID=884) to work on /home/airflow/.local/lib/python3.12/site-packages/airflow/example_dags/example_sensors.py
[2025-05-04T17:25:07.623+0000] {processor.py:914} INFO - Processing file /home/airflow/.local/lib/python3.12/site-packages/airflow/example_dags/example_sensors.py for tasks to queue
[2025-05-04T17:25:07.626+0000] {logging_mixin.py:190} INFO - [2025-05-04T17:25:07.625+0000] {dagbag.py:588} INFO - Filling up the DagBag from /home/airflow/.local/lib/python3.12/site-packages/airflow/example_dags/example_sensors.py
[2025-05-04T17:25:07.642+0000] {processor.py:925} INFO - DAG(s) 'example_sensors' retrieved from /home/airflow/.local/lib/python3.12/site-packages/airflow/example_dags/example_sensors.py
[2025-05-04T17:25:07.683+0000] {logging_mixin.py:190} INFO - [2025-05-04T17:25:07.682+0000] {dag.py:3239} INFO - Sync 1 DAGs
[2025-05-04T17:25:07.704+0000] {logging_mixin.py:190} INFO - [2025-05-04T17:25:07.704+0000] {dag.py:4180} INFO - Setting next_dagrun for example_sensors to None, run_after=None
[2025-05-04T17:25:07.727+0000] {processor.py:208} INFO - Processing /home/airflow/.local/lib/python3.12/site-packages/airflow/example_dags/example_sensors.py took 0.114 seconds
[2025-05-04T17:25:38.290+0000] {processor.py:186} INFO - Started process (PID=947) to work on /home/airflow/.local/lib/python3.12/site-packages/airflow/example_dags/example_sensors.py
[2025-05-04T17:25:38.292+0000] {processor.py:914} INFO - Processing file /home/airflow/.local/lib/python3.12/site-packages/airflow/example_dags/example_sensors.py for tasks to queue
[2025-05-04T17:25:38.295+0000] {logging_mixin.py:190} INFO - [2025-05-04T17:25:38.294+0000] {dagbag.py:588} INFO - Filling up the DagBag from /home/airflow/.local/lib/python3.12/site-packages/airflow/example_dags/example_sensors.py
[2025-05-04T17:25:38.310+0000] {processor.py:925} INFO - DAG(s) 'example_sensors' retrieved from /home/airflow/.local/lib/python3.12/site-packages/airflow/example_dags/example_sensors.py
[2025-05-04T17:25:38.346+0000] {logging_mixin.py:190} INFO - [2025-05-04T17:25:38.346+0000] {dag.py:3239} INFO - Sync 1 DAGs
[2025-05-04T17:25:38.365+0000] {logging_mixin.py:190} INFO - [2025-05-04T17:25:38.365+0000] {dag.py:4180} INFO - Setting next_dagrun for example_sensors to None, run_after=None
[2025-05-04T17:25:38.389+0000] {processor.py:208} INFO - Processing /home/airflow/.local/lib/python3.12/site-packages/airflow/example_dags/example_sensors.py took 0.107 seconds
[2025-05-04T17:26:08.616+0000] {processor.py:186} INFO - Started process (PID=1010) to work on /home/airflow/.local/lib/python3.12/site-packages/airflow/example_dags/example_sensors.py
[2025-05-04T17:26:08.618+0000] {processor.py:914} INFO - Processing file /home/airflow/.local/lib/python3.12/site-packages/airflow/example_dags/example_sensors.py for tasks to queue
[2025-05-04T17:26:08.621+0000] {logging_mixin.py:190} INFO - [2025-05-04T17:26:08.621+0000] {dagbag.py:588} INFO - Filling up the DagBag from /home/airflow/.local/lib/python3.12/site-packages/airflow/example_dags/example_sensors.py
[2025-05-04T17:26:08.638+0000] {processor.py:925} INFO - DAG(s) 'example_sensors' retrieved from /home/airflow/.local/lib/python3.12/site-packages/airflow/example_dags/example_sensors.py
[2025-05-04T17:26:08.673+0000] {logging_mixin.py:190} INFO - [2025-05-04T17:26:08.673+0000] {dag.py:3239} INFO - Sync 1 DAGs
[2025-05-04T17:26:08.692+0000] {logging_mixin.py:190} INFO - [2025-05-04T17:26:08.692+0000] {dag.py:4180} INFO - Setting next_dagrun for example_sensors to None, run_after=None
[2025-05-04T17:26:08.714+0000] {processor.py:208} INFO - Processing /home/airflow/.local/lib/python3.12/site-packages/airflow/example_dags/example_sensors.py took 0.106 seconds
[2025-05-04T17:26:39.336+0000] {processor.py:186} INFO - Started process (PID=1073) to work on /home/airflow/.local/lib/python3.12/site-packages/airflow/example_dags/example_sensors.py
[2025-05-04T17:26:39.345+0000] {processor.py:914} INFO - Processing file /home/airflow/.local/lib/python3.12/site-packages/airflow/example_dags/example_sensors.py for tasks to queue
[2025-05-04T17:26:39.349+0000] {logging_mixin.py:190} INFO - [2025-05-04T17:26:39.348+0000] {dagbag.py:588} INFO - Filling up the DagBag from /home/airflow/.local/lib/python3.12/site-packages/airflow/example_dags/example_sensors.py
[2025-05-04T17:26:39.364+0000] {processor.py:925} INFO - DAG(s) 'example_sensors' retrieved from /home/airflow/.local/lib/python3.12/site-packages/airflow/example_dags/example_sensors.py
[2025-05-04T17:26:39.403+0000] {logging_mixin.py:190} INFO - [2025-05-04T17:26:39.403+0000] {dag.py:3239} INFO - Sync 1 DAGs
[2025-05-04T17:26:39.422+0000] {logging_mixin.py:190} INFO - [2025-05-04T17:26:39.422+0000] {dag.py:4180} INFO - Setting next_dagrun for example_sensors to None, run_after=None
[2025-05-04T17:26:39.446+0000] {processor.py:208} INFO - Processing /home/airflow/.local/lib/python3.12/site-packages/airflow/example_dags/example_sensors.py took 0.119 seconds
