[2025-05-04T17:18:35.427+0000] {processor.py:186} INFO - Started process (PID=90) to work on /home/airflow/.local/lib/python3.12/site-packages/airflow/example_dags/example_params_trigger_ui.py
[2025-05-04T17:18:35.427+0000] {processor.py:914} INFO - Processing file /home/airflow/.local/lib/python3.12/site-packages/airflow/example_dags/example_params_trigger_ui.py for tasks to queue
[2025-05-04T17:18:35.429+0000] {logging_mixin.py:190} INFO - [2025-05-04T17:18:35.429+0000] {dagbag.py:588} INFO - Filling up the DagBag from /home/airflow/.local/lib/python3.12/site-packages/airflow/example_dags/example_params_trigger_ui.py
[2025-05-04T17:18:35.438+0000] {processor.py:925} INFO - DAG(s) 'example_params_trigger_ui' retrieved from /home/airflow/.local/lib/python3.12/site-packages/airflow/example_dags/example_params_trigger_ui.py
[2025-05-04T17:18:35.540+0000] {logging_mixin.py:190} INFO - [2025-05-04T17:18:35.540+0000] {override.py:1912} INFO - Created Permission View: can read on DAG:example_params_trigger_ui
[2025-05-04T17:18:35.546+0000] {logging_mixin.py:190} INFO - [2025-05-04T17:18:35.546+0000] {override.py:1912} INFO - Created Permission View: can edit on DAG:example_params_trigger_ui
[2025-05-04T17:18:35.550+0000] {logging_mixin.py:190} INFO - [2025-05-04T17:18:35.550+0000] {override.py:1912} INFO - Created Permission View: can delete on DAG:example_params_trigger_ui
[2025-05-04T17:18:35.554+0000] {logging_mixin.py:190} INFO - [2025-05-04T17:18:35.554+0000] {override.py:1912} INFO - Created Permission View: can read on DAG Run:example_params_trigger_ui
[2025-05-04T17:18:35.558+0000] {logging_mixin.py:190} INFO - [2025-05-04T17:18:35.557+0000] {override.py:1912} INFO - Created Permission View: can create on DAG Run:example_params_trigger_ui
[2025-05-04T17:18:35.562+0000] {logging_mixin.py:190} INFO - [2025-05-04T17:18:35.561+0000] {override.py:1912} INFO - Created Permission View: can delete on DAG Run:example_params_trigger_ui
[2025-05-04T17:18:35.566+0000] {logging_mixin.py:190} INFO - [2025-05-04T17:18:35.565+0000] {override.py:1912} INFO - Created Permission View: menu access on DAG Run:example_params_trigger_ui
[2025-05-04T17:18:35.566+0000] {logging_mixin.py:190} INFO - [2025-05-04T17:18:35.566+0000] {dag.py:3239} INFO - Sync 1 DAGs
[2025-05-04T17:18:35.575+0000] {logging_mixin.py:190} INFO - [2025-05-04T17:18:35.575+0000] {dag.py:3262} INFO - Creating ORM DAG for example_params_trigger_ui
[2025-05-04T17:18:35.576+0000] {logging_mixin.py:190} INFO - [2025-05-04T17:18:35.576+0000] {dag.py:4180} INFO - Setting next_dagrun for example_params_trigger_ui to None, run_after=None
[2025-05-04T17:18:35.588+0000] {processor.py:208} INFO - Processing /home/airflow/.local/lib/python3.12/site-packages/airflow/example_dags/example_params_trigger_ui.py took 0.166 seconds
[2025-05-04T17:19:06.040+0000] {processor.py:186} INFO - Started process (PID=153) to work on /home/airflow/.local/lib/python3.12/site-packages/airflow/example_dags/example_params_trigger_ui.py
[2025-05-04T17:19:06.041+0000] {processor.py:914} INFO - Processing file /home/airflow/.local/lib/python3.12/site-packages/airflow/example_dags/example_params_trigger_ui.py for tasks to queue
[2025-05-04T17:19:06.044+0000] {logging_mixin.py:190} INFO - [2025-05-04T17:19:06.043+0000] {dagbag.py:588} INFO - Filling up the DagBag from /home/airflow/.local/lib/python3.12/site-packages/airflow/example_dags/example_params_trigger_ui.py
[2025-05-04T17:19:06.059+0000] {processor.py:925} INFO - DAG(s) 'example_params_trigger_ui' retrieved from /home/airflow/.local/lib/python3.12/site-packages/airflow/example_dags/example_params_trigger_ui.py
[2025-05-04T17:19:06.116+0000] {logging_mixin.py:190} INFO - [2025-05-04T17:19:06.116+0000] {dag.py:3239} INFO - Sync 1 DAGs
[2025-05-04T17:19:06.135+0000] {logging_mixin.py:190} INFO - [2025-05-04T17:19:06.135+0000] {dag.py:4180} INFO - Setting next_dagrun for example_params_trigger_ui to None, run_after=None
[2025-05-04T17:19:06.157+0000] {processor.py:208} INFO - Processing /home/airflow/.local/lib/python3.12/site-packages/airflow/example_dags/example_params_trigger_ui.py took 0.125 seconds
[2025-05-04T17:19:36.859+0000] {processor.py:186} INFO - Started process (PID=216) to work on /home/airflow/.local/lib/python3.12/site-packages/airflow/example_dags/example_params_trigger_ui.py
[2025-05-04T17:19:36.861+0000] {processor.py:914} INFO - Processing file /home/airflow/.local/lib/python3.12/site-packages/airflow/example_dags/example_params_trigger_ui.py for tasks to queue
[2025-05-04T17:19:36.864+0000] {logging_mixin.py:190} INFO - [2025-05-04T17:19:36.863+0000] {dagbag.py:588} INFO - Filling up the DagBag from /home/airflow/.local/lib/python3.12/site-packages/airflow/example_dags/example_params_trigger_ui.py
[2025-05-04T17:19:36.879+0000] {processor.py:925} INFO - DAG(s) 'example_params_trigger_ui' retrieved from /home/airflow/.local/lib/python3.12/site-packages/airflow/example_dags/example_params_trigger_ui.py
[2025-05-04T17:19:36.942+0000] {logging_mixin.py:190} INFO - [2025-05-04T17:19:36.942+0000] {dag.py:3239} INFO - Sync 1 DAGs
[2025-05-04T17:19:36.963+0000] {logging_mixin.py:190} INFO - [2025-05-04T17:19:36.963+0000] {dag.py:4180} INFO - Setting next_dagrun for example_params_trigger_ui to None, run_after=None
[2025-05-04T17:19:36.989+0000] {processor.py:208} INFO - Processing /home/airflow/.local/lib/python3.12/site-packages/airflow/example_dags/example_params_trigger_ui.py took 0.139 seconds
[2025-05-04T17:20:07.441+0000] {processor.py:186} INFO - Started process (PID=279) to work on /home/airflow/.local/lib/python3.12/site-packages/airflow/example_dags/example_params_trigger_ui.py
[2025-05-04T17:20:07.444+0000] {processor.py:914} INFO - Processing file /home/airflow/.local/lib/python3.12/site-packages/airflow/example_dags/example_params_trigger_ui.py for tasks to queue
[2025-05-04T17:20:07.447+0000] {logging_mixin.py:190} INFO - [2025-05-04T17:20:07.447+0000] {dagbag.py:588} INFO - Filling up the DagBag from /home/airflow/.local/lib/python3.12/site-packages/airflow/example_dags/example_params_trigger_ui.py
[2025-05-04T17:20:07.465+0000] {processor.py:925} INFO - DAG(s) 'example_params_trigger_ui' retrieved from /home/airflow/.local/lib/python3.12/site-packages/airflow/example_dags/example_params_trigger_ui.py
[2025-05-04T17:20:07.536+0000] {logging_mixin.py:190} INFO - [2025-05-04T17:20:07.535+0000] {dag.py:3239} INFO - Sync 1 DAGs
[2025-05-04T17:20:07.561+0000] {logging_mixin.py:190} INFO - [2025-05-04T17:20:07.561+0000] {dag.py:4180} INFO - Setting next_dagrun for example_params_trigger_ui to None, run_after=None
[2025-05-04T17:20:07.592+0000] {processor.py:208} INFO - Processing /home/airflow/.local/lib/python3.12/site-packages/airflow/example_dags/example_params_trigger_ui.py took 0.160 seconds
[2025-05-04T17:20:38.504+0000] {processor.py:186} INFO - Started process (PID=342) to work on /home/airflow/.local/lib/python3.12/site-packages/airflow/example_dags/example_params_trigger_ui.py
[2025-05-04T17:20:38.515+0000] {processor.py:914} INFO - Processing file /home/airflow/.local/lib/python3.12/site-packages/airflow/example_dags/example_params_trigger_ui.py for tasks to queue
[2025-05-04T17:20:38.518+0000] {logging_mixin.py:190} INFO - [2025-05-04T17:20:38.517+0000] {dagbag.py:588} INFO - Filling up the DagBag from /home/airflow/.local/lib/python3.12/site-packages/airflow/example_dags/example_params_trigger_ui.py
[2025-05-04T17:20:38.533+0000] {processor.py:925} INFO - DAG(s) 'example_params_trigger_ui' retrieved from /home/airflow/.local/lib/python3.12/site-packages/airflow/example_dags/example_params_trigger_ui.py
[2025-05-04T17:20:38.595+0000] {logging_mixin.py:190} INFO - [2025-05-04T17:20:38.594+0000] {dag.py:3239} INFO - Sync 1 DAGs
[2025-05-04T17:20:38.616+0000] {logging_mixin.py:190} INFO - [2025-05-04T17:20:38.616+0000] {dag.py:4180} INFO - Setting next_dagrun for example_params_trigger_ui to None, run_after=None
[2025-05-04T17:20:38.669+0000] {processor.py:208} INFO - Processing /home/airflow/.local/lib/python3.12/site-packages/airflow/example_dags/example_params_trigger_ui.py took 0.174 seconds
[2025-05-04T17:21:08.775+0000] {processor.py:186} INFO - Started process (PID=404) to work on /home/airflow/.local/lib/python3.12/site-packages/airflow/example_dags/example_params_trigger_ui.py
[2025-05-04T17:21:08.805+0000] {processor.py:914} INFO - Processing file /home/airflow/.local/lib/python3.12/site-packages/airflow/example_dags/example_params_trigger_ui.py for tasks to queue
[2025-05-04T17:21:08.809+0000] {logging_mixin.py:190} INFO - [2025-05-04T17:21:08.808+0000] {dagbag.py:588} INFO - Filling up the DagBag from /home/airflow/.local/lib/python3.12/site-packages/airflow/example_dags/example_params_trigger_ui.py
[2025-05-04T17:21:08.824+0000] {processor.py:925} INFO - DAG(s) 'example_params_trigger_ui' retrieved from /home/airflow/.local/lib/python3.12/site-packages/airflow/example_dags/example_params_trigger_ui.py
[2025-05-04T17:21:08.886+0000] {logging_mixin.py:190} INFO - [2025-05-04T17:21:08.886+0000] {dag.py:3239} INFO - Sync 1 DAGs
[2025-05-04T17:21:08.906+0000] {logging_mixin.py:190} INFO - [2025-05-04T17:21:08.906+0000] {dag.py:4180} INFO - Setting next_dagrun for example_params_trigger_ui to None, run_after=None
[2025-05-04T17:21:08.956+0000] {processor.py:208} INFO - Processing /home/airflow/.local/lib/python3.12/site-packages/airflow/example_dags/example_params_trigger_ui.py took 0.190 seconds
[2025-05-04T17:21:39.012+0000] {processor.py:186} INFO - Started process (PID=467) to work on /home/airflow/.local/lib/python3.12/site-packages/airflow/example_dags/example_params_trigger_ui.py
[2025-05-04T17:21:39.032+0000] {processor.py:914} INFO - Processing file /home/airflow/.local/lib/python3.12/site-packages/airflow/example_dags/example_params_trigger_ui.py for tasks to queue
[2025-05-04T17:21:39.035+0000] {logging_mixin.py:190} INFO - [2025-05-04T17:21:39.035+0000] {dagbag.py:588} INFO - Filling up the DagBag from /home/airflow/.local/lib/python3.12/site-packages/airflow/example_dags/example_params_trigger_ui.py
[2025-05-04T17:21:39.051+0000] {processor.py:925} INFO - DAG(s) 'example_params_trigger_ui' retrieved from /home/airflow/.local/lib/python3.12/site-packages/airflow/example_dags/example_params_trigger_ui.py
[2025-05-04T17:21:39.114+0000] {logging_mixin.py:190} INFO - [2025-05-04T17:21:39.114+0000] {dag.py:3239} INFO - Sync 1 DAGs
[2025-05-04T17:21:39.135+0000] {logging_mixin.py:190} INFO - [2025-05-04T17:21:39.134+0000] {dag.py:4180} INFO - Setting next_dagrun for example_params_trigger_ui to None, run_after=None
[2025-05-04T17:21:39.159+0000] {processor.py:208} INFO - Processing /home/airflow/.local/lib/python3.12/site-packages/airflow/example_dags/example_params_trigger_ui.py took 0.156 seconds
[2025-05-04T17:22:09.260+0000] {processor.py:186} INFO - Started process (PID=530) to work on /home/airflow/.local/lib/python3.12/site-packages/airflow/example_dags/example_params_trigger_ui.py
[2025-05-04T17:22:09.288+0000] {processor.py:914} INFO - Processing file /home/airflow/.local/lib/python3.12/site-packages/airflow/example_dags/example_params_trigger_ui.py for tasks to queue
[2025-05-04T17:22:09.292+0000] {logging_mixin.py:190} INFO - [2025-05-04T17:22:09.291+0000] {dagbag.py:588} INFO - Filling up the DagBag from /home/airflow/.local/lib/python3.12/site-packages/airflow/example_dags/example_params_trigger_ui.py
[2025-05-04T17:22:09.307+0000] {processor.py:925} INFO - DAG(s) 'example_params_trigger_ui' retrieved from /home/airflow/.local/lib/python3.12/site-packages/airflow/example_dags/example_params_trigger_ui.py
[2025-05-04T17:22:09.369+0000] {logging_mixin.py:190} INFO - [2025-05-04T17:22:09.368+0000] {dag.py:3239} INFO - Sync 1 DAGs
[2025-05-04T17:22:09.388+0000] {logging_mixin.py:190} INFO - [2025-05-04T17:22:09.388+0000] {dag.py:4180} INFO - Setting next_dagrun for example_params_trigger_ui to None, run_after=None
[2025-05-04T17:22:09.438+0000] {processor.py:208} INFO - Processing /home/airflow/.local/lib/python3.12/site-packages/airflow/example_dags/example_params_trigger_ui.py took 0.187 seconds
[2025-05-04T17:22:39.511+0000] {processor.py:186} INFO - Started process (PID=593) to work on /home/airflow/.local/lib/python3.12/site-packages/airflow/example_dags/example_params_trigger_ui.py
[2025-05-04T17:22:39.539+0000] {processor.py:914} INFO - Processing file /home/airflow/.local/lib/python3.12/site-packages/airflow/example_dags/example_params_trigger_ui.py for tasks to queue
[2025-05-04T17:22:39.543+0000] {logging_mixin.py:190} INFO - [2025-05-04T17:22:39.542+0000] {dagbag.py:588} INFO - Filling up the DagBag from /home/airflow/.local/lib/python3.12/site-packages/airflow/example_dags/example_params_trigger_ui.py
[2025-05-04T17:22:39.559+0000] {processor.py:925} INFO - DAG(s) 'example_params_trigger_ui' retrieved from /home/airflow/.local/lib/python3.12/site-packages/airflow/example_dags/example_params_trigger_ui.py
[2025-05-04T17:22:39.619+0000] {logging_mixin.py:190} INFO - [2025-05-04T17:22:39.618+0000] {dag.py:3239} INFO - Sync 1 DAGs
[2025-05-04T17:22:39.638+0000] {logging_mixin.py:190} INFO - [2025-05-04T17:22:39.638+0000] {dag.py:4180} INFO - Setting next_dagrun for example_params_trigger_ui to None, run_after=None
[2025-05-04T17:22:39.687+0000] {processor.py:208} INFO - Processing /home/airflow/.local/lib/python3.12/site-packages/airflow/example_dags/example_params_trigger_ui.py took 0.185 seconds
[2025-05-04T17:23:10.025+0000] {processor.py:186} INFO - Started process (PID=656) to work on /home/airflow/.local/lib/python3.12/site-packages/airflow/example_dags/example_params_trigger_ui.py
[2025-05-04T17:23:10.027+0000] {processor.py:914} INFO - Processing file /home/airflow/.local/lib/python3.12/site-packages/airflow/example_dags/example_params_trigger_ui.py for tasks to queue
[2025-05-04T17:23:10.030+0000] {logging_mixin.py:190} INFO - [2025-05-04T17:23:10.029+0000] {dagbag.py:588} INFO - Filling up the DagBag from /home/airflow/.local/lib/python3.12/site-packages/airflow/example_dags/example_params_trigger_ui.py
[2025-05-04T17:23:10.044+0000] {processor.py:925} INFO - DAG(s) 'example_params_trigger_ui' retrieved from /home/airflow/.local/lib/python3.12/site-packages/airflow/example_dags/example_params_trigger_ui.py
[2025-05-04T17:23:10.103+0000] {logging_mixin.py:190} INFO - [2025-05-04T17:23:10.102+0000] {dag.py:3239} INFO - Sync 1 DAGs
[2025-05-04T17:23:10.122+0000] {logging_mixin.py:190} INFO - [2025-05-04T17:23:10.121+0000] {dag.py:4180} INFO - Setting next_dagrun for example_params_trigger_ui to None, run_after=None
[2025-05-04T17:23:10.146+0000] {processor.py:208} INFO - Processing /home/airflow/.local/lib/python3.12/site-packages/airflow/example_dags/example_params_trigger_ui.py took 0.129 seconds
[2025-05-04T17:23:40.345+0000] {processor.py:186} INFO - Started process (PID=719) to work on /home/airflow/.local/lib/python3.12/site-packages/airflow/example_dags/example_params_trigger_ui.py
[2025-05-04T17:23:40.373+0000] {processor.py:914} INFO - Processing file /home/airflow/.local/lib/python3.12/site-packages/airflow/example_dags/example_params_trigger_ui.py for tasks to queue
[2025-05-04T17:23:40.377+0000] {logging_mixin.py:190} INFO - [2025-05-04T17:23:40.376+0000] {dagbag.py:588} INFO - Filling up the DagBag from /home/airflow/.local/lib/python3.12/site-packages/airflow/example_dags/example_params_trigger_ui.py
[2025-05-04T17:23:40.394+0000] {processor.py:925} INFO - DAG(s) 'example_params_trigger_ui' retrieved from /home/airflow/.local/lib/python3.12/site-packages/airflow/example_dags/example_params_trigger_ui.py
[2025-05-04T17:23:40.450+0000] {logging_mixin.py:190} INFO - [2025-05-04T17:23:40.450+0000] {dag.py:3239} INFO - Sync 1 DAGs
[2025-05-04T17:23:40.470+0000] {logging_mixin.py:190} INFO - [2025-05-04T17:23:40.469+0000] {dag.py:4180} INFO - Setting next_dagrun for example_params_trigger_ui to None, run_after=None
[2025-05-04T17:23:40.494+0000] {processor.py:208} INFO - Processing /home/airflow/.local/lib/python3.12/site-packages/airflow/example_dags/example_params_trigger_ui.py took 0.158 seconds
[2025-05-04T17:24:11.342+0000] {processor.py:186} INFO - Started process (PID=782) to work on /home/airflow/.local/lib/python3.12/site-packages/airflow/example_dags/example_params_trigger_ui.py
[2025-05-04T17:24:11.344+0000] {processor.py:914} INFO - Processing file /home/airflow/.local/lib/python3.12/site-packages/airflow/example_dags/example_params_trigger_ui.py for tasks to queue
[2025-05-04T17:24:11.347+0000] {logging_mixin.py:190} INFO - [2025-05-04T17:24:11.347+0000] {dagbag.py:588} INFO - Filling up the DagBag from /home/airflow/.local/lib/python3.12/site-packages/airflow/example_dags/example_params_trigger_ui.py
[2025-05-04T17:24:11.362+0000] {processor.py:925} INFO - DAG(s) 'example_params_trigger_ui' retrieved from /home/airflow/.local/lib/python3.12/site-packages/airflow/example_dags/example_params_trigger_ui.py
[2025-05-04T17:24:11.421+0000] {logging_mixin.py:190} INFO - [2025-05-04T17:24:11.420+0000] {dag.py:3239} INFO - Sync 1 DAGs
[2025-05-04T17:24:11.440+0000] {logging_mixin.py:190} INFO - [2025-05-04T17:24:11.440+0000] {dag.py:4180} INFO - Setting next_dagrun for example_params_trigger_ui to None, run_after=None
[2025-05-04T17:24:11.465+0000] {processor.py:208} INFO - Processing /home/airflow/.local/lib/python3.12/site-packages/airflow/example_dags/example_params_trigger_ui.py took 0.130 seconds
[2025-05-04T17:24:41.672+0000] {processor.py:186} INFO - Started process (PID=845) to work on /home/airflow/.local/lib/python3.12/site-packages/airflow/example_dags/example_params_trigger_ui.py
[2025-05-04T17:24:41.673+0000] {processor.py:914} INFO - Processing file /home/airflow/.local/lib/python3.12/site-packages/airflow/example_dags/example_params_trigger_ui.py for tasks to queue
[2025-05-04T17:24:41.676+0000] {logging_mixin.py:190} INFO - [2025-05-04T17:24:41.676+0000] {dagbag.py:588} INFO - Filling up the DagBag from /home/airflow/.local/lib/python3.12/site-packages/airflow/example_dags/example_params_trigger_ui.py
[2025-05-04T17:24:41.692+0000] {processor.py:925} INFO - DAG(s) 'example_params_trigger_ui' retrieved from /home/airflow/.local/lib/python3.12/site-packages/airflow/example_dags/example_params_trigger_ui.py
[2025-05-04T17:24:41.756+0000] {logging_mixin.py:190} INFO - [2025-05-04T17:24:41.755+0000] {dag.py:3239} INFO - Sync 1 DAGs
[2025-05-04T17:24:41.776+0000] {logging_mixin.py:190} INFO - [2025-05-04T17:24:41.776+0000] {dag.py:4180} INFO - Setting next_dagrun for example_params_trigger_ui to None, run_after=None
[2025-05-04T17:24:41.800+0000] {processor.py:208} INFO - Processing /home/airflow/.local/lib/python3.12/site-packages/airflow/example_dags/example_params_trigger_ui.py took 0.136 seconds
[2025-05-04T17:25:11.946+0000] {processor.py:186} INFO - Started process (PID=908) to work on /home/airflow/.local/lib/python3.12/site-packages/airflow/example_dags/example_params_trigger_ui.py
[2025-05-04T17:25:11.950+0000] {processor.py:914} INFO - Processing file /home/airflow/.local/lib/python3.12/site-packages/airflow/example_dags/example_params_trigger_ui.py for tasks to queue
[2025-05-04T17:25:11.953+0000] {logging_mixin.py:190} INFO - [2025-05-04T17:25:11.953+0000] {dagbag.py:588} INFO - Filling up the DagBag from /home/airflow/.local/lib/python3.12/site-packages/airflow/example_dags/example_params_trigger_ui.py
[2025-05-04T17:25:11.970+0000] {processor.py:925} INFO - DAG(s) 'example_params_trigger_ui' retrieved from /home/airflow/.local/lib/python3.12/site-packages/airflow/example_dags/example_params_trigger_ui.py
[2025-05-04T17:25:12.032+0000] {logging_mixin.py:190} INFO - [2025-05-04T17:25:12.032+0000] {dag.py:3239} INFO - Sync 1 DAGs
[2025-05-04T17:25:12.053+0000] {logging_mixin.py:190} INFO - [2025-05-04T17:25:12.052+0000] {dag.py:4180} INFO - Setting next_dagrun for example_params_trigger_ui to None, run_after=None
[2025-05-04T17:25:12.078+0000] {processor.py:208} INFO - Processing /home/airflow/.local/lib/python3.12/site-packages/airflow/example_dags/example_params_trigger_ui.py took 0.140 seconds
[2025-05-04T17:25:42.510+0000] {processor.py:186} INFO - Started process (PID=971) to work on /home/airflow/.local/lib/python3.12/site-packages/airflow/example_dags/example_params_trigger_ui.py
[2025-05-04T17:25:42.511+0000] {processor.py:914} INFO - Processing file /home/airflow/.local/lib/python3.12/site-packages/airflow/example_dags/example_params_trigger_ui.py for tasks to queue
[2025-05-04T17:25:42.514+0000] {logging_mixin.py:190} INFO - [2025-05-04T17:25:42.513+0000] {dagbag.py:588} INFO - Filling up the DagBag from /home/airflow/.local/lib/python3.12/site-packages/airflow/example_dags/example_params_trigger_ui.py
[2025-05-04T17:25:42.530+0000] {processor.py:925} INFO - DAG(s) 'example_params_trigger_ui' retrieved from /home/airflow/.local/lib/python3.12/site-packages/airflow/example_dags/example_params_trigger_ui.py
[2025-05-04T17:25:42.593+0000] {logging_mixin.py:190} INFO - [2025-05-04T17:25:42.592+0000] {dag.py:3239} INFO - Sync 1 DAGs
[2025-05-04T17:25:42.615+0000] {logging_mixin.py:190} INFO - [2025-05-04T17:25:42.614+0000] {dag.py:4180} INFO - Setting next_dagrun for example_params_trigger_ui to None, run_after=None
[2025-05-04T17:25:42.638+0000] {processor.py:208} INFO - Processing /home/airflow/.local/lib/python3.12/site-packages/airflow/example_dags/example_params_trigger_ui.py took 0.137 seconds
[2025-05-04T17:26:12.961+0000] {processor.py:186} INFO - Started process (PID=1034) to work on /home/airflow/.local/lib/python3.12/site-packages/airflow/example_dags/example_params_trigger_ui.py
[2025-05-04T17:26:12.989+0000] {processor.py:914} INFO - Processing file /home/airflow/.local/lib/python3.12/site-packages/airflow/example_dags/example_params_trigger_ui.py for tasks to queue
[2025-05-04T17:26:12.992+0000] {logging_mixin.py:190} INFO - [2025-05-04T17:26:12.992+0000] {dagbag.py:588} INFO - Filling up the DagBag from /home/airflow/.local/lib/python3.12/site-packages/airflow/example_dags/example_params_trigger_ui.py
[2025-05-04T17:26:13.012+0000] {processor.py:925} INFO - DAG(s) 'example_params_trigger_ui' retrieved from /home/airflow/.local/lib/python3.12/site-packages/airflow/example_dags/example_params_trigger_ui.py
[2025-05-04T17:26:13.085+0000] {logging_mixin.py:190} INFO - [2025-05-04T17:26:13.084+0000] {dag.py:3239} INFO - Sync 1 DAGs
[2025-05-04T17:26:13.108+0000] {logging_mixin.py:190} INFO - [2025-05-04T17:26:13.108+0000] {dag.py:4180} INFO - Setting next_dagrun for example_params_trigger_ui to None, run_after=None
[2025-05-04T17:26:13.135+0000] {processor.py:208} INFO - Processing /home/airflow/.local/lib/python3.12/site-packages/airflow/example_dags/example_params_trigger_ui.py took 0.183 seconds
[2025-05-04T17:26:43.651+0000] {processor.py:186} INFO - Started process (PID=1097) to work on /home/airflow/.local/lib/python3.12/site-packages/airflow/example_dags/example_params_trigger_ui.py
[2025-05-04T17:26:43.679+0000] {processor.py:914} INFO - Processing file /home/airflow/.local/lib/python3.12/site-packages/airflow/example_dags/example_params_trigger_ui.py for tasks to queue
[2025-05-04T17:26:43.682+0000] {logging_mixin.py:190} INFO - [2025-05-04T17:26:43.682+0000] {dagbag.py:588} INFO - Filling up the DagBag from /home/airflow/.local/lib/python3.12/site-packages/airflow/example_dags/example_params_trigger_ui.py
[2025-05-04T17:26:43.699+0000] {processor.py:925} INFO - DAG(s) 'example_params_trigger_ui' retrieved from /home/airflow/.local/lib/python3.12/site-packages/airflow/example_dags/example_params_trigger_ui.py
[2025-05-04T17:26:43.762+0000] {logging_mixin.py:190} INFO - [2025-05-04T17:26:43.762+0000] {dag.py:3239} INFO - Sync 1 DAGs
[2025-05-04T17:26:43.784+0000] {logging_mixin.py:190} INFO - [2025-05-04T17:26:43.784+0000] {dag.py:4180} INFO - Setting next_dagrun for example_params_trigger_ui to None, run_after=None
[2025-05-04T17:26:43.810+0000] {processor.py:208} INFO - Processing /home/airflow/.local/lib/python3.12/site-packages/airflow/example_dags/example_params_trigger_ui.py took 0.167 seconds
