[2025-05-04T17:18:37.006+0000] {processor.py:186} INFO - Started process (PID=101) to work on /home/airflow/.local/lib/python3.12/site-packages/airflow/example_dags/example_subdag_operator.py
[2025-05-04T17:18:37.006+0000] {processor.py:914} INFO - Processing file /home/airflow/.local/lib/python3.12/site-packages/airflow/example_dags/example_subdag_operator.py for tasks to queue
[2025-05-04T17:18:37.008+0000] {logging_mixin.py:190} INFO - [2025-05-04T17:18:37.008+0000] {dagbag.py:588} INFO - Filling up the DagBag from /home/airflow/.local/lib/python3.12/site-packages/airflow/example_dags/example_subdag_operator.py
[2025-05-04T17:18:37.030+0000] {processor.py:925} INFO - DAG(s) 'example_subdag_operator.section-1', 'example_subdag_operator.section-2', 'example_subdag_operator' retrieved from /home/airflow/.local/lib/python3.12/site-packages/airflow/example_dags/example_subdag_operator.py
[2025-05-04T17:18:37.102+0000] {logging_mixin.py:190} INFO - [2025-05-04T17:18:37.101+0000] {override.py:1912} INFO - Created Permission View: can read on DAG:example_subdag_operator
[2025-05-04T17:18:37.108+0000] {logging_mixin.py:190} INFO - [2025-05-04T17:18:37.108+0000] {override.py:1912} INFO - Created Permission View: can edit on DAG:example_subdag_operator
[2025-05-04T17:18:37.112+0000] {logging_mixin.py:190} INFO - [2025-05-04T17:18:37.112+0000] {override.py:1912} INFO - Created Permission View: can delete on DAG:example_subdag_operator
[2025-05-04T17:18:37.115+0000] {logging_mixin.py:190} INFO - [2025-05-04T17:18:37.115+0000] {override.py:1912} INFO - Created Permission View: can read on DAG Run:example_subdag_operator
[2025-05-04T17:18:37.118+0000] {logging_mixin.py:190} INFO - [2025-05-04T17:18:37.118+0000] {override.py:1912} INFO - Created Permission View: can create on DAG Run:example_subdag_operator
[2025-05-04T17:18:37.122+0000] {logging_mixin.py:190} INFO - [2025-05-04T17:18:37.122+0000] {override.py:1912} INFO - Created Permission View: can delete on DAG Run:example_subdag_operator
[2025-05-04T17:18:37.125+0000] {logging_mixin.py:190} INFO - [2025-05-04T17:18:37.125+0000] {override.py:1912} INFO - Created Permission View: menu access on DAG Run:example_subdag_operator
[2025-05-04T17:18:37.126+0000] {logging_mixin.py:190} INFO - [2025-05-04T17:18:37.125+0000] {dag.py:3239} INFO - Sync 3 DAGs
[2025-05-04T17:18:37.135+0000] {logging_mixin.py:190} INFO - [2025-05-04T17:18:37.135+0000] {dag.py:3262} INFO - Creating ORM DAG for example_subdag_operator.section-1
[2025-05-04T17:18:37.136+0000] {logging_mixin.py:190} INFO - [2025-05-04T17:18:37.135+0000] {dag.py:3262} INFO - Creating ORM DAG for example_subdag_operator
[2025-05-04T17:18:37.136+0000] {logging_mixin.py:190} INFO - [2025-05-04T17:18:37.136+0000] {dag.py:3262} INFO - Creating ORM DAG for example_subdag_operator.section-2
[2025-05-04T17:18:37.142+0000] {logging_mixin.py:190} INFO - [2025-05-04T17:18:37.142+0000] {dag.py:4180} INFO - Setting next_dagrun for example_subdag_operator to 2022-01-01 00:00:00+00:00, run_after=2022-01-01 00:00:00+00:00
[2025-05-04T17:18:37.143+0000] {logging_mixin.py:190} INFO - [2025-05-04T17:18:37.143+0000] {dag.py:4180} INFO - Setting next_dagrun for example_subdag_operator.section-1 to None, run_after=None
[2025-05-04T17:18:37.143+0000] {logging_mixin.py:190} INFO - [2025-05-04T17:18:37.143+0000] {dag.py:4180} INFO - Setting next_dagrun for example_subdag_operator.section-2 to None, run_after=None
[2025-05-04T17:18:37.149+0000] {logging_mixin.py:190} INFO - [2025-05-04T17:18:37.149+0000] {dag.py:3239} INFO - Sync 2 DAGs
[2025-05-04T17:18:37.153+0000] {logging_mixin.py:190} INFO - [2025-05-04T17:18:37.153+0000] {dag.py:4180} INFO - Setting next_dagrun for example_subdag_operator.section-1 to None, run_after=None
[2025-05-04T17:18:37.155+0000] {logging_mixin.py:190} INFO - [2025-05-04T17:18:37.155+0000] {dag.py:4180} INFO - Setting next_dagrun for example_subdag_operator.section-2 to None, run_after=None
[2025-05-04T17:18:37.163+0000] {processor.py:208} INFO - Processing /home/airflow/.local/lib/python3.12/site-packages/airflow/example_dags/example_subdag_operator.py took 0.161 seconds
[2025-05-04T17:19:08.085+0000] {processor.py:186} INFO - Started process (PID=164) to work on /home/airflow/.local/lib/python3.12/site-packages/airflow/example_dags/example_subdag_operator.py
[2025-05-04T17:19:08.086+0000] {processor.py:914} INFO - Processing file /home/airflow/.local/lib/python3.12/site-packages/airflow/example_dags/example_subdag_operator.py for tasks to queue
[2025-05-04T17:19:08.089+0000] {logging_mixin.py:190} INFO - [2025-05-04T17:19:08.088+0000] {dagbag.py:588} INFO - Filling up the DagBag from /home/airflow/.local/lib/python3.12/site-packages/airflow/example_dags/example_subdag_operator.py
[2025-05-04T17:19:08.123+0000] {processor.py:925} INFO - DAG(s) 'example_subdag_operator.section-1', 'example_subdag_operator.section-2', 'example_subdag_operator' retrieved from /home/airflow/.local/lib/python3.12/site-packages/airflow/example_dags/example_subdag_operator.py
[2025-05-04T17:19:08.141+0000] {logging_mixin.py:190} INFO - [2025-05-04T17:19:08.141+0000] {dag.py:3239} INFO - Sync 3 DAGs
[2025-05-04T17:19:08.171+0000] {logging_mixin.py:190} INFO - [2025-05-04T17:19:08.170+0000] {dag.py:4180} INFO - Setting next_dagrun for example_subdag_operator to 2022-01-01 00:00:00+00:00, run_after=2022-01-01 00:00:00+00:00
[2025-05-04T17:19:08.175+0000] {logging_mixin.py:190} INFO - [2025-05-04T17:19:08.175+0000] {dag.py:4180} INFO - Setting next_dagrun for example_subdag_operator.section-1 to None, run_after=None
[2025-05-04T17:19:08.177+0000] {logging_mixin.py:190} INFO - [2025-05-04T17:19:08.177+0000] {dag.py:4180} INFO - Setting next_dagrun for example_subdag_operator.section-2 to None, run_after=None
[2025-05-04T17:19:08.185+0000] {logging_mixin.py:190} INFO - [2025-05-04T17:19:08.185+0000] {dag.py:3239} INFO - Sync 2 DAGs
[2025-05-04T17:19:08.192+0000] {logging_mixin.py:190} INFO - [2025-05-04T17:19:08.192+0000] {dag.py:4180} INFO - Setting next_dagrun for example_subdag_operator.section-1 to None, run_after=None
[2025-05-04T17:19:08.192+0000] {logging_mixin.py:190} INFO - [2025-05-04T17:19:08.192+0000] {dag.py:4180} INFO - Setting next_dagrun for example_subdag_operator.section-2 to None, run_after=None
[2025-05-04T17:19:08.204+0000] {processor.py:208} INFO - Processing /home/airflow/.local/lib/python3.12/site-packages/airflow/example_dags/example_subdag_operator.py took 0.128 seconds
[2025-05-04T17:19:39.125+0000] {processor.py:186} INFO - Started process (PID=227) to work on /home/airflow/.local/lib/python3.12/site-packages/airflow/example_dags/example_subdag_operator.py
[2025-05-04T17:19:39.127+0000] {processor.py:914} INFO - Processing file /home/airflow/.local/lib/python3.12/site-packages/airflow/example_dags/example_subdag_operator.py for tasks to queue
[2025-05-04T17:19:39.130+0000] {logging_mixin.py:190} INFO - [2025-05-04T17:19:39.130+0000] {dagbag.py:588} INFO - Filling up the DagBag from /home/airflow/.local/lib/python3.12/site-packages/airflow/example_dags/example_subdag_operator.py
[2025-05-04T17:19:39.166+0000] {processor.py:925} INFO - DAG(s) 'example_subdag_operator.section-1', 'example_subdag_operator.section-2', 'example_subdag_operator' retrieved from /home/airflow/.local/lib/python3.12/site-packages/airflow/example_dags/example_subdag_operator.py
[2025-05-04T17:19:39.186+0000] {logging_mixin.py:190} INFO - [2025-05-04T17:19:39.186+0000] {dag.py:3239} INFO - Sync 3 DAGs
[2025-05-04T17:19:39.216+0000] {logging_mixin.py:190} INFO - [2025-05-04T17:19:39.216+0000] {dag.py:4180} INFO - Setting next_dagrun for example_subdag_operator to 2022-01-01 00:00:00+00:00, run_after=2022-01-01 00:00:00+00:00
[2025-05-04T17:19:39.221+0000] {logging_mixin.py:190} INFO - [2025-05-04T17:19:39.220+0000] {dag.py:4180} INFO - Setting next_dagrun for example_subdag_operator.section-1 to None, run_after=None
[2025-05-04T17:19:39.222+0000] {logging_mixin.py:190} INFO - [2025-05-04T17:19:39.222+0000] {dag.py:4180} INFO - Setting next_dagrun for example_subdag_operator.section-2 to None, run_after=None
[2025-05-04T17:19:39.231+0000] {logging_mixin.py:190} INFO - [2025-05-04T17:19:39.230+0000] {dag.py:3239} INFO - Sync 2 DAGs
[2025-05-04T17:19:39.237+0000] {logging_mixin.py:190} INFO - [2025-05-04T17:19:39.237+0000] {dag.py:4180} INFO - Setting next_dagrun for example_subdag_operator.section-1 to None, run_after=None
[2025-05-04T17:19:39.238+0000] {logging_mixin.py:190} INFO - [2025-05-04T17:19:39.238+0000] {dag.py:4180} INFO - Setting next_dagrun for example_subdag_operator.section-2 to None, run_after=None
[2025-05-04T17:19:39.249+0000] {processor.py:208} INFO - Processing /home/airflow/.local/lib/python3.12/site-packages/airflow/example_dags/example_subdag_operator.py took 0.133 seconds
[2025-05-04T17:20:09.391+0000] {processor.py:186} INFO - Started process (PID=289) to work on /home/airflow/.local/lib/python3.12/site-packages/airflow/example_dags/example_subdag_operator.py
[2025-05-04T17:20:09.393+0000] {processor.py:914} INFO - Processing file /home/airflow/.local/lib/python3.12/site-packages/airflow/example_dags/example_subdag_operator.py for tasks to queue
[2025-05-04T17:20:09.396+0000] {logging_mixin.py:190} INFO - [2025-05-04T17:20:09.395+0000] {dagbag.py:588} INFO - Filling up the DagBag from /home/airflow/.local/lib/python3.12/site-packages/airflow/example_dags/example_subdag_operator.py
[2025-05-04T17:20:09.432+0000] {processor.py:925} INFO - DAG(s) 'example_subdag_operator.section-1', 'example_subdag_operator.section-2', 'example_subdag_operator' retrieved from /home/airflow/.local/lib/python3.12/site-packages/airflow/example_dags/example_subdag_operator.py
[2025-05-04T17:20:09.453+0000] {logging_mixin.py:190} INFO - [2025-05-04T17:20:09.453+0000] {dag.py:3239} INFO - Sync 3 DAGs
[2025-05-04T17:20:09.489+0000] {logging_mixin.py:190} INFO - [2025-05-04T17:20:09.489+0000] {dag.py:4180} INFO - Setting next_dagrun for example_subdag_operator to 2022-01-01 00:00:00+00:00, run_after=2022-01-01 00:00:00+00:00
[2025-05-04T17:20:09.494+0000] {logging_mixin.py:190} INFO - [2025-05-04T17:20:09.494+0000] {dag.py:4180} INFO - Setting next_dagrun for example_subdag_operator.section-1 to None, run_after=None
[2025-05-04T17:20:09.496+0000] {logging_mixin.py:190} INFO - [2025-05-04T17:20:09.495+0000] {dag.py:4180} INFO - Setting next_dagrun for example_subdag_operator.section-2 to None, run_after=None
[2025-05-04T17:20:09.506+0000] {logging_mixin.py:190} INFO - [2025-05-04T17:20:09.506+0000] {dag.py:3239} INFO - Sync 2 DAGs
[2025-05-04T17:20:09.513+0000] {logging_mixin.py:190} INFO - [2025-05-04T17:20:09.513+0000] {dag.py:4180} INFO - Setting next_dagrun for example_subdag_operator.section-1 to None, run_after=None
[2025-05-04T17:20:09.514+0000] {logging_mixin.py:190} INFO - [2025-05-04T17:20:09.514+0000] {dag.py:4180} INFO - Setting next_dagrun for example_subdag_operator.section-2 to None, run_after=None
[2025-05-04T17:20:09.529+0000] {processor.py:208} INFO - Processing /home/airflow/.local/lib/python3.12/site-packages/airflow/example_dags/example_subdag_operator.py took 0.145 seconds
[2025-05-04T17:20:39.883+0000] {processor.py:186} INFO - Started process (PID=352) to work on /home/airflow/.local/lib/python3.12/site-packages/airflow/example_dags/example_subdag_operator.py
[2025-05-04T17:20:39.885+0000] {processor.py:914} INFO - Processing file /home/airflow/.local/lib/python3.12/site-packages/airflow/example_dags/example_subdag_operator.py for tasks to queue
[2025-05-04T17:20:39.888+0000] {logging_mixin.py:190} INFO - [2025-05-04T17:20:39.888+0000] {dagbag.py:588} INFO - Filling up the DagBag from /home/airflow/.local/lib/python3.12/site-packages/airflow/example_dags/example_subdag_operator.py
[2025-05-04T17:20:39.924+0000] {processor.py:925} INFO - DAG(s) 'example_subdag_operator.section-1', 'example_subdag_operator.section-2', 'example_subdag_operator' retrieved from /home/airflow/.local/lib/python3.12/site-packages/airflow/example_dags/example_subdag_operator.py
[2025-05-04T17:20:39.944+0000] {logging_mixin.py:190} INFO - [2025-05-04T17:20:39.943+0000] {dag.py:3239} INFO - Sync 3 DAGs
[2025-05-04T17:20:39.975+0000] {logging_mixin.py:190} INFO - [2025-05-04T17:20:39.975+0000] {dag.py:4180} INFO - Setting next_dagrun for example_subdag_operator to 2022-01-01 00:00:00+00:00, run_after=2022-01-01 00:00:00+00:00
[2025-05-04T17:20:39.980+0000] {logging_mixin.py:190} INFO - [2025-05-04T17:20:39.979+0000] {dag.py:4180} INFO - Setting next_dagrun for example_subdag_operator.section-1 to None, run_after=None
[2025-05-04T17:20:39.983+0000] {logging_mixin.py:190} INFO - [2025-05-04T17:20:39.982+0000] {dag.py:4180} INFO - Setting next_dagrun for example_subdag_operator.section-2 to None, run_after=None
[2025-05-04T17:20:39.993+0000] {logging_mixin.py:190} INFO - [2025-05-04T17:20:39.993+0000] {dag.py:3239} INFO - Sync 2 DAGs
[2025-05-04T17:20:40.001+0000] {logging_mixin.py:190} INFO - [2025-05-04T17:20:40.001+0000] {dag.py:4180} INFO - Setting next_dagrun for example_subdag_operator.section-1 to None, run_after=None
[2025-05-04T17:20:40.002+0000] {logging_mixin.py:190} INFO - [2025-05-04T17:20:40.001+0000] {dag.py:4180} INFO - Setting next_dagrun for example_subdag_operator.section-2 to None, run_after=None
[2025-05-04T17:20:40.015+0000] {processor.py:208} INFO - Processing /home/airflow/.local/lib/python3.12/site-packages/airflow/example_dags/example_subdag_operator.py took 0.140 seconds
[2025-05-04T17:21:10.501+0000] {processor.py:186} INFO - Started process (PID=415) to work on /home/airflow/.local/lib/python3.12/site-packages/airflow/example_dags/example_subdag_operator.py
[2025-05-04T17:21:10.503+0000] {processor.py:914} INFO - Processing file /home/airflow/.local/lib/python3.12/site-packages/airflow/example_dags/example_subdag_operator.py for tasks to queue
[2025-05-04T17:21:10.506+0000] {logging_mixin.py:190} INFO - [2025-05-04T17:21:10.506+0000] {dagbag.py:588} INFO - Filling up the DagBag from /home/airflow/.local/lib/python3.12/site-packages/airflow/example_dags/example_subdag_operator.py
[2025-05-04T17:21:10.541+0000] {processor.py:925} INFO - DAG(s) 'example_subdag_operator.section-1', 'example_subdag_operator.section-2', 'example_subdag_operator' retrieved from /home/airflow/.local/lib/python3.12/site-packages/airflow/example_dags/example_subdag_operator.py
[2025-05-04T17:21:10.560+0000] {logging_mixin.py:190} INFO - [2025-05-04T17:21:10.560+0000] {dag.py:3239} INFO - Sync 3 DAGs
[2025-05-04T17:21:10.591+0000] {logging_mixin.py:190} INFO - [2025-05-04T17:21:10.590+0000] {dag.py:4180} INFO - Setting next_dagrun for example_subdag_operator to 2022-01-01 00:00:00+00:00, run_after=2022-01-01 00:00:00+00:00
[2025-05-04T17:21:10.595+0000] {logging_mixin.py:190} INFO - [2025-05-04T17:21:10.595+0000] {dag.py:4180} INFO - Setting next_dagrun for example_subdag_operator.section-1 to None, run_after=None
[2025-05-04T17:21:10.597+0000] {logging_mixin.py:190} INFO - [2025-05-04T17:21:10.597+0000] {dag.py:4180} INFO - Setting next_dagrun for example_subdag_operator.section-2 to None, run_after=None
[2025-05-04T17:21:10.606+0000] {logging_mixin.py:190} INFO - [2025-05-04T17:21:10.605+0000] {dag.py:3239} INFO - Sync 2 DAGs
[2025-05-04T17:21:10.613+0000] {logging_mixin.py:190} INFO - [2025-05-04T17:21:10.612+0000] {dag.py:4180} INFO - Setting next_dagrun for example_subdag_operator.section-1 to None, run_after=None
[2025-05-04T17:21:10.613+0000] {logging_mixin.py:190} INFO - [2025-05-04T17:21:10.613+0000] {dag.py:4180} INFO - Setting next_dagrun for example_subdag_operator.section-2 to None, run_after=None
[2025-05-04T17:21:10.628+0000] {processor.py:208} INFO - Processing /home/airflow/.local/lib/python3.12/site-packages/airflow/example_dags/example_subdag_operator.py took 0.135 seconds
[2025-05-04T17:21:40.676+0000] {processor.py:186} INFO - Started process (PID=477) to work on /home/airflow/.local/lib/python3.12/site-packages/airflow/example_dags/example_subdag_operator.py
[2025-05-04T17:21:40.678+0000] {processor.py:914} INFO - Processing file /home/airflow/.local/lib/python3.12/site-packages/airflow/example_dags/example_subdag_operator.py for tasks to queue
[2025-05-04T17:21:40.680+0000] {logging_mixin.py:190} INFO - [2025-05-04T17:21:40.680+0000] {dagbag.py:588} INFO - Filling up the DagBag from /home/airflow/.local/lib/python3.12/site-packages/airflow/example_dags/example_subdag_operator.py
[2025-05-04T17:21:40.714+0000] {processor.py:925} INFO - DAG(s) 'example_subdag_operator.section-1', 'example_subdag_operator.section-2', 'example_subdag_operator' retrieved from /home/airflow/.local/lib/python3.12/site-packages/airflow/example_dags/example_subdag_operator.py
[2025-05-04T17:21:40.732+0000] {logging_mixin.py:190} INFO - [2025-05-04T17:21:40.732+0000] {dag.py:3239} INFO - Sync 3 DAGs
[2025-05-04T17:21:40.762+0000] {logging_mixin.py:190} INFO - [2025-05-04T17:21:40.761+0000] {dag.py:4180} INFO - Setting next_dagrun for example_subdag_operator to 2022-01-01 00:00:00+00:00, run_after=2022-01-01 00:00:00+00:00
[2025-05-04T17:21:40.766+0000] {logging_mixin.py:190} INFO - [2025-05-04T17:21:40.766+0000] {dag.py:4180} INFO - Setting next_dagrun for example_subdag_operator.section-1 to None, run_after=None
[2025-05-04T17:21:40.767+0000] {logging_mixin.py:190} INFO - [2025-05-04T17:21:40.767+0000] {dag.py:4180} INFO - Setting next_dagrun for example_subdag_operator.section-2 to None, run_after=None
[2025-05-04T17:21:40.775+0000] {logging_mixin.py:190} INFO - [2025-05-04T17:21:40.775+0000] {dag.py:3239} INFO - Sync 2 DAGs
[2025-05-04T17:21:40.782+0000] {logging_mixin.py:190} INFO - [2025-05-04T17:21:40.781+0000] {dag.py:4180} INFO - Setting next_dagrun for example_subdag_operator.section-1 to None, run_after=None
[2025-05-04T17:21:40.782+0000] {logging_mixin.py:190} INFO - [2025-05-04T17:21:40.782+0000] {dag.py:4180} INFO - Setting next_dagrun for example_subdag_operator.section-2 to None, run_after=None
[2025-05-04T17:21:40.793+0000] {processor.py:208} INFO - Processing /home/airflow/.local/lib/python3.12/site-packages/airflow/example_dags/example_subdag_operator.py took 0.125 seconds
[2025-05-04T17:22:11.566+0000] {processor.py:186} INFO - Started process (PID=540) to work on /home/airflow/.local/lib/python3.12/site-packages/airflow/example_dags/example_subdag_operator.py
[2025-05-04T17:22:11.568+0000] {processor.py:914} INFO - Processing file /home/airflow/.local/lib/python3.12/site-packages/airflow/example_dags/example_subdag_operator.py for tasks to queue
[2025-05-04T17:22:11.571+0000] {logging_mixin.py:190} INFO - [2025-05-04T17:22:11.571+0000] {dagbag.py:588} INFO - Filling up the DagBag from /home/airflow/.local/lib/python3.12/site-packages/airflow/example_dags/example_subdag_operator.py
[2025-05-04T17:22:11.610+0000] {processor.py:925} INFO - DAG(s) 'example_subdag_operator.section-1', 'example_subdag_operator.section-2', 'example_subdag_operator' retrieved from /home/airflow/.local/lib/python3.12/site-packages/airflow/example_dags/example_subdag_operator.py
[2025-05-04T17:22:11.630+0000] {logging_mixin.py:190} INFO - [2025-05-04T17:22:11.630+0000] {dag.py:3239} INFO - Sync 3 DAGs
[2025-05-04T17:22:11.662+0000] {logging_mixin.py:190} INFO - [2025-05-04T17:22:11.662+0000] {dag.py:4180} INFO - Setting next_dagrun for example_subdag_operator to 2022-01-01 00:00:00+00:00, run_after=2022-01-01 00:00:00+00:00
[2025-05-04T17:22:11.667+0000] {logging_mixin.py:190} INFO - [2025-05-04T17:22:11.666+0000] {dag.py:4180} INFO - Setting next_dagrun for example_subdag_operator.section-1 to None, run_after=None
[2025-05-04T17:22:11.668+0000] {logging_mixin.py:190} INFO - [2025-05-04T17:22:11.668+0000] {dag.py:4180} INFO - Setting next_dagrun for example_subdag_operator.section-2 to None, run_after=None
[2025-05-04T17:22:11.677+0000] {logging_mixin.py:190} INFO - [2025-05-04T17:22:11.676+0000] {dag.py:3239} INFO - Sync 2 DAGs
[2025-05-04T17:22:11.684+0000] {logging_mixin.py:190} INFO - [2025-05-04T17:22:11.684+0000] {dag.py:4180} INFO - Setting next_dagrun for example_subdag_operator.section-1 to None, run_after=None
[2025-05-04T17:22:11.684+0000] {logging_mixin.py:190} INFO - [2025-05-04T17:22:11.684+0000] {dag.py:4180} INFO - Setting next_dagrun for example_subdag_operator.section-2 to None, run_after=None
[2025-05-04T17:22:11.698+0000] {processor.py:208} INFO - Processing /home/airflow/.local/lib/python3.12/site-packages/airflow/example_dags/example_subdag_operator.py took 0.140 seconds
[2025-05-04T17:22:41.882+0000] {processor.py:186} INFO - Started process (PID=603) to work on /home/airflow/.local/lib/python3.12/site-packages/airflow/example_dags/example_subdag_operator.py
[2025-05-04T17:22:41.884+0000] {processor.py:914} INFO - Processing file /home/airflow/.local/lib/python3.12/site-packages/airflow/example_dags/example_subdag_operator.py for tasks to queue
[2025-05-04T17:22:41.887+0000] {logging_mixin.py:190} INFO - [2025-05-04T17:22:41.886+0000] {dagbag.py:588} INFO - Filling up the DagBag from /home/airflow/.local/lib/python3.12/site-packages/airflow/example_dags/example_subdag_operator.py
[2025-05-04T17:22:41.924+0000] {processor.py:925} INFO - DAG(s) 'example_subdag_operator.section-1', 'example_subdag_operator.section-2', 'example_subdag_operator' retrieved from /home/airflow/.local/lib/python3.12/site-packages/airflow/example_dags/example_subdag_operator.py
[2025-05-04T17:22:41.945+0000] {logging_mixin.py:190} INFO - [2025-05-04T17:22:41.944+0000] {dag.py:3239} INFO - Sync 3 DAGs
[2025-05-04T17:22:41.978+0000] {logging_mixin.py:190} INFO - [2025-05-04T17:22:41.978+0000] {dag.py:4180} INFO - Setting next_dagrun for example_subdag_operator to 2022-01-01 00:00:00+00:00, run_after=2022-01-01 00:00:00+00:00
[2025-05-04T17:22:41.983+0000] {logging_mixin.py:190} INFO - [2025-05-04T17:22:41.983+0000] {dag.py:4180} INFO - Setting next_dagrun for example_subdag_operator.section-1 to None, run_after=None
[2025-05-04T17:22:41.985+0000] {logging_mixin.py:190} INFO - [2025-05-04T17:22:41.984+0000] {dag.py:4180} INFO - Setting next_dagrun for example_subdag_operator.section-2 to None, run_after=None
[2025-05-04T17:22:41.994+0000] {logging_mixin.py:190} INFO - [2025-05-04T17:22:41.994+0000] {dag.py:3239} INFO - Sync 2 DAGs
[2025-05-04T17:22:42.001+0000] {logging_mixin.py:190} INFO - [2025-05-04T17:22:42.001+0000] {dag.py:4180} INFO - Setting next_dagrun for example_subdag_operator.section-1 to None, run_after=None
[2025-05-04T17:22:42.002+0000] {logging_mixin.py:190} INFO - [2025-05-04T17:22:42.002+0000] {dag.py:4180} INFO - Setting next_dagrun for example_subdag_operator.section-2 to None, run_after=None
[2025-05-04T17:22:42.014+0000] {processor.py:208} INFO - Processing /home/airflow/.local/lib/python3.12/site-packages/airflow/example_dags/example_subdag_operator.py took 0.141 seconds
[2025-05-04T17:23:12.153+0000] {processor.py:186} INFO - Started process (PID=666) to work on /home/airflow/.local/lib/python3.12/site-packages/airflow/example_dags/example_subdag_operator.py
[2025-05-04T17:23:12.156+0000] {processor.py:914} INFO - Processing file /home/airflow/.local/lib/python3.12/site-packages/airflow/example_dags/example_subdag_operator.py for tasks to queue
[2025-05-04T17:23:12.158+0000] {logging_mixin.py:190} INFO - [2025-05-04T17:23:12.158+0000] {dagbag.py:588} INFO - Filling up the DagBag from /home/airflow/.local/lib/python3.12/site-packages/airflow/example_dags/example_subdag_operator.py
[2025-05-04T17:23:12.197+0000] {processor.py:925} INFO - DAG(s) 'example_subdag_operator.section-1', 'example_subdag_operator.section-2', 'example_subdag_operator' retrieved from /home/airflow/.local/lib/python3.12/site-packages/airflow/example_dags/example_subdag_operator.py
[2025-05-04T17:23:12.216+0000] {logging_mixin.py:190} INFO - [2025-05-04T17:23:12.216+0000] {dag.py:3239} INFO - Sync 3 DAGs
[2025-05-04T17:23:12.250+0000] {logging_mixin.py:190} INFO - [2025-05-04T17:23:12.250+0000] {dag.py:4180} INFO - Setting next_dagrun for example_subdag_operator to 2022-01-01 00:00:00+00:00, run_after=2022-01-01 00:00:00+00:00
[2025-05-04T17:23:12.254+0000] {logging_mixin.py:190} INFO - [2025-05-04T17:23:12.254+0000] {dag.py:4180} INFO - Setting next_dagrun for example_subdag_operator.section-1 to None, run_after=None
[2025-05-04T17:23:12.256+0000] {logging_mixin.py:190} INFO - [2025-05-04T17:23:12.256+0000] {dag.py:4180} INFO - Setting next_dagrun for example_subdag_operator.section-2 to None, run_after=None
[2025-05-04T17:23:12.265+0000] {logging_mixin.py:190} INFO - [2025-05-04T17:23:12.264+0000] {dag.py:3239} INFO - Sync 2 DAGs
[2025-05-04T17:23:12.272+0000] {logging_mixin.py:190} INFO - [2025-05-04T17:23:12.272+0000] {dag.py:4180} INFO - Setting next_dagrun for example_subdag_operator.section-1 to None, run_after=None
[2025-05-04T17:23:12.273+0000] {logging_mixin.py:190} INFO - [2025-05-04T17:23:12.273+0000] {dag.py:4180} INFO - Setting next_dagrun for example_subdag_operator.section-2 to None, run_after=None
[2025-05-04T17:23:12.286+0000] {processor.py:208} INFO - Processing /home/airflow/.local/lib/python3.12/site-packages/airflow/example_dags/example_subdag_operator.py took 0.141 seconds
[2025-05-04T17:23:42.359+0000] {processor.py:186} INFO - Started process (PID=729) to work on /home/airflow/.local/lib/python3.12/site-packages/airflow/example_dags/example_subdag_operator.py
[2025-05-04T17:23:42.361+0000] {processor.py:914} INFO - Processing file /home/airflow/.local/lib/python3.12/site-packages/airflow/example_dags/example_subdag_operator.py for tasks to queue
[2025-05-04T17:23:42.363+0000] {logging_mixin.py:190} INFO - [2025-05-04T17:23:42.363+0000] {dagbag.py:588} INFO - Filling up the DagBag from /home/airflow/.local/lib/python3.12/site-packages/airflow/example_dags/example_subdag_operator.py
[2025-05-04T17:23:42.398+0000] {processor.py:925} INFO - DAG(s) 'example_subdag_operator.section-1', 'example_subdag_operator.section-2', 'example_subdag_operator' retrieved from /home/airflow/.local/lib/python3.12/site-packages/airflow/example_dags/example_subdag_operator.py
[2025-05-04T17:23:42.417+0000] {logging_mixin.py:190} INFO - [2025-05-04T17:23:42.417+0000] {dag.py:3239} INFO - Sync 3 DAGs
[2025-05-04T17:23:42.449+0000] {logging_mixin.py:190} INFO - [2025-05-04T17:23:42.449+0000] {dag.py:4180} INFO - Setting next_dagrun for example_subdag_operator to 2022-01-01 00:00:00+00:00, run_after=2022-01-01 00:00:00+00:00
[2025-05-04T17:23:42.454+0000] {logging_mixin.py:190} INFO - [2025-05-04T17:23:42.454+0000] {dag.py:4180} INFO - Setting next_dagrun for example_subdag_operator.section-1 to None, run_after=None
[2025-05-04T17:23:42.455+0000] {logging_mixin.py:190} INFO - [2025-05-04T17:23:42.455+0000] {dag.py:4180} INFO - Setting next_dagrun for example_subdag_operator.section-2 to None, run_after=None
[2025-05-04T17:23:42.464+0000] {logging_mixin.py:190} INFO - [2025-05-04T17:23:42.464+0000] {dag.py:3239} INFO - Sync 2 DAGs
[2025-05-04T17:23:42.470+0000] {logging_mixin.py:190} INFO - [2025-05-04T17:23:42.470+0000] {dag.py:4180} INFO - Setting next_dagrun for example_subdag_operator.section-1 to None, run_after=None
[2025-05-04T17:23:42.471+0000] {logging_mixin.py:190} INFO - [2025-05-04T17:23:42.471+0000] {dag.py:4180} INFO - Setting next_dagrun for example_subdag_operator.section-2 to None, run_after=None
[2025-05-04T17:23:42.484+0000] {processor.py:208} INFO - Processing /home/airflow/.local/lib/python3.12/site-packages/airflow/example_dags/example_subdag_operator.py took 0.133 seconds
[2025-05-04T17:24:13.096+0000] {processor.py:186} INFO - Started process (PID=792) to work on /home/airflow/.local/lib/python3.12/site-packages/airflow/example_dags/example_subdag_operator.py
[2025-05-04T17:24:13.099+0000] {processor.py:914} INFO - Processing file /home/airflow/.local/lib/python3.12/site-packages/airflow/example_dags/example_subdag_operator.py for tasks to queue
[2025-05-04T17:24:13.102+0000] {logging_mixin.py:190} INFO - [2025-05-04T17:24:13.102+0000] {dagbag.py:588} INFO - Filling up the DagBag from /home/airflow/.local/lib/python3.12/site-packages/airflow/example_dags/example_subdag_operator.py
[2025-05-04T17:24:13.140+0000] {processor.py:925} INFO - DAG(s) 'example_subdag_operator.section-1', 'example_subdag_operator.section-2', 'example_subdag_operator' retrieved from /home/airflow/.local/lib/python3.12/site-packages/airflow/example_dags/example_subdag_operator.py
[2025-05-04T17:24:13.160+0000] {logging_mixin.py:190} INFO - [2025-05-04T17:24:13.159+0000] {dag.py:3239} INFO - Sync 3 DAGs
[2025-05-04T17:24:13.194+0000] {logging_mixin.py:190} INFO - [2025-05-04T17:24:13.193+0000] {dag.py:4180} INFO - Setting next_dagrun for example_subdag_operator to 2022-01-01 00:00:00+00:00, run_after=2022-01-01 00:00:00+00:00
[2025-05-04T17:24:13.198+0000] {logging_mixin.py:190} INFO - [2025-05-04T17:24:13.198+0000] {dag.py:4180} INFO - Setting next_dagrun for example_subdag_operator.section-1 to None, run_after=None
[2025-05-04T17:24:13.199+0000] {logging_mixin.py:190} INFO - [2025-05-04T17:24:13.199+0000] {dag.py:4180} INFO - Setting next_dagrun for example_subdag_operator.section-2 to None, run_after=None
[2025-05-04T17:24:13.212+0000] {logging_mixin.py:190} INFO - [2025-05-04T17:24:13.211+0000] {dag.py:3239} INFO - Sync 2 DAGs
[2025-05-04T17:24:13.220+0000] {logging_mixin.py:190} INFO - [2025-05-04T17:24:13.219+0000] {dag.py:4180} INFO - Setting next_dagrun for example_subdag_operator.section-1 to None, run_after=None
[2025-05-04T17:24:13.220+0000] {logging_mixin.py:190} INFO - [2025-05-04T17:24:13.220+0000] {dag.py:4180} INFO - Setting next_dagrun for example_subdag_operator.section-2 to None, run_after=None
[2025-05-04T17:24:13.234+0000] {processor.py:208} INFO - Processing /home/airflow/.local/lib/python3.12/site-packages/airflow/example_dags/example_subdag_operator.py took 0.147 seconds
[2025-05-04T17:24:43.472+0000] {processor.py:186} INFO - Started process (PID=855) to work on /home/airflow/.local/lib/python3.12/site-packages/airflow/example_dags/example_subdag_operator.py
[2025-05-04T17:24:43.473+0000] {processor.py:914} INFO - Processing file /home/airflow/.local/lib/python3.12/site-packages/airflow/example_dags/example_subdag_operator.py for tasks to queue
[2025-05-04T17:24:43.476+0000] {logging_mixin.py:190} INFO - [2025-05-04T17:24:43.475+0000] {dagbag.py:588} INFO - Filling up the DagBag from /home/airflow/.local/lib/python3.12/site-packages/airflow/example_dags/example_subdag_operator.py
[2025-05-04T17:24:43.514+0000] {processor.py:925} INFO - DAG(s) 'example_subdag_operator.section-1', 'example_subdag_operator.section-2', 'example_subdag_operator' retrieved from /home/airflow/.local/lib/python3.12/site-packages/airflow/example_dags/example_subdag_operator.py
[2025-05-04T17:24:43.533+0000] {logging_mixin.py:190} INFO - [2025-05-04T17:24:43.533+0000] {dag.py:3239} INFO - Sync 3 DAGs
[2025-05-04T17:24:43.566+0000] {logging_mixin.py:190} INFO - [2025-05-04T17:24:43.565+0000] {dag.py:4180} INFO - Setting next_dagrun for example_subdag_operator to 2022-01-01 00:00:00+00:00, run_after=2022-01-01 00:00:00+00:00
[2025-05-04T17:24:43.570+0000] {logging_mixin.py:190} INFO - [2025-05-04T17:24:43.570+0000] {dag.py:4180} INFO - Setting next_dagrun for example_subdag_operator.section-1 to None, run_after=None
[2025-05-04T17:24:43.572+0000] {logging_mixin.py:190} INFO - [2025-05-04T17:24:43.572+0000] {dag.py:4180} INFO - Setting next_dagrun for example_subdag_operator.section-2 to None, run_after=None
[2025-05-04T17:24:43.581+0000] {logging_mixin.py:190} INFO - [2025-05-04T17:24:43.580+0000] {dag.py:3239} INFO - Sync 2 DAGs
[2025-05-04T17:24:43.588+0000] {logging_mixin.py:190} INFO - [2025-05-04T17:24:43.588+0000] {dag.py:4180} INFO - Setting next_dagrun for example_subdag_operator.section-1 to None, run_after=None
[2025-05-04T17:24:43.589+0000] {logging_mixin.py:190} INFO - [2025-05-04T17:24:43.588+0000] {dag.py:4180} INFO - Setting next_dagrun for example_subdag_operator.section-2 to None, run_after=None
[2025-05-04T17:24:43.603+0000] {processor.py:208} INFO - Processing /home/airflow/.local/lib/python3.12/site-packages/airflow/example_dags/example_subdag_operator.py took 0.140 seconds
[2025-05-04T17:25:13.760+0000] {processor.py:186} INFO - Started process (PID=918) to work on /home/airflow/.local/lib/python3.12/site-packages/airflow/example_dags/example_subdag_operator.py
[2025-05-04T17:25:13.762+0000] {processor.py:914} INFO - Processing file /home/airflow/.local/lib/python3.12/site-packages/airflow/example_dags/example_subdag_operator.py for tasks to queue
[2025-05-04T17:25:13.765+0000] {logging_mixin.py:190} INFO - [2025-05-04T17:25:13.765+0000] {dagbag.py:588} INFO - Filling up the DagBag from /home/airflow/.local/lib/python3.12/site-packages/airflow/example_dags/example_subdag_operator.py
[2025-05-04T17:25:13.802+0000] {processor.py:925} INFO - DAG(s) 'example_subdag_operator.section-1', 'example_subdag_operator.section-2', 'example_subdag_operator' retrieved from /home/airflow/.local/lib/python3.12/site-packages/airflow/example_dags/example_subdag_operator.py
[2025-05-04T17:25:13.821+0000] {logging_mixin.py:190} INFO - [2025-05-04T17:25:13.821+0000] {dag.py:3239} INFO - Sync 3 DAGs
[2025-05-04T17:25:13.853+0000] {logging_mixin.py:190} INFO - [2025-05-04T17:25:13.853+0000] {dag.py:4180} INFO - Setting next_dagrun for example_subdag_operator to 2022-01-01 00:00:00+00:00, run_after=2022-01-01 00:00:00+00:00
[2025-05-04T17:25:13.858+0000] {logging_mixin.py:190} INFO - [2025-05-04T17:25:13.858+0000] {dag.py:4180} INFO - Setting next_dagrun for example_subdag_operator.section-1 to None, run_after=None
[2025-05-04T17:25:13.860+0000] {logging_mixin.py:190} INFO - [2025-05-04T17:25:13.860+0000] {dag.py:4180} INFO - Setting next_dagrun for example_subdag_operator.section-2 to None, run_after=None
[2025-05-04T17:25:13.869+0000] {logging_mixin.py:190} INFO - [2025-05-04T17:25:13.868+0000] {dag.py:3239} INFO - Sync 2 DAGs
[2025-05-04T17:25:13.876+0000] {logging_mixin.py:190} INFO - [2025-05-04T17:25:13.875+0000] {dag.py:4180} INFO - Setting next_dagrun for example_subdag_operator.section-1 to None, run_after=None
[2025-05-04T17:25:13.876+0000] {logging_mixin.py:190} INFO - [2025-05-04T17:25:13.876+0000] {dag.py:4180} INFO - Setting next_dagrun for example_subdag_operator.section-2 to None, run_after=None
[2025-05-04T17:25:13.889+0000] {processor.py:208} INFO - Processing /home/airflow/.local/lib/python3.12/site-packages/airflow/example_dags/example_subdag_operator.py took 0.138 seconds
[2025-05-04T17:25:44.309+0000] {processor.py:186} INFO - Started process (PID=981) to work on /home/airflow/.local/lib/python3.12/site-packages/airflow/example_dags/example_subdag_operator.py
[2025-05-04T17:25:44.310+0000] {processor.py:914} INFO - Processing file /home/airflow/.local/lib/python3.12/site-packages/airflow/example_dags/example_subdag_operator.py for tasks to queue
[2025-05-04T17:25:44.313+0000] {logging_mixin.py:190} INFO - [2025-05-04T17:25:44.312+0000] {dagbag.py:588} INFO - Filling up the DagBag from /home/airflow/.local/lib/python3.12/site-packages/airflow/example_dags/example_subdag_operator.py
[2025-05-04T17:25:44.349+0000] {processor.py:925} INFO - DAG(s) 'example_subdag_operator.section-1', 'example_subdag_operator.section-2', 'example_subdag_operator' retrieved from /home/airflow/.local/lib/python3.12/site-packages/airflow/example_dags/example_subdag_operator.py
[2025-05-04T17:25:44.369+0000] {logging_mixin.py:190} INFO - [2025-05-04T17:25:44.369+0000] {dag.py:3239} INFO - Sync 3 DAGs
[2025-05-04T17:25:44.403+0000] {logging_mixin.py:190} INFO - [2025-05-04T17:25:44.403+0000] {dag.py:4180} INFO - Setting next_dagrun for example_subdag_operator to 2022-01-01 00:00:00+00:00, run_after=2022-01-01 00:00:00+00:00
[2025-05-04T17:25:44.408+0000] {logging_mixin.py:190} INFO - [2025-05-04T17:25:44.408+0000] {dag.py:4180} INFO - Setting next_dagrun for example_subdag_operator.section-1 to None, run_after=None
[2025-05-04T17:25:44.410+0000] {logging_mixin.py:190} INFO - [2025-05-04T17:25:44.409+0000] {dag.py:4180} INFO - Setting next_dagrun for example_subdag_operator.section-2 to None, run_after=None
[2025-05-04T17:25:44.418+0000] {logging_mixin.py:190} INFO - [2025-05-04T17:25:44.418+0000] {dag.py:3239} INFO - Sync 2 DAGs
[2025-05-04T17:25:44.425+0000] {logging_mixin.py:190} INFO - [2025-05-04T17:25:44.425+0000] {dag.py:4180} INFO - Setting next_dagrun for example_subdag_operator.section-1 to None, run_after=None
[2025-05-04T17:25:44.426+0000] {logging_mixin.py:190} INFO - [2025-05-04T17:25:44.426+0000] {dag.py:4180} INFO - Setting next_dagrun for example_subdag_operator.section-2 to None, run_after=None
[2025-05-04T17:25:44.440+0000] {processor.py:208} INFO - Processing /home/airflow/.local/lib/python3.12/site-packages/airflow/example_dags/example_subdag_operator.py took 0.139 seconds
[2025-05-04T17:26:14.887+0000] {processor.py:186} INFO - Started process (PID=1044) to work on /home/airflow/.local/lib/python3.12/site-packages/airflow/example_dags/example_subdag_operator.py
[2025-05-04T17:26:14.889+0000] {processor.py:914} INFO - Processing file /home/airflow/.local/lib/python3.12/site-packages/airflow/example_dags/example_subdag_operator.py for tasks to queue
[2025-05-04T17:26:14.892+0000] {logging_mixin.py:190} INFO - [2025-05-04T17:26:14.891+0000] {dagbag.py:588} INFO - Filling up the DagBag from /home/airflow/.local/lib/python3.12/site-packages/airflow/example_dags/example_subdag_operator.py
[2025-05-04T17:26:14.928+0000] {processor.py:925} INFO - DAG(s) 'example_subdag_operator.section-1', 'example_subdag_operator.section-2', 'example_subdag_operator' retrieved from /home/airflow/.local/lib/python3.12/site-packages/airflow/example_dags/example_subdag_operator.py
[2025-05-04T17:26:14.950+0000] {logging_mixin.py:190} INFO - [2025-05-04T17:26:14.949+0000] {dag.py:3239} INFO - Sync 3 DAGs
[2025-05-04T17:26:14.984+0000] {logging_mixin.py:190} INFO - [2025-05-04T17:26:14.984+0000] {dag.py:4180} INFO - Setting next_dagrun for example_subdag_operator to 2022-01-01 00:00:00+00:00, run_after=2022-01-01 00:00:00+00:00
[2025-05-04T17:26:14.989+0000] {logging_mixin.py:190} INFO - [2025-05-04T17:26:14.989+0000] {dag.py:4180} INFO - Setting next_dagrun for example_subdag_operator.section-1 to None, run_after=None
[2025-05-04T17:26:14.991+0000] {logging_mixin.py:190} INFO - [2025-05-04T17:26:14.991+0000] {dag.py:4180} INFO - Setting next_dagrun for example_subdag_operator.section-2 to None, run_after=None
[2025-05-04T17:26:15.000+0000] {logging_mixin.py:190} INFO - [2025-05-04T17:26:14.999+0000] {dag.py:3239} INFO - Sync 2 DAGs
[2025-05-04T17:26:15.008+0000] {logging_mixin.py:190} INFO - [2025-05-04T17:26:15.008+0000] {dag.py:4180} INFO - Setting next_dagrun for example_subdag_operator.section-1 to None, run_after=None
[2025-05-04T17:26:15.008+0000] {logging_mixin.py:190} INFO - [2025-05-04T17:26:15.008+0000] {dag.py:4180} INFO - Setting next_dagrun for example_subdag_operator.section-2 to None, run_after=None
[2025-05-04T17:26:15.024+0000] {processor.py:208} INFO - Processing /home/airflow/.local/lib/python3.12/site-packages/airflow/example_dags/example_subdag_operator.py took 0.145 seconds
[2025-05-04T17:26:45.518+0000] {processor.py:186} INFO - Started process (PID=1107) to work on /home/airflow/.local/lib/python3.12/site-packages/airflow/example_dags/example_subdag_operator.py
[2025-05-04T17:26:45.520+0000] {processor.py:914} INFO - Processing file /home/airflow/.local/lib/python3.12/site-packages/airflow/example_dags/example_subdag_operator.py for tasks to queue
[2025-05-04T17:26:45.526+0000] {logging_mixin.py:190} INFO - [2025-05-04T17:26:45.525+0000] {dagbag.py:588} INFO - Filling up the DagBag from /home/airflow/.local/lib/python3.12/site-packages/airflow/example_dags/example_subdag_operator.py
[2025-05-04T17:26:45.578+0000] {processor.py:925} INFO - DAG(s) 'example_subdag_operator.section-1', 'example_subdag_operator.section-2', 'example_subdag_operator' retrieved from /home/airflow/.local/lib/python3.12/site-packages/airflow/example_dags/example_subdag_operator.py
[2025-05-04T17:26:45.603+0000] {logging_mixin.py:190} INFO - [2025-05-04T17:26:45.602+0000] {dag.py:3239} INFO - Sync 3 DAGs
[2025-05-04T17:26:45.653+0000] {logging_mixin.py:190} INFO - [2025-05-04T17:26:45.652+0000] {dag.py:4180} INFO - Setting next_dagrun for example_subdag_operator to 2022-01-01 00:00:00+00:00, run_after=2022-01-01 00:00:00+00:00
[2025-05-04T17:26:45.660+0000] {logging_mixin.py:190} INFO - [2025-05-04T17:26:45.659+0000] {dag.py:4180} INFO - Setting next_dagrun for example_subdag_operator.section-1 to None, run_after=None
[2025-05-04T17:26:45.662+0000] {logging_mixin.py:190} INFO - [2025-05-04T17:26:45.662+0000] {dag.py:4180} INFO - Setting next_dagrun for example_subdag_operator.section-2 to None, run_after=None
[2025-05-04T17:26:45.674+0000] {logging_mixin.py:190} INFO - [2025-05-04T17:26:45.673+0000] {dag.py:3239} INFO - Sync 2 DAGs
[2025-05-04T17:26:45.688+0000] {logging_mixin.py:190} INFO - [2025-05-04T17:26:45.687+0000] {dag.py:4180} INFO - Setting next_dagrun for example_subdag_operator.section-1 to None, run_after=None
[2025-05-04T17:26:45.689+0000] {logging_mixin.py:190} INFO - [2025-05-04T17:26:45.688+0000] {dag.py:4180} INFO - Setting next_dagrun for example_subdag_operator.section-2 to None, run_after=None
[2025-05-04T17:26:45.755+0000] {processor.py:208} INFO - Processing /home/airflow/.local/lib/python3.12/site-packages/airflow/example_dags/example_subdag_operator.py took 0.249 seconds
