[2025-05-04T17:18:33.209+0000] {processor.py:186} INFO - Started process (PID=74) to work on /home/airflow/.local/lib/python3.12/site-packages/airflow/example_dags/example_workday_timetable.py
[2025-05-04T17:18:33.209+0000] {processor.py:914} INFO - Processing file /home/airflow/.local/lib/python3.12/site-packages/airflow/example_dags/example_workday_timetable.py for tasks to queue
[2025-05-04T17:18:33.211+0000] {logging_mixin.py:190} INFO - [2025-05-04T17:18:33.211+0000] {dagbag.py:588} INFO - Filling up the DagBag from /home/airflow/.local/lib/python3.12/site-packages/airflow/example_dags/example_workday_timetable.py
[2025-05-04T17:18:33.216+0000] {processor.py:925} INFO - DAG(s) 'example_workday_timetable' retrieved from /home/airflow/.local/lib/python3.12/site-packages/airflow/example_dags/example_workday_timetable.py
[2025-05-04T17:18:33.310+0000] {logging_mixin.py:190} INFO - [2025-05-04T17:18:33.310+0000] {override.py:1912} INFO - Created Permission View: can read on DAG:example_workday_timetable
[2025-05-04T17:18:33.318+0000] {logging_mixin.py:190} INFO - [2025-05-04T17:18:33.317+0000] {override.py:1912} INFO - Created Permission View: can edit on DAG:example_workday_timetable
[2025-05-04T17:18:33.322+0000] {logging_mixin.py:190} INFO - [2025-05-04T17:18:33.322+0000] {override.py:1912} INFO - Created Permission View: can delete on DAG:example_workday_timetable
[2025-05-04T17:18:33.327+0000] {logging_mixin.py:190} INFO - [2025-05-04T17:18:33.326+0000] {override.py:1912} INFO - Created Permission View: can read on DAG Run:example_workday_timetable
[2025-05-04T17:18:33.331+0000] {logging_mixin.py:190} INFO - [2025-05-04T17:18:33.331+0000] {override.py:1912} INFO - Created Permission View: can create on DAG Run:example_workday_timetable
[2025-05-04T17:18:33.336+0000] {logging_mixin.py:190} INFO - [2025-05-04T17:18:33.335+0000] {override.py:1912} INFO - Created Permission View: can delete on DAG Run:example_workday_timetable
[2025-05-04T17:18:33.341+0000] {logging_mixin.py:190} INFO - [2025-05-04T17:18:33.341+0000] {override.py:1912} INFO - Created Permission View: menu access on DAG Run:example_workday_timetable
[2025-05-04T17:18:33.341+0000] {logging_mixin.py:190} INFO - [2025-05-04T17:18:33.341+0000] {dag.py:3239} INFO - Sync 1 DAGs
[2025-05-04T17:18:33.353+0000] {logging_mixin.py:190} INFO - [2025-05-04T17:18:33.353+0000] {dag.py:3262} INFO - Creating ORM DAG for example_workday_timetable
[2025-05-04T17:18:33.403+0000] {logging_mixin.py:190} INFO - [2025-05-04T17:18:33.403+0000] {dag.py:4180} INFO - Setting next_dagrun for example_workday_timetable to 2021-01-04 00:00:00+00:00, run_after=2021-01-05 00:00:00+00:00
[2025-05-04T17:18:33.416+0000] {processor.py:208} INFO - Processing /home/airflow/.local/lib/python3.12/site-packages/airflow/example_dags/example_workday_timetable.py took 0.212 seconds
[2025-05-04T17:19:03.788+0000] {processor.py:186} INFO - Started process (PID=136) to work on /home/airflow/.local/lib/python3.12/site-packages/airflow/example_dags/example_workday_timetable.py
[2025-05-04T17:19:03.789+0000] {processor.py:914} INFO - Processing file /home/airflow/.local/lib/python3.12/site-packages/airflow/example_dags/example_workday_timetable.py for tasks to queue
[2025-05-04T17:19:03.792+0000] {logging_mixin.py:190} INFO - [2025-05-04T17:19:03.791+0000] {dagbag.py:588} INFO - Filling up the DagBag from /home/airflow/.local/lib/python3.12/site-packages/airflow/example_dags/example_workday_timetable.py
[2025-05-04T17:19:03.801+0000] {processor.py:925} INFO - DAG(s) 'example_workday_timetable' retrieved from /home/airflow/.local/lib/python3.12/site-packages/airflow/example_dags/example_workday_timetable.py
[2025-05-04T17:19:03.828+0000] {logging_mixin.py:190} INFO - [2025-05-04T17:19:03.828+0000] {dag.py:3239} INFO - Sync 1 DAGs
[2025-05-04T17:19:03.913+0000] {logging_mixin.py:190} INFO - [2025-05-04T17:19:03.913+0000] {dag.py:4180} INFO - Setting next_dagrun for example_workday_timetable to 2021-01-04 00:00:00+00:00, run_after=2021-01-05 00:00:00+00:00
[2025-05-04T17:19:03.939+0000] {processor.py:208} INFO - Processing /home/airflow/.local/lib/python3.12/site-packages/airflow/example_dags/example_workday_timetable.py took 0.160 seconds
[2025-05-04T17:19:34.004+0000] {processor.py:186} INFO - Started process (PID=199) to work on /home/airflow/.local/lib/python3.12/site-packages/airflow/example_dags/example_workday_timetable.py
[2025-05-04T17:19:34.005+0000] {processor.py:914} INFO - Processing file /home/airflow/.local/lib/python3.12/site-packages/airflow/example_dags/example_workday_timetable.py for tasks to queue
[2025-05-04T17:19:34.008+0000] {logging_mixin.py:190} INFO - [2025-05-04T17:19:34.008+0000] {dagbag.py:588} INFO - Filling up the DagBag from /home/airflow/.local/lib/python3.12/site-packages/airflow/example_dags/example_workday_timetable.py
[2025-05-04T17:19:34.017+0000] {processor.py:925} INFO - DAG(s) 'example_workday_timetable' retrieved from /home/airflow/.local/lib/python3.12/site-packages/airflow/example_dags/example_workday_timetable.py
[2025-05-04T17:19:34.045+0000] {logging_mixin.py:190} INFO - [2025-05-04T17:19:34.045+0000] {dag.py:3239} INFO - Sync 1 DAGs
[2025-05-04T17:19:34.139+0000] {logging_mixin.py:190} INFO - [2025-05-04T17:19:34.138+0000] {dag.py:4180} INFO - Setting next_dagrun for example_workday_timetable to 2021-01-04 00:00:00+00:00, run_after=2021-01-05 00:00:00+00:00
[2025-05-04T17:19:34.167+0000] {processor.py:208} INFO - Processing /home/airflow/.local/lib/python3.12/site-packages/airflow/example_dags/example_workday_timetable.py took 0.171 seconds
[2025-05-04T17:20:04.391+0000] {processor.py:186} INFO - Started process (PID=262) to work on /home/airflow/.local/lib/python3.12/site-packages/airflow/example_dags/example_workday_timetable.py
[2025-05-04T17:20:04.394+0000] {processor.py:914} INFO - Processing file /home/airflow/.local/lib/python3.12/site-packages/airflow/example_dags/example_workday_timetable.py for tasks to queue
[2025-05-04T17:20:04.397+0000] {logging_mixin.py:190} INFO - [2025-05-04T17:20:04.396+0000] {dagbag.py:588} INFO - Filling up the DagBag from /home/airflow/.local/lib/python3.12/site-packages/airflow/example_dags/example_workday_timetable.py
[2025-05-04T17:20:04.406+0000] {processor.py:925} INFO - DAG(s) 'example_workday_timetable' retrieved from /home/airflow/.local/lib/python3.12/site-packages/airflow/example_dags/example_workday_timetable.py
[2025-05-04T17:20:04.434+0000] {logging_mixin.py:190} INFO - [2025-05-04T17:20:04.433+0000] {dag.py:3239} INFO - Sync 1 DAGs
[2025-05-04T17:20:04.522+0000] {logging_mixin.py:190} INFO - [2025-05-04T17:20:04.522+0000] {dag.py:4180} INFO - Setting next_dagrun for example_workday_timetable to 2021-01-04 00:00:00+00:00, run_after=2021-01-05 00:00:00+00:00
[2025-05-04T17:20:04.546+0000] {processor.py:208} INFO - Processing /home/airflow/.local/lib/python3.12/site-packages/airflow/example_dags/example_workday_timetable.py took 0.163 seconds
[2025-05-04T17:20:34.851+0000] {processor.py:186} INFO - Started process (PID=325) to work on /home/airflow/.local/lib/python3.12/site-packages/airflow/example_dags/example_workday_timetable.py
[2025-05-04T17:20:34.854+0000] {processor.py:914} INFO - Processing file /home/airflow/.local/lib/python3.12/site-packages/airflow/example_dags/example_workday_timetable.py for tasks to queue
[2025-05-04T17:20:34.857+0000] {logging_mixin.py:190} INFO - [2025-05-04T17:20:34.856+0000] {dagbag.py:588} INFO - Filling up the DagBag from /home/airflow/.local/lib/python3.12/site-packages/airflow/example_dags/example_workday_timetable.py
[2025-05-04T17:20:34.865+0000] {processor.py:925} INFO - DAG(s) 'example_workday_timetable' retrieved from /home/airflow/.local/lib/python3.12/site-packages/airflow/example_dags/example_workday_timetable.py
[2025-05-04T17:20:34.891+0000] {logging_mixin.py:190} INFO - [2025-05-04T17:20:34.891+0000] {dag.py:3239} INFO - Sync 1 DAGs
[2025-05-04T17:20:34.972+0000] {logging_mixin.py:190} INFO - [2025-05-04T17:20:34.972+0000] {dag.py:4180} INFO - Setting next_dagrun for example_workday_timetable to 2021-01-04 00:00:00+00:00, run_after=2021-01-05 00:00:00+00:00
[2025-05-04T17:20:34.997+0000] {processor.py:208} INFO - Processing /home/airflow/.local/lib/python3.12/site-packages/airflow/example_dags/example_workday_timetable.py took 0.153 seconds
[2025-05-04T17:21:05.058+0000] {processor.py:186} INFO - Started process (PID=388) to work on /home/airflow/.local/lib/python3.12/site-packages/airflow/example_dags/example_workday_timetable.py
[2025-05-04T17:21:05.061+0000] {processor.py:914} INFO - Processing file /home/airflow/.local/lib/python3.12/site-packages/airflow/example_dags/example_workday_timetable.py for tasks to queue
[2025-05-04T17:21:05.064+0000] {logging_mixin.py:190} INFO - [2025-05-04T17:21:05.064+0000] {dagbag.py:588} INFO - Filling up the DagBag from /home/airflow/.local/lib/python3.12/site-packages/airflow/example_dags/example_workday_timetable.py
[2025-05-04T17:21:05.074+0000] {processor.py:925} INFO - DAG(s) 'example_workday_timetable' retrieved from /home/airflow/.local/lib/python3.12/site-packages/airflow/example_dags/example_workday_timetable.py
[2025-05-04T17:21:05.104+0000] {logging_mixin.py:190} INFO - [2025-05-04T17:21:05.103+0000] {dag.py:3239} INFO - Sync 1 DAGs
[2025-05-04T17:21:05.193+0000] {logging_mixin.py:190} INFO - [2025-05-04T17:21:05.193+0000] {dag.py:4180} INFO - Setting next_dagrun for example_workday_timetable to 2021-01-04 00:00:00+00:00, run_after=2021-01-05 00:00:00+00:00
[2025-05-04T17:21:05.220+0000] {processor.py:208} INFO - Processing /home/airflow/.local/lib/python3.12/site-packages/airflow/example_dags/example_workday_timetable.py took 0.170 seconds
[2025-05-04T17:21:35.333+0000] {processor.py:186} INFO - Started process (PID=451) to work on /home/airflow/.local/lib/python3.12/site-packages/airflow/example_dags/example_workday_timetable.py
[2025-05-04T17:21:35.335+0000] {processor.py:914} INFO - Processing file /home/airflow/.local/lib/python3.12/site-packages/airflow/example_dags/example_workday_timetable.py for tasks to queue
[2025-05-04T17:21:35.338+0000] {logging_mixin.py:190} INFO - [2025-05-04T17:21:35.338+0000] {dagbag.py:588} INFO - Filling up the DagBag from /home/airflow/.local/lib/python3.12/site-packages/airflow/example_dags/example_workday_timetable.py
[2025-05-04T17:21:35.347+0000] {processor.py:925} INFO - DAG(s) 'example_workday_timetable' retrieved from /home/airflow/.local/lib/python3.12/site-packages/airflow/example_dags/example_workday_timetable.py
[2025-05-04T17:21:35.374+0000] {logging_mixin.py:190} INFO - [2025-05-04T17:21:35.374+0000] {dag.py:3239} INFO - Sync 1 DAGs
[2025-05-04T17:21:35.458+0000] {logging_mixin.py:190} INFO - [2025-05-04T17:21:35.458+0000] {dag.py:4180} INFO - Setting next_dagrun for example_workday_timetable to 2021-01-04 00:00:00+00:00, run_after=2021-01-05 00:00:00+00:00
[2025-05-04T17:21:35.480+0000] {processor.py:208} INFO - Processing /home/airflow/.local/lib/python3.12/site-packages/airflow/example_dags/example_workday_timetable.py took 0.155 seconds
[2025-05-04T17:22:05.573+0000] {processor.py:186} INFO - Started process (PID=514) to work on /home/airflow/.local/lib/python3.12/site-packages/airflow/example_dags/example_workday_timetable.py
[2025-05-04T17:22:05.575+0000] {processor.py:914} INFO - Processing file /home/airflow/.local/lib/python3.12/site-packages/airflow/example_dags/example_workday_timetable.py for tasks to queue
[2025-05-04T17:22:05.578+0000] {logging_mixin.py:190} INFO - [2025-05-04T17:22:05.578+0000] {dagbag.py:588} INFO - Filling up the DagBag from /home/airflow/.local/lib/python3.12/site-packages/airflow/example_dags/example_workday_timetable.py
[2025-05-04T17:22:05.587+0000] {processor.py:925} INFO - DAG(s) 'example_workday_timetable' retrieved from /home/airflow/.local/lib/python3.12/site-packages/airflow/example_dags/example_workday_timetable.py
[2025-05-04T17:22:05.613+0000] {logging_mixin.py:190} INFO - [2025-05-04T17:22:05.613+0000] {dag.py:3239} INFO - Sync 1 DAGs
[2025-05-04T17:22:05.700+0000] {logging_mixin.py:190} INFO - [2025-05-04T17:22:05.699+0000] {dag.py:4180} INFO - Setting next_dagrun for example_workday_timetable to 2021-01-04 00:00:00+00:00, run_after=2021-01-05 00:00:00+00:00
[2025-05-04T17:22:05.751+0000] {processor.py:208} INFO - Processing /home/airflow/.local/lib/python3.12/site-packages/airflow/example_dags/example_workday_timetable.py took 0.186 seconds
[2025-05-04T17:22:35.948+0000] {processor.py:186} INFO - Started process (PID=577) to work on /home/airflow/.local/lib/python3.12/site-packages/airflow/example_dags/example_workday_timetable.py
[2025-05-04T17:22:35.950+0000] {processor.py:914} INFO - Processing file /home/airflow/.local/lib/python3.12/site-packages/airflow/example_dags/example_workday_timetable.py for tasks to queue
[2025-05-04T17:22:35.952+0000] {logging_mixin.py:190} INFO - [2025-05-04T17:22:35.952+0000] {dagbag.py:588} INFO - Filling up the DagBag from /home/airflow/.local/lib/python3.12/site-packages/airflow/example_dags/example_workday_timetable.py
[2025-05-04T17:22:35.960+0000] {processor.py:925} INFO - DAG(s) 'example_workday_timetable' retrieved from /home/airflow/.local/lib/python3.12/site-packages/airflow/example_dags/example_workday_timetable.py
[2025-05-04T17:22:35.986+0000] {logging_mixin.py:190} INFO - [2025-05-04T17:22:35.985+0000] {dag.py:3239} INFO - Sync 1 DAGs
[2025-05-04T17:22:36.067+0000] {logging_mixin.py:190} INFO - [2025-05-04T17:22:36.066+0000] {dag.py:4180} INFO - Setting next_dagrun for example_workday_timetable to 2021-01-04 00:00:00+00:00, run_after=2021-01-05 00:00:00+00:00
[2025-05-04T17:22:36.091+0000] {processor.py:208} INFO - Processing /home/airflow/.local/lib/python3.12/site-packages/airflow/example_dags/example_workday_timetable.py took 0.151 seconds
[2025-05-04T17:23:06.652+0000] {processor.py:186} INFO - Started process (PID=640) to work on /home/airflow/.local/lib/python3.12/site-packages/airflow/example_dags/example_workday_timetable.py
[2025-05-04T17:23:06.654+0000] {processor.py:914} INFO - Processing file /home/airflow/.local/lib/python3.12/site-packages/airflow/example_dags/example_workday_timetable.py for tasks to queue
[2025-05-04T17:23:06.657+0000] {logging_mixin.py:190} INFO - [2025-05-04T17:23:06.657+0000] {dagbag.py:588} INFO - Filling up the DagBag from /home/airflow/.local/lib/python3.12/site-packages/airflow/example_dags/example_workday_timetable.py
[2025-05-04T17:23:06.666+0000] {processor.py:925} INFO - DAG(s) 'example_workday_timetable' retrieved from /home/airflow/.local/lib/python3.12/site-packages/airflow/example_dags/example_workday_timetable.py
[2025-05-04T17:23:06.697+0000] {logging_mixin.py:190} INFO - [2025-05-04T17:23:06.697+0000] {dag.py:3239} INFO - Sync 1 DAGs
[2025-05-04T17:23:06.785+0000] {logging_mixin.py:190} INFO - [2025-05-04T17:23:06.785+0000] {dag.py:4180} INFO - Setting next_dagrun for example_workday_timetable to 2021-01-04 00:00:00+00:00, run_after=2021-01-05 00:00:00+00:00
[2025-05-04T17:23:06.811+0000] {processor.py:208} INFO - Processing /home/airflow/.local/lib/python3.12/site-packages/airflow/example_dags/example_workday_timetable.py took 0.167 seconds
[2025-05-04T17:23:36.992+0000] {processor.py:186} INFO - Started process (PID=703) to work on /home/airflow/.local/lib/python3.12/site-packages/airflow/example_dags/example_workday_timetable.py
[2025-05-04T17:23:36.994+0000] {processor.py:914} INFO - Processing file /home/airflow/.local/lib/python3.12/site-packages/airflow/example_dags/example_workday_timetable.py for tasks to queue
[2025-05-04T17:23:36.997+0000] {logging_mixin.py:190} INFO - [2025-05-04T17:23:36.996+0000] {dagbag.py:588} INFO - Filling up the DagBag from /home/airflow/.local/lib/python3.12/site-packages/airflow/example_dags/example_workday_timetable.py
[2025-05-04T17:23:37.005+0000] {processor.py:925} INFO - DAG(s) 'example_workday_timetable' retrieved from /home/airflow/.local/lib/python3.12/site-packages/airflow/example_dags/example_workday_timetable.py
[2025-05-04T17:23:37.032+0000] {logging_mixin.py:190} INFO - [2025-05-04T17:23:37.031+0000] {dag.py:3239} INFO - Sync 1 DAGs
[2025-05-04T17:23:37.118+0000] {logging_mixin.py:190} INFO - [2025-05-04T17:23:37.118+0000] {dag.py:4180} INFO - Setting next_dagrun for example_workday_timetable to 2021-01-04 00:00:00+00:00, run_after=2021-01-05 00:00:00+00:00
[2025-05-04T17:23:37.145+0000] {processor.py:208} INFO - Processing /home/airflow/.local/lib/python3.12/site-packages/airflow/example_dags/example_workday_timetable.py took 0.160 seconds
[2025-05-04T17:24:07.972+0000] {processor.py:186} INFO - Started process (PID=766) to work on /home/airflow/.local/lib/python3.12/site-packages/airflow/example_dags/example_workday_timetable.py
[2025-05-04T17:24:07.974+0000] {processor.py:914} INFO - Processing file /home/airflow/.local/lib/python3.12/site-packages/airflow/example_dags/example_workday_timetable.py for tasks to queue
[2025-05-04T17:24:07.977+0000] {logging_mixin.py:190} INFO - [2025-05-04T17:24:07.976+0000] {dagbag.py:588} INFO - Filling up the DagBag from /home/airflow/.local/lib/python3.12/site-packages/airflow/example_dags/example_workday_timetable.py
[2025-05-04T17:24:07.985+0000] {processor.py:925} INFO - DAG(s) 'example_workday_timetable' retrieved from /home/airflow/.local/lib/python3.12/site-packages/airflow/example_dags/example_workday_timetable.py
[2025-05-04T17:24:08.014+0000] {logging_mixin.py:190} INFO - [2025-05-04T17:24:08.014+0000] {dag.py:3239} INFO - Sync 1 DAGs
[2025-05-04T17:24:08.103+0000] {logging_mixin.py:190} INFO - [2025-05-04T17:24:08.102+0000] {dag.py:4180} INFO - Setting next_dagrun for example_workday_timetable to 2021-01-04 00:00:00+00:00, run_after=2021-01-05 00:00:00+00:00
[2025-05-04T17:24:08.129+0000] {processor.py:208} INFO - Processing /home/airflow/.local/lib/python3.12/site-packages/airflow/example_dags/example_workday_timetable.py took 0.166 seconds
[2025-05-04T17:24:38.248+0000] {processor.py:186} INFO - Started process (PID=829) to work on /home/airflow/.local/lib/python3.12/site-packages/airflow/example_dags/example_workday_timetable.py
[2025-05-04T17:24:38.250+0000] {processor.py:914} INFO - Processing file /home/airflow/.local/lib/python3.12/site-packages/airflow/example_dags/example_workday_timetable.py for tasks to queue
[2025-05-04T17:24:38.253+0000] {logging_mixin.py:190} INFO - [2025-05-04T17:24:38.252+0000] {dagbag.py:588} INFO - Filling up the DagBag from /home/airflow/.local/lib/python3.12/site-packages/airflow/example_dags/example_workday_timetable.py
[2025-05-04T17:24:38.261+0000] {processor.py:925} INFO - DAG(s) 'example_workday_timetable' retrieved from /home/airflow/.local/lib/python3.12/site-packages/airflow/example_dags/example_workday_timetable.py
[2025-05-04T17:24:38.290+0000] {logging_mixin.py:190} INFO - [2025-05-04T17:24:38.289+0000] {dag.py:3239} INFO - Sync 1 DAGs
[2025-05-04T17:24:38.377+0000] {logging_mixin.py:190} INFO - [2025-05-04T17:24:38.377+0000] {dag.py:4180} INFO - Setting next_dagrun for example_workday_timetable to 2021-01-04 00:00:00+00:00, run_after=2021-01-05 00:00:00+00:00
[2025-05-04T17:24:38.405+0000] {processor.py:208} INFO - Processing /home/airflow/.local/lib/python3.12/site-packages/airflow/example_dags/example_workday_timetable.py took 0.165 seconds
[2025-05-04T17:25:08.585+0000] {processor.py:186} INFO - Started process (PID=892) to work on /home/airflow/.local/lib/python3.12/site-packages/airflow/example_dags/example_workday_timetable.py
[2025-05-04T17:25:08.586+0000] {processor.py:914} INFO - Processing file /home/airflow/.local/lib/python3.12/site-packages/airflow/example_dags/example_workday_timetable.py for tasks to queue
[2025-05-04T17:25:08.589+0000] {logging_mixin.py:190} INFO - [2025-05-04T17:25:08.588+0000] {dagbag.py:588} INFO - Filling up the DagBag from /home/airflow/.local/lib/python3.12/site-packages/airflow/example_dags/example_workday_timetable.py
[2025-05-04T17:25:08.597+0000] {processor.py:925} INFO - DAG(s) 'example_workday_timetable' retrieved from /home/airflow/.local/lib/python3.12/site-packages/airflow/example_dags/example_workday_timetable.py
[2025-05-04T17:25:08.627+0000] {logging_mixin.py:190} INFO - [2025-05-04T17:25:08.626+0000] {dag.py:3239} INFO - Sync 1 DAGs
[2025-05-04T17:25:08.715+0000] {logging_mixin.py:190} INFO - [2025-05-04T17:25:08.715+0000] {dag.py:4180} INFO - Setting next_dagrun for example_workday_timetable to 2021-01-04 00:00:00+00:00, run_after=2021-01-05 00:00:00+00:00
[2025-05-04T17:25:08.740+0000] {processor.py:208} INFO - Processing /home/airflow/.local/lib/python3.12/site-packages/airflow/example_dags/example_workday_timetable.py took 0.164 seconds
[2025-05-04T17:25:39.098+0000] {processor.py:186} INFO - Started process (PID=955) to work on /home/airflow/.local/lib/python3.12/site-packages/airflow/example_dags/example_workday_timetable.py
[2025-05-04T17:25:39.100+0000] {processor.py:914} INFO - Processing file /home/airflow/.local/lib/python3.12/site-packages/airflow/example_dags/example_workday_timetable.py for tasks to queue
[2025-05-04T17:25:39.103+0000] {logging_mixin.py:190} INFO - [2025-05-04T17:25:39.102+0000] {dagbag.py:588} INFO - Filling up the DagBag from /home/airflow/.local/lib/python3.12/site-packages/airflow/example_dags/example_workday_timetable.py
[2025-05-04T17:25:39.111+0000] {processor.py:925} INFO - DAG(s) 'example_workday_timetable' retrieved from /home/airflow/.local/lib/python3.12/site-packages/airflow/example_dags/example_workday_timetable.py
[2025-05-04T17:25:39.141+0000] {logging_mixin.py:190} INFO - [2025-05-04T17:25:39.140+0000] {dag.py:3239} INFO - Sync 1 DAGs
[2025-05-04T17:25:39.230+0000] {logging_mixin.py:190} INFO - [2025-05-04T17:25:39.229+0000] {dag.py:4180} INFO - Setting next_dagrun for example_workday_timetable to 2021-01-04 00:00:00+00:00, run_after=2021-01-05 00:00:00+00:00
[2025-05-04T17:25:39.254+0000] {processor.py:208} INFO - Processing /home/airflow/.local/lib/python3.12/site-packages/airflow/example_dags/example_workday_timetable.py took 0.166 seconds
[2025-05-04T17:26:09.586+0000] {processor.py:186} INFO - Started process (PID=1018) to work on /home/airflow/.local/lib/python3.12/site-packages/airflow/example_dags/example_workday_timetable.py
[2025-05-04T17:26:09.588+0000] {processor.py:914} INFO - Processing file /home/airflow/.local/lib/python3.12/site-packages/airflow/example_dags/example_workday_timetable.py for tasks to queue
[2025-05-04T17:26:09.591+0000] {logging_mixin.py:190} INFO - [2025-05-04T17:26:09.591+0000] {dagbag.py:588} INFO - Filling up the DagBag from /home/airflow/.local/lib/python3.12/site-packages/airflow/example_dags/example_workday_timetable.py
[2025-05-04T17:26:09.599+0000] {processor.py:925} INFO - DAG(s) 'example_workday_timetable' retrieved from /home/airflow/.local/lib/python3.12/site-packages/airflow/example_dags/example_workday_timetable.py
[2025-05-04T17:26:09.628+0000] {logging_mixin.py:190} INFO - [2025-05-04T17:26:09.628+0000] {dag.py:3239} INFO - Sync 1 DAGs
[2025-05-04T17:26:09.715+0000] {logging_mixin.py:190} INFO - [2025-05-04T17:26:09.714+0000] {dag.py:4180} INFO - Setting next_dagrun for example_workday_timetable to 2021-01-04 00:00:00+00:00, run_after=2021-01-05 00:00:00+00:00
[2025-05-04T17:26:09.741+0000] {processor.py:208} INFO - Processing /home/airflow/.local/lib/python3.12/site-packages/airflow/example_dags/example_workday_timetable.py took 0.164 seconds
[2025-05-04T17:26:40.189+0000] {processor.py:186} INFO - Started process (PID=1081) to work on /home/airflow/.local/lib/python3.12/site-packages/airflow/example_dags/example_workday_timetable.py
[2025-05-04T17:26:40.191+0000] {processor.py:914} INFO - Processing file /home/airflow/.local/lib/python3.12/site-packages/airflow/example_dags/example_workday_timetable.py for tasks to queue
[2025-05-04T17:26:40.194+0000] {logging_mixin.py:190} INFO - [2025-05-04T17:26:40.194+0000] {dagbag.py:588} INFO - Filling up the DagBag from /home/airflow/.local/lib/python3.12/site-packages/airflow/example_dags/example_workday_timetable.py
[2025-05-04T17:26:40.203+0000] {processor.py:925} INFO - DAG(s) 'example_workday_timetable' retrieved from /home/airflow/.local/lib/python3.12/site-packages/airflow/example_dags/example_workday_timetable.py
[2025-05-04T17:26:40.233+0000] {logging_mixin.py:190} INFO - [2025-05-04T17:26:40.233+0000] {dag.py:3239} INFO - Sync 1 DAGs
[2025-05-04T17:26:40.320+0000] {logging_mixin.py:190} INFO - [2025-05-04T17:26:40.320+0000] {dag.py:4180} INFO - Setting next_dagrun for example_workday_timetable to 2021-01-04 00:00:00+00:00, run_after=2021-01-05 00:00:00+00:00
[2025-05-04T17:26:40.345+0000] {processor.py:208} INFO - Processing /home/airflow/.local/lib/python3.12/site-packages/airflow/example_dags/example_workday_timetable.py took 0.165 seconds
