[2025-05-04T17:18:38.446+0000] {processor.py:186} INFO - Started process (PID=113) to work on /home/airflow/.local/lib/python3.12/site-packages/airflow/example_dags/example_short_circuit_decorator.py
[2025-05-04T17:18:38.446+0000] {processor.py:914} INFO - Processing file /home/airflow/.local/lib/python3.12/site-packages/airflow/example_dags/example_short_circuit_decorator.py for tasks to queue
[2025-05-04T17:18:38.448+0000] {logging_mixin.py:190} INFO - [2025-05-04T17:18:38.447+0000] {dagbag.py:588} INFO - Filling up the DagBag from /home/airflow/.local/lib/python3.12/site-packages/airflow/example_dags/example_short_circuit_decorator.py
[2025-05-04T17:18:38.455+0000] {processor.py:925} INFO - DAG(s) 'example_short_circuit_decorator' retrieved from /home/airflow/.local/lib/python3.12/site-packages/airflow/example_dags/example_short_circuit_decorator.py
[2025-05-04T17:18:38.536+0000] {logging_mixin.py:190} INFO - [2025-05-04T17:18:38.535+0000] {override.py:1912} INFO - Created Permission View: can read on DAG:example_short_circuit_decorator
[2025-05-04T17:18:38.542+0000] {logging_mixin.py:190} INFO - [2025-05-04T17:18:38.542+0000] {override.py:1912} INFO - Created Permission View: can edit on DAG:example_short_circuit_decorator
[2025-05-04T17:18:38.545+0000] {logging_mixin.py:190} INFO - [2025-05-04T17:18:38.545+0000] {override.py:1912} INFO - Created Permission View: can delete on DAG:example_short_circuit_decorator
[2025-05-04T17:18:38.549+0000] {logging_mixin.py:190} INFO - [2025-05-04T17:18:38.549+0000] {override.py:1912} INFO - Created Permission View: can read on DAG Run:example_short_circuit_decorator
[2025-05-04T17:18:38.553+0000] {logging_mixin.py:190} INFO - [2025-05-04T17:18:38.553+0000] {override.py:1912} INFO - Created Permission View: can create on DAG Run:example_short_circuit_decorator
[2025-05-04T17:18:38.557+0000] {logging_mixin.py:190} INFO - [2025-05-04T17:18:38.557+0000] {override.py:1912} INFO - Created Permission View: can delete on DAG Run:example_short_circuit_decorator
[2025-05-04T17:18:38.561+0000] {logging_mixin.py:190} INFO - [2025-05-04T17:18:38.561+0000] {override.py:1912} INFO - Created Permission View: menu access on DAG Run:example_short_circuit_decorator
[2025-05-04T17:18:38.561+0000] {logging_mixin.py:190} INFO - [2025-05-04T17:18:38.561+0000] {dag.py:3239} INFO - Sync 1 DAGs
[2025-05-04T17:18:38.570+0000] {logging_mixin.py:190} INFO - [2025-05-04T17:18:38.570+0000] {dag.py:3262} INFO - Creating ORM DAG for example_short_circuit_decorator
[2025-05-04T17:18:38.571+0000] {logging_mixin.py:190} INFO - [2025-05-04T17:18:38.570+0000] {dag.py:4180} INFO - Setting next_dagrun for example_short_circuit_decorator to None, run_after=None
[2025-05-04T17:18:38.581+0000] {processor.py:208} INFO - Processing /home/airflow/.local/lib/python3.12/site-packages/airflow/example_dags/example_short_circuit_decorator.py took 0.140 seconds
[2025-05-04T17:19:09.403+0000] {processor.py:186} INFO - Started process (PID=176) to work on /home/airflow/.local/lib/python3.12/site-packages/airflow/example_dags/example_short_circuit_decorator.py
[2025-05-04T17:19:09.406+0000] {processor.py:914} INFO - Processing file /home/airflow/.local/lib/python3.12/site-packages/airflow/example_dags/example_short_circuit_decorator.py for tasks to queue
[2025-05-04T17:19:09.409+0000] {logging_mixin.py:190} INFO - [2025-05-04T17:19:09.408+0000] {dagbag.py:588} INFO - Filling up the DagBag from /home/airflow/.local/lib/python3.12/site-packages/airflow/example_dags/example_short_circuit_decorator.py
[2025-05-04T17:19:09.423+0000] {processor.py:925} INFO - DAG(s) 'example_short_circuit_decorator' retrieved from /home/airflow/.local/lib/python3.12/site-packages/airflow/example_dags/example_short_circuit_decorator.py
[2025-05-04T17:19:09.455+0000] {logging_mixin.py:190} INFO - [2025-05-04T17:19:09.455+0000] {dag.py:3239} INFO - Sync 1 DAGs
[2025-05-04T17:19:09.475+0000] {logging_mixin.py:190} INFO - [2025-05-04T17:19:09.474+0000] {dag.py:4180} INFO - Setting next_dagrun for example_short_circuit_decorator to None, run_after=None
[2025-05-04T17:19:09.497+0000] {processor.py:208} INFO - Processing /home/airflow/.local/lib/python3.12/site-packages/airflow/example_dags/example_short_circuit_decorator.py took 0.103 seconds
[2025-05-04T17:19:40.552+0000] {processor.py:186} INFO - Started process (PID=238) to work on /home/airflow/.local/lib/python3.12/site-packages/airflow/example_dags/example_short_circuit_decorator.py
[2025-05-04T17:19:40.554+0000] {processor.py:914} INFO - Processing file /home/airflow/.local/lib/python3.12/site-packages/airflow/example_dags/example_short_circuit_decorator.py for tasks to queue
[2025-05-04T17:19:40.556+0000] {logging_mixin.py:190} INFO - [2025-05-04T17:19:40.556+0000] {dagbag.py:588} INFO - Filling up the DagBag from /home/airflow/.local/lib/python3.12/site-packages/airflow/example_dags/example_short_circuit_decorator.py
[2025-05-04T17:19:40.570+0000] {processor.py:925} INFO - DAG(s) 'example_short_circuit_decorator' retrieved from /home/airflow/.local/lib/python3.12/site-packages/airflow/example_dags/example_short_circuit_decorator.py
[2025-05-04T17:19:40.602+0000] {logging_mixin.py:190} INFO - [2025-05-04T17:19:40.602+0000] {dag.py:3239} INFO - Sync 1 DAGs
[2025-05-04T17:19:40.621+0000] {logging_mixin.py:190} INFO - [2025-05-04T17:19:40.620+0000] {dag.py:4180} INFO - Setting next_dagrun for example_short_circuit_decorator to None, run_after=None
[2025-05-04T17:19:40.643+0000] {processor.py:208} INFO - Processing /home/airflow/.local/lib/python3.12/site-packages/airflow/example_dags/example_short_circuit_decorator.py took 0.098 seconds
[2025-05-04T17:20:10.846+0000] {processor.py:186} INFO - Started process (PID=301) to work on /home/airflow/.local/lib/python3.12/site-packages/airflow/example_dags/example_short_circuit_decorator.py
[2025-05-04T17:20:10.848+0000] {processor.py:914} INFO - Processing file /home/airflow/.local/lib/python3.12/site-packages/airflow/example_dags/example_short_circuit_decorator.py for tasks to queue
[2025-05-04T17:20:10.852+0000] {logging_mixin.py:190} INFO - [2025-05-04T17:20:10.851+0000] {dagbag.py:588} INFO - Filling up the DagBag from /home/airflow/.local/lib/python3.12/site-packages/airflow/example_dags/example_short_circuit_decorator.py
[2025-05-04T17:20:10.865+0000] {processor.py:925} INFO - DAG(s) 'example_short_circuit_decorator' retrieved from /home/airflow/.local/lib/python3.12/site-packages/airflow/example_dags/example_short_circuit_decorator.py
[2025-05-04T17:20:10.898+0000] {logging_mixin.py:190} INFO - [2025-05-04T17:20:10.897+0000] {dag.py:3239} INFO - Sync 1 DAGs
[2025-05-04T17:20:10.919+0000] {logging_mixin.py:190} INFO - [2025-05-04T17:20:10.918+0000] {dag.py:4180} INFO - Setting next_dagrun for example_short_circuit_decorator to None, run_after=None
[2025-05-04T17:20:10.942+0000] {processor.py:208} INFO - Processing /home/airflow/.local/lib/python3.12/site-packages/airflow/example_dags/example_short_circuit_decorator.py took 0.105 seconds
[2025-05-04T17:20:41.018+0000] {processor.py:186} INFO - Started process (PID=363) to work on /home/airflow/.local/lib/python3.12/site-packages/airflow/example_dags/example_short_circuit_decorator.py
[2025-05-04T17:20:41.020+0000] {processor.py:914} INFO - Processing file /home/airflow/.local/lib/python3.12/site-packages/airflow/example_dags/example_short_circuit_decorator.py for tasks to queue
[2025-05-04T17:20:41.023+0000] {logging_mixin.py:190} INFO - [2025-05-04T17:20:41.023+0000] {dagbag.py:588} INFO - Filling up the DagBag from /home/airflow/.local/lib/python3.12/site-packages/airflow/example_dags/example_short_circuit_decorator.py
[2025-05-04T17:20:41.037+0000] {processor.py:925} INFO - DAG(s) 'example_short_circuit_decorator' retrieved from /home/airflow/.local/lib/python3.12/site-packages/airflow/example_dags/example_short_circuit_decorator.py
[2025-05-04T17:20:41.072+0000] {logging_mixin.py:190} INFO - [2025-05-04T17:20:41.071+0000] {dag.py:3239} INFO - Sync 1 DAGs
[2025-05-04T17:20:41.093+0000] {logging_mixin.py:190} INFO - [2025-05-04T17:20:41.092+0000] {dag.py:4180} INFO - Setting next_dagrun for example_short_circuit_decorator to None, run_after=None
[2025-05-04T17:20:41.118+0000] {processor.py:208} INFO - Processing /home/airflow/.local/lib/python3.12/site-packages/airflow/example_dags/example_short_circuit_decorator.py took 0.110 seconds
[2025-05-04T17:21:11.296+0000] {processor.py:186} INFO - Started process (PID=425) to work on /home/airflow/.local/lib/python3.12/site-packages/airflow/example_dags/example_short_circuit_decorator.py
[2025-05-04T17:21:11.297+0000] {processor.py:914} INFO - Processing file /home/airflow/.local/lib/python3.12/site-packages/airflow/example_dags/example_short_circuit_decorator.py for tasks to queue
[2025-05-04T17:21:11.300+0000] {logging_mixin.py:190} INFO - [2025-05-04T17:21:11.299+0000] {dagbag.py:588} INFO - Filling up the DagBag from /home/airflow/.local/lib/python3.12/site-packages/airflow/example_dags/example_short_circuit_decorator.py
[2025-05-04T17:21:11.313+0000] {processor.py:925} INFO - DAG(s) 'example_short_circuit_decorator' retrieved from /home/airflow/.local/lib/python3.12/site-packages/airflow/example_dags/example_short_circuit_decorator.py
[2025-05-04T17:21:11.344+0000] {logging_mixin.py:190} INFO - [2025-05-04T17:21:11.344+0000] {dag.py:3239} INFO - Sync 1 DAGs
[2025-05-04T17:21:11.363+0000] {logging_mixin.py:190} INFO - [2025-05-04T17:21:11.362+0000] {dag.py:4180} INFO - Setting next_dagrun for example_short_circuit_decorator to None, run_after=None
[2025-05-04T17:21:11.384+0000] {processor.py:208} INFO - Processing /home/airflow/.local/lib/python3.12/site-packages/airflow/example_dags/example_short_circuit_decorator.py took 0.097 seconds
[2025-05-04T17:21:41.922+0000] {processor.py:186} INFO - Started process (PID=488) to work on /home/airflow/.local/lib/python3.12/site-packages/airflow/example_dags/example_short_circuit_decorator.py
[2025-05-04T17:21:41.923+0000] {processor.py:914} INFO - Processing file /home/airflow/.local/lib/python3.12/site-packages/airflow/example_dags/example_short_circuit_decorator.py for tasks to queue
[2025-05-04T17:21:41.926+0000] {logging_mixin.py:190} INFO - [2025-05-04T17:21:41.926+0000] {dagbag.py:588} INFO - Filling up the DagBag from /home/airflow/.local/lib/python3.12/site-packages/airflow/example_dags/example_short_circuit_decorator.py
[2025-05-04T17:21:41.940+0000] {processor.py:925} INFO - DAG(s) 'example_short_circuit_decorator' retrieved from /home/airflow/.local/lib/python3.12/site-packages/airflow/example_dags/example_short_circuit_decorator.py
[2025-05-04T17:21:41.969+0000] {logging_mixin.py:190} INFO - [2025-05-04T17:21:41.969+0000] {dag.py:3239} INFO - Sync 1 DAGs
[2025-05-04T17:21:41.988+0000] {logging_mixin.py:190} INFO - [2025-05-04T17:21:41.988+0000] {dag.py:4180} INFO - Setting next_dagrun for example_short_circuit_decorator to None, run_after=None
[2025-05-04T17:21:42.010+0000] {processor.py:208} INFO - Processing /home/airflow/.local/lib/python3.12/site-packages/airflow/example_dags/example_short_circuit_decorator.py took 0.097 seconds
[2025-05-04T17:22:12.960+0000] {processor.py:186} INFO - Started process (PID=551) to work on /home/airflow/.local/lib/python3.12/site-packages/airflow/example_dags/example_short_circuit_decorator.py
[2025-05-04T17:22:12.962+0000] {processor.py:914} INFO - Processing file /home/airflow/.local/lib/python3.12/site-packages/airflow/example_dags/example_short_circuit_decorator.py for tasks to queue
[2025-05-04T17:22:12.965+0000] {logging_mixin.py:190} INFO - [2025-05-04T17:22:12.964+0000] {dagbag.py:588} INFO - Filling up the DagBag from /home/airflow/.local/lib/python3.12/site-packages/airflow/example_dags/example_short_circuit_decorator.py
[2025-05-04T17:22:12.979+0000] {processor.py:925} INFO - DAG(s) 'example_short_circuit_decorator' retrieved from /home/airflow/.local/lib/python3.12/site-packages/airflow/example_dags/example_short_circuit_decorator.py
[2025-05-04T17:22:13.013+0000] {logging_mixin.py:190} INFO - [2025-05-04T17:22:13.013+0000] {dag.py:3239} INFO - Sync 1 DAGs
[2025-05-04T17:22:13.034+0000] {logging_mixin.py:190} INFO - [2025-05-04T17:22:13.034+0000] {dag.py:4180} INFO - Setting next_dagrun for example_short_circuit_decorator to None, run_after=None
[2025-05-04T17:22:13.058+0000] {processor.py:208} INFO - Processing /home/airflow/.local/lib/python3.12/site-packages/airflow/example_dags/example_short_circuit_decorator.py took 0.106 seconds
[2025-05-04T17:22:43.116+0000] {processor.py:186} INFO - Started process (PID=613) to work on /home/airflow/.local/lib/python3.12/site-packages/airflow/example_dags/example_short_circuit_decorator.py
[2025-05-04T17:22:43.118+0000] {processor.py:914} INFO - Processing file /home/airflow/.local/lib/python3.12/site-packages/airflow/example_dags/example_short_circuit_decorator.py for tasks to queue
[2025-05-04T17:22:43.121+0000] {logging_mixin.py:190} INFO - [2025-05-04T17:22:43.120+0000] {dagbag.py:588} INFO - Filling up the DagBag from /home/airflow/.local/lib/python3.12/site-packages/airflow/example_dags/example_short_circuit_decorator.py
[2025-05-04T17:22:43.135+0000] {processor.py:925} INFO - DAG(s) 'example_short_circuit_decorator' retrieved from /home/airflow/.local/lib/python3.12/site-packages/airflow/example_dags/example_short_circuit_decorator.py
[2025-05-04T17:22:43.168+0000] {logging_mixin.py:190} INFO - [2025-05-04T17:22:43.168+0000] {dag.py:3239} INFO - Sync 1 DAGs
[2025-05-04T17:22:43.188+0000] {logging_mixin.py:190} INFO - [2025-05-04T17:22:43.188+0000] {dag.py:4180} INFO - Setting next_dagrun for example_short_circuit_decorator to None, run_after=None
[2025-05-04T17:22:43.214+0000] {processor.py:208} INFO - Processing /home/airflow/.local/lib/python3.12/site-packages/airflow/example_dags/example_short_circuit_decorator.py took 0.106 seconds
[2025-05-04T17:23:13.378+0000] {processor.py:186} INFO - Started process (PID=676) to work on /home/airflow/.local/lib/python3.12/site-packages/airflow/example_dags/example_short_circuit_decorator.py
[2025-05-04T17:23:13.380+0000] {processor.py:914} INFO - Processing file /home/airflow/.local/lib/python3.12/site-packages/airflow/example_dags/example_short_circuit_decorator.py for tasks to queue
[2025-05-04T17:23:13.383+0000] {logging_mixin.py:190} INFO - [2025-05-04T17:23:13.383+0000] {dagbag.py:588} INFO - Filling up the DagBag from /home/airflow/.local/lib/python3.12/site-packages/airflow/example_dags/example_short_circuit_decorator.py
[2025-05-04T17:23:13.397+0000] {processor.py:925} INFO - DAG(s) 'example_short_circuit_decorator' retrieved from /home/airflow/.local/lib/python3.12/site-packages/airflow/example_dags/example_short_circuit_decorator.py
[2025-05-04T17:23:13.430+0000] {logging_mixin.py:190} INFO - [2025-05-04T17:23:13.430+0000] {dag.py:3239} INFO - Sync 1 DAGs
[2025-05-04T17:23:13.450+0000] {logging_mixin.py:190} INFO - [2025-05-04T17:23:13.449+0000] {dag.py:4180} INFO - Setting next_dagrun for example_short_circuit_decorator to None, run_after=None
[2025-05-04T17:23:13.473+0000] {processor.py:208} INFO - Processing /home/airflow/.local/lib/python3.12/site-packages/airflow/example_dags/example_short_circuit_decorator.py took 0.103 seconds
[2025-05-04T17:23:44.262+0000] {processor.py:186} INFO - Started process (PID=739) to work on /home/airflow/.local/lib/python3.12/site-packages/airflow/example_dags/example_short_circuit_decorator.py
[2025-05-04T17:23:44.263+0000] {processor.py:914} INFO - Processing file /home/airflow/.local/lib/python3.12/site-packages/airflow/example_dags/example_short_circuit_decorator.py for tasks to queue
[2025-05-04T17:23:44.266+0000] {logging_mixin.py:190} INFO - [2025-05-04T17:23:44.266+0000] {dagbag.py:588} INFO - Filling up the DagBag from /home/airflow/.local/lib/python3.12/site-packages/airflow/example_dags/example_short_circuit_decorator.py
[2025-05-04T17:23:44.281+0000] {processor.py:925} INFO - DAG(s) 'example_short_circuit_decorator' retrieved from /home/airflow/.local/lib/python3.12/site-packages/airflow/example_dags/example_short_circuit_decorator.py
[2025-05-04T17:23:44.313+0000] {logging_mixin.py:190} INFO - [2025-05-04T17:23:44.312+0000] {dag.py:3239} INFO - Sync 1 DAGs
[2025-05-04T17:23:44.335+0000] {logging_mixin.py:190} INFO - [2025-05-04T17:23:44.335+0000] {dag.py:4180} INFO - Setting next_dagrun for example_short_circuit_decorator to None, run_after=None
[2025-05-04T17:23:44.360+0000] {processor.py:208} INFO - Processing /home/airflow/.local/lib/python3.12/site-packages/airflow/example_dags/example_short_circuit_decorator.py took 0.106 seconds
[2025-05-04T17:24:14.929+0000] {processor.py:186} INFO - Started process (PID=802) to work on /home/airflow/.local/lib/python3.12/site-packages/airflow/example_dags/example_short_circuit_decorator.py
[2025-05-04T17:24:14.940+0000] {processor.py:914} INFO - Processing file /home/airflow/.local/lib/python3.12/site-packages/airflow/example_dags/example_short_circuit_decorator.py for tasks to queue
[2025-05-04T17:24:14.943+0000] {logging_mixin.py:190} INFO - [2025-05-04T17:24:14.943+0000] {dagbag.py:588} INFO - Filling up the DagBag from /home/airflow/.local/lib/python3.12/site-packages/airflow/example_dags/example_short_circuit_decorator.py
[2025-05-04T17:24:14.957+0000] {processor.py:925} INFO - DAG(s) 'example_short_circuit_decorator' retrieved from /home/airflow/.local/lib/python3.12/site-packages/airflow/example_dags/example_short_circuit_decorator.py
[2025-05-04T17:24:14.990+0000] {logging_mixin.py:190} INFO - [2025-05-04T17:24:14.989+0000] {dag.py:3239} INFO - Sync 1 DAGs
[2025-05-04T17:24:15.010+0000] {logging_mixin.py:190} INFO - [2025-05-04T17:24:15.010+0000] {dag.py:4180} INFO - Setting next_dagrun for example_short_circuit_decorator to None, run_after=None
[2025-05-04T17:24:15.036+0000] {processor.py:208} INFO - Processing /home/airflow/.local/lib/python3.12/site-packages/airflow/example_dags/example_short_circuit_decorator.py took 0.115 seconds
[2025-05-04T17:24:45.419+0000] {processor.py:186} INFO - Started process (PID=865) to work on /home/airflow/.local/lib/python3.12/site-packages/airflow/example_dags/example_short_circuit_decorator.py
[2025-05-04T17:24:45.420+0000] {processor.py:914} INFO - Processing file /home/airflow/.local/lib/python3.12/site-packages/airflow/example_dags/example_short_circuit_decorator.py for tasks to queue
[2025-05-04T17:24:45.423+0000] {logging_mixin.py:190} INFO - [2025-05-04T17:24:45.422+0000] {dagbag.py:588} INFO - Filling up the DagBag from /home/airflow/.local/lib/python3.12/site-packages/airflow/example_dags/example_short_circuit_decorator.py
[2025-05-04T17:24:45.437+0000] {processor.py:925} INFO - DAG(s) 'example_short_circuit_decorator' retrieved from /home/airflow/.local/lib/python3.12/site-packages/airflow/example_dags/example_short_circuit_decorator.py
[2025-05-04T17:24:45.468+0000] {logging_mixin.py:190} INFO - [2025-05-04T17:24:45.468+0000] {dag.py:3239} INFO - Sync 1 DAGs
[2025-05-04T17:24:45.489+0000] {logging_mixin.py:190} INFO - [2025-05-04T17:24:45.488+0000] {dag.py:4180} INFO - Setting next_dagrun for example_short_circuit_decorator to None, run_after=None
[2025-05-04T17:24:45.514+0000] {processor.py:208} INFO - Processing /home/airflow/.local/lib/python3.12/site-packages/airflow/example_dags/example_short_circuit_decorator.py took 0.103 seconds
[2025-05-04T17:25:15.746+0000] {processor.py:186} INFO - Started process (PID=928) to work on /home/airflow/.local/lib/python3.12/site-packages/airflow/example_dags/example_short_circuit_decorator.py
[2025-05-04T17:25:15.757+0000] {processor.py:914} INFO - Processing file /home/airflow/.local/lib/python3.12/site-packages/airflow/example_dags/example_short_circuit_decorator.py for tasks to queue
[2025-05-04T17:25:15.760+0000] {logging_mixin.py:190} INFO - [2025-05-04T17:25:15.760+0000] {dagbag.py:588} INFO - Filling up the DagBag from /home/airflow/.local/lib/python3.12/site-packages/airflow/example_dags/example_short_circuit_decorator.py
[2025-05-04T17:25:15.774+0000] {processor.py:925} INFO - DAG(s) 'example_short_circuit_decorator' retrieved from /home/airflow/.local/lib/python3.12/site-packages/airflow/example_dags/example_short_circuit_decorator.py
[2025-05-04T17:25:15.806+0000] {logging_mixin.py:190} INFO - [2025-05-04T17:25:15.806+0000] {dag.py:3239} INFO - Sync 1 DAGs
[2025-05-04T17:25:15.826+0000] {logging_mixin.py:190} INFO - [2025-05-04T17:25:15.826+0000] {dag.py:4180} INFO - Setting next_dagrun for example_short_circuit_decorator to None, run_after=None
[2025-05-04T17:25:15.848+0000] {processor.py:208} INFO - Processing /home/airflow/.local/lib/python3.12/site-packages/airflow/example_dags/example_short_circuit_decorator.py took 0.110 seconds
[2025-05-04T17:25:46.123+0000] {processor.py:186} INFO - Started process (PID=991) to work on /home/airflow/.local/lib/python3.12/site-packages/airflow/example_dags/example_short_circuit_decorator.py
[2025-05-04T17:25:46.124+0000] {processor.py:914} INFO - Processing file /home/airflow/.local/lib/python3.12/site-packages/airflow/example_dags/example_short_circuit_decorator.py for tasks to queue
[2025-05-04T17:25:46.127+0000] {logging_mixin.py:190} INFO - [2025-05-04T17:25:46.126+0000] {dagbag.py:588} INFO - Filling up the DagBag from /home/airflow/.local/lib/python3.12/site-packages/airflow/example_dags/example_short_circuit_decorator.py
[2025-05-04T17:25:46.141+0000] {processor.py:925} INFO - DAG(s) 'example_short_circuit_decorator' retrieved from /home/airflow/.local/lib/python3.12/site-packages/airflow/example_dags/example_short_circuit_decorator.py
[2025-05-04T17:25:46.175+0000] {logging_mixin.py:190} INFO - [2025-05-04T17:25:46.175+0000] {dag.py:3239} INFO - Sync 1 DAGs
[2025-05-04T17:25:46.197+0000] {logging_mixin.py:190} INFO - [2025-05-04T17:25:46.196+0000] {dag.py:4180} INFO - Setting next_dagrun for example_short_circuit_decorator to None, run_after=None
[2025-05-04T17:25:46.221+0000] {processor.py:208} INFO - Processing /home/airflow/.local/lib/python3.12/site-packages/airflow/example_dags/example_short_circuit_decorator.py took 0.107 seconds
[2025-05-04T17:26:16.681+0000] {processor.py:186} INFO - Started process (PID=1054) to work on /home/airflow/.local/lib/python3.12/site-packages/airflow/example_dags/example_short_circuit_decorator.py
[2025-05-04T17:26:16.683+0000] {processor.py:914} INFO - Processing file /home/airflow/.local/lib/python3.12/site-packages/airflow/example_dags/example_short_circuit_decorator.py for tasks to queue
[2025-05-04T17:26:16.686+0000] {logging_mixin.py:190} INFO - [2025-05-04T17:26:16.685+0000] {dagbag.py:588} INFO - Filling up the DagBag from /home/airflow/.local/lib/python3.12/site-packages/airflow/example_dags/example_short_circuit_decorator.py
[2025-05-04T17:26:16.702+0000] {processor.py:925} INFO - DAG(s) 'example_short_circuit_decorator' retrieved from /home/airflow/.local/lib/python3.12/site-packages/airflow/example_dags/example_short_circuit_decorator.py
[2025-05-04T17:26:16.734+0000] {logging_mixin.py:190} INFO - [2025-05-04T17:26:16.733+0000] {dag.py:3239} INFO - Sync 1 DAGs
[2025-05-04T17:26:16.753+0000] {logging_mixin.py:190} INFO - [2025-05-04T17:26:16.753+0000] {dag.py:4180} INFO - Setting next_dagrun for example_short_circuit_decorator to None, run_after=None
[2025-05-04T17:26:16.780+0000] {processor.py:208} INFO - Processing /home/airflow/.local/lib/python3.12/site-packages/airflow/example_dags/example_short_circuit_decorator.py took 0.107 seconds
