[2025-05-04T17:18:34.253+0000] {processor.py:186} INFO - Started process (PID=80) to work on /home/airflow/.local/lib/python3.12/site-packages/airflow/example_dags/example_skip_dag.py
[2025-05-04T17:18:34.254+0000] {processor.py:914} INFO - Processing file /home/airflow/.local/lib/python3.12/site-packages/airflow/example_dags/example_skip_dag.py for tasks to queue
[2025-05-04T17:18:34.255+0000] {logging_mixin.py:190} INFO - [2025-05-04T17:18:34.255+0000] {dagbag.py:588} INFO - Filling up the DagBag from /home/airflow/.local/lib/python3.12/site-packages/airflow/example_dags/example_skip_dag.py
[2025-05-04T17:18:34.263+0000] {processor.py:925} INFO - DAG(s) 'example_skip_dag' retrieved from /home/airflow/.local/lib/python3.12/site-packages/airflow/example_dags/example_skip_dag.py
[2025-05-04T17:18:34.352+0000] {logging_mixin.py:190} INFO - [2025-05-04T17:18:34.351+0000] {override.py:1912} INFO - Created Permission View: can read on DAG:example_skip_dag
[2025-05-04T17:18:34.360+0000] {logging_mixin.py:190} INFO - [2025-05-04T17:18:34.360+0000] {override.py:1912} INFO - Created Permission View: can edit on DAG:example_skip_dag
[2025-05-04T17:18:34.365+0000] {logging_mixin.py:190} INFO - [2025-05-04T17:18:34.365+0000] {override.py:1912} INFO - Created Permission View: can delete on DAG:example_skip_dag
[2025-05-04T17:18:34.370+0000] {logging_mixin.py:190} INFO - [2025-05-04T17:18:34.369+0000] {override.py:1912} INFO - Created Permission View: can read on DAG Run:example_skip_dag
[2025-05-04T17:18:34.375+0000] {logging_mixin.py:190} INFO - [2025-05-04T17:18:34.374+0000] {override.py:1912} INFO - Created Permission View: can create on DAG Run:example_skip_dag
[2025-05-04T17:18:34.380+0000] {logging_mixin.py:190} INFO - [2025-05-04T17:18:34.380+0000] {override.py:1912} INFO - Created Permission View: can delete on DAG Run:example_skip_dag
[2025-05-04T17:18:34.385+0000] {logging_mixin.py:190} INFO - [2025-05-04T17:18:34.385+0000] {override.py:1912} INFO - Created Permission View: menu access on DAG Run:example_skip_dag
[2025-05-04T17:18:34.385+0000] {logging_mixin.py:190} INFO - [2025-05-04T17:18:34.385+0000] {dag.py:3239} INFO - Sync 1 DAGs
[2025-05-04T17:18:34.397+0000] {logging_mixin.py:190} INFO - [2025-05-04T17:18:34.397+0000] {dag.py:3262} INFO - Creating ORM DAG for example_skip_dag
[2025-05-04T17:18:34.405+0000] {logging_mixin.py:190} INFO - [2025-05-04T17:18:34.405+0000] {dag.py:4180} INFO - Setting next_dagrun for example_skip_dag to 2025-05-03 00:00:00+00:00, run_after=2025-05-04 00:00:00+00:00
[2025-05-04T17:18:34.416+0000] {processor.py:208} INFO - Processing /home/airflow/.local/lib/python3.12/site-packages/airflow/example_dags/example_skip_dag.py took 0.167 seconds
[2025-05-04T17:19:05.338+0000] {processor.py:186} INFO - Started process (PID=143) to work on /home/airflow/.local/lib/python3.12/site-packages/airflow/example_dags/example_skip_dag.py
[2025-05-04T17:19:05.339+0000] {processor.py:914} INFO - Processing file /home/airflow/.local/lib/python3.12/site-packages/airflow/example_dags/example_skip_dag.py for tasks to queue
[2025-05-04T17:19:05.342+0000] {logging_mixin.py:190} INFO - [2025-05-04T17:19:05.341+0000] {dagbag.py:588} INFO - Filling up the DagBag from /home/airflow/.local/lib/python3.12/site-packages/airflow/example_dags/example_skip_dag.py
[2025-05-04T17:19:05.352+0000] {processor.py:925} INFO - DAG(s) 'example_skip_dag' retrieved from /home/airflow/.local/lib/python3.12/site-packages/airflow/example_dags/example_skip_dag.py
[2025-05-04T17:19:05.380+0000] {logging_mixin.py:190} INFO - [2025-05-04T17:19:05.380+0000] {dag.py:3239} INFO - Sync 1 DAGs
[2025-05-04T17:19:05.412+0000] {logging_mixin.py:190} INFO - [2025-05-04T17:19:05.412+0000] {dag.py:4180} INFO - Setting next_dagrun for example_skip_dag to 2025-05-03 00:00:00+00:00, run_after=2025-05-04 00:00:00+00:00
[2025-05-04T17:19:05.432+0000] {processor.py:208} INFO - Processing /home/airflow/.local/lib/python3.12/site-packages/airflow/example_dags/example_skip_dag.py took 0.102 seconds
[2025-05-04T17:19:35.695+0000] {processor.py:186} INFO - Started process (PID=206) to work on /home/airflow/.local/lib/python3.12/site-packages/airflow/example_dags/example_skip_dag.py
[2025-05-04T17:19:35.697+0000] {processor.py:914} INFO - Processing file /home/airflow/.local/lib/python3.12/site-packages/airflow/example_dags/example_skip_dag.py for tasks to queue
[2025-05-04T17:19:35.700+0000] {logging_mixin.py:190} INFO - [2025-05-04T17:19:35.699+0000] {dagbag.py:588} INFO - Filling up the DagBag from /home/airflow/.local/lib/python3.12/site-packages/airflow/example_dags/example_skip_dag.py
[2025-05-04T17:19:35.710+0000] {processor.py:925} INFO - DAG(s) 'example_skip_dag' retrieved from /home/airflow/.local/lib/python3.12/site-packages/airflow/example_dags/example_skip_dag.py
[2025-05-04T17:19:35.740+0000] {logging_mixin.py:190} INFO - [2025-05-04T17:19:35.740+0000] {dag.py:3239} INFO - Sync 1 DAGs
[2025-05-04T17:19:35.773+0000] {logging_mixin.py:190} INFO - [2025-05-04T17:19:35.773+0000] {dag.py:4180} INFO - Setting next_dagrun for example_skip_dag to 2025-05-03 00:00:00+00:00, run_after=2025-05-04 00:00:00+00:00
[2025-05-04T17:19:35.797+0000] {processor.py:208} INFO - Processing /home/airflow/.local/lib/python3.12/site-packages/airflow/example_dags/example_skip_dag.py took 0.110 seconds
[2025-05-04T17:20:05.932+0000] {processor.py:186} INFO - Started process (PID=268) to work on /home/airflow/.local/lib/python3.12/site-packages/airflow/example_dags/example_skip_dag.py
[2025-05-04T17:20:05.934+0000] {processor.py:914} INFO - Processing file /home/airflow/.local/lib/python3.12/site-packages/airflow/example_dags/example_skip_dag.py for tasks to queue
[2025-05-04T17:20:05.937+0000] {logging_mixin.py:190} INFO - [2025-05-04T17:20:05.937+0000] {dagbag.py:588} INFO - Filling up the DagBag from /home/airflow/.local/lib/python3.12/site-packages/airflow/example_dags/example_skip_dag.py
[2025-05-04T17:20:05.949+0000] {processor.py:925} INFO - DAG(s) 'example_skip_dag' retrieved from /home/airflow/.local/lib/python3.12/site-packages/airflow/example_dags/example_skip_dag.py
[2025-05-04T17:20:05.979+0000] {logging_mixin.py:190} INFO - [2025-05-04T17:20:05.979+0000] {dag.py:3239} INFO - Sync 1 DAGs
[2025-05-04T17:20:06.014+0000] {logging_mixin.py:190} INFO - [2025-05-04T17:20:06.013+0000] {dag.py:4180} INFO - Setting next_dagrun for example_skip_dag to 2025-05-03 00:00:00+00:00, run_after=2025-05-04 00:00:00+00:00
[2025-05-04T17:20:06.038+0000] {processor.py:208} INFO - Processing /home/airflow/.local/lib/python3.12/site-packages/airflow/example_dags/example_skip_dag.py took 0.115 seconds
[2025-05-04T17:20:36.249+0000] {processor.py:186} INFO - Started process (PID=331) to work on /home/airflow/.local/lib/python3.12/site-packages/airflow/example_dags/example_skip_dag.py
[2025-05-04T17:20:36.260+0000] {processor.py:914} INFO - Processing file /home/airflow/.local/lib/python3.12/site-packages/airflow/example_dags/example_skip_dag.py for tasks to queue
[2025-05-04T17:20:36.264+0000] {logging_mixin.py:190} INFO - [2025-05-04T17:20:36.263+0000] {dagbag.py:588} INFO - Filling up the DagBag from /home/airflow/.local/lib/python3.12/site-packages/airflow/example_dags/example_skip_dag.py
[2025-05-04T17:20:36.276+0000] {processor.py:925} INFO - DAG(s) 'example_skip_dag' retrieved from /home/airflow/.local/lib/python3.12/site-packages/airflow/example_dags/example_skip_dag.py
[2025-05-04T17:20:36.311+0000] {logging_mixin.py:190} INFO - [2025-05-04T17:20:36.311+0000] {dag.py:3239} INFO - Sync 1 DAGs
[2025-05-04T17:20:36.343+0000] {logging_mixin.py:190} INFO - [2025-05-04T17:20:36.342+0000] {dag.py:4180} INFO - Setting next_dagrun for example_skip_dag to 2025-05-03 00:00:00+00:00, run_after=2025-05-04 00:00:00+00:00
[2025-05-04T17:20:36.367+0000] {processor.py:208} INFO - Processing /home/airflow/.local/lib/python3.12/site-packages/airflow/example_dags/example_skip_dag.py took 0.127 seconds
[2025-05-04T17:21:06.677+0000] {processor.py:186} INFO - Started process (PID=394) to work on /home/airflow/.local/lib/python3.12/site-packages/airflow/example_dags/example_skip_dag.py
[2025-05-04T17:21:06.687+0000] {processor.py:914} INFO - Processing file /home/airflow/.local/lib/python3.12/site-packages/airflow/example_dags/example_skip_dag.py for tasks to queue
[2025-05-04T17:21:06.691+0000] {logging_mixin.py:190} INFO - [2025-05-04T17:21:06.690+0000] {dagbag.py:588} INFO - Filling up the DagBag from /home/airflow/.local/lib/python3.12/site-packages/airflow/example_dags/example_skip_dag.py
[2025-05-04T17:21:06.702+0000] {processor.py:925} INFO - DAG(s) 'example_skip_dag' retrieved from /home/airflow/.local/lib/python3.12/site-packages/airflow/example_dags/example_skip_dag.py
[2025-05-04T17:21:06.736+0000] {logging_mixin.py:190} INFO - [2025-05-04T17:21:06.736+0000] {dag.py:3239} INFO - Sync 1 DAGs
[2025-05-04T17:21:06.768+0000] {logging_mixin.py:190} INFO - [2025-05-04T17:21:06.768+0000] {dag.py:4180} INFO - Setting next_dagrun for example_skip_dag to 2025-05-03 00:00:00+00:00, run_after=2025-05-04 00:00:00+00:00
[2025-05-04T17:21:06.790+0000] {processor.py:208} INFO - Processing /home/airflow/.local/lib/python3.12/site-packages/airflow/example_dags/example_skip_dag.py took 0.122 seconds
[2025-05-04T17:21:36.919+0000] {processor.py:186} INFO - Started process (PID=457) to work on /home/airflow/.local/lib/python3.12/site-packages/airflow/example_dags/example_skip_dag.py
[2025-05-04T17:21:36.930+0000] {processor.py:914} INFO - Processing file /home/airflow/.local/lib/python3.12/site-packages/airflow/example_dags/example_skip_dag.py for tasks to queue
[2025-05-04T17:21:36.934+0000] {logging_mixin.py:190} INFO - [2025-05-04T17:21:36.933+0000] {dagbag.py:588} INFO - Filling up the DagBag from /home/airflow/.local/lib/python3.12/site-packages/airflow/example_dags/example_skip_dag.py
[2025-05-04T17:21:36.945+0000] {processor.py:925} INFO - DAG(s) 'example_skip_dag' retrieved from /home/airflow/.local/lib/python3.12/site-packages/airflow/example_dags/example_skip_dag.py
[2025-05-04T17:21:36.977+0000] {logging_mixin.py:190} INFO - [2025-05-04T17:21:36.976+0000] {dag.py:3239} INFO - Sync 1 DAGs
[2025-05-04T17:21:37.010+0000] {logging_mixin.py:190} INFO - [2025-05-04T17:21:37.009+0000] {dag.py:4180} INFO - Setting next_dagrun for example_skip_dag to 2025-05-03 00:00:00+00:00, run_after=2025-05-04 00:00:00+00:00
[2025-05-04T17:21:37.032+0000] {processor.py:208} INFO - Processing /home/airflow/.local/lib/python3.12/site-packages/airflow/example_dags/example_skip_dag.py took 0.122 seconds
[2025-05-04T17:22:07.190+0000] {processor.py:186} INFO - Started process (PID=520) to work on /home/airflow/.local/lib/python3.12/site-packages/airflow/example_dags/example_skip_dag.py
[2025-05-04T17:22:07.192+0000] {processor.py:914} INFO - Processing file /home/airflow/.local/lib/python3.12/site-packages/airflow/example_dags/example_skip_dag.py for tasks to queue
[2025-05-04T17:22:07.195+0000] {logging_mixin.py:190} INFO - [2025-05-04T17:22:07.194+0000] {dagbag.py:588} INFO - Filling up the DagBag from /home/airflow/.local/lib/python3.12/site-packages/airflow/example_dags/example_skip_dag.py
[2025-05-04T17:22:07.206+0000] {processor.py:925} INFO - DAG(s) 'example_skip_dag' retrieved from /home/airflow/.local/lib/python3.12/site-packages/airflow/example_dags/example_skip_dag.py
[2025-05-04T17:22:07.236+0000] {logging_mixin.py:190} INFO - [2025-05-04T17:22:07.235+0000] {dag.py:3239} INFO - Sync 1 DAGs
[2025-05-04T17:22:07.269+0000] {logging_mixin.py:190} INFO - [2025-05-04T17:22:07.269+0000] {dag.py:4180} INFO - Setting next_dagrun for example_skip_dag to 2025-05-03 00:00:00+00:00, run_after=2025-05-04 00:00:00+00:00
[2025-05-04T17:22:07.296+0000] {processor.py:208} INFO - Processing /home/airflow/.local/lib/python3.12/site-packages/airflow/example_dags/example_skip_dag.py took 0.115 seconds
[2025-05-04T17:22:37.532+0000] {processor.py:186} INFO - Started process (PID=583) to work on /home/airflow/.local/lib/python3.12/site-packages/airflow/example_dags/example_skip_dag.py
[2025-05-04T17:22:37.545+0000] {processor.py:914} INFO - Processing file /home/airflow/.local/lib/python3.12/site-packages/airflow/example_dags/example_skip_dag.py for tasks to queue
[2025-05-04T17:22:37.548+0000] {logging_mixin.py:190} INFO - [2025-05-04T17:22:37.548+0000] {dagbag.py:588} INFO - Filling up the DagBag from /home/airflow/.local/lib/python3.12/site-packages/airflow/example_dags/example_skip_dag.py
[2025-05-04T17:22:37.559+0000] {processor.py:925} INFO - DAG(s) 'example_skip_dag' retrieved from /home/airflow/.local/lib/python3.12/site-packages/airflow/example_dags/example_skip_dag.py
[2025-05-04T17:22:37.592+0000] {logging_mixin.py:190} INFO - [2025-05-04T17:22:37.592+0000] {dag.py:3239} INFO - Sync 1 DAGs
[2025-05-04T17:22:37.625+0000] {logging_mixin.py:190} INFO - [2025-05-04T17:22:37.625+0000] {dag.py:4180} INFO - Setting next_dagrun for example_skip_dag to 2025-05-03 00:00:00+00:00, run_after=2025-05-04 00:00:00+00:00
[2025-05-04T17:22:37.648+0000] {processor.py:208} INFO - Processing /home/airflow/.local/lib/python3.12/site-packages/airflow/example_dags/example_skip_dag.py took 0.124 seconds
[2025-05-04T17:23:08.159+0000] {processor.py:186} INFO - Started process (PID=646) to work on /home/airflow/.local/lib/python3.12/site-packages/airflow/example_dags/example_skip_dag.py
[2025-05-04T17:23:08.174+0000] {processor.py:914} INFO - Processing file /home/airflow/.local/lib/python3.12/site-packages/airflow/example_dags/example_skip_dag.py for tasks to queue
[2025-05-04T17:23:08.177+0000] {logging_mixin.py:190} INFO - [2025-05-04T17:23:08.176+0000] {dagbag.py:588} INFO - Filling up the DagBag from /home/airflow/.local/lib/python3.12/site-packages/airflow/example_dags/example_skip_dag.py
[2025-05-04T17:23:08.187+0000] {processor.py:925} INFO - DAG(s) 'example_skip_dag' retrieved from /home/airflow/.local/lib/python3.12/site-packages/airflow/example_dags/example_skip_dag.py
[2025-05-04T17:23:08.218+0000] {logging_mixin.py:190} INFO - [2025-05-04T17:23:08.218+0000] {dag.py:3239} INFO - Sync 1 DAGs
[2025-05-04T17:23:08.249+0000] {logging_mixin.py:190} INFO - [2025-05-04T17:23:08.249+0000] {dag.py:4180} INFO - Setting next_dagrun for example_skip_dag to 2025-05-03 00:00:00+00:00, run_after=2025-05-04 00:00:00+00:00
[2025-05-04T17:23:08.273+0000] {processor.py:208} INFO - Processing /home/airflow/.local/lib/python3.12/site-packages/airflow/example_dags/example_skip_dag.py took 0.120 seconds
[2025-05-04T17:23:38.401+0000] {processor.py:186} INFO - Started process (PID=709) to work on /home/airflow/.local/lib/python3.12/site-packages/airflow/example_dags/example_skip_dag.py
[2025-05-04T17:23:38.412+0000] {processor.py:914} INFO - Processing file /home/airflow/.local/lib/python3.12/site-packages/airflow/example_dags/example_skip_dag.py for tasks to queue
[2025-05-04T17:23:38.415+0000] {logging_mixin.py:190} INFO - [2025-05-04T17:23:38.415+0000] {dagbag.py:588} INFO - Filling up the DagBag from /home/airflow/.local/lib/python3.12/site-packages/airflow/example_dags/example_skip_dag.py
[2025-05-04T17:23:38.429+0000] {processor.py:925} INFO - DAG(s) 'example_skip_dag' retrieved from /home/airflow/.local/lib/python3.12/site-packages/airflow/example_dags/example_skip_dag.py
[2025-05-04T17:23:38.463+0000] {logging_mixin.py:190} INFO - [2025-05-04T17:23:38.462+0000] {dag.py:3239} INFO - Sync 1 DAGs
[2025-05-04T17:23:38.496+0000] {logging_mixin.py:190} INFO - [2025-05-04T17:23:38.496+0000] {dag.py:4180} INFO - Setting next_dagrun for example_skip_dag to 2025-05-03 00:00:00+00:00, run_after=2025-05-04 00:00:00+00:00
[2025-05-04T17:23:38.520+0000] {processor.py:208} INFO - Processing /home/airflow/.local/lib/python3.12/site-packages/airflow/example_dags/example_skip_dag.py took 0.128 seconds
[2025-05-04T17:24:09.483+0000] {processor.py:186} INFO - Started process (PID=772) to work on /home/airflow/.local/lib/python3.12/site-packages/airflow/example_dags/example_skip_dag.py
[2025-05-04T17:24:09.494+0000] {processor.py:914} INFO - Processing file /home/airflow/.local/lib/python3.12/site-packages/airflow/example_dags/example_skip_dag.py for tasks to queue
[2025-05-04T17:24:09.497+0000] {logging_mixin.py:190} INFO - [2025-05-04T17:24:09.497+0000] {dagbag.py:588} INFO - Filling up the DagBag from /home/airflow/.local/lib/python3.12/site-packages/airflow/example_dags/example_skip_dag.py
[2025-05-04T17:24:09.509+0000] {processor.py:925} INFO - DAG(s) 'example_skip_dag' retrieved from /home/airflow/.local/lib/python3.12/site-packages/airflow/example_dags/example_skip_dag.py
[2025-05-04T17:24:09.540+0000] {logging_mixin.py:190} INFO - [2025-05-04T17:24:09.540+0000] {dag.py:3239} INFO - Sync 1 DAGs
[2025-05-04T17:24:09.570+0000] {logging_mixin.py:190} INFO - [2025-05-04T17:24:09.570+0000] {dag.py:4180} INFO - Setting next_dagrun for example_skip_dag to 2025-05-03 00:00:00+00:00, run_after=2025-05-04 00:00:00+00:00
[2025-05-04T17:24:09.592+0000] {processor.py:208} INFO - Processing /home/airflow/.local/lib/python3.12/site-packages/airflow/example_dags/example_skip_dag.py took 0.117 seconds
[2025-05-04T17:24:39.752+0000] {processor.py:186} INFO - Started process (PID=835) to work on /home/airflow/.local/lib/python3.12/site-packages/airflow/example_dags/example_skip_dag.py
[2025-05-04T17:24:39.753+0000] {processor.py:914} INFO - Processing file /home/airflow/.local/lib/python3.12/site-packages/airflow/example_dags/example_skip_dag.py for tasks to queue
[2025-05-04T17:24:39.756+0000] {logging_mixin.py:190} INFO - [2025-05-04T17:24:39.756+0000] {dagbag.py:588} INFO - Filling up the DagBag from /home/airflow/.local/lib/python3.12/site-packages/airflow/example_dags/example_skip_dag.py
[2025-05-04T17:24:39.767+0000] {processor.py:925} INFO - DAG(s) 'example_skip_dag' retrieved from /home/airflow/.local/lib/python3.12/site-packages/airflow/example_dags/example_skip_dag.py
[2025-05-04T17:24:39.796+0000] {logging_mixin.py:190} INFO - [2025-05-04T17:24:39.796+0000] {dag.py:3239} INFO - Sync 1 DAGs
[2025-05-04T17:24:39.827+0000] {logging_mixin.py:190} INFO - [2025-05-04T17:24:39.827+0000] {dag.py:4180} INFO - Setting next_dagrun for example_skip_dag to 2025-05-03 00:00:00+00:00, run_after=2025-05-04 00:00:00+00:00
[2025-05-04T17:24:39.850+0000] {processor.py:208} INFO - Processing /home/airflow/.local/lib/python3.12/site-packages/airflow/example_dags/example_skip_dag.py took 0.107 seconds
[2025-05-04T17:25:10.015+0000] {processor.py:186} INFO - Started process (PID=898) to work on /home/airflow/.local/lib/python3.12/site-packages/airflow/example_dags/example_skip_dag.py
[2025-05-04T17:25:10.016+0000] {processor.py:914} INFO - Processing file /home/airflow/.local/lib/python3.12/site-packages/airflow/example_dags/example_skip_dag.py for tasks to queue
[2025-05-04T17:25:10.019+0000] {logging_mixin.py:190} INFO - [2025-05-04T17:25:10.018+0000] {dagbag.py:588} INFO - Filling up the DagBag from /home/airflow/.local/lib/python3.12/site-packages/airflow/example_dags/example_skip_dag.py
[2025-05-04T17:25:10.030+0000] {processor.py:925} INFO - DAG(s) 'example_skip_dag' retrieved from /home/airflow/.local/lib/python3.12/site-packages/airflow/example_dags/example_skip_dag.py
[2025-05-04T17:25:10.061+0000] {logging_mixin.py:190} INFO - [2025-05-04T17:25:10.061+0000] {dag.py:3239} INFO - Sync 1 DAGs
[2025-05-04T17:25:10.093+0000] {logging_mixin.py:190} INFO - [2025-05-04T17:25:10.093+0000] {dag.py:4180} INFO - Setting next_dagrun for example_skip_dag to 2025-05-03 00:00:00+00:00, run_after=2025-05-04 00:00:00+00:00
[2025-05-04T17:25:10.117+0000] {processor.py:208} INFO - Processing /home/airflow/.local/lib/python3.12/site-packages/airflow/example_dags/example_skip_dag.py took 0.111 seconds
[2025-05-04T17:25:40.599+0000] {processor.py:186} INFO - Started process (PID=961) to work on /home/airflow/.local/lib/python3.12/site-packages/airflow/example_dags/example_skip_dag.py
[2025-05-04T17:25:40.601+0000] {processor.py:914} INFO - Processing file /home/airflow/.local/lib/python3.12/site-packages/airflow/example_dags/example_skip_dag.py for tasks to queue
[2025-05-04T17:25:40.604+0000] {logging_mixin.py:190} INFO - [2025-05-04T17:25:40.604+0000] {dagbag.py:588} INFO - Filling up the DagBag from /home/airflow/.local/lib/python3.12/site-packages/airflow/example_dags/example_skip_dag.py
[2025-05-04T17:25:40.615+0000] {processor.py:925} INFO - DAG(s) 'example_skip_dag' retrieved from /home/airflow/.local/lib/python3.12/site-packages/airflow/example_dags/example_skip_dag.py
[2025-05-04T17:25:40.644+0000] {logging_mixin.py:190} INFO - [2025-05-04T17:25:40.643+0000] {dag.py:3239} INFO - Sync 1 DAGs
[2025-05-04T17:25:40.674+0000] {logging_mixin.py:190} INFO - [2025-05-04T17:25:40.674+0000] {dag.py:4180} INFO - Setting next_dagrun for example_skip_dag to 2025-05-03 00:00:00+00:00, run_after=2025-05-04 00:00:00+00:00
[2025-05-04T17:25:40.699+0000] {processor.py:208} INFO - Processing /home/airflow/.local/lib/python3.12/site-packages/airflow/example_dags/example_skip_dag.py took 0.108 seconds
[2025-05-04T17:26:11.121+0000] {processor.py:186} INFO - Started process (PID=1024) to work on /home/airflow/.local/lib/python3.12/site-packages/airflow/example_dags/example_skip_dag.py
[2025-05-04T17:26:11.129+0000] {processor.py:914} INFO - Processing file /home/airflow/.local/lib/python3.12/site-packages/airflow/example_dags/example_skip_dag.py for tasks to queue
[2025-05-04T17:26:11.132+0000] {logging_mixin.py:190} INFO - [2025-05-04T17:26:11.132+0000] {dagbag.py:588} INFO - Filling up the DagBag from /home/airflow/.local/lib/python3.12/site-packages/airflow/example_dags/example_skip_dag.py
[2025-05-04T17:26:11.144+0000] {processor.py:925} INFO - DAG(s) 'example_skip_dag' retrieved from /home/airflow/.local/lib/python3.12/site-packages/airflow/example_dags/example_skip_dag.py
[2025-05-04T17:26:11.177+0000] {logging_mixin.py:190} INFO - [2025-05-04T17:26:11.176+0000] {dag.py:3239} INFO - Sync 1 DAGs
[2025-05-04T17:26:11.209+0000] {logging_mixin.py:190} INFO - [2025-05-04T17:26:11.209+0000] {dag.py:4180} INFO - Setting next_dagrun for example_skip_dag to 2025-05-03 00:00:00+00:00, run_after=2025-05-04 00:00:00+00:00
[2025-05-04T17:26:11.231+0000] {processor.py:208} INFO - Processing /home/airflow/.local/lib/python3.12/site-packages/airflow/example_dags/example_skip_dag.py took 0.119 seconds
[2025-05-04T17:26:41.702+0000] {processor.py:186} INFO - Started process (PID=1087) to work on /home/airflow/.local/lib/python3.12/site-packages/airflow/example_dags/example_skip_dag.py
[2025-05-04T17:26:41.712+0000] {processor.py:914} INFO - Processing file /home/airflow/.local/lib/python3.12/site-packages/airflow/example_dags/example_skip_dag.py for tasks to queue
[2025-05-04T17:26:41.715+0000] {logging_mixin.py:190} INFO - [2025-05-04T17:26:41.715+0000] {dagbag.py:588} INFO - Filling up the DagBag from /home/airflow/.local/lib/python3.12/site-packages/airflow/example_dags/example_skip_dag.py
[2025-05-04T17:26:41.727+0000] {processor.py:925} INFO - DAG(s) 'example_skip_dag' retrieved from /home/airflow/.local/lib/python3.12/site-packages/airflow/example_dags/example_skip_dag.py
[2025-05-04T17:26:41.761+0000] {logging_mixin.py:190} INFO - [2025-05-04T17:26:41.761+0000] {dag.py:3239} INFO - Sync 1 DAGs
[2025-05-04T17:26:41.797+0000] {logging_mixin.py:190} INFO - [2025-05-04T17:26:41.797+0000] {dag.py:4180} INFO - Setting next_dagrun for example_skip_dag to 2025-05-03 00:00:00+00:00, run_after=2025-05-04 00:00:00+00:00
[2025-05-04T17:26:41.821+0000] {processor.py:208} INFO - Processing /home/airflow/.local/lib/python3.12/site-packages/airflow/example_dags/example_skip_dag.py took 0.127 seconds
