[2025-05-04T17:18:34.850+0000] {processor.py:186} INFO - Started process (PID=86) to work on /home/airflow/.local/lib/python3.12/site-packages/airflow/example_dags/example_task_group_decorator.py
[2025-05-04T17:18:34.850+0000] {processor.py:914} INFO - Processing file /home/airflow/.local/lib/python3.12/site-packages/airflow/example_dags/example_task_group_decorator.py for tasks to queue
[2025-05-04T17:18:34.852+0000] {logging_mixin.py:190} INFO - [2025-05-04T17:18:34.852+0000] {dagbag.py:588} INFO - Filling up the DagBag from /home/airflow/.local/lib/python3.12/site-packages/airflow/example_dags/example_task_group_decorator.py
[2025-05-04T17:18:34.866+0000] {processor.py:925} INFO - DAG(s) 'example_task_group_decorator' retrieved from /home/airflow/.local/lib/python3.12/site-packages/airflow/example_dags/example_task_group_decorator.py
[2025-05-04T17:18:34.960+0000] {logging_mixin.py:190} INFO - [2025-05-04T17:18:34.959+0000] {override.py:1912} INFO - Created Permission View: can read on DAG:example_task_group_decorator
[2025-05-04T17:18:34.968+0000] {logging_mixin.py:190} INFO - [2025-05-04T17:18:34.968+0000] {override.py:1912} INFO - Created Permission View: can edit on DAG:example_task_group_decorator
[2025-05-04T17:18:34.972+0000] {logging_mixin.py:190} INFO - [2025-05-04T17:18:34.972+0000] {override.py:1912} INFO - Created Permission View: can delete on DAG:example_task_group_decorator
[2025-05-04T17:18:34.976+0000] {logging_mixin.py:190} INFO - [2025-05-04T17:18:34.976+0000] {override.py:1912} INFO - Created Permission View: can read on DAG Run:example_task_group_decorator
[2025-05-04T17:18:34.980+0000] {logging_mixin.py:190} INFO - [2025-05-04T17:18:34.980+0000] {override.py:1912} INFO - Created Permission View: can create on DAG Run:example_task_group_decorator
[2025-05-04T17:18:34.985+0000] {logging_mixin.py:190} INFO - [2025-05-04T17:18:34.984+0000] {override.py:1912} INFO - Created Permission View: can delete on DAG Run:example_task_group_decorator
[2025-05-04T17:18:34.989+0000] {logging_mixin.py:190} INFO - [2025-05-04T17:18:34.989+0000] {override.py:1912} INFO - Created Permission View: menu access on DAG Run:example_task_group_decorator
[2025-05-04T17:18:34.989+0000] {logging_mixin.py:190} INFO - [2025-05-04T17:18:34.989+0000] {dag.py:3239} INFO - Sync 1 DAGs
[2025-05-04T17:18:34.999+0000] {logging_mixin.py:190} INFO - [2025-05-04T17:18:34.999+0000] {dag.py:3262} INFO - Creating ORM DAG for example_task_group_decorator
[2025-05-04T17:18:35.000+0000] {logging_mixin.py:190} INFO - [2025-05-04T17:18:35.000+0000] {dag.py:4180} INFO - Setting next_dagrun for example_task_group_decorator to None, run_after=None
[2025-05-04T17:18:35.011+0000] {processor.py:208} INFO - Processing /home/airflow/.local/lib/python3.12/site-packages/airflow/example_dags/example_task_group_decorator.py took 0.166 seconds
[2025-05-04T17:19:05.747+0000] {processor.py:186} INFO - Started process (PID=149) to work on /home/airflow/.local/lib/python3.12/site-packages/airflow/example_dags/example_task_group_decorator.py
[2025-05-04T17:19:05.748+0000] {processor.py:914} INFO - Processing file /home/airflow/.local/lib/python3.12/site-packages/airflow/example_dags/example_task_group_decorator.py for tasks to queue
[2025-05-04T17:19:05.751+0000] {logging_mixin.py:190} INFO - [2025-05-04T17:19:05.750+0000] {dagbag.py:588} INFO - Filling up the DagBag from /home/airflow/.local/lib/python3.12/site-packages/airflow/example_dags/example_task_group_decorator.py
[2025-05-04T17:19:05.771+0000] {processor.py:925} INFO - DAG(s) 'example_task_group_decorator' retrieved from /home/airflow/.local/lib/python3.12/site-packages/airflow/example_dags/example_task_group_decorator.py
[2025-05-04T17:19:05.805+0000] {logging_mixin.py:190} INFO - [2025-05-04T17:19:05.805+0000] {dag.py:3239} INFO - Sync 1 DAGs
[2025-05-04T17:19:05.825+0000] {logging_mixin.py:190} INFO - [2025-05-04T17:19:05.824+0000] {dag.py:4180} INFO - Setting next_dagrun for example_task_group_decorator to None, run_after=None
[2025-05-04T17:19:05.846+0000] {processor.py:208} INFO - Processing /home/airflow/.local/lib/python3.12/site-packages/airflow/example_dags/example_task_group_decorator.py took 0.106 seconds
[2025-05-04T17:19:36.552+0000] {processor.py:186} INFO - Started process (PID=212) to work on /home/airflow/.local/lib/python3.12/site-packages/airflow/example_dags/example_task_group_decorator.py
[2025-05-04T17:19:36.554+0000] {processor.py:914} INFO - Processing file /home/airflow/.local/lib/python3.12/site-packages/airflow/example_dags/example_task_group_decorator.py for tasks to queue
[2025-05-04T17:19:36.558+0000] {logging_mixin.py:190} INFO - [2025-05-04T17:19:36.557+0000] {dagbag.py:588} INFO - Filling up the DagBag from /home/airflow/.local/lib/python3.12/site-packages/airflow/example_dags/example_task_group_decorator.py
[2025-05-04T17:19:36.579+0000] {processor.py:925} INFO - DAG(s) 'example_task_group_decorator' retrieved from /home/airflow/.local/lib/python3.12/site-packages/airflow/example_dags/example_task_group_decorator.py
[2025-05-04T17:19:36.614+0000] {logging_mixin.py:190} INFO - [2025-05-04T17:19:36.613+0000] {dag.py:3239} INFO - Sync 1 DAGs
[2025-05-04T17:19:36.635+0000] {logging_mixin.py:190} INFO - [2025-05-04T17:19:36.635+0000] {dag.py:4180} INFO - Setting next_dagrun for example_task_group_decorator to None, run_after=None
[2025-05-04T17:19:36.659+0000] {processor.py:208} INFO - Processing /home/airflow/.local/lib/python3.12/site-packages/airflow/example_dags/example_task_group_decorator.py took 0.115 seconds
[2025-05-04T17:20:06.816+0000] {processor.py:186} INFO - Started process (PID=275) to work on /home/airflow/.local/lib/python3.12/site-packages/airflow/example_dags/example_task_group_decorator.py
[2025-05-04T17:20:06.818+0000] {processor.py:914} INFO - Processing file /home/airflow/.local/lib/python3.12/site-packages/airflow/example_dags/example_task_group_decorator.py for tasks to queue
[2025-05-04T17:20:06.821+0000] {logging_mixin.py:190} INFO - [2025-05-04T17:20:06.821+0000] {dagbag.py:588} INFO - Filling up the DagBag from /home/airflow/.local/lib/python3.12/site-packages/airflow/example_dags/example_task_group_decorator.py
[2025-05-04T17:20:06.843+0000] {processor.py:925} INFO - DAG(s) 'example_task_group_decorator' retrieved from /home/airflow/.local/lib/python3.12/site-packages/airflow/example_dags/example_task_group_decorator.py
[2025-05-04T17:20:06.879+0000] {logging_mixin.py:190} INFO - [2025-05-04T17:20:06.879+0000] {dag.py:3239} INFO - Sync 1 DAGs
[2025-05-04T17:20:06.899+0000] {logging_mixin.py:190} INFO - [2025-05-04T17:20:06.899+0000] {dag.py:4180} INFO - Setting next_dagrun for example_task_group_decorator to None, run_after=None
[2025-05-04T17:20:06.924+0000] {processor.py:208} INFO - Processing /home/airflow/.local/lib/python3.12/site-packages/airflow/example_dags/example_task_group_decorator.py took 0.115 seconds
[2025-05-04T17:20:37.007+0000] {processor.py:186} INFO - Started process (PID=337) to work on /home/airflow/.local/lib/python3.12/site-packages/airflow/example_dags/example_task_group_decorator.py
[2025-05-04T17:20:37.009+0000] {processor.py:914} INFO - Processing file /home/airflow/.local/lib/python3.12/site-packages/airflow/example_dags/example_task_group_decorator.py for tasks to queue
[2025-05-04T17:20:37.012+0000] {logging_mixin.py:190} INFO - [2025-05-04T17:20:37.011+0000] {dagbag.py:588} INFO - Filling up the DagBag from /home/airflow/.local/lib/python3.12/site-packages/airflow/example_dags/example_task_group_decorator.py
[2025-05-04T17:20:37.035+0000] {processor.py:925} INFO - DAG(s) 'example_task_group_decorator' retrieved from /home/airflow/.local/lib/python3.12/site-packages/airflow/example_dags/example_task_group_decorator.py
[2025-05-04T17:20:37.074+0000] {logging_mixin.py:190} INFO - [2025-05-04T17:20:37.073+0000] {dag.py:3239} INFO - Sync 1 DAGs
[2025-05-04T17:20:37.095+0000] {logging_mixin.py:190} INFO - [2025-05-04T17:20:37.095+0000] {dag.py:4180} INFO - Setting next_dagrun for example_task_group_decorator to None, run_after=None
[2025-05-04T17:20:37.119+0000] {processor.py:208} INFO - Processing /home/airflow/.local/lib/python3.12/site-packages/airflow/example_dags/example_task_group_decorator.py took 0.120 seconds
[2025-05-04T17:21:07.293+0000] {processor.py:186} INFO - Started process (PID=400) to work on /home/airflow/.local/lib/python3.12/site-packages/airflow/example_dags/example_task_group_decorator.py
[2025-05-04T17:21:07.295+0000] {processor.py:914} INFO - Processing file /home/airflow/.local/lib/python3.12/site-packages/airflow/example_dags/example_task_group_decorator.py for tasks to queue
[2025-05-04T17:21:07.298+0000] {logging_mixin.py:190} INFO - [2025-05-04T17:21:07.298+0000] {dagbag.py:588} INFO - Filling up the DagBag from /home/airflow/.local/lib/python3.12/site-packages/airflow/example_dags/example_task_group_decorator.py
[2025-05-04T17:21:07.325+0000] {processor.py:925} INFO - DAG(s) 'example_task_group_decorator' retrieved from /home/airflow/.local/lib/python3.12/site-packages/airflow/example_dags/example_task_group_decorator.py
[2025-05-04T17:21:07.363+0000] {logging_mixin.py:190} INFO - [2025-05-04T17:21:07.363+0000] {dag.py:3239} INFO - Sync 1 DAGs
[2025-05-04T17:21:07.386+0000] {logging_mixin.py:190} INFO - [2025-05-04T17:21:07.386+0000] {dag.py:4180} INFO - Setting next_dagrun for example_task_group_decorator to None, run_after=None
[2025-05-04T17:21:07.413+0000] {processor.py:208} INFO - Processing /home/airflow/.local/lib/python3.12/site-packages/airflow/example_dags/example_task_group_decorator.py took 0.129 seconds
[2025-05-04T17:21:37.534+0000] {processor.py:186} INFO - Started process (PID=463) to work on /home/airflow/.local/lib/python3.12/site-packages/airflow/example_dags/example_task_group_decorator.py
[2025-05-04T17:21:37.536+0000] {processor.py:914} INFO - Processing file /home/airflow/.local/lib/python3.12/site-packages/airflow/example_dags/example_task_group_decorator.py for tasks to queue
[2025-05-04T17:21:37.539+0000] {logging_mixin.py:190} INFO - [2025-05-04T17:21:37.539+0000] {dagbag.py:588} INFO - Filling up the DagBag from /home/airflow/.local/lib/python3.12/site-packages/airflow/example_dags/example_task_group_decorator.py
[2025-05-04T17:21:37.565+0000] {processor.py:925} INFO - DAG(s) 'example_task_group_decorator' retrieved from /home/airflow/.local/lib/python3.12/site-packages/airflow/example_dags/example_task_group_decorator.py
[2025-05-04T17:21:37.602+0000] {logging_mixin.py:190} INFO - [2025-05-04T17:21:37.602+0000] {dag.py:3239} INFO - Sync 1 DAGs
[2025-05-04T17:21:37.624+0000] {logging_mixin.py:190} INFO - [2025-05-04T17:21:37.623+0000] {dag.py:4180} INFO - Setting next_dagrun for example_task_group_decorator to None, run_after=None
[2025-05-04T17:21:37.647+0000] {processor.py:208} INFO - Processing /home/airflow/.local/lib/python3.12/site-packages/airflow/example_dags/example_task_group_decorator.py took 0.121 seconds
[2025-05-04T17:22:07.785+0000] {processor.py:186} INFO - Started process (PID=526) to work on /home/airflow/.local/lib/python3.12/site-packages/airflow/example_dags/example_task_group_decorator.py
[2025-05-04T17:22:07.787+0000] {processor.py:914} INFO - Processing file /home/airflow/.local/lib/python3.12/site-packages/airflow/example_dags/example_task_group_decorator.py for tasks to queue
[2025-05-04T17:22:07.790+0000] {logging_mixin.py:190} INFO - [2025-05-04T17:22:07.790+0000] {dagbag.py:588} INFO - Filling up the DagBag from /home/airflow/.local/lib/python3.12/site-packages/airflow/example_dags/example_task_group_decorator.py
[2025-05-04T17:22:07.813+0000] {processor.py:925} INFO - DAG(s) 'example_task_group_decorator' retrieved from /home/airflow/.local/lib/python3.12/site-packages/airflow/example_dags/example_task_group_decorator.py
[2025-05-04T17:22:07.851+0000] {logging_mixin.py:190} INFO - [2025-05-04T17:22:07.850+0000] {dag.py:3239} INFO - Sync 1 DAGs
[2025-05-04T17:22:07.873+0000] {logging_mixin.py:190} INFO - [2025-05-04T17:22:07.872+0000] {dag.py:4180} INFO - Setting next_dagrun for example_task_group_decorator to None, run_after=None
[2025-05-04T17:22:07.896+0000] {processor.py:208} INFO - Processing /home/airflow/.local/lib/python3.12/site-packages/airflow/example_dags/example_task_group_decorator.py took 0.120 seconds
[2025-05-04T17:22:38.152+0000] {processor.py:186} INFO - Started process (PID=589) to work on /home/airflow/.local/lib/python3.12/site-packages/airflow/example_dags/example_task_group_decorator.py
[2025-05-04T17:22:38.153+0000] {processor.py:914} INFO - Processing file /home/airflow/.local/lib/python3.12/site-packages/airflow/example_dags/example_task_group_decorator.py for tasks to queue
[2025-05-04T17:22:38.156+0000] {logging_mixin.py:190} INFO - [2025-05-04T17:22:38.156+0000] {dagbag.py:588} INFO - Filling up the DagBag from /home/airflow/.local/lib/python3.12/site-packages/airflow/example_dags/example_task_group_decorator.py
[2025-05-04T17:22:38.179+0000] {processor.py:925} INFO - DAG(s) 'example_task_group_decorator' retrieved from /home/airflow/.local/lib/python3.12/site-packages/airflow/example_dags/example_task_group_decorator.py
[2025-05-04T17:22:38.215+0000] {logging_mixin.py:190} INFO - [2025-05-04T17:22:38.214+0000] {dag.py:3239} INFO - Sync 1 DAGs
[2025-05-04T17:22:38.234+0000] {logging_mixin.py:190} INFO - [2025-05-04T17:22:38.234+0000] {dag.py:4180} INFO - Setting next_dagrun for example_task_group_decorator to None, run_after=None
[2025-05-04T17:22:38.257+0000] {processor.py:208} INFO - Processing /home/airflow/.local/lib/python3.12/site-packages/airflow/example_dags/example_task_group_decorator.py took 0.116 seconds
[2025-05-04T17:23:08.725+0000] {processor.py:186} INFO - Started process (PID=652) to work on /home/airflow/.local/lib/python3.12/site-packages/airflow/example_dags/example_task_group_decorator.py
[2025-05-04T17:23:08.727+0000] {processor.py:914} INFO - Processing file /home/airflow/.local/lib/python3.12/site-packages/airflow/example_dags/example_task_group_decorator.py for tasks to queue
[2025-05-04T17:23:08.730+0000] {logging_mixin.py:190} INFO - [2025-05-04T17:23:08.729+0000] {dagbag.py:588} INFO - Filling up the DagBag from /home/airflow/.local/lib/python3.12/site-packages/airflow/example_dags/example_task_group_decorator.py
[2025-05-04T17:23:08.751+0000] {processor.py:925} INFO - DAG(s) 'example_task_group_decorator' retrieved from /home/airflow/.local/lib/python3.12/site-packages/airflow/example_dags/example_task_group_decorator.py
[2025-05-04T17:23:08.784+0000] {logging_mixin.py:190} INFO - [2025-05-04T17:23:08.784+0000] {dag.py:3239} INFO - Sync 1 DAGs
[2025-05-04T17:23:08.803+0000] {logging_mixin.py:190} INFO - [2025-05-04T17:23:08.803+0000] {dag.py:4180} INFO - Setting next_dagrun for example_task_group_decorator to None, run_after=None
[2025-05-04T17:23:08.824+0000] {processor.py:208} INFO - Processing /home/airflow/.local/lib/python3.12/site-packages/airflow/example_dags/example_task_group_decorator.py took 0.108 seconds
[2025-05-04T17:23:39.026+0000] {processor.py:186} INFO - Started process (PID=715) to work on /home/airflow/.local/lib/python3.12/site-packages/airflow/example_dags/example_task_group_decorator.py
[2025-05-04T17:23:39.028+0000] {processor.py:914} INFO - Processing file /home/airflow/.local/lib/python3.12/site-packages/airflow/example_dags/example_task_group_decorator.py for tasks to queue
[2025-05-04T17:23:39.031+0000] {logging_mixin.py:190} INFO - [2025-05-04T17:23:39.031+0000] {dagbag.py:588} INFO - Filling up the DagBag from /home/airflow/.local/lib/python3.12/site-packages/airflow/example_dags/example_task_group_decorator.py
[2025-05-04T17:23:39.054+0000] {processor.py:925} INFO - DAG(s) 'example_task_group_decorator' retrieved from /home/airflow/.local/lib/python3.12/site-packages/airflow/example_dags/example_task_group_decorator.py
[2025-05-04T17:23:39.090+0000] {logging_mixin.py:190} INFO - [2025-05-04T17:23:39.090+0000] {dag.py:3239} INFO - Sync 1 DAGs
[2025-05-04T17:23:39.111+0000] {logging_mixin.py:190} INFO - [2025-05-04T17:23:39.111+0000] {dag.py:4180} INFO - Setting next_dagrun for example_task_group_decorator to None, run_after=None
[2025-05-04T17:23:39.136+0000] {processor.py:208} INFO - Processing /home/airflow/.local/lib/python3.12/site-packages/airflow/example_dags/example_task_group_decorator.py took 0.119 seconds
[2025-05-04T17:24:10.042+0000] {processor.py:186} INFO - Started process (PID=778) to work on /home/airflow/.local/lib/python3.12/site-packages/airflow/example_dags/example_task_group_decorator.py
[2025-05-04T17:24:10.044+0000] {processor.py:914} INFO - Processing file /home/airflow/.local/lib/python3.12/site-packages/airflow/example_dags/example_task_group_decorator.py for tasks to queue
[2025-05-04T17:24:10.047+0000] {logging_mixin.py:190} INFO - [2025-05-04T17:24:10.046+0000] {dagbag.py:588} INFO - Filling up the DagBag from /home/airflow/.local/lib/python3.12/site-packages/airflow/example_dags/example_task_group_decorator.py
[2025-05-04T17:24:10.069+0000] {processor.py:925} INFO - DAG(s) 'example_task_group_decorator' retrieved from /home/airflow/.local/lib/python3.12/site-packages/airflow/example_dags/example_task_group_decorator.py
[2025-05-04T17:24:10.101+0000] {logging_mixin.py:190} INFO - [2025-05-04T17:24:10.101+0000] {dag.py:3239} INFO - Sync 1 DAGs
[2025-05-04T17:24:10.121+0000] {logging_mixin.py:190} INFO - [2025-05-04T17:24:10.120+0000] {dag.py:4180} INFO - Setting next_dagrun for example_task_group_decorator to None, run_after=None
[2025-05-04T17:24:10.145+0000] {processor.py:208} INFO - Processing /home/airflow/.local/lib/python3.12/site-packages/airflow/example_dags/example_task_group_decorator.py took 0.111 seconds
[2025-05-04T17:24:40.338+0000] {processor.py:186} INFO - Started process (PID=841) to work on /home/airflow/.local/lib/python3.12/site-packages/airflow/example_dags/example_task_group_decorator.py
[2025-05-04T17:24:40.340+0000] {processor.py:914} INFO - Processing file /home/airflow/.local/lib/python3.12/site-packages/airflow/example_dags/example_task_group_decorator.py for tasks to queue
[2025-05-04T17:24:40.343+0000] {logging_mixin.py:190} INFO - [2025-05-04T17:24:40.342+0000] {dagbag.py:588} INFO - Filling up the DagBag from /home/airflow/.local/lib/python3.12/site-packages/airflow/example_dags/example_task_group_decorator.py
[2025-05-04T17:24:40.368+0000] {processor.py:925} INFO - DAG(s) 'example_task_group_decorator' retrieved from /home/airflow/.local/lib/python3.12/site-packages/airflow/example_dags/example_task_group_decorator.py
[2025-05-04T17:24:40.404+0000] {logging_mixin.py:190} INFO - [2025-05-04T17:24:40.403+0000] {dag.py:3239} INFO - Sync 1 DAGs
[2025-05-04T17:24:40.425+0000] {logging_mixin.py:190} INFO - [2025-05-04T17:24:40.425+0000] {dag.py:4180} INFO - Setting next_dagrun for example_task_group_decorator to None, run_after=None
[2025-05-04T17:24:40.450+0000] {processor.py:208} INFO - Processing /home/airflow/.local/lib/python3.12/site-packages/airflow/example_dags/example_task_group_decorator.py took 0.121 seconds
[2025-05-04T17:25:10.601+0000] {processor.py:186} INFO - Started process (PID=904) to work on /home/airflow/.local/lib/python3.12/site-packages/airflow/example_dags/example_task_group_decorator.py
[2025-05-04T17:25:10.602+0000] {processor.py:914} INFO - Processing file /home/airflow/.local/lib/python3.12/site-packages/airflow/example_dags/example_task_group_decorator.py for tasks to queue
[2025-05-04T17:25:10.605+0000] {logging_mixin.py:190} INFO - [2025-05-04T17:25:10.604+0000] {dagbag.py:588} INFO - Filling up the DagBag from /home/airflow/.local/lib/python3.12/site-packages/airflow/example_dags/example_task_group_decorator.py
[2025-05-04T17:25:10.628+0000] {processor.py:925} INFO - DAG(s) 'example_task_group_decorator' retrieved from /home/airflow/.local/lib/python3.12/site-packages/airflow/example_dags/example_task_group_decorator.py
[2025-05-04T17:25:10.666+0000] {logging_mixin.py:190} INFO - [2025-05-04T17:25:10.665+0000] {dag.py:3239} INFO - Sync 1 DAGs
[2025-05-04T17:25:10.687+0000] {logging_mixin.py:190} INFO - [2025-05-04T17:25:10.686+0000] {dag.py:4180} INFO - Setting next_dagrun for example_task_group_decorator to None, run_after=None
[2025-05-04T17:25:10.710+0000] {processor.py:208} INFO - Processing /home/airflow/.local/lib/python3.12/site-packages/airflow/example_dags/example_task_group_decorator.py took 0.117 seconds
[2025-05-04T17:25:41.182+0000] {processor.py:186} INFO - Started process (PID=967) to work on /home/airflow/.local/lib/python3.12/site-packages/airflow/example_dags/example_task_group_decorator.py
[2025-05-04T17:25:41.184+0000] {processor.py:914} INFO - Processing file /home/airflow/.local/lib/python3.12/site-packages/airflow/example_dags/example_task_group_decorator.py for tasks to queue
[2025-05-04T17:25:41.187+0000] {logging_mixin.py:190} INFO - [2025-05-04T17:25:41.186+0000] {dagbag.py:588} INFO - Filling up the DagBag from /home/airflow/.local/lib/python3.12/site-packages/airflow/example_dags/example_task_group_decorator.py
[2025-05-04T17:25:41.209+0000] {processor.py:925} INFO - DAG(s) 'example_task_group_decorator' retrieved from /home/airflow/.local/lib/python3.12/site-packages/airflow/example_dags/example_task_group_decorator.py
[2025-05-04T17:25:41.245+0000] {logging_mixin.py:190} INFO - [2025-05-04T17:25:41.245+0000] {dag.py:3239} INFO - Sync 1 DAGs
[2025-05-04T17:25:41.265+0000] {logging_mixin.py:190} INFO - [2025-05-04T17:25:41.265+0000] {dag.py:4180} INFO - Setting next_dagrun for example_task_group_decorator to None, run_after=None
[2025-05-04T17:25:41.287+0000] {processor.py:208} INFO - Processing /home/airflow/.local/lib/python3.12/site-packages/airflow/example_dags/example_task_group_decorator.py took 0.115 seconds
[2025-05-04T17:26:11.759+0000] {processor.py:186} INFO - Started process (PID=1030) to work on /home/airflow/.local/lib/python3.12/site-packages/airflow/example_dags/example_task_group_decorator.py
[2025-05-04T17:26:11.763+0000] {processor.py:914} INFO - Processing file /home/airflow/.local/lib/python3.12/site-packages/airflow/example_dags/example_task_group_decorator.py for tasks to queue
[2025-05-04T17:26:11.765+0000] {logging_mixin.py:190} INFO - [2025-05-04T17:26:11.765+0000] {dagbag.py:588} INFO - Filling up the DagBag from /home/airflow/.local/lib/python3.12/site-packages/airflow/example_dags/example_task_group_decorator.py
[2025-05-04T17:26:11.790+0000] {processor.py:925} INFO - DAG(s) 'example_task_group_decorator' retrieved from /home/airflow/.local/lib/python3.12/site-packages/airflow/example_dags/example_task_group_decorator.py
[2025-05-04T17:26:11.824+0000] {logging_mixin.py:190} INFO - [2025-05-04T17:26:11.823+0000] {dag.py:3239} INFO - Sync 1 DAGs
[2025-05-04T17:26:11.843+0000] {logging_mixin.py:190} INFO - [2025-05-04T17:26:11.843+0000] {dag.py:4180} INFO - Setting next_dagrun for example_task_group_decorator to None, run_after=None
[2025-05-04T17:26:11.864+0000] {processor.py:208} INFO - Processing /home/airflow/.local/lib/python3.12/site-packages/airflow/example_dags/example_task_group_decorator.py took 0.114 seconds
[2025-05-04T17:26:42.316+0000] {processor.py:186} INFO - Started process (PID=1093) to work on /home/airflow/.local/lib/python3.12/site-packages/airflow/example_dags/example_task_group_decorator.py
[2025-05-04T17:26:42.318+0000] {processor.py:914} INFO - Processing file /home/airflow/.local/lib/python3.12/site-packages/airflow/example_dags/example_task_group_decorator.py for tasks to queue
[2025-05-04T17:26:42.321+0000] {logging_mixin.py:190} INFO - [2025-05-04T17:26:42.321+0000] {dagbag.py:588} INFO - Filling up the DagBag from /home/airflow/.local/lib/python3.12/site-packages/airflow/example_dags/example_task_group_decorator.py
[2025-05-04T17:26:42.343+0000] {processor.py:925} INFO - DAG(s) 'example_task_group_decorator' retrieved from /home/airflow/.local/lib/python3.12/site-packages/airflow/example_dags/example_task_group_decorator.py
[2025-05-04T17:26:42.380+0000] {logging_mixin.py:190} INFO - [2025-05-04T17:26:42.380+0000] {dag.py:3239} INFO - Sync 1 DAGs
[2025-05-04T17:26:42.400+0000] {logging_mixin.py:190} INFO - [2025-05-04T17:26:42.400+0000] {dag.py:4180} INFO - Setting next_dagrun for example_task_group_decorator to None, run_after=None
[2025-05-04T17:26:42.425+0000] {processor.py:208} INFO - Processing /home/airflow/.local/lib/python3.12/site-packages/airflow/example_dags/example_task_group_decorator.py took 0.118 seconds
