[2025-05-04T17:18:34.051+0000] {processor.py:186} INFO - Started process (PID=78) to work on /home/airflow/.local/lib/python3.12/site-packages/airflow/example_dags/tutorial_objectstorage.py
[2025-05-04T17:18:34.052+0000] {processor.py:914} INFO - Processing file /home/airflow/.local/lib/python3.12/site-packages/airflow/example_dags/tutorial_objectstorage.py for tasks to queue
[2025-05-04T17:18:34.054+0000] {logging_mixin.py:190} INFO - [2025-05-04T17:18:34.053+0000] {dagbag.py:588} INFO - Filling up the DagBag from /home/airflow/.local/lib/python3.12/site-packages/airflow/example_dags/tutorial_objectstorage.py
[2025-05-04T17:18:34.062+0000] {processor.py:925} INFO - DAG(s) 'tutorial_objectstorage' retrieved from /home/airflow/.local/lib/python3.12/site-packages/airflow/example_dags/tutorial_objectstorage.py
[2025-05-04T17:18:34.149+0000] {logging_mixin.py:190} INFO - [2025-05-04T17:18:34.149+0000] {override.py:1912} INFO - Created Permission View: can read on DAG:tutorial_objectstorage
[2025-05-04T17:18:34.157+0000] {logging_mixin.py:190} INFO - [2025-05-04T17:18:34.156+0000] {override.py:1912} INFO - Created Permission View: can edit on DAG:tutorial_objectstorage
[2025-05-04T17:18:34.160+0000] {logging_mixin.py:190} INFO - [2025-05-04T17:18:34.160+0000] {override.py:1912} INFO - Created Permission View: can delete on DAG:tutorial_objectstorage
[2025-05-04T17:18:34.164+0000] {logging_mixin.py:190} INFO - [2025-05-04T17:18:34.164+0000] {override.py:1912} INFO - Created Permission View: can read on DAG Run:tutorial_objectstorage
[2025-05-04T17:18:34.168+0000] {logging_mixin.py:190} INFO - [2025-05-04T17:18:34.168+0000] {override.py:1912} INFO - Created Permission View: can create on DAG Run:tutorial_objectstorage
[2025-05-04T17:18:34.172+0000] {logging_mixin.py:190} INFO - [2025-05-04T17:18:34.172+0000] {override.py:1912} INFO - Created Permission View: can delete on DAG Run:tutorial_objectstorage
[2025-05-04T17:18:34.176+0000] {logging_mixin.py:190} INFO - [2025-05-04T17:18:34.176+0000] {override.py:1912} INFO - Created Permission View: menu access on DAG Run:tutorial_objectstorage
[2025-05-04T17:18:34.177+0000] {logging_mixin.py:190} INFO - [2025-05-04T17:18:34.176+0000] {dag.py:3239} INFO - Sync 1 DAGs
[2025-05-04T17:18:34.187+0000] {logging_mixin.py:190} INFO - [2025-05-04T17:18:34.187+0000] {dag.py:3262} INFO - Creating ORM DAG for tutorial_objectstorage
[2025-05-04T17:18:34.188+0000] {logging_mixin.py:190} INFO - [2025-05-04T17:18:34.188+0000] {dag.py:4180} INFO - Setting next_dagrun for tutorial_objectstorage to None, run_after=None
[2025-05-04T17:18:34.199+0000] {processor.py:208} INFO - Processing /home/airflow/.local/lib/python3.12/site-packages/airflow/example_dags/tutorial_objectstorage.py took 0.153 seconds
[2025-05-04T17:19:04.260+0000] {processor.py:186} INFO - Started process (PID=140) to work on /home/airflow/.local/lib/python3.12/site-packages/airflow/example_dags/tutorial_objectstorage.py
[2025-05-04T17:19:04.263+0000] {processor.py:914} INFO - Processing file /home/airflow/.local/lib/python3.12/site-packages/airflow/example_dags/tutorial_objectstorage.py for tasks to queue
[2025-05-04T17:19:04.267+0000] {logging_mixin.py:190} INFO - [2025-05-04T17:19:04.267+0000] {dagbag.py:588} INFO - Filling up the DagBag from /home/airflow/.local/lib/python3.12/site-packages/airflow/example_dags/tutorial_objectstorage.py
[2025-05-04T17:19:04.280+0000] {processor.py:925} INFO - DAG(s) 'tutorial_objectstorage' retrieved from /home/airflow/.local/lib/python3.12/site-packages/airflow/example_dags/tutorial_objectstorage.py
[2025-05-04T17:19:04.308+0000] {logging_mixin.py:190} INFO - [2025-05-04T17:19:04.308+0000] {dag.py:3239} INFO - Sync 1 DAGs
[2025-05-04T17:19:04.328+0000] {logging_mixin.py:190} INFO - [2025-05-04T17:19:04.328+0000] {dag.py:4180} INFO - Setting next_dagrun for tutorial_objectstorage to None, run_after=None
[2025-05-04T17:19:04.350+0000] {processor.py:208} INFO - Processing /home/airflow/.local/lib/python3.12/site-packages/airflow/example_dags/tutorial_objectstorage.py took 0.098 seconds
[2025-05-04T17:19:34.503+0000] {processor.py:186} INFO - Started process (PID=203) to work on /home/airflow/.local/lib/python3.12/site-packages/airflow/example_dags/tutorial_objectstorage.py
[2025-05-04T17:19:34.506+0000] {processor.py:914} INFO - Processing file /home/airflow/.local/lib/python3.12/site-packages/airflow/example_dags/tutorial_objectstorage.py for tasks to queue
[2025-05-04T17:19:34.509+0000] {logging_mixin.py:190} INFO - [2025-05-04T17:19:34.508+0000] {dagbag.py:588} INFO - Filling up the DagBag from /home/airflow/.local/lib/python3.12/site-packages/airflow/example_dags/tutorial_objectstorage.py
[2025-05-04T17:19:34.521+0000] {processor.py:925} INFO - DAG(s) 'tutorial_objectstorage' retrieved from /home/airflow/.local/lib/python3.12/site-packages/airflow/example_dags/tutorial_objectstorage.py
[2025-05-04T17:19:34.548+0000] {logging_mixin.py:190} INFO - [2025-05-04T17:19:34.548+0000] {dag.py:3239} INFO - Sync 1 DAGs
[2025-05-04T17:19:34.568+0000] {logging_mixin.py:190} INFO - [2025-05-04T17:19:34.568+0000] {dag.py:4180} INFO - Setting next_dagrun for tutorial_objectstorage to None, run_after=None
[2025-05-04T17:19:34.593+0000] {processor.py:208} INFO - Processing /home/airflow/.local/lib/python3.12/site-packages/airflow/example_dags/tutorial_objectstorage.py took 0.098 seconds
[2025-05-04T17:20:04.766+0000] {processor.py:186} INFO - Started process (PID=266) to work on /home/airflow/.local/lib/python3.12/site-packages/airflow/example_dags/tutorial_objectstorage.py
[2025-05-04T17:20:04.767+0000] {processor.py:914} INFO - Processing file /home/airflow/.local/lib/python3.12/site-packages/airflow/example_dags/tutorial_objectstorage.py for tasks to queue
[2025-05-04T17:20:04.771+0000] {logging_mixin.py:190} INFO - [2025-05-04T17:20:04.770+0000] {dagbag.py:588} INFO - Filling up the DagBag from /home/airflow/.local/lib/python3.12/site-packages/airflow/example_dags/tutorial_objectstorage.py
[2025-05-04T17:20:04.784+0000] {processor.py:925} INFO - DAG(s) 'tutorial_objectstorage' retrieved from /home/airflow/.local/lib/python3.12/site-packages/airflow/example_dags/tutorial_objectstorage.py
[2025-05-04T17:20:04.812+0000] {logging_mixin.py:190} INFO - [2025-05-04T17:20:04.812+0000] {dag.py:3239} INFO - Sync 1 DAGs
[2025-05-04T17:20:04.831+0000] {logging_mixin.py:190} INFO - [2025-05-04T17:20:04.831+0000] {dag.py:4180} INFO - Setting next_dagrun for tutorial_objectstorage to None, run_after=None
[2025-05-04T17:20:04.856+0000] {processor.py:208} INFO - Processing /home/airflow/.local/lib/python3.12/site-packages/airflow/example_dags/tutorial_objectstorage.py took 0.098 seconds
[2025-05-04T17:20:35.158+0000] {processor.py:186} INFO - Started process (PID=329) to work on /home/airflow/.local/lib/python3.12/site-packages/airflow/example_dags/tutorial_objectstorage.py
[2025-05-04T17:20:35.159+0000] {processor.py:914} INFO - Processing file /home/airflow/.local/lib/python3.12/site-packages/airflow/example_dags/tutorial_objectstorage.py for tasks to queue
[2025-05-04T17:20:35.162+0000] {logging_mixin.py:190} INFO - [2025-05-04T17:20:35.162+0000] {dagbag.py:588} INFO - Filling up the DagBag from /home/airflow/.local/lib/python3.12/site-packages/airflow/example_dags/tutorial_objectstorage.py
[2025-05-04T17:20:35.175+0000] {processor.py:925} INFO - DAG(s) 'tutorial_objectstorage' retrieved from /home/airflow/.local/lib/python3.12/site-packages/airflow/example_dags/tutorial_objectstorage.py
[2025-05-04T17:20:35.201+0000] {logging_mixin.py:190} INFO - [2025-05-04T17:20:35.201+0000] {dag.py:3239} INFO - Sync 1 DAGs
[2025-05-04T17:20:35.220+0000] {logging_mixin.py:190} INFO - [2025-05-04T17:20:35.220+0000] {dag.py:4180} INFO - Setting next_dagrun for tutorial_objectstorage to None, run_after=None
[2025-05-04T17:20:35.244+0000] {processor.py:208} INFO - Processing /home/airflow/.local/lib/python3.12/site-packages/airflow/example_dags/tutorial_objectstorage.py took 0.095 seconds
[2025-05-04T17:21:05.594+0000] {processor.py:186} INFO - Started process (PID=392) to work on /home/airflow/.local/lib/python3.12/site-packages/airflow/example_dags/tutorial_objectstorage.py
[2025-05-04T17:21:05.596+0000] {processor.py:914} INFO - Processing file /home/airflow/.local/lib/python3.12/site-packages/airflow/example_dags/tutorial_objectstorage.py for tasks to queue
[2025-05-04T17:21:05.599+0000] {logging_mixin.py:190} INFO - [2025-05-04T17:21:05.599+0000] {dagbag.py:588} INFO - Filling up the DagBag from /home/airflow/.local/lib/python3.12/site-packages/airflow/example_dags/tutorial_objectstorage.py
[2025-05-04T17:21:05.615+0000] {processor.py:925} INFO - DAG(s) 'tutorial_objectstorage' retrieved from /home/airflow/.local/lib/python3.12/site-packages/airflow/example_dags/tutorial_objectstorage.py
[2025-05-04T17:21:05.644+0000] {logging_mixin.py:190} INFO - [2025-05-04T17:21:05.644+0000] {dag.py:3239} INFO - Sync 1 DAGs
[2025-05-04T17:21:05.664+0000] {logging_mixin.py:190} INFO - [2025-05-04T17:21:05.664+0000] {dag.py:4180} INFO - Setting next_dagrun for tutorial_objectstorage to None, run_after=None
[2025-05-04T17:21:05.687+0000] {processor.py:208} INFO - Processing /home/airflow/.local/lib/python3.12/site-packages/airflow/example_dags/tutorial_objectstorage.py took 0.104 seconds
[2025-05-04T17:21:35.843+0000] {processor.py:186} INFO - Started process (PID=455) to work on /home/airflow/.local/lib/python3.12/site-packages/airflow/example_dags/tutorial_objectstorage.py
[2025-05-04T17:21:35.845+0000] {processor.py:914} INFO - Processing file /home/airflow/.local/lib/python3.12/site-packages/airflow/example_dags/tutorial_objectstorage.py for tasks to queue
[2025-05-04T17:21:35.848+0000] {logging_mixin.py:190} INFO - [2025-05-04T17:21:35.848+0000] {dagbag.py:588} INFO - Filling up the DagBag from /home/airflow/.local/lib/python3.12/site-packages/airflow/example_dags/tutorial_objectstorage.py
[2025-05-04T17:21:35.862+0000] {processor.py:925} INFO - DAG(s) 'tutorial_objectstorage' retrieved from /home/airflow/.local/lib/python3.12/site-packages/airflow/example_dags/tutorial_objectstorage.py
[2025-05-04T17:21:35.890+0000] {logging_mixin.py:190} INFO - [2025-05-04T17:21:35.889+0000] {dag.py:3239} INFO - Sync 1 DAGs
[2025-05-04T17:21:35.909+0000] {logging_mixin.py:190} INFO - [2025-05-04T17:21:35.909+0000] {dag.py:4180} INFO - Setting next_dagrun for tutorial_objectstorage to None, run_after=None
[2025-05-04T17:21:35.930+0000] {processor.py:208} INFO - Processing /home/airflow/.local/lib/python3.12/site-packages/airflow/example_dags/tutorial_objectstorage.py took 0.095 seconds
[2025-05-04T17:22:06.113+0000] {processor.py:186} INFO - Started process (PID=518) to work on /home/airflow/.local/lib/python3.12/site-packages/airflow/example_dags/tutorial_objectstorage.py
[2025-05-04T17:22:06.115+0000] {processor.py:914} INFO - Processing file /home/airflow/.local/lib/python3.12/site-packages/airflow/example_dags/tutorial_objectstorage.py for tasks to queue
[2025-05-04T17:22:06.118+0000] {logging_mixin.py:190} INFO - [2025-05-04T17:22:06.118+0000] {dagbag.py:588} INFO - Filling up the DagBag from /home/airflow/.local/lib/python3.12/site-packages/airflow/example_dags/tutorial_objectstorage.py
[2025-05-04T17:22:06.132+0000] {processor.py:925} INFO - DAG(s) 'tutorial_objectstorage' retrieved from /home/airflow/.local/lib/python3.12/site-packages/airflow/example_dags/tutorial_objectstorage.py
[2025-05-04T17:22:06.159+0000] {logging_mixin.py:190} INFO - [2025-05-04T17:22:06.158+0000] {dag.py:3239} INFO - Sync 1 DAGs
[2025-05-04T17:22:06.180+0000] {logging_mixin.py:190} INFO - [2025-05-04T17:22:06.179+0000] {dag.py:4180} INFO - Setting next_dagrun for tutorial_objectstorage to None, run_after=None
[2025-05-04T17:22:06.202+0000] {processor.py:208} INFO - Processing /home/airflow/.local/lib/python3.12/site-packages/airflow/example_dags/tutorial_objectstorage.py took 0.098 seconds
[2025-05-04T17:22:36.490+0000] {processor.py:186} INFO - Started process (PID=581) to work on /home/airflow/.local/lib/python3.12/site-packages/airflow/example_dags/tutorial_objectstorage.py
[2025-05-04T17:22:36.492+0000] {processor.py:914} INFO - Processing file /home/airflow/.local/lib/python3.12/site-packages/airflow/example_dags/tutorial_objectstorage.py for tasks to queue
[2025-05-04T17:22:36.495+0000] {logging_mixin.py:190} INFO - [2025-05-04T17:22:36.495+0000] {dagbag.py:588} INFO - Filling up the DagBag from /home/airflow/.local/lib/python3.12/site-packages/airflow/example_dags/tutorial_objectstorage.py
[2025-05-04T17:22:36.507+0000] {processor.py:925} INFO - DAG(s) 'tutorial_objectstorage' retrieved from /home/airflow/.local/lib/python3.12/site-packages/airflow/example_dags/tutorial_objectstorage.py
[2025-05-04T17:22:36.533+0000] {logging_mixin.py:190} INFO - [2025-05-04T17:22:36.532+0000] {dag.py:3239} INFO - Sync 1 DAGs
[2025-05-04T17:22:36.551+0000] {logging_mixin.py:190} INFO - [2025-05-04T17:22:36.551+0000] {dag.py:4180} INFO - Setting next_dagrun for tutorial_objectstorage to None, run_after=None
[2025-05-04T17:22:36.573+0000] {processor.py:208} INFO - Processing /home/airflow/.local/lib/python3.12/site-packages/airflow/example_dags/tutorial_objectstorage.py took 0.090 seconds
[2025-05-04T17:23:07.030+0000] {processor.py:186} INFO - Started process (PID=644) to work on /home/airflow/.local/lib/python3.12/site-packages/airflow/example_dags/tutorial_objectstorage.py
[2025-05-04T17:23:07.032+0000] {processor.py:914} INFO - Processing file /home/airflow/.local/lib/python3.12/site-packages/airflow/example_dags/tutorial_objectstorage.py for tasks to queue
[2025-05-04T17:23:07.035+0000] {logging_mixin.py:190} INFO - [2025-05-04T17:23:07.035+0000] {dagbag.py:588} INFO - Filling up the DagBag from /home/airflow/.local/lib/python3.12/site-packages/airflow/example_dags/tutorial_objectstorage.py
[2025-05-04T17:23:07.048+0000] {processor.py:925} INFO - DAG(s) 'tutorial_objectstorage' retrieved from /home/airflow/.local/lib/python3.12/site-packages/airflow/example_dags/tutorial_objectstorage.py
[2025-05-04T17:23:07.078+0000] {logging_mixin.py:190} INFO - [2025-05-04T17:23:07.077+0000] {dag.py:3239} INFO - Sync 1 DAGs
[2025-05-04T17:23:07.101+0000] {logging_mixin.py:190} INFO - [2025-05-04T17:23:07.100+0000] {dag.py:4180} INFO - Setting next_dagrun for tutorial_objectstorage to None, run_after=None
[2025-05-04T17:23:07.126+0000] {processor.py:208} INFO - Processing /home/airflow/.local/lib/python3.12/site-packages/airflow/example_dags/tutorial_objectstorage.py took 0.105 seconds
[2025-05-04T17:23:37.304+0000] {processor.py:186} INFO - Started process (PID=707) to work on /home/airflow/.local/lib/python3.12/site-packages/airflow/example_dags/tutorial_objectstorage.py
[2025-05-04T17:23:37.306+0000] {processor.py:914} INFO - Processing file /home/airflow/.local/lib/python3.12/site-packages/airflow/example_dags/tutorial_objectstorage.py for tasks to queue
[2025-05-04T17:23:37.309+0000] {logging_mixin.py:190} INFO - [2025-05-04T17:23:37.309+0000] {dagbag.py:588} INFO - Filling up the DagBag from /home/airflow/.local/lib/python3.12/site-packages/airflow/example_dags/tutorial_objectstorage.py
[2025-05-04T17:23:37.323+0000] {processor.py:925} INFO - DAG(s) 'tutorial_objectstorage' retrieved from /home/airflow/.local/lib/python3.12/site-packages/airflow/example_dags/tutorial_objectstorage.py
[2025-05-04T17:23:37.349+0000] {logging_mixin.py:190} INFO - [2025-05-04T17:23:37.349+0000] {dag.py:3239} INFO - Sync 1 DAGs
[2025-05-04T17:23:37.368+0000] {logging_mixin.py:190} INFO - [2025-05-04T17:23:37.367+0000] {dag.py:4180} INFO - Setting next_dagrun for tutorial_objectstorage to None, run_after=None
[2025-05-04T17:23:37.389+0000] {processor.py:208} INFO - Processing /home/airflow/.local/lib/python3.12/site-packages/airflow/example_dags/tutorial_objectstorage.py took 0.093 seconds
[2025-05-04T17:24:08.345+0000] {processor.py:186} INFO - Started process (PID=770) to work on /home/airflow/.local/lib/python3.12/site-packages/airflow/example_dags/tutorial_objectstorage.py
[2025-05-04T17:24:08.347+0000] {processor.py:914} INFO - Processing file /home/airflow/.local/lib/python3.12/site-packages/airflow/example_dags/tutorial_objectstorage.py for tasks to queue
[2025-05-04T17:24:08.350+0000] {logging_mixin.py:190} INFO - [2025-05-04T17:24:08.350+0000] {dagbag.py:588} INFO - Filling up the DagBag from /home/airflow/.local/lib/python3.12/site-packages/airflow/example_dags/tutorial_objectstorage.py
[2025-05-04T17:24:08.364+0000] {processor.py:925} INFO - DAG(s) 'tutorial_objectstorage' retrieved from /home/airflow/.local/lib/python3.12/site-packages/airflow/example_dags/tutorial_objectstorage.py
[2025-05-04T17:24:08.394+0000] {logging_mixin.py:190} INFO - [2025-05-04T17:24:08.394+0000] {dag.py:3239} INFO - Sync 1 DAGs
[2025-05-04T17:24:08.416+0000] {logging_mixin.py:190} INFO - [2025-05-04T17:24:08.415+0000] {dag.py:4180} INFO - Setting next_dagrun for tutorial_objectstorage to None, run_after=None
[2025-05-04T17:24:08.441+0000] {processor.py:208} INFO - Processing /home/airflow/.local/lib/python3.12/site-packages/airflow/example_dags/tutorial_objectstorage.py took 0.105 seconds
[2025-05-04T17:24:38.624+0000] {processor.py:186} INFO - Started process (PID=833) to work on /home/airflow/.local/lib/python3.12/site-packages/airflow/example_dags/tutorial_objectstorage.py
[2025-05-04T17:24:38.626+0000] {processor.py:914} INFO - Processing file /home/airflow/.local/lib/python3.12/site-packages/airflow/example_dags/tutorial_objectstorage.py for tasks to queue
[2025-05-04T17:24:38.629+0000] {logging_mixin.py:190} INFO - [2025-05-04T17:24:38.629+0000] {dagbag.py:588} INFO - Filling up the DagBag from /home/airflow/.local/lib/python3.12/site-packages/airflow/example_dags/tutorial_objectstorage.py
[2025-05-04T17:24:38.643+0000] {processor.py:925} INFO - DAG(s) 'tutorial_objectstorage' retrieved from /home/airflow/.local/lib/python3.12/site-packages/airflow/example_dags/tutorial_objectstorage.py
[2025-05-04T17:24:38.671+0000] {logging_mixin.py:190} INFO - [2025-05-04T17:24:38.671+0000] {dag.py:3239} INFO - Sync 1 DAGs
[2025-05-04T17:24:38.690+0000] {logging_mixin.py:190} INFO - [2025-05-04T17:24:38.690+0000] {dag.py:4180} INFO - Setting next_dagrun for tutorial_objectstorage to None, run_after=None
[2025-05-04T17:24:38.713+0000] {processor.py:208} INFO - Processing /home/airflow/.local/lib/python3.12/site-packages/airflow/example_dags/tutorial_objectstorage.py took 0.097 seconds
[2025-05-04T17:25:08.920+0000] {processor.py:186} INFO - Started process (PID=896) to work on /home/airflow/.local/lib/python3.12/site-packages/airflow/example_dags/tutorial_objectstorage.py
[2025-05-04T17:25:08.921+0000] {processor.py:914} INFO - Processing file /home/airflow/.local/lib/python3.12/site-packages/airflow/example_dags/tutorial_objectstorage.py for tasks to queue
[2025-05-04T17:25:08.924+0000] {logging_mixin.py:190} INFO - [2025-05-04T17:25:08.924+0000] {dagbag.py:588} INFO - Filling up the DagBag from /home/airflow/.local/lib/python3.12/site-packages/airflow/example_dags/tutorial_objectstorage.py
[2025-05-04T17:25:08.938+0000] {processor.py:925} INFO - DAG(s) 'tutorial_objectstorage' retrieved from /home/airflow/.local/lib/python3.12/site-packages/airflow/example_dags/tutorial_objectstorage.py
[2025-05-04T17:25:08.968+0000] {logging_mixin.py:190} INFO - [2025-05-04T17:25:08.967+0000] {dag.py:3239} INFO - Sync 1 DAGs
[2025-05-04T17:25:08.988+0000] {logging_mixin.py:190} INFO - [2025-05-04T17:25:08.988+0000] {dag.py:4180} INFO - Setting next_dagrun for tutorial_objectstorage to None, run_after=None
[2025-05-04T17:25:09.012+0000] {processor.py:208} INFO - Processing /home/airflow/.local/lib/python3.12/site-packages/airflow/example_dags/tutorial_objectstorage.py took 0.101 seconds
[2025-05-04T17:25:39.471+0000] {processor.py:186} INFO - Started process (PID=959) to work on /home/airflow/.local/lib/python3.12/site-packages/airflow/example_dags/tutorial_objectstorage.py
[2025-05-04T17:25:39.473+0000] {processor.py:914} INFO - Processing file /home/airflow/.local/lib/python3.12/site-packages/airflow/example_dags/tutorial_objectstorage.py for tasks to queue
[2025-05-04T17:25:39.476+0000] {logging_mixin.py:190} INFO - [2025-05-04T17:25:39.475+0000] {dagbag.py:588} INFO - Filling up the DagBag from /home/airflow/.local/lib/python3.12/site-packages/airflow/example_dags/tutorial_objectstorage.py
[2025-05-04T17:25:39.489+0000] {processor.py:925} INFO - DAG(s) 'tutorial_objectstorage' retrieved from /home/airflow/.local/lib/python3.12/site-packages/airflow/example_dags/tutorial_objectstorage.py
[2025-05-04T17:25:39.517+0000] {logging_mixin.py:190} INFO - [2025-05-04T17:25:39.517+0000] {dag.py:3239} INFO - Sync 1 DAGs
[2025-05-04T17:25:39.538+0000] {logging_mixin.py:190} INFO - [2025-05-04T17:25:39.537+0000] {dag.py:4180} INFO - Setting next_dagrun for tutorial_objectstorage to None, run_after=None
[2025-05-04T17:25:39.562+0000] {processor.py:208} INFO - Processing /home/airflow/.local/lib/python3.12/site-packages/airflow/example_dags/tutorial_objectstorage.py took 0.100 seconds
[2025-05-04T17:26:09.943+0000] {processor.py:186} INFO - Started process (PID=1022) to work on /home/airflow/.local/lib/python3.12/site-packages/airflow/example_dags/tutorial_objectstorage.py
[2025-05-04T17:26:09.945+0000] {processor.py:914} INFO - Processing file /home/airflow/.local/lib/python3.12/site-packages/airflow/example_dags/tutorial_objectstorage.py for tasks to queue
[2025-05-04T17:26:09.947+0000] {logging_mixin.py:190} INFO - [2025-05-04T17:26:09.947+0000] {dagbag.py:588} INFO - Filling up the DagBag from /home/airflow/.local/lib/python3.12/site-packages/airflow/example_dags/tutorial_objectstorage.py
[2025-05-04T17:26:09.961+0000] {processor.py:925} INFO - DAG(s) 'tutorial_objectstorage' retrieved from /home/airflow/.local/lib/python3.12/site-packages/airflow/example_dags/tutorial_objectstorage.py
[2025-05-04T17:26:09.988+0000] {logging_mixin.py:190} INFO - [2025-05-04T17:26:09.988+0000] {dag.py:3239} INFO - Sync 1 DAGs
[2025-05-04T17:26:10.009+0000] {logging_mixin.py:190} INFO - [2025-05-04T17:26:10.009+0000] {dag.py:4180} INFO - Setting next_dagrun for tutorial_objectstorage to None, run_after=None
[2025-05-04T17:26:10.034+0000] {processor.py:208} INFO - Processing /home/airflow/.local/lib/python3.12/site-packages/airflow/example_dags/tutorial_objectstorage.py took 0.099 seconds
[2025-05-04T17:26:40.563+0000] {processor.py:186} INFO - Started process (PID=1085) to work on /home/airflow/.local/lib/python3.12/site-packages/airflow/example_dags/tutorial_objectstorage.py
[2025-05-04T17:26:40.565+0000] {processor.py:914} INFO - Processing file /home/airflow/.local/lib/python3.12/site-packages/airflow/example_dags/tutorial_objectstorage.py for tasks to queue
[2025-05-04T17:26:40.568+0000] {logging_mixin.py:190} INFO - [2025-05-04T17:26:40.568+0000] {dagbag.py:588} INFO - Filling up the DagBag from /home/airflow/.local/lib/python3.12/site-packages/airflow/example_dags/tutorial_objectstorage.py
[2025-05-04T17:26:40.582+0000] {processor.py:925} INFO - DAG(s) 'tutorial_objectstorage' retrieved from /home/airflow/.local/lib/python3.12/site-packages/airflow/example_dags/tutorial_objectstorage.py
[2025-05-04T17:26:40.610+0000] {logging_mixin.py:190} INFO - [2025-05-04T17:26:40.610+0000] {dag.py:3239} INFO - Sync 1 DAGs
[2025-05-04T17:26:40.630+0000] {logging_mixin.py:190} INFO - [2025-05-04T17:26:40.630+0000] {dag.py:4180} INFO - Setting next_dagrun for tutorial_objectstorage to None, run_after=None
[2025-05-04T17:26:40.656+0000] {processor.py:208} INFO - Processing /home/airflow/.local/lib/python3.12/site-packages/airflow/example_dags/tutorial_objectstorage.py took 0.101 seconds
