[2025-05-04T17:18:32.609+0000] {processor.py:186} INFO - Started process (PID=70) to work on /home/airflow/.local/lib/python3.12/site-packages/airflow/example_dags/tutorial_taskflow_api.py
[2025-05-04T17:18:32.609+0000] {processor.py:914} INFO - Processing file /home/airflow/.local/lib/python3.12/site-packages/airflow/example_dags/tutorial_taskflow_api.py for tasks to queue
[2025-05-04T17:18:32.611+0000] {logging_mixin.py:190} INFO - [2025-05-04T17:18:32.611+0000] {dagbag.py:588} INFO - Filling up the DagBag from /home/airflow/.local/lib/python3.12/site-packages/airflow/example_dags/tutorial_taskflow_api.py
[2025-05-04T17:18:32.620+0000] {processor.py:925} INFO - DAG(s) 'tutorial_taskflow_api' retrieved from /home/airflow/.local/lib/python3.12/site-packages/airflow/example_dags/tutorial_taskflow_api.py
[2025-05-04T17:18:32.715+0000] {logging_mixin.py:190} INFO - [2025-05-04T17:18:32.714+0000] {override.py:1912} INFO - Created Permission View: can read on DAG:tutorial_taskflow_api
[2025-05-04T17:18:32.722+0000] {logging_mixin.py:190} INFO - [2025-05-04T17:18:32.722+0000] {override.py:1912} INFO - Created Permission View: can edit on DAG:tutorial_taskflow_api
[2025-05-04T17:18:32.727+0000] {logging_mixin.py:190} INFO - [2025-05-04T17:18:32.727+0000] {override.py:1912} INFO - Created Permission View: can delete on DAG:tutorial_taskflow_api
[2025-05-04T17:18:32.732+0000] {logging_mixin.py:190} INFO - [2025-05-04T17:18:32.732+0000] {override.py:1912} INFO - Created Permission View: can read on DAG Run:tutorial_taskflow_api
[2025-05-04T17:18:32.737+0000] {logging_mixin.py:190} INFO - [2025-05-04T17:18:32.737+0000] {override.py:1912} INFO - Created Permission View: can create on DAG Run:tutorial_taskflow_api
[2025-05-04T17:18:32.742+0000] {logging_mixin.py:190} INFO - [2025-05-04T17:18:32.742+0000] {override.py:1912} INFO - Created Permission View: can delete on DAG Run:tutorial_taskflow_api
[2025-05-04T17:18:32.747+0000] {logging_mixin.py:190} INFO - [2025-05-04T17:18:32.746+0000] {override.py:1912} INFO - Created Permission View: menu access on DAG Run:tutorial_taskflow_api
[2025-05-04T17:18:32.747+0000] {logging_mixin.py:190} INFO - [2025-05-04T17:18:32.747+0000] {dag.py:3239} INFO - Sync 1 DAGs
[2025-05-04T17:18:32.762+0000] {logging_mixin.py:190} INFO - [2025-05-04T17:18:32.761+0000] {dag.py:3262} INFO - Creating ORM DAG for tutorial_taskflow_api
[2025-05-04T17:18:32.762+0000] {logging_mixin.py:190} INFO - [2025-05-04T17:18:32.762+0000] {dag.py:4180} INFO - Setting next_dagrun for tutorial_taskflow_api to None, run_after=None
[2025-05-04T17:18:32.777+0000] {processor.py:208} INFO - Processing /home/airflow/.local/lib/python3.12/site-packages/airflow/example_dags/tutorial_taskflow_api.py took 0.173 seconds
[2025-05-04T17:19:03.495+0000] {processor.py:186} INFO - Started process (PID=133) to work on /home/airflow/.local/lib/python3.12/site-packages/airflow/example_dags/tutorial_taskflow_api.py
[2025-05-04T17:19:03.496+0000] {processor.py:914} INFO - Processing file /home/airflow/.local/lib/python3.12/site-packages/airflow/example_dags/tutorial_taskflow_api.py for tasks to queue
[2025-05-04T17:19:03.499+0000] {logging_mixin.py:190} INFO - [2025-05-04T17:19:03.499+0000] {dagbag.py:588} INFO - Filling up the DagBag from /home/airflow/.local/lib/python3.12/site-packages/airflow/example_dags/tutorial_taskflow_api.py
[2025-05-04T17:19:03.511+0000] {processor.py:925} INFO - DAG(s) 'tutorial_taskflow_api' retrieved from /home/airflow/.local/lib/python3.12/site-packages/airflow/example_dags/tutorial_taskflow_api.py
[2025-05-04T17:19:03.540+0000] {logging_mixin.py:190} INFO - [2025-05-04T17:19:03.540+0000] {dag.py:3239} INFO - Sync 1 DAGs
[2025-05-04T17:19:03.560+0000] {logging_mixin.py:190} INFO - [2025-05-04T17:19:03.559+0000] {dag.py:4180} INFO - Setting next_dagrun for tutorial_taskflow_api to None, run_after=None
[2025-05-04T17:19:03.585+0000] {processor.py:208} INFO - Processing /home/airflow/.local/lib/python3.12/site-packages/airflow/example_dags/tutorial_taskflow_api.py took 0.098 seconds
[2025-05-04T17:19:33.704+0000] {processor.py:186} INFO - Started process (PID=196) to work on /home/airflow/.local/lib/python3.12/site-packages/airflow/example_dags/tutorial_taskflow_api.py
[2025-05-04T17:19:33.718+0000] {processor.py:914} INFO - Processing file /home/airflow/.local/lib/python3.12/site-packages/airflow/example_dags/tutorial_taskflow_api.py for tasks to queue
[2025-05-04T17:19:33.720+0000] {logging_mixin.py:190} INFO - [2025-05-04T17:19:33.720+0000] {dagbag.py:588} INFO - Filling up the DagBag from /home/airflow/.local/lib/python3.12/site-packages/airflow/example_dags/tutorial_taskflow_api.py
[2025-05-04T17:19:33.732+0000] {processor.py:925} INFO - DAG(s) 'tutorial_taskflow_api' retrieved from /home/airflow/.local/lib/python3.12/site-packages/airflow/example_dags/tutorial_taskflow_api.py
[2025-05-04T17:19:33.759+0000] {logging_mixin.py:190} INFO - [2025-05-04T17:19:33.759+0000] {dag.py:3239} INFO - Sync 1 DAGs
[2025-05-04T17:19:33.778+0000] {logging_mixin.py:190} INFO - [2025-05-04T17:19:33.778+0000] {dag.py:4180} INFO - Setting next_dagrun for tutorial_taskflow_api to None, run_after=None
[2025-05-04T17:19:33.803+0000] {processor.py:208} INFO - Processing /home/airflow/.local/lib/python3.12/site-packages/airflow/example_dags/tutorial_taskflow_api.py took 0.107 seconds
[2025-05-04T17:20:04.070+0000] {processor.py:186} INFO - Started process (PID=259) to work on /home/airflow/.local/lib/python3.12/site-packages/airflow/example_dags/tutorial_taskflow_api.py
[2025-05-04T17:20:04.080+0000] {processor.py:914} INFO - Processing file /home/airflow/.local/lib/python3.12/site-packages/airflow/example_dags/tutorial_taskflow_api.py for tasks to queue
[2025-05-04T17:20:04.083+0000] {logging_mixin.py:190} INFO - [2025-05-04T17:20:04.083+0000] {dagbag.py:588} INFO - Filling up the DagBag from /home/airflow/.local/lib/python3.12/site-packages/airflow/example_dags/tutorial_taskflow_api.py
[2025-05-04T17:20:04.097+0000] {processor.py:925} INFO - DAG(s) 'tutorial_taskflow_api' retrieved from /home/airflow/.local/lib/python3.12/site-packages/airflow/example_dags/tutorial_taskflow_api.py
[2025-05-04T17:20:04.130+0000] {logging_mixin.py:190} INFO - [2025-05-04T17:20:04.129+0000] {dag.py:3239} INFO - Sync 1 DAGs
[2025-05-04T17:20:04.152+0000] {logging_mixin.py:190} INFO - [2025-05-04T17:20:04.151+0000] {dag.py:4180} INFO - Setting next_dagrun for tutorial_taskflow_api to None, run_after=None
[2025-05-04T17:20:04.179+0000] {processor.py:208} INFO - Processing /home/airflow/.local/lib/python3.12/site-packages/airflow/example_dags/tutorial_taskflow_api.py took 0.119 seconds
[2025-05-04T17:20:34.533+0000] {processor.py:186} INFO - Started process (PID=322) to work on /home/airflow/.local/lib/python3.12/site-packages/airflow/example_dags/tutorial_taskflow_api.py
[2025-05-04T17:20:34.536+0000] {processor.py:914} INFO - Processing file /home/airflow/.local/lib/python3.12/site-packages/airflow/example_dags/tutorial_taskflow_api.py for tasks to queue
[2025-05-04T17:20:34.539+0000] {logging_mixin.py:190} INFO - [2025-05-04T17:20:34.539+0000] {dagbag.py:588} INFO - Filling up the DagBag from /home/airflow/.local/lib/python3.12/site-packages/airflow/example_dags/tutorial_taskflow_api.py
[2025-05-04T17:20:34.554+0000] {processor.py:925} INFO - DAG(s) 'tutorial_taskflow_api' retrieved from /home/airflow/.local/lib/python3.12/site-packages/airflow/example_dags/tutorial_taskflow_api.py
[2025-05-04T17:20:34.585+0000] {logging_mixin.py:190} INFO - [2025-05-04T17:20:34.584+0000] {dag.py:3239} INFO - Sync 1 DAGs
[2025-05-04T17:20:34.608+0000] {logging_mixin.py:190} INFO - [2025-05-04T17:20:34.608+0000] {dag.py:4180} INFO - Setting next_dagrun for tutorial_taskflow_api to None, run_after=None
[2025-05-04T17:20:34.636+0000] {processor.py:208} INFO - Processing /home/airflow/.local/lib/python3.12/site-packages/airflow/example_dags/tutorial_taskflow_api.py took 0.112 seconds
[2025-05-04T17:21:04.764+0000] {processor.py:186} INFO - Started process (PID=385) to work on /home/airflow/.local/lib/python3.12/site-packages/airflow/example_dags/tutorial_taskflow_api.py
[2025-05-04T17:21:04.767+0000] {processor.py:914} INFO - Processing file /home/airflow/.local/lib/python3.12/site-packages/airflow/example_dags/tutorial_taskflow_api.py for tasks to queue
[2025-05-04T17:21:04.771+0000] {logging_mixin.py:190} INFO - [2025-05-04T17:21:04.770+0000] {dagbag.py:588} INFO - Filling up the DagBag from /home/airflow/.local/lib/python3.12/site-packages/airflow/example_dags/tutorial_taskflow_api.py
[2025-05-04T17:21:04.783+0000] {processor.py:925} INFO - DAG(s) 'tutorial_taskflow_api' retrieved from /home/airflow/.local/lib/python3.12/site-packages/airflow/example_dags/tutorial_taskflow_api.py
[2025-05-04T17:21:04.813+0000] {logging_mixin.py:190} INFO - [2025-05-04T17:21:04.813+0000] {dag.py:3239} INFO - Sync 1 DAGs
[2025-05-04T17:21:04.833+0000] {logging_mixin.py:190} INFO - [2025-05-04T17:21:04.832+0000] {dag.py:4180} INFO - Setting next_dagrun for tutorial_taskflow_api to None, run_after=None
[2025-05-04T17:21:04.856+0000] {processor.py:208} INFO - Processing /home/airflow/.local/lib/python3.12/site-packages/airflow/example_dags/tutorial_taskflow_api.py took 0.101 seconds
[2025-05-04T17:21:35.037+0000] {processor.py:186} INFO - Started process (PID=448) to work on /home/airflow/.local/lib/python3.12/site-packages/airflow/example_dags/tutorial_taskflow_api.py
[2025-05-04T17:21:35.040+0000] {processor.py:914} INFO - Processing file /home/airflow/.local/lib/python3.12/site-packages/airflow/example_dags/tutorial_taskflow_api.py for tasks to queue
[2025-05-04T17:21:35.044+0000] {logging_mixin.py:190} INFO - [2025-05-04T17:21:35.043+0000] {dagbag.py:588} INFO - Filling up the DagBag from /home/airflow/.local/lib/python3.12/site-packages/airflow/example_dags/tutorial_taskflow_api.py
[2025-05-04T17:21:35.056+0000] {processor.py:925} INFO - DAG(s) 'tutorial_taskflow_api' retrieved from /home/airflow/.local/lib/python3.12/site-packages/airflow/example_dags/tutorial_taskflow_api.py
[2025-05-04T17:21:35.087+0000] {logging_mixin.py:190} INFO - [2025-05-04T17:21:35.086+0000] {dag.py:3239} INFO - Sync 1 DAGs
[2025-05-04T17:21:35.107+0000] {logging_mixin.py:190} INFO - [2025-05-04T17:21:35.107+0000] {dag.py:4180} INFO - Setting next_dagrun for tutorial_taskflow_api to None, run_after=None
[2025-05-04T17:21:35.129+0000] {processor.py:208} INFO - Processing /home/airflow/.local/lib/python3.12/site-packages/airflow/example_dags/tutorial_taskflow_api.py took 0.100 seconds
[2025-05-04T17:22:05.283+0000] {processor.py:186} INFO - Started process (PID=511) to work on /home/airflow/.local/lib/python3.12/site-packages/airflow/example_dags/tutorial_taskflow_api.py
[2025-05-04T17:22:05.285+0000] {processor.py:914} INFO - Processing file /home/airflow/.local/lib/python3.12/site-packages/airflow/example_dags/tutorial_taskflow_api.py for tasks to queue
[2025-05-04T17:22:05.288+0000] {logging_mixin.py:190} INFO - [2025-05-04T17:22:05.288+0000] {dagbag.py:588} INFO - Filling up the DagBag from /home/airflow/.local/lib/python3.12/site-packages/airflow/example_dags/tutorial_taskflow_api.py
[2025-05-04T17:22:05.300+0000] {processor.py:925} INFO - DAG(s) 'tutorial_taskflow_api' retrieved from /home/airflow/.local/lib/python3.12/site-packages/airflow/example_dags/tutorial_taskflow_api.py
[2025-05-04T17:22:05.330+0000] {logging_mixin.py:190} INFO - [2025-05-04T17:22:05.329+0000] {dag.py:3239} INFO - Sync 1 DAGs
[2025-05-04T17:22:05.349+0000] {logging_mixin.py:190} INFO - [2025-05-04T17:22:05.349+0000] {dag.py:4180} INFO - Setting next_dagrun for tutorial_taskflow_api to None, run_after=None
[2025-05-04T17:22:05.373+0000] {processor.py:208} INFO - Processing /home/airflow/.local/lib/python3.12/site-packages/airflow/example_dags/tutorial_taskflow_api.py took 0.098 seconds
[2025-05-04T17:22:35.673+0000] {processor.py:186} INFO - Started process (PID=574) to work on /home/airflow/.local/lib/python3.12/site-packages/airflow/example_dags/tutorial_taskflow_api.py
[2025-05-04T17:22:35.675+0000] {processor.py:914} INFO - Processing file /home/airflow/.local/lib/python3.12/site-packages/airflow/example_dags/tutorial_taskflow_api.py for tasks to queue
[2025-05-04T17:22:35.678+0000] {logging_mixin.py:190} INFO - [2025-05-04T17:22:35.677+0000] {dagbag.py:588} INFO - Filling up the DagBag from /home/airflow/.local/lib/python3.12/site-packages/airflow/example_dags/tutorial_taskflow_api.py
[2025-05-04T17:22:35.689+0000] {processor.py:925} INFO - DAG(s) 'tutorial_taskflow_api' retrieved from /home/airflow/.local/lib/python3.12/site-packages/airflow/example_dags/tutorial_taskflow_api.py
[2025-05-04T17:22:35.716+0000] {logging_mixin.py:190} INFO - [2025-05-04T17:22:35.716+0000] {dag.py:3239} INFO - Sync 1 DAGs
[2025-05-04T17:22:35.735+0000] {logging_mixin.py:190} INFO - [2025-05-04T17:22:35.735+0000] {dag.py:4180} INFO - Setting next_dagrun for tutorial_taskflow_api to None, run_after=None
[2025-05-04T17:22:35.758+0000] {processor.py:208} INFO - Processing /home/airflow/.local/lib/python3.12/site-packages/airflow/example_dags/tutorial_taskflow_api.py took 0.092 seconds
[2025-05-04T17:23:06.480+0000] {processor.py:186} INFO - Started process (PID=637) to work on /home/airflow/.local/lib/python3.12/site-packages/airflow/example_dags/tutorial_taskflow_api.py
[2025-05-04T17:23:06.481+0000] {processor.py:914} INFO - Processing file /home/airflow/.local/lib/python3.12/site-packages/airflow/example_dags/tutorial_taskflow_api.py for tasks to queue
[2025-05-04T17:23:06.484+0000] {logging_mixin.py:190} INFO - [2025-05-04T17:23:06.484+0000] {dagbag.py:588} INFO - Filling up the DagBag from /home/airflow/.local/lib/python3.12/site-packages/airflow/example_dags/tutorial_taskflow_api.py
[2025-05-04T17:23:06.497+0000] {processor.py:925} INFO - DAG(s) 'tutorial_taskflow_api' retrieved from /home/airflow/.local/lib/python3.12/site-packages/airflow/example_dags/tutorial_taskflow_api.py
[2025-05-04T17:23:06.528+0000] {logging_mixin.py:190} INFO - [2025-05-04T17:23:06.527+0000] {dag.py:3239} INFO - Sync 1 DAGs
[2025-05-04T17:23:06.548+0000] {logging_mixin.py:190} INFO - [2025-05-04T17:23:06.548+0000] {dag.py:4180} INFO - Setting next_dagrun for tutorial_taskflow_api to None, run_after=None
[2025-05-04T17:23:06.571+0000] {processor.py:208} INFO - Processing /home/airflow/.local/lib/python3.12/site-packages/airflow/example_dags/tutorial_taskflow_api.py took 0.100 seconds
[2025-05-04T17:23:36.721+0000] {processor.py:186} INFO - Started process (PID=700) to work on /home/airflow/.local/lib/python3.12/site-packages/airflow/example_dags/tutorial_taskflow_api.py
[2025-05-04T17:23:36.724+0000] {processor.py:914} INFO - Processing file /home/airflow/.local/lib/python3.12/site-packages/airflow/example_dags/tutorial_taskflow_api.py for tasks to queue
[2025-05-04T17:23:36.726+0000] {logging_mixin.py:190} INFO - [2025-05-04T17:23:36.726+0000] {dagbag.py:588} INFO - Filling up the DagBag from /home/airflow/.local/lib/python3.12/site-packages/airflow/example_dags/tutorial_taskflow_api.py
[2025-05-04T17:23:36.737+0000] {processor.py:925} INFO - DAG(s) 'tutorial_taskflow_api' retrieved from /home/airflow/.local/lib/python3.12/site-packages/airflow/example_dags/tutorial_taskflow_api.py
[2025-05-04T17:23:36.764+0000] {logging_mixin.py:190} INFO - [2025-05-04T17:23:36.764+0000] {dag.py:3239} INFO - Sync 1 DAGs
[2025-05-04T17:23:36.783+0000] {logging_mixin.py:190} INFO - [2025-05-04T17:23:36.783+0000] {dag.py:4180} INFO - Setting next_dagrun for tutorial_taskflow_api to None, run_after=None
[2025-05-04T17:23:36.807+0000] {processor.py:208} INFO - Processing /home/airflow/.local/lib/python3.12/site-packages/airflow/example_dags/tutorial_taskflow_api.py took 0.093 seconds
[2025-05-04T17:24:07.805+0000] {processor.py:186} INFO - Started process (PID=763) to work on /home/airflow/.local/lib/python3.12/site-packages/airflow/example_dags/tutorial_taskflow_api.py
[2025-05-04T17:24:07.808+0000] {processor.py:914} INFO - Processing file /home/airflow/.local/lib/python3.12/site-packages/airflow/example_dags/tutorial_taskflow_api.py for tasks to queue
[2025-05-04T17:24:07.811+0000] {logging_mixin.py:190} INFO - [2025-05-04T17:24:07.810+0000] {dagbag.py:588} INFO - Filling up the DagBag from /home/airflow/.local/lib/python3.12/site-packages/airflow/example_dags/tutorial_taskflow_api.py
[2025-05-04T17:24:07.822+0000] {processor.py:925} INFO - DAG(s) 'tutorial_taskflow_api' retrieved from /home/airflow/.local/lib/python3.12/site-packages/airflow/example_dags/tutorial_taskflow_api.py
[2025-05-04T17:24:07.852+0000] {logging_mixin.py:190} INFO - [2025-05-04T17:24:07.852+0000] {dag.py:3239} INFO - Sync 1 DAGs
[2025-05-04T17:24:07.872+0000] {logging_mixin.py:190} INFO - [2025-05-04T17:24:07.872+0000] {dag.py:4180} INFO - Setting next_dagrun for tutorial_taskflow_api to None, run_after=None
[2025-05-04T17:24:07.893+0000] {processor.py:208} INFO - Processing /home/airflow/.local/lib/python3.12/site-packages/airflow/example_dags/tutorial_taskflow_api.py took 0.096 seconds
[2025-05-04T17:24:38.078+0000] {processor.py:186} INFO - Started process (PID=826) to work on /home/airflow/.local/lib/python3.12/site-packages/airflow/example_dags/tutorial_taskflow_api.py
[2025-05-04T17:24:38.080+0000] {processor.py:914} INFO - Processing file /home/airflow/.local/lib/python3.12/site-packages/airflow/example_dags/tutorial_taskflow_api.py for tasks to queue
[2025-05-04T17:24:38.083+0000] {logging_mixin.py:190} INFO - [2025-05-04T17:24:38.082+0000] {dagbag.py:588} INFO - Filling up the DagBag from /home/airflow/.local/lib/python3.12/site-packages/airflow/example_dags/tutorial_taskflow_api.py
[2025-05-04T17:24:38.095+0000] {processor.py:925} INFO - DAG(s) 'tutorial_taskflow_api' retrieved from /home/airflow/.local/lib/python3.12/site-packages/airflow/example_dags/tutorial_taskflow_api.py
[2025-05-04T17:24:38.125+0000] {logging_mixin.py:190} INFO - [2025-05-04T17:24:38.124+0000] {dag.py:3239} INFO - Sync 1 DAGs
[2025-05-04T17:24:38.146+0000] {logging_mixin.py:190} INFO - [2025-05-04T17:24:38.146+0000] {dag.py:4180} INFO - Setting next_dagrun for tutorial_taskflow_api to None, run_after=None
[2025-05-04T17:24:38.168+0000] {processor.py:208} INFO - Processing /home/airflow/.local/lib/python3.12/site-packages/airflow/example_dags/tutorial_taskflow_api.py took 0.099 seconds
[2025-05-04T17:25:08.283+0000] {processor.py:186} INFO - Started process (PID=889) to work on /home/airflow/.local/lib/python3.12/site-packages/airflow/example_dags/tutorial_taskflow_api.py
[2025-05-04T17:25:08.284+0000] {processor.py:914} INFO - Processing file /home/airflow/.local/lib/python3.12/site-packages/airflow/example_dags/tutorial_taskflow_api.py for tasks to queue
[2025-05-04T17:25:08.287+0000] {logging_mixin.py:190} INFO - [2025-05-04T17:25:08.286+0000] {dagbag.py:588} INFO - Filling up the DagBag from /home/airflow/.local/lib/python3.12/site-packages/airflow/example_dags/tutorial_taskflow_api.py
[2025-05-04T17:25:08.299+0000] {processor.py:925} INFO - DAG(s) 'tutorial_taskflow_api' retrieved from /home/airflow/.local/lib/python3.12/site-packages/airflow/example_dags/tutorial_taskflow_api.py
[2025-05-04T17:25:08.329+0000] {logging_mixin.py:190} INFO - [2025-05-04T17:25:08.328+0000] {dag.py:3239} INFO - Sync 1 DAGs
[2025-05-04T17:25:08.350+0000] {logging_mixin.py:190} INFO - [2025-05-04T17:25:08.349+0000] {dag.py:4180} INFO - Setting next_dagrun for tutorial_taskflow_api to None, run_after=None
[2025-05-04T17:25:08.375+0000] {processor.py:208} INFO - Processing /home/airflow/.local/lib/python3.12/site-packages/airflow/example_dags/tutorial_taskflow_api.py took 0.102 seconds
[2025-05-04T17:25:38.925+0000] {processor.py:186} INFO - Started process (PID=952) to work on /home/airflow/.local/lib/python3.12/site-packages/airflow/example_dags/tutorial_taskflow_api.py
[2025-05-04T17:25:38.927+0000] {processor.py:914} INFO - Processing file /home/airflow/.local/lib/python3.12/site-packages/airflow/example_dags/tutorial_taskflow_api.py for tasks to queue
[2025-05-04T17:25:38.930+0000] {logging_mixin.py:190} INFO - [2025-05-04T17:25:38.930+0000] {dagbag.py:588} INFO - Filling up the DagBag from /home/airflow/.local/lib/python3.12/site-packages/airflow/example_dags/tutorial_taskflow_api.py
[2025-05-04T17:25:38.942+0000] {processor.py:925} INFO - DAG(s) 'tutorial_taskflow_api' retrieved from /home/airflow/.local/lib/python3.12/site-packages/airflow/example_dags/tutorial_taskflow_api.py
[2025-05-04T17:25:38.971+0000] {logging_mixin.py:190} INFO - [2025-05-04T17:25:38.971+0000] {dag.py:3239} INFO - Sync 1 DAGs
[2025-05-04T17:25:38.991+0000] {logging_mixin.py:190} INFO - [2025-05-04T17:25:38.991+0000] {dag.py:4180} INFO - Setting next_dagrun for tutorial_taskflow_api to None, run_after=None
[2025-05-04T17:25:39.014+0000] {processor.py:208} INFO - Processing /home/airflow/.local/lib/python3.12/site-packages/airflow/example_dags/tutorial_taskflow_api.py took 0.097 seconds
[2025-05-04T17:26:09.280+0000] {processor.py:186} INFO - Started process (PID=1015) to work on /home/airflow/.local/lib/python3.12/site-packages/airflow/example_dags/tutorial_taskflow_api.py
[2025-05-04T17:26:09.282+0000] {processor.py:914} INFO - Processing file /home/airflow/.local/lib/python3.12/site-packages/airflow/example_dags/tutorial_taskflow_api.py for tasks to queue
[2025-05-04T17:26:09.286+0000] {logging_mixin.py:190} INFO - [2025-05-04T17:26:09.285+0000] {dagbag.py:588} INFO - Filling up the DagBag from /home/airflow/.local/lib/python3.12/site-packages/airflow/example_dags/tutorial_taskflow_api.py
[2025-05-04T17:26:09.300+0000] {processor.py:925} INFO - DAG(s) 'tutorial_taskflow_api' retrieved from /home/airflow/.local/lib/python3.12/site-packages/airflow/example_dags/tutorial_taskflow_api.py
[2025-05-04T17:26:09.330+0000] {logging_mixin.py:190} INFO - [2025-05-04T17:26:09.330+0000] {dag.py:3239} INFO - Sync 1 DAGs
[2025-05-04T17:26:09.351+0000] {logging_mixin.py:190} INFO - [2025-05-04T17:26:09.351+0000] {dag.py:4180} INFO - Setting next_dagrun for tutorial_taskflow_api to None, run_after=None
[2025-05-04T17:26:09.376+0000] {processor.py:208} INFO - Processing /home/airflow/.local/lib/python3.12/site-packages/airflow/example_dags/tutorial_taskflow_api.py took 0.105 seconds
[2025-05-04T17:26:40.020+0000] {processor.py:186} INFO - Started process (PID=1078) to work on /home/airflow/.local/lib/python3.12/site-packages/airflow/example_dags/tutorial_taskflow_api.py
[2025-05-04T17:26:40.022+0000] {processor.py:914} INFO - Processing file /home/airflow/.local/lib/python3.12/site-packages/airflow/example_dags/tutorial_taskflow_api.py for tasks to queue
[2025-05-04T17:26:40.025+0000] {logging_mixin.py:190} INFO - [2025-05-04T17:26:40.025+0000] {dagbag.py:588} INFO - Filling up the DagBag from /home/airflow/.local/lib/python3.12/site-packages/airflow/example_dags/tutorial_taskflow_api.py
[2025-05-04T17:26:40.038+0000] {processor.py:925} INFO - DAG(s) 'tutorial_taskflow_api' retrieved from /home/airflow/.local/lib/python3.12/site-packages/airflow/example_dags/tutorial_taskflow_api.py
[2025-05-04T17:26:40.069+0000] {logging_mixin.py:190} INFO - [2025-05-04T17:26:40.068+0000] {dag.py:3239} INFO - Sync 1 DAGs
[2025-05-04T17:26:40.089+0000] {logging_mixin.py:190} INFO - [2025-05-04T17:26:40.088+0000] {dag.py:4180} INFO - Setting next_dagrun for tutorial_taskflow_api to None, run_after=None
[2025-05-04T17:26:40.112+0000] {processor.py:208} INFO - Processing /home/airflow/.local/lib/python3.12/site-packages/airflow/example_dags/tutorial_taskflow_api.py took 0.101 seconds
