[2025-05-04T17:18:38.321+0000] {processor.py:186} INFO - Started process (PID=112) to work on /home/airflow/.local/lib/python3.12/site-packages/airflow/example_dags/example_dataset_alias.py
[2025-05-04T17:18:38.322+0000] {processor.py:914} INFO - Processing file /home/airflow/.local/lib/python3.12/site-packages/airflow/example_dags/example_dataset_alias.py for tasks to queue
[2025-05-04T17:18:38.323+0000] {logging_mixin.py:190} INFO - [2025-05-04T17:18:38.323+0000] {dagbag.py:588} INFO - Filling up the DagBag from /home/airflow/.local/lib/python3.12/site-packages/airflow/example_dags/example_dataset_alias.py
[2025-05-04T17:18:38.810+0000] {processor.py:925} INFO - DAG(s) 'dataset_s3_bucket_consumer', 'dataset_s3_bucket_producer', 'dataset_alias_example_alias_producer', 'dataset_alias_example_alias_consumer' retrieved from /home/airflow/.local/lib/python3.12/site-packages/airflow/example_dags/example_dataset_alias.py
[2025-05-04T17:18:38.878+0000] {logging_mixin.py:190} INFO - [2025-05-04T17:18:38.878+0000] {override.py:1912} INFO - Created Permission View: can read on DAG:dataset_s3_bucket_consumer
[2025-05-04T17:18:38.885+0000] {logging_mixin.py:190} INFO - [2025-05-04T17:18:38.885+0000] {override.py:1912} INFO - Created Permission View: can edit on DAG:dataset_s3_bucket_consumer
[2025-05-04T17:18:38.890+0000] {logging_mixin.py:190} INFO - [2025-05-04T17:18:38.889+0000] {override.py:1912} INFO - Created Permission View: can delete on DAG:dataset_s3_bucket_consumer
[2025-05-04T17:18:38.895+0000] {logging_mixin.py:190} INFO - [2025-05-04T17:18:38.895+0000] {override.py:1912} INFO - Created Permission View: can read on DAG Run:dataset_s3_bucket_consumer
[2025-05-04T17:18:38.899+0000] {logging_mixin.py:190} INFO - [2025-05-04T17:18:38.899+0000] {override.py:1912} INFO - Created Permission View: can create on DAG Run:dataset_s3_bucket_consumer
[2025-05-04T17:18:38.904+0000] {logging_mixin.py:190} INFO - [2025-05-04T17:18:38.903+0000] {override.py:1912} INFO - Created Permission View: can delete on DAG Run:dataset_s3_bucket_consumer
[2025-05-04T17:18:38.908+0000] {logging_mixin.py:190} INFO - [2025-05-04T17:18:38.908+0000] {override.py:1912} INFO - Created Permission View: menu access on DAG Run:dataset_s3_bucket_consumer
[2025-05-04T17:18:38.916+0000] {logging_mixin.py:190} INFO - [2025-05-04T17:18:38.916+0000] {override.py:1912} INFO - Created Permission View: can read on DAG:dataset_s3_bucket_producer
[2025-05-04T17:18:38.920+0000] {logging_mixin.py:190} INFO - [2025-05-04T17:18:38.920+0000] {override.py:1912} INFO - Created Permission View: can edit on DAG:dataset_s3_bucket_producer
[2025-05-04T17:18:38.924+0000] {logging_mixin.py:190} INFO - [2025-05-04T17:18:38.924+0000] {override.py:1912} INFO - Created Permission View: can delete on DAG:dataset_s3_bucket_producer
[2025-05-04T17:18:38.928+0000] {logging_mixin.py:190} INFO - [2025-05-04T17:18:38.927+0000] {override.py:1912} INFO - Created Permission View: can read on DAG Run:dataset_s3_bucket_producer
[2025-05-04T17:18:38.932+0000] {logging_mixin.py:190} INFO - [2025-05-04T17:18:38.931+0000] {override.py:1912} INFO - Created Permission View: can create on DAG Run:dataset_s3_bucket_producer
[2025-05-04T17:18:38.936+0000] {logging_mixin.py:190} INFO - [2025-05-04T17:18:38.936+0000] {override.py:1912} INFO - Created Permission View: can delete on DAG Run:dataset_s3_bucket_producer
[2025-05-04T17:18:38.940+0000] {logging_mixin.py:190} INFO - [2025-05-04T17:18:38.940+0000] {override.py:1912} INFO - Created Permission View: menu access on DAG Run:dataset_s3_bucket_producer
[2025-05-04T17:18:38.949+0000] {logging_mixin.py:190} INFO - [2025-05-04T17:18:38.948+0000] {override.py:1912} INFO - Created Permission View: can read on DAG:dataset_alias_example_alias_producer
[2025-05-04T17:18:38.953+0000] {logging_mixin.py:190} INFO - [2025-05-04T17:18:38.952+0000] {override.py:1912} INFO - Created Permission View: can edit on DAG:dataset_alias_example_alias_producer
[2025-05-04T17:18:38.957+0000] {logging_mixin.py:190} INFO - [2025-05-04T17:18:38.957+0000] {override.py:1912} INFO - Created Permission View: can delete on DAG:dataset_alias_example_alias_producer
[2025-05-04T17:18:38.962+0000] {logging_mixin.py:190} INFO - [2025-05-04T17:18:38.962+0000] {override.py:1912} INFO - Created Permission View: can read on DAG Run:dataset_alias_example_alias_producer
[2025-05-04T17:18:38.967+0000] {logging_mixin.py:190} INFO - [2025-05-04T17:18:38.967+0000] {override.py:1912} INFO - Created Permission View: can create on DAG Run:dataset_alias_example_alias_producer
[2025-05-04T17:18:38.971+0000] {logging_mixin.py:190} INFO - [2025-05-04T17:18:38.971+0000] {override.py:1912} INFO - Created Permission View: can delete on DAG Run:dataset_alias_example_alias_producer
[2025-05-04T17:18:38.977+0000] {logging_mixin.py:190} INFO - [2025-05-04T17:18:38.976+0000] {override.py:1912} INFO - Created Permission View: menu access on DAG Run:dataset_alias_example_alias_producer
[2025-05-04T17:18:38.986+0000] {logging_mixin.py:190} INFO - [2025-05-04T17:18:38.986+0000] {override.py:1912} INFO - Created Permission View: can read on DAG:dataset_alias_example_alias_consumer
[2025-05-04T17:18:38.990+0000] {logging_mixin.py:190} INFO - [2025-05-04T17:18:38.990+0000] {override.py:1912} INFO - Created Permission View: can edit on DAG:dataset_alias_example_alias_consumer
[2025-05-04T17:18:38.995+0000] {logging_mixin.py:190} INFO - [2025-05-04T17:18:38.995+0000] {override.py:1912} INFO - Created Permission View: can delete on DAG:dataset_alias_example_alias_consumer
[2025-05-04T17:18:39.000+0000] {logging_mixin.py:190} INFO - [2025-05-04T17:18:39.000+0000] {override.py:1912} INFO - Created Permission View: can read on DAG Run:dataset_alias_example_alias_consumer
[2025-05-04T17:18:39.005+0000] {logging_mixin.py:190} INFO - [2025-05-04T17:18:39.005+0000] {override.py:1912} INFO - Created Permission View: can create on DAG Run:dataset_alias_example_alias_consumer
[2025-05-04T17:18:39.010+0000] {logging_mixin.py:190} INFO - [2025-05-04T17:18:39.009+0000] {override.py:1912} INFO - Created Permission View: can delete on DAG Run:dataset_alias_example_alias_consumer
[2025-05-04T17:18:39.015+0000] {logging_mixin.py:190} INFO - [2025-05-04T17:18:39.014+0000] {override.py:1912} INFO - Created Permission View: menu access on DAG Run:dataset_alias_example_alias_consumer
[2025-05-04T17:18:39.015+0000] {logging_mixin.py:190} INFO - [2025-05-04T17:18:39.015+0000] {dag.py:3239} INFO - Sync 4 DAGs
[2025-05-04T17:18:39.026+0000] {logging_mixin.py:190} INFO - [2025-05-04T17:18:39.026+0000] {dag.py:3262} INFO - Creating ORM DAG for dataset_alias_example_alias_consumer
[2025-05-04T17:18:39.027+0000] {logging_mixin.py:190} INFO - [2025-05-04T17:18:39.027+0000] {dag.py:3262} INFO - Creating ORM DAG for dataset_s3_bucket_producer
[2025-05-04T17:18:39.027+0000] {logging_mixin.py:190} INFO - [2025-05-04T17:18:39.027+0000] {dag.py:3262} INFO - Creating ORM DAG for dataset_alias_example_alias_producer
[2025-05-04T17:18:39.027+0000] {logging_mixin.py:190} INFO - [2025-05-04T17:18:39.027+0000] {dag.py:3262} INFO - Creating ORM DAG for dataset_s3_bucket_consumer
[2025-05-04T17:18:39.035+0000] {logging_mixin.py:190} INFO - [2025-05-04T17:18:39.034+0000] {dag.py:4180} INFO - Setting next_dagrun for dataset_alias_example_alias_consumer to None, run_after=None
[2025-05-04T17:18:39.035+0000] {logging_mixin.py:190} INFO - [2025-05-04T17:18:39.035+0000] {dag.py:4180} INFO - Setting next_dagrun for dataset_alias_example_alias_producer to None, run_after=None
[2025-05-04T17:18:39.035+0000] {logging_mixin.py:190} INFO - [2025-05-04T17:18:39.035+0000] {dag.py:4180} INFO - Setting next_dagrun for dataset_s3_bucket_consumer to None, run_after=None
[2025-05-04T17:18:39.036+0000] {logging_mixin.py:190} INFO - [2025-05-04T17:18:39.036+0000] {dag.py:4180} INFO - Setting next_dagrun for dataset_s3_bucket_producer to None, run_after=None
[2025-05-04T17:18:39.056+0000] {processor.py:208} INFO - Processing /home/airflow/.local/lib/python3.12/site-packages/airflow/example_dags/example_dataset_alias.py took 0.739 seconds
[2025-05-04T17:19:09.290+0000] {processor.py:186} INFO - Started process (PID=175) to work on /home/airflow/.local/lib/python3.12/site-packages/airflow/example_dags/example_dataset_alias.py
[2025-05-04T17:19:09.291+0000] {processor.py:914} INFO - Processing file /home/airflow/.local/lib/python3.12/site-packages/airflow/example_dags/example_dataset_alias.py for tasks to queue
[2025-05-04T17:19:09.294+0000] {logging_mixin.py:190} INFO - [2025-05-04T17:19:09.294+0000] {dagbag.py:588} INFO - Filling up the DagBag from /home/airflow/.local/lib/python3.12/site-packages/airflow/example_dags/example_dataset_alias.py
[2025-05-04T17:19:10.035+0000] {processor.py:925} INFO - DAG(s) 'dataset_s3_bucket_consumer', 'dataset_s3_bucket_producer', 'dataset_alias_example_alias_producer', 'dataset_alias_example_alias_consumer' retrieved from /home/airflow/.local/lib/python3.12/site-packages/airflow/example_dags/example_dataset_alias.py
[2025-05-04T17:19:10.057+0000] {logging_mixin.py:190} INFO - [2025-05-04T17:19:10.056+0000] {dag.py:3239} INFO - Sync 4 DAGs
[2025-05-04T17:19:10.079+0000] {logging_mixin.py:190} INFO - [2025-05-04T17:19:10.079+0000] {dag.py:4180} INFO - Setting next_dagrun for dataset_alias_example_alias_consumer to None, run_after=None
[2025-05-04T17:19:10.081+0000] {logging_mixin.py:190} INFO - [2025-05-04T17:19:10.081+0000] {dag.py:4180} INFO - Setting next_dagrun for dataset_alias_example_alias_producer to None, run_after=None
[2025-05-04T17:19:10.083+0000] {logging_mixin.py:190} INFO - [2025-05-04T17:19:10.082+0000] {dag.py:4180} INFO - Setting next_dagrun for dataset_s3_bucket_consumer to None, run_after=None
[2025-05-04T17:19:10.084+0000] {logging_mixin.py:190} INFO - [2025-05-04T17:19:10.083+0000] {dag.py:4180} INFO - Setting next_dagrun for dataset_s3_bucket_producer to None, run_after=None
[2025-05-04T17:19:10.101+0000] {processor.py:208} INFO - Processing /home/airflow/.local/lib/python3.12/site-packages/airflow/example_dags/example_dataset_alias.py took 0.818 seconds
[2025-05-04T17:19:40.627+0000] {processor.py:186} INFO - Started process (PID=239) to work on /home/airflow/.local/lib/python3.12/site-packages/airflow/example_dags/example_dataset_alias.py
[2025-05-04T17:19:40.629+0000] {processor.py:914} INFO - Processing file /home/airflow/.local/lib/python3.12/site-packages/airflow/example_dags/example_dataset_alias.py for tasks to queue
[2025-05-04T17:19:40.632+0000] {logging_mixin.py:190} INFO - [2025-05-04T17:19:40.632+0000] {dagbag.py:588} INFO - Filling up the DagBag from /home/airflow/.local/lib/python3.12/site-packages/airflow/example_dags/example_dataset_alias.py
[2025-05-04T17:19:41.498+0000] {processor.py:925} INFO - DAG(s) 'dataset_alias_example_alias_producer', 'dataset_s3_bucket_producer', 'dataset_alias_example_alias_consumer', 'dataset_s3_bucket_consumer' retrieved from /home/airflow/.local/lib/python3.12/site-packages/airflow/example_dags/example_dataset_alias.py
[2025-05-04T17:19:41.527+0000] {logging_mixin.py:190} INFO - [2025-05-04T17:19:41.526+0000] {dag.py:3239} INFO - Sync 4 DAGs
[2025-05-04T17:19:41.561+0000] {logging_mixin.py:190} INFO - [2025-05-04T17:19:41.561+0000] {dag.py:4180} INFO - Setting next_dagrun for dataset_alias_example_alias_consumer to None, run_after=None
[2025-05-04T17:19:41.565+0000] {logging_mixin.py:190} INFO - [2025-05-04T17:19:41.565+0000] {dag.py:4180} INFO - Setting next_dagrun for dataset_alias_example_alias_producer to None, run_after=None
[2025-05-04T17:19:41.567+0000] {logging_mixin.py:190} INFO - [2025-05-04T17:19:41.567+0000] {dag.py:4180} INFO - Setting next_dagrun for dataset_s3_bucket_consumer to None, run_after=None
[2025-05-04T17:19:41.569+0000] {logging_mixin.py:190} INFO - [2025-05-04T17:19:41.568+0000] {dag.py:4180} INFO - Setting next_dagrun for dataset_s3_bucket_producer to None, run_after=None
[2025-05-04T17:19:41.598+0000] {processor.py:208} INFO - Processing /home/airflow/.local/lib/python3.12/site-packages/airflow/example_dags/example_dataset_alias.py took 0.978 seconds
[2025-05-04T17:20:11.703+0000] {processor.py:186} INFO - Started process (PID=302) to work on /home/airflow/.local/lib/python3.12/site-packages/airflow/example_dags/example_dataset_alias.py
[2025-05-04T17:20:11.705+0000] {processor.py:914} INFO - Processing file /home/airflow/.local/lib/python3.12/site-packages/airflow/example_dags/example_dataset_alias.py for tasks to queue
[2025-05-04T17:20:11.708+0000] {logging_mixin.py:190} INFO - [2025-05-04T17:20:11.708+0000] {dagbag.py:588} INFO - Filling up the DagBag from /home/airflow/.local/lib/python3.12/site-packages/airflow/example_dags/example_dataset_alias.py
[2025-05-04T17:20:12.629+0000] {processor.py:925} INFO - DAG(s) 'dataset_s3_bucket_producer', 'dataset_alias_example_alias_consumer', 'dataset_s3_bucket_consumer', 'dataset_alias_example_alias_producer' retrieved from /home/airflow/.local/lib/python3.12/site-packages/airflow/example_dags/example_dataset_alias.py
[2025-05-04T17:20:12.654+0000] {logging_mixin.py:190} INFO - [2025-05-04T17:20:12.653+0000] {dag.py:3239} INFO - Sync 4 DAGs
[2025-05-04T17:20:12.684+0000] {logging_mixin.py:190} INFO - [2025-05-04T17:20:12.683+0000] {dag.py:4180} INFO - Setting next_dagrun for dataset_alias_example_alias_consumer to None, run_after=None
[2025-05-04T17:20:12.687+0000] {logging_mixin.py:190} INFO - [2025-05-04T17:20:12.687+0000] {dag.py:4180} INFO - Setting next_dagrun for dataset_alias_example_alias_producer to None, run_after=None
[2025-05-04T17:20:12.689+0000] {logging_mixin.py:190} INFO - [2025-05-04T17:20:12.689+0000] {dag.py:4180} INFO - Setting next_dagrun for dataset_s3_bucket_consumer to None, run_after=None
[2025-05-04T17:20:12.690+0000] {logging_mixin.py:190} INFO - [2025-05-04T17:20:12.690+0000] {dag.py:4180} INFO - Setting next_dagrun for dataset_s3_bucket_producer to None, run_after=None
[2025-05-04T17:20:12.714+0000] {processor.py:208} INFO - Processing /home/airflow/.local/lib/python3.12/site-packages/airflow/example_dags/example_dataset_alias.py took 1.019 seconds
[2025-05-04T17:20:42.854+0000] {processor.py:186} INFO - Started process (PID=371) to work on /home/airflow/.local/lib/python3.12/site-packages/airflow/example_dags/example_dataset_alias.py
[2025-05-04T17:20:42.856+0000] {processor.py:914} INFO - Processing file /home/airflow/.local/lib/python3.12/site-packages/airflow/example_dags/example_dataset_alias.py for tasks to queue
[2025-05-04T17:20:42.859+0000] {logging_mixin.py:190} INFO - [2025-05-04T17:20:42.859+0000] {dagbag.py:588} INFO - Filling up the DagBag from /home/airflow/.local/lib/python3.12/site-packages/airflow/example_dags/example_dataset_alias.py
[2025-05-04T17:20:43.762+0000] {processor.py:925} INFO - DAG(s) 'dataset_s3_bucket_consumer', 'dataset_s3_bucket_producer', 'dataset_alias_example_alias_producer', 'dataset_alias_example_alias_consumer' retrieved from /home/airflow/.local/lib/python3.12/site-packages/airflow/example_dags/example_dataset_alias.py
[2025-05-04T17:20:43.790+0000] {logging_mixin.py:190} INFO - [2025-05-04T17:20:43.790+0000] {dag.py:3239} INFO - Sync 4 DAGs
[2025-05-04T17:20:43.824+0000] {logging_mixin.py:190} INFO - [2025-05-04T17:20:43.824+0000] {dag.py:4180} INFO - Setting next_dagrun for dataset_alias_example_alias_consumer to None, run_after=None
[2025-05-04T17:20:43.828+0000] {logging_mixin.py:190} INFO - [2025-05-04T17:20:43.827+0000] {dag.py:4180} INFO - Setting next_dagrun for dataset_alias_example_alias_producer to None, run_after=None
[2025-05-04T17:20:43.832+0000] {logging_mixin.py:190} INFO - [2025-05-04T17:20:43.832+0000] {dag.py:4180} INFO - Setting next_dagrun for dataset_s3_bucket_consumer to None, run_after=None
[2025-05-04T17:20:43.834+0000] {logging_mixin.py:190} INFO - [2025-05-04T17:20:43.834+0000] {dag.py:4180} INFO - Setting next_dagrun for dataset_s3_bucket_producer to None, run_after=None
[2025-05-04T17:20:43.863+0000] {processor.py:208} INFO - Processing /home/airflow/.local/lib/python3.12/site-packages/airflow/example_dags/example_dataset_alias.py took 1.018 seconds
[2025-05-04T17:21:14.274+0000] {processor.py:186} INFO - Started process (PID=434) to work on /home/airflow/.local/lib/python3.12/site-packages/airflow/example_dags/example_dataset_alias.py
[2025-05-04T17:21:14.277+0000] {processor.py:914} INFO - Processing file /home/airflow/.local/lib/python3.12/site-packages/airflow/example_dags/example_dataset_alias.py for tasks to queue
[2025-05-04T17:21:14.280+0000] {logging_mixin.py:190} INFO - [2025-05-04T17:21:14.279+0000] {dagbag.py:588} INFO - Filling up the DagBag from /home/airflow/.local/lib/python3.12/site-packages/airflow/example_dags/example_dataset_alias.py
[2025-05-04T17:21:15.080+0000] {processor.py:925} INFO - DAG(s) 'dataset_alias_example_alias_consumer', 'dataset_s3_bucket_producer', 'dataset_s3_bucket_consumer', 'dataset_alias_example_alias_producer' retrieved from /home/airflow/.local/lib/python3.12/site-packages/airflow/example_dags/example_dataset_alias.py
[2025-05-04T17:21:15.107+0000] {logging_mixin.py:190} INFO - [2025-05-04T17:21:15.106+0000] {dag.py:3239} INFO - Sync 4 DAGs
[2025-05-04T17:21:15.137+0000] {logging_mixin.py:190} INFO - [2025-05-04T17:21:15.136+0000] {dag.py:4180} INFO - Setting next_dagrun for dataset_alias_example_alias_consumer to None, run_after=None
[2025-05-04T17:21:15.140+0000] {logging_mixin.py:190} INFO - [2025-05-04T17:21:15.140+0000] {dag.py:4180} INFO - Setting next_dagrun for dataset_alias_example_alias_producer to None, run_after=None
[2025-05-04T17:21:15.142+0000] {logging_mixin.py:190} INFO - [2025-05-04T17:21:15.141+0000] {dag.py:4180} INFO - Setting next_dagrun for dataset_s3_bucket_consumer to None, run_after=None
[2025-05-04T17:21:15.143+0000] {logging_mixin.py:190} INFO - [2025-05-04T17:21:15.143+0000] {dag.py:4180} INFO - Setting next_dagrun for dataset_s3_bucket_producer to None, run_after=None
[2025-05-04T17:21:15.169+0000] {processor.py:208} INFO - Processing /home/airflow/.local/lib/python3.12/site-packages/airflow/example_dags/example_dataset_alias.py took 0.903 seconds
[2025-05-04T17:21:45.461+0000] {processor.py:186} INFO - Started process (PID=497) to work on /home/airflow/.local/lib/python3.12/site-packages/airflow/example_dags/example_dataset_alias.py
[2025-05-04T17:21:45.463+0000] {processor.py:914} INFO - Processing file /home/airflow/.local/lib/python3.12/site-packages/airflow/example_dags/example_dataset_alias.py for tasks to queue
[2025-05-04T17:21:45.466+0000] {logging_mixin.py:190} INFO - [2025-05-04T17:21:45.466+0000] {dagbag.py:588} INFO - Filling up the DagBag from /home/airflow/.local/lib/python3.12/site-packages/airflow/example_dags/example_dataset_alias.py
[2025-05-04T17:21:46.274+0000] {processor.py:925} INFO - DAG(s) 'dataset_alias_example_alias_producer', 'dataset_s3_bucket_producer', 'dataset_s3_bucket_consumer', 'dataset_alias_example_alias_consumer' retrieved from /home/airflow/.local/lib/python3.12/site-packages/airflow/example_dags/example_dataset_alias.py
[2025-05-04T17:21:46.301+0000] {logging_mixin.py:190} INFO - [2025-05-04T17:21:46.300+0000] {dag.py:3239} INFO - Sync 4 DAGs
[2025-05-04T17:21:46.331+0000] {logging_mixin.py:190} INFO - [2025-05-04T17:21:46.330+0000] {dag.py:4180} INFO - Setting next_dagrun for dataset_alias_example_alias_consumer to None, run_after=None
[2025-05-04T17:21:46.335+0000] {logging_mixin.py:190} INFO - [2025-05-04T17:21:46.334+0000] {dag.py:4180} INFO - Setting next_dagrun for dataset_alias_example_alias_producer to None, run_after=None
[2025-05-04T17:21:46.337+0000] {logging_mixin.py:190} INFO - [2025-05-04T17:21:46.337+0000] {dag.py:4180} INFO - Setting next_dagrun for dataset_s3_bucket_consumer to None, run_after=None
[2025-05-04T17:21:46.339+0000] {logging_mixin.py:190} INFO - [2025-05-04T17:21:46.339+0000] {dag.py:4180} INFO - Setting next_dagrun for dataset_s3_bucket_producer to None, run_after=None
[2025-05-04T17:21:46.397+0000] {processor.py:208} INFO - Processing /home/airflow/.local/lib/python3.12/site-packages/airflow/example_dags/example_dataset_alias.py took 0.944 seconds
[2025-05-04T17:22:16.951+0000] {processor.py:186} INFO - Started process (PID=560) to work on /home/airflow/.local/lib/python3.12/site-packages/airflow/example_dags/example_dataset_alias.py
[2025-05-04T17:22:16.953+0000] {processor.py:914} INFO - Processing file /home/airflow/.local/lib/python3.12/site-packages/airflow/example_dags/example_dataset_alias.py for tasks to queue
[2025-05-04T17:22:16.956+0000] {logging_mixin.py:190} INFO - [2025-05-04T17:22:16.955+0000] {dagbag.py:588} INFO - Filling up the DagBag from /home/airflow/.local/lib/python3.12/site-packages/airflow/example_dags/example_dataset_alias.py
[2025-05-04T17:22:17.761+0000] {processor.py:925} INFO - DAG(s) 'dataset_s3_bucket_consumer', 'dataset_s3_bucket_producer', 'dataset_alias_example_alias_producer', 'dataset_alias_example_alias_consumer' retrieved from /home/airflow/.local/lib/python3.12/site-packages/airflow/example_dags/example_dataset_alias.py
[2025-05-04T17:22:17.790+0000] {logging_mixin.py:190} INFO - [2025-05-04T17:22:17.789+0000] {dag.py:3239} INFO - Sync 4 DAGs
[2025-05-04T17:22:17.818+0000] {logging_mixin.py:190} INFO - [2025-05-04T17:22:17.818+0000] {dag.py:4180} INFO - Setting next_dagrun for dataset_alias_example_alias_consumer to None, run_after=None
[2025-05-04T17:22:17.823+0000] {logging_mixin.py:190} INFO - [2025-05-04T17:22:17.822+0000] {dag.py:4180} INFO - Setting next_dagrun for dataset_alias_example_alias_producer to None, run_after=None
[2025-05-04T17:22:17.825+0000] {logging_mixin.py:190} INFO - [2025-05-04T17:22:17.825+0000] {dag.py:4180} INFO - Setting next_dagrun for dataset_s3_bucket_consumer to None, run_after=None
[2025-05-04T17:22:17.827+0000] {logging_mixin.py:190} INFO - [2025-05-04T17:22:17.827+0000] {dag.py:4180} INFO - Setting next_dagrun for dataset_s3_bucket_producer to None, run_after=None
[2025-05-04T17:22:17.857+0000] {processor.py:208} INFO - Processing /home/airflow/.local/lib/python3.12/site-packages/airflow/example_dags/example_dataset_alias.py took 0.914 seconds
[2025-05-04T17:22:48.651+0000] {processor.py:186} INFO - Started process (PID=623) to work on /home/airflow/.local/lib/python3.12/site-packages/airflow/example_dags/example_dataset_alias.py
[2025-05-04T17:22:48.655+0000] {processor.py:914} INFO - Processing file /home/airflow/.local/lib/python3.12/site-packages/airflow/example_dags/example_dataset_alias.py for tasks to queue
[2025-05-04T17:22:48.659+0000] {logging_mixin.py:190} INFO - [2025-05-04T17:22:48.658+0000] {dagbag.py:588} INFO - Filling up the DagBag from /home/airflow/.local/lib/python3.12/site-packages/airflow/example_dags/example_dataset_alias.py
[2025-05-04T17:22:49.458+0000] {processor.py:925} INFO - DAG(s) 'dataset_alias_example_alias_consumer', 'dataset_s3_bucket_consumer', 'dataset_s3_bucket_producer', 'dataset_alias_example_alias_producer' retrieved from /home/airflow/.local/lib/python3.12/site-packages/airflow/example_dags/example_dataset_alias.py
[2025-05-04T17:22:49.482+0000] {logging_mixin.py:190} INFO - [2025-05-04T17:22:49.482+0000] {dag.py:3239} INFO - Sync 4 DAGs
[2025-05-04T17:22:49.515+0000] {logging_mixin.py:190} INFO - [2025-05-04T17:22:49.515+0000] {dag.py:4180} INFO - Setting next_dagrun for dataset_alias_example_alias_consumer to None, run_after=None
[2025-05-04T17:22:49.518+0000] {logging_mixin.py:190} INFO - [2025-05-04T17:22:49.518+0000] {dag.py:4180} INFO - Setting next_dagrun for dataset_alias_example_alias_producer to None, run_after=None
[2025-05-04T17:22:49.520+0000] {logging_mixin.py:190} INFO - [2025-05-04T17:22:49.520+0000] {dag.py:4180} INFO - Setting next_dagrun for dataset_s3_bucket_consumer to None, run_after=None
[2025-05-04T17:22:49.522+0000] {logging_mixin.py:190} INFO - [2025-05-04T17:22:49.522+0000] {dag.py:4180} INFO - Setting next_dagrun for dataset_s3_bucket_producer to None, run_after=None
[2025-05-04T17:22:49.573+0000] {processor.py:208} INFO - Processing /home/airflow/.local/lib/python3.12/site-packages/airflow/example_dags/example_dataset_alias.py took 0.929 seconds
[2025-05-04T17:23:19.840+0000] {processor.py:186} INFO - Started process (PID=686) to work on /home/airflow/.local/lib/python3.12/site-packages/airflow/example_dags/example_dataset_alias.py
[2025-05-04T17:23:19.842+0000] {processor.py:914} INFO - Processing file /home/airflow/.local/lib/python3.12/site-packages/airflow/example_dags/example_dataset_alias.py for tasks to queue
[2025-05-04T17:23:19.845+0000] {logging_mixin.py:190} INFO - [2025-05-04T17:23:19.844+0000] {dagbag.py:588} INFO - Filling up the DagBag from /home/airflow/.local/lib/python3.12/site-packages/airflow/example_dags/example_dataset_alias.py
[2025-05-04T17:23:20.648+0000] {processor.py:925} INFO - DAG(s) 'dataset_s3_bucket_consumer', 'dataset_alias_example_alias_consumer', 'dataset_alias_example_alias_producer', 'dataset_s3_bucket_producer' retrieved from /home/airflow/.local/lib/python3.12/site-packages/airflow/example_dags/example_dataset_alias.py
[2025-05-04T17:23:20.675+0000] {logging_mixin.py:190} INFO - [2025-05-04T17:23:20.675+0000] {dag.py:3239} INFO - Sync 4 DAGs
[2025-05-04T17:23:20.707+0000] {logging_mixin.py:190} INFO - [2025-05-04T17:23:20.706+0000] {dag.py:4180} INFO - Setting next_dagrun for dataset_alias_example_alias_consumer to None, run_after=None
[2025-05-04T17:23:20.710+0000] {logging_mixin.py:190} INFO - [2025-05-04T17:23:20.709+0000] {dag.py:4180} INFO - Setting next_dagrun for dataset_alias_example_alias_producer to None, run_after=None
[2025-05-04T17:23:20.711+0000] {logging_mixin.py:190} INFO - [2025-05-04T17:23:20.711+0000] {dag.py:4180} INFO - Setting next_dagrun for dataset_s3_bucket_consumer to None, run_after=None
[2025-05-04T17:23:20.713+0000] {logging_mixin.py:190} INFO - [2025-05-04T17:23:20.713+0000] {dag.py:4180} INFO - Setting next_dagrun for dataset_s3_bucket_producer to None, run_after=None
[2025-05-04T17:23:20.739+0000] {processor.py:208} INFO - Processing /home/airflow/.local/lib/python3.12/site-packages/airflow/example_dags/example_dataset_alias.py took 0.908 seconds
[2025-05-04T17:23:50.972+0000] {processor.py:186} INFO - Started process (PID=749) to work on /home/airflow/.local/lib/python3.12/site-packages/airflow/example_dags/example_dataset_alias.py
[2025-05-04T17:23:50.974+0000] {processor.py:914} INFO - Processing file /home/airflow/.local/lib/python3.12/site-packages/airflow/example_dags/example_dataset_alias.py for tasks to queue
[2025-05-04T17:23:50.976+0000] {logging_mixin.py:190} INFO - [2025-05-04T17:23:50.976+0000] {dagbag.py:588} INFO - Filling up the DagBag from /home/airflow/.local/lib/python3.12/site-packages/airflow/example_dags/example_dataset_alias.py
[2025-05-04T17:23:51.890+0000] {processor.py:925} INFO - DAG(s) 'dataset_s3_bucket_producer', 'dataset_alias_example_alias_producer', 'dataset_s3_bucket_consumer', 'dataset_alias_example_alias_consumer' retrieved from /home/airflow/.local/lib/python3.12/site-packages/airflow/example_dags/example_dataset_alias.py
[2025-05-04T17:23:51.918+0000] {logging_mixin.py:190} INFO - [2025-05-04T17:23:51.917+0000] {dag.py:3239} INFO - Sync 4 DAGs
[2025-05-04T17:23:51.953+0000] {logging_mixin.py:190} INFO - [2025-05-04T17:23:51.953+0000] {dag.py:4180} INFO - Setting next_dagrun for dataset_alias_example_alias_consumer to None, run_after=None
[2025-05-04T17:23:51.957+0000] {logging_mixin.py:190} INFO - [2025-05-04T17:23:51.957+0000] {dag.py:4180} INFO - Setting next_dagrun for dataset_alias_example_alias_producer to None, run_after=None
[2025-05-04T17:23:51.959+0000] {logging_mixin.py:190} INFO - [2025-05-04T17:23:51.958+0000] {dag.py:4180} INFO - Setting next_dagrun for dataset_s3_bucket_consumer to None, run_after=None
[2025-05-04T17:23:51.960+0000] {logging_mixin.py:190} INFO - [2025-05-04T17:23:51.960+0000] {dag.py:4180} INFO - Setting next_dagrun for dataset_s3_bucket_producer to None, run_after=None
[2025-05-04T17:23:51.988+0000] {processor.py:208} INFO - Processing /home/airflow/.local/lib/python3.12/site-packages/airflow/example_dags/example_dataset_alias.py took 1.025 seconds
[2025-05-04T17:24:22.213+0000] {processor.py:186} INFO - Started process (PID=812) to work on /home/airflow/.local/lib/python3.12/site-packages/airflow/example_dags/example_dataset_alias.py
[2025-05-04T17:24:22.215+0000] {processor.py:914} INFO - Processing file /home/airflow/.local/lib/python3.12/site-packages/airflow/example_dags/example_dataset_alias.py for tasks to queue
[2025-05-04T17:24:22.219+0000] {logging_mixin.py:190} INFO - [2025-05-04T17:24:22.218+0000] {dagbag.py:588} INFO - Filling up the DagBag from /home/airflow/.local/lib/python3.12/site-packages/airflow/example_dags/example_dataset_alias.py
[2025-05-04T17:24:23.126+0000] {processor.py:925} INFO - DAG(s) 'dataset_s3_bucket_consumer', 'dataset_s3_bucket_producer', 'dataset_alias_example_alias_consumer', 'dataset_alias_example_alias_producer' retrieved from /home/airflow/.local/lib/python3.12/site-packages/airflow/example_dags/example_dataset_alias.py
[2025-05-04T17:24:23.155+0000] {logging_mixin.py:190} INFO - [2025-05-04T17:24:23.154+0000] {dag.py:3239} INFO - Sync 4 DAGs
[2025-05-04T17:24:23.185+0000] {logging_mixin.py:190} INFO - [2025-05-04T17:24:23.185+0000] {dag.py:4180} INFO - Setting next_dagrun for dataset_alias_example_alias_consumer to None, run_after=None
[2025-05-04T17:24:23.188+0000] {logging_mixin.py:190} INFO - [2025-05-04T17:24:23.188+0000] {dag.py:4180} INFO - Setting next_dagrun for dataset_alias_example_alias_producer to None, run_after=None
[2025-05-04T17:24:23.190+0000] {logging_mixin.py:190} INFO - [2025-05-04T17:24:23.190+0000] {dag.py:4180} INFO - Setting next_dagrun for dataset_s3_bucket_consumer to None, run_after=None
[2025-05-04T17:24:23.192+0000] {logging_mixin.py:190} INFO - [2025-05-04T17:24:23.191+0000] {dag.py:4180} INFO - Setting next_dagrun for dataset_s3_bucket_producer to None, run_after=None
[2025-05-04T17:24:23.220+0000] {processor.py:208} INFO - Processing /home/airflow/.local/lib/python3.12/site-packages/airflow/example_dags/example_dataset_alias.py took 1.016 seconds
[2025-05-04T17:24:53.980+0000] {processor.py:186} INFO - Started process (PID=875) to work on /home/airflow/.local/lib/python3.12/site-packages/airflow/example_dags/example_dataset_alias.py
[2025-05-04T17:24:53.981+0000] {processor.py:914} INFO - Processing file /home/airflow/.local/lib/python3.12/site-packages/airflow/example_dags/example_dataset_alias.py for tasks to queue
[2025-05-04T17:24:53.984+0000] {logging_mixin.py:190} INFO - [2025-05-04T17:24:53.984+0000] {dagbag.py:588} INFO - Filling up the DagBag from /home/airflow/.local/lib/python3.12/site-packages/airflow/example_dags/example_dataset_alias.py
[2025-05-04T17:24:54.682+0000] {processor.py:925} INFO - DAG(s) 'dataset_alias_example_alias_producer', 'dataset_s3_bucket_consumer', 'dataset_alias_example_alias_consumer', 'dataset_s3_bucket_producer' retrieved from /home/airflow/.local/lib/python3.12/site-packages/airflow/example_dags/example_dataset_alias.py
[2025-05-04T17:24:54.702+0000] {logging_mixin.py:190} INFO - [2025-05-04T17:24:54.702+0000] {dag.py:3239} INFO - Sync 4 DAGs
[2025-05-04T17:24:54.724+0000] {logging_mixin.py:190} INFO - [2025-05-04T17:24:54.723+0000] {dag.py:4180} INFO - Setting next_dagrun for dataset_alias_example_alias_consumer to None, run_after=None
[2025-05-04T17:24:54.726+0000] {logging_mixin.py:190} INFO - [2025-05-04T17:24:54.726+0000] {dag.py:4180} INFO - Setting next_dagrun for dataset_alias_example_alias_producer to None, run_after=None
[2025-05-04T17:24:54.727+0000] {logging_mixin.py:190} INFO - [2025-05-04T17:24:54.727+0000] {dag.py:4180} INFO - Setting next_dagrun for dataset_s3_bucket_consumer to None, run_after=None
[2025-05-04T17:24:54.728+0000] {logging_mixin.py:190} INFO - [2025-05-04T17:24:54.728+0000] {dag.py:4180} INFO - Setting next_dagrun for dataset_s3_bucket_producer to None, run_after=None
[2025-05-04T17:24:54.768+0000] {processor.py:208} INFO - Processing /home/airflow/.local/lib/python3.12/site-packages/airflow/example_dags/example_dataset_alias.py took 0.796 seconds
[2025-05-04T17:25:25.197+0000] {processor.py:186} INFO - Started process (PID=938) to work on /home/airflow/.local/lib/python3.12/site-packages/airflow/example_dags/example_dataset_alias.py
[2025-05-04T17:25:25.198+0000] {processor.py:914} INFO - Processing file /home/airflow/.local/lib/python3.12/site-packages/airflow/example_dags/example_dataset_alias.py for tasks to queue
[2025-05-04T17:25:25.201+0000] {logging_mixin.py:190} INFO - [2025-05-04T17:25:25.201+0000] {dagbag.py:588} INFO - Filling up the DagBag from /home/airflow/.local/lib/python3.12/site-packages/airflow/example_dags/example_dataset_alias.py
[2025-05-04T17:25:26.012+0000] {processor.py:925} INFO - DAG(s) 'dataset_s3_bucket_consumer', 'dataset_s3_bucket_producer', 'dataset_alias_example_alias_producer', 'dataset_alias_example_alias_consumer' retrieved from /home/airflow/.local/lib/python3.12/site-packages/airflow/example_dags/example_dataset_alias.py
[2025-05-04T17:25:26.039+0000] {logging_mixin.py:190} INFO - [2025-05-04T17:25:26.039+0000] {dag.py:3239} INFO - Sync 4 DAGs
[2025-05-04T17:25:26.072+0000] {logging_mixin.py:190} INFO - [2025-05-04T17:25:26.072+0000] {dag.py:4180} INFO - Setting next_dagrun for dataset_alias_example_alias_consumer to None, run_after=None
[2025-05-04T17:25:26.076+0000] {logging_mixin.py:190} INFO - [2025-05-04T17:25:26.075+0000] {dag.py:4180} INFO - Setting next_dagrun for dataset_alias_example_alias_producer to None, run_after=None
[2025-05-04T17:25:26.077+0000] {logging_mixin.py:190} INFO - [2025-05-04T17:25:26.077+0000] {dag.py:4180} INFO - Setting next_dagrun for dataset_s3_bucket_consumer to None, run_after=None
[2025-05-04T17:25:26.079+0000] {logging_mixin.py:190} INFO - [2025-05-04T17:25:26.079+0000] {dag.py:4180} INFO - Setting next_dagrun for dataset_s3_bucket_producer to None, run_after=None
[2025-05-04T17:25:26.105+0000] {processor.py:208} INFO - Processing /home/airflow/.local/lib/python3.12/site-packages/airflow/example_dags/example_dataset_alias.py took 0.915 seconds
[2025-05-04T17:25:56.514+0000] {processor.py:186} INFO - Started process (PID=1001) to work on /home/airflow/.local/lib/python3.12/site-packages/airflow/example_dags/example_dataset_alias.py
[2025-05-04T17:25:56.515+0000] {processor.py:914} INFO - Processing file /home/airflow/.local/lib/python3.12/site-packages/airflow/example_dags/example_dataset_alias.py for tasks to queue
[2025-05-04T17:25:56.517+0000] {logging_mixin.py:190} INFO - [2025-05-04T17:25:56.517+0000] {dagbag.py:588} INFO - Filling up the DagBag from /home/airflow/.local/lib/python3.12/site-packages/airflow/example_dags/example_dataset_alias.py
[2025-05-04T17:25:57.330+0000] {processor.py:925} INFO - DAG(s) 'dataset_s3_bucket_consumer', 'dataset_alias_example_alias_consumer', 'dataset_alias_example_alias_producer', 'dataset_s3_bucket_producer' retrieved from /home/airflow/.local/lib/python3.12/site-packages/airflow/example_dags/example_dataset_alias.py
[2025-05-04T17:25:57.360+0000] {logging_mixin.py:190} INFO - [2025-05-04T17:25:57.359+0000] {dag.py:3239} INFO - Sync 4 DAGs
[2025-05-04T17:25:57.395+0000] {logging_mixin.py:190} INFO - [2025-05-04T17:25:57.395+0000] {dag.py:4180} INFO - Setting next_dagrun for dataset_alias_example_alias_consumer to None, run_after=None
[2025-05-04T17:25:57.400+0000] {logging_mixin.py:190} INFO - [2025-05-04T17:25:57.400+0000] {dag.py:4180} INFO - Setting next_dagrun for dataset_alias_example_alias_producer to None, run_after=None
[2025-05-04T17:25:57.403+0000] {logging_mixin.py:190} INFO - [2025-05-04T17:25:57.402+0000] {dag.py:4180} INFO - Setting next_dagrun for dataset_s3_bucket_consumer to None, run_after=None
[2025-05-04T17:25:57.404+0000] {logging_mixin.py:190} INFO - [2025-05-04T17:25:57.404+0000] {dag.py:4180} INFO - Setting next_dagrun for dataset_s3_bucket_producer to None, run_after=None
[2025-05-04T17:25:57.431+0000] {processor.py:208} INFO - Processing /home/airflow/.local/lib/python3.12/site-packages/airflow/example_dags/example_dataset_alias.py took 0.924 seconds
[2025-05-04T17:26:28.197+0000] {processor.py:186} INFO - Started process (PID=1064) to work on /home/airflow/.local/lib/python3.12/site-packages/airflow/example_dags/example_dataset_alias.py
[2025-05-04T17:26:28.199+0000] {processor.py:914} INFO - Processing file /home/airflow/.local/lib/python3.12/site-packages/airflow/example_dags/example_dataset_alias.py for tasks to queue
[2025-05-04T17:26:28.202+0000] {logging_mixin.py:190} INFO - [2025-05-04T17:26:28.201+0000] {dagbag.py:588} INFO - Filling up the DagBag from /home/airflow/.local/lib/python3.12/site-packages/airflow/example_dags/example_dataset_alias.py
[2025-05-04T17:26:29.019+0000] {processor.py:925} INFO - DAG(s) 'dataset_alias_example_alias_consumer', 'dataset_s3_bucket_producer', 'dataset_s3_bucket_consumer', 'dataset_alias_example_alias_producer' retrieved from /home/airflow/.local/lib/python3.12/site-packages/airflow/example_dags/example_dataset_alias.py
[2025-05-04T17:26:29.056+0000] {logging_mixin.py:190} INFO - [2025-05-04T17:26:29.055+0000] {dag.py:3239} INFO - Sync 4 DAGs
[2025-05-04T17:26:29.088+0000] {logging_mixin.py:190} INFO - [2025-05-04T17:26:29.087+0000] {dag.py:4180} INFO - Setting next_dagrun for dataset_alias_example_alias_consumer to None, run_after=None
[2025-05-04T17:26:29.091+0000] {logging_mixin.py:190} INFO - [2025-05-04T17:26:29.091+0000] {dag.py:4180} INFO - Setting next_dagrun for dataset_alias_example_alias_producer to None, run_after=None
[2025-05-04T17:26:29.094+0000] {logging_mixin.py:190} INFO - [2025-05-04T17:26:29.094+0000] {dag.py:4180} INFO - Setting next_dagrun for dataset_s3_bucket_consumer to None, run_after=None
[2025-05-04T17:26:29.097+0000] {logging_mixin.py:190} INFO - [2025-05-04T17:26:29.096+0000] {dag.py:4180} INFO - Setting next_dagrun for dataset_s3_bucket_producer to None, run_after=None
[2025-05-04T17:26:29.140+0000] {processor.py:208} INFO - Processing /home/airflow/.local/lib/python3.12/site-packages/airflow/example_dags/example_dataset_alias.py took 0.950 seconds
