[2025-05-04T17:18:39.052+0000] {processor.py:186} INFO - Started process (PID=115) to work on /home/airflow/.local/lib/python3.12/site-packages/airflow/example_dags/example_datasets.py
[2025-05-04T17:18:39.053+0000] {processor.py:914} INFO - Processing file /home/airflow/.local/lib/python3.12/site-packages/airflow/example_dags/example_datasets.py for tasks to queue
[2025-05-04T17:18:39.055+0000] {logging_mixin.py:190} INFO - [2025-05-04T17:18:39.054+0000] {dagbag.py:588} INFO - Filling up the DagBag from /home/airflow/.local/lib/python3.12/site-packages/airflow/example_dags/example_datasets.py
[2025-05-04T17:18:39.536+0000] {processor.py:925} INFO - DAG(s) 'dataset_consumes_unknown_never_scheduled', 'consume_1_or_2_with_dataset_expressions', 'conditional_dataset_and_time_based_timetable', 'consume_1_and_2_with_dataset_expressions', 'dataset_consumes_1_and_2', 'dataset_consumes_1_never_scheduled', 'dataset_consumes_1', 'dataset_produces_2', 'dataset_produces_1', 'consume_1_or_both_2_and_3_with_dataset_expressions' retrieved from /home/airflow/.local/lib/python3.12/site-packages/airflow/example_dags/example_datasets.py
[2025-05-04T17:18:39.609+0000] {logging_mixin.py:190} INFO - [2025-05-04T17:18:39.609+0000] {override.py:1912} INFO - Created Permission View: can read on DAG:dataset_consumes_unknown_never_scheduled
[2025-05-04T17:18:39.616+0000] {logging_mixin.py:190} INFO - [2025-05-04T17:18:39.616+0000] {override.py:1912} INFO - Created Permission View: can edit on DAG:dataset_consumes_unknown_never_scheduled
[2025-05-04T17:18:39.620+0000] {logging_mixin.py:190} INFO - [2025-05-04T17:18:39.620+0000] {override.py:1912} INFO - Created Permission View: can delete on DAG:dataset_consumes_unknown_never_scheduled
[2025-05-04T17:18:39.625+0000] {logging_mixin.py:190} INFO - [2025-05-04T17:18:39.625+0000] {override.py:1912} INFO - Created Permission View: can read on DAG Run:dataset_consumes_unknown_never_scheduled
[2025-05-04T17:18:39.629+0000] {logging_mixin.py:190} INFO - [2025-05-04T17:18:39.629+0000] {override.py:1912} INFO - Created Permission View: can create on DAG Run:dataset_consumes_unknown_never_scheduled
[2025-05-04T17:18:39.634+0000] {logging_mixin.py:190} INFO - [2025-05-04T17:18:39.634+0000] {override.py:1912} INFO - Created Permission View: can delete on DAG Run:dataset_consumes_unknown_never_scheduled
[2025-05-04T17:18:39.638+0000] {logging_mixin.py:190} INFO - [2025-05-04T17:18:39.638+0000] {override.py:1912} INFO - Created Permission View: menu access on DAG Run:dataset_consumes_unknown_never_scheduled
[2025-05-04T17:18:39.645+0000] {logging_mixin.py:190} INFO - [2025-05-04T17:18:39.645+0000] {override.py:1912} INFO - Created Permission View: can read on DAG:consume_1_or_2_with_dataset_expressions
[2025-05-04T17:18:39.649+0000] {logging_mixin.py:190} INFO - [2025-05-04T17:18:39.648+0000] {override.py:1912} INFO - Created Permission View: can edit on DAG:consume_1_or_2_with_dataset_expressions
[2025-05-04T17:18:39.652+0000] {logging_mixin.py:190} INFO - [2025-05-04T17:18:39.651+0000] {override.py:1912} INFO - Created Permission View: can delete on DAG:consume_1_or_2_with_dataset_expressions
[2025-05-04T17:18:39.655+0000] {logging_mixin.py:190} INFO - [2025-05-04T17:18:39.654+0000] {override.py:1912} INFO - Created Permission View: can read on DAG Run:consume_1_or_2_with_dataset_expressions
[2025-05-04T17:18:39.658+0000] {logging_mixin.py:190} INFO - [2025-05-04T17:18:39.658+0000] {override.py:1912} INFO - Created Permission View: can create on DAG Run:consume_1_or_2_with_dataset_expressions
[2025-05-04T17:18:39.661+0000] {logging_mixin.py:190} INFO - [2025-05-04T17:18:39.661+0000] {override.py:1912} INFO - Created Permission View: can delete on DAG Run:consume_1_or_2_with_dataset_expressions
[2025-05-04T17:18:39.664+0000] {logging_mixin.py:190} INFO - [2025-05-04T17:18:39.664+0000] {override.py:1912} INFO - Created Permission View: menu access on DAG Run:consume_1_or_2_with_dataset_expressions
[2025-05-04T17:18:39.671+0000] {logging_mixin.py:190} INFO - [2025-05-04T17:18:39.671+0000] {override.py:1912} INFO - Created Permission View: can read on DAG:conditional_dataset_and_time_based_timetable
[2025-05-04T17:18:39.675+0000] {logging_mixin.py:190} INFO - [2025-05-04T17:18:39.675+0000] {override.py:1912} INFO - Created Permission View: can edit on DAG:conditional_dataset_and_time_based_timetable
[2025-05-04T17:18:39.678+0000] {logging_mixin.py:190} INFO - [2025-05-04T17:18:39.678+0000] {override.py:1912} INFO - Created Permission View: can delete on DAG:conditional_dataset_and_time_based_timetable
[2025-05-04T17:18:39.682+0000] {logging_mixin.py:190} INFO - [2025-05-04T17:18:39.682+0000] {override.py:1912} INFO - Created Permission View: can read on DAG Run:conditional_dataset_and_time_based_timetable
[2025-05-04T17:18:39.686+0000] {logging_mixin.py:190} INFO - [2025-05-04T17:18:39.685+0000] {override.py:1912} INFO - Created Permission View: can create on DAG Run:conditional_dataset_and_time_based_timetable
[2025-05-04T17:18:39.689+0000] {logging_mixin.py:190} INFO - [2025-05-04T17:18:39.689+0000] {override.py:1912} INFO - Created Permission View: can delete on DAG Run:conditional_dataset_and_time_based_timetable
[2025-05-04T17:18:39.693+0000] {logging_mixin.py:190} INFO - [2025-05-04T17:18:39.693+0000] {override.py:1912} INFO - Created Permission View: menu access on DAG Run:conditional_dataset_and_time_based_timetable
[2025-05-04T17:18:39.699+0000] {logging_mixin.py:190} INFO - [2025-05-04T17:18:39.699+0000] {override.py:1912} INFO - Created Permission View: can read on DAG:consume_1_and_2_with_dataset_expressions
[2025-05-04T17:18:39.703+0000] {logging_mixin.py:190} INFO - [2025-05-04T17:18:39.702+0000] {override.py:1912} INFO - Created Permission View: can edit on DAG:consume_1_and_2_with_dataset_expressions
[2025-05-04T17:18:39.706+0000] {logging_mixin.py:190} INFO - [2025-05-04T17:18:39.706+0000] {override.py:1912} INFO - Created Permission View: can delete on DAG:consume_1_and_2_with_dataset_expressions
[2025-05-04T17:18:39.710+0000] {logging_mixin.py:190} INFO - [2025-05-04T17:18:39.710+0000] {override.py:1912} INFO - Created Permission View: can read on DAG Run:consume_1_and_2_with_dataset_expressions
[2025-05-04T17:18:39.714+0000] {logging_mixin.py:190} INFO - [2025-05-04T17:18:39.714+0000] {override.py:1912} INFO - Created Permission View: can create on DAG Run:consume_1_and_2_with_dataset_expressions
[2025-05-04T17:18:39.718+0000] {logging_mixin.py:190} INFO - [2025-05-04T17:18:39.718+0000] {override.py:1912} INFO - Created Permission View: can delete on DAG Run:consume_1_and_2_with_dataset_expressions
[2025-05-04T17:18:39.723+0000] {logging_mixin.py:190} INFO - [2025-05-04T17:18:39.722+0000] {override.py:1912} INFO - Created Permission View: menu access on DAG Run:consume_1_and_2_with_dataset_expressions
[2025-05-04T17:18:39.730+0000] {logging_mixin.py:190} INFO - [2025-05-04T17:18:39.730+0000] {override.py:1912} INFO - Created Permission View: can read on DAG:dataset_consumes_1_and_2
[2025-05-04T17:18:39.734+0000] {logging_mixin.py:190} INFO - [2025-05-04T17:18:39.734+0000] {override.py:1912} INFO - Created Permission View: can edit on DAG:dataset_consumes_1_and_2
[2025-05-04T17:18:39.738+0000] {logging_mixin.py:190} INFO - [2025-05-04T17:18:39.738+0000] {override.py:1912} INFO - Created Permission View: can delete on DAG:dataset_consumes_1_and_2
[2025-05-04T17:18:39.743+0000] {logging_mixin.py:190} INFO - [2025-05-04T17:18:39.742+0000] {override.py:1912} INFO - Created Permission View: can read on DAG Run:dataset_consumes_1_and_2
[2025-05-04T17:18:39.747+0000] {logging_mixin.py:190} INFO - [2025-05-04T17:18:39.746+0000] {override.py:1912} INFO - Created Permission View: can create on DAG Run:dataset_consumes_1_and_2
[2025-05-04T17:18:39.751+0000] {logging_mixin.py:190} INFO - [2025-05-04T17:18:39.750+0000] {override.py:1912} INFO - Created Permission View: can delete on DAG Run:dataset_consumes_1_and_2
[2025-05-04T17:18:39.755+0000] {logging_mixin.py:190} INFO - [2025-05-04T17:18:39.754+0000] {override.py:1912} INFO - Created Permission View: menu access on DAG Run:dataset_consumes_1_and_2
[2025-05-04T17:18:39.763+0000] {logging_mixin.py:190} INFO - [2025-05-04T17:18:39.763+0000] {override.py:1912} INFO - Created Permission View: can read on DAG:dataset_consumes_1_never_scheduled
[2025-05-04T17:18:39.766+0000] {logging_mixin.py:190} INFO - [2025-05-04T17:18:39.766+0000] {override.py:1912} INFO - Created Permission View: can edit on DAG:dataset_consumes_1_never_scheduled
[2025-05-04T17:18:39.770+0000] {logging_mixin.py:190} INFO - [2025-05-04T17:18:39.770+0000] {override.py:1912} INFO - Created Permission View: can delete on DAG:dataset_consumes_1_never_scheduled
[2025-05-04T17:18:39.774+0000] {logging_mixin.py:190} INFO - [2025-05-04T17:18:39.774+0000] {override.py:1912} INFO - Created Permission View: can read on DAG Run:dataset_consumes_1_never_scheduled
[2025-05-04T17:18:39.778+0000] {logging_mixin.py:190} INFO - [2025-05-04T17:18:39.778+0000] {override.py:1912} INFO - Created Permission View: can create on DAG Run:dataset_consumes_1_never_scheduled
[2025-05-04T17:18:39.781+0000] {logging_mixin.py:190} INFO - [2025-05-04T17:18:39.781+0000] {override.py:1912} INFO - Created Permission View: can delete on DAG Run:dataset_consumes_1_never_scheduled
[2025-05-04T17:18:39.784+0000] {logging_mixin.py:190} INFO - [2025-05-04T17:18:39.784+0000] {override.py:1912} INFO - Created Permission View: menu access on DAG Run:dataset_consumes_1_never_scheduled
[2025-05-04T17:18:39.790+0000] {logging_mixin.py:190} INFO - [2025-05-04T17:18:39.790+0000] {override.py:1912} INFO - Created Permission View: can read on DAG:dataset_consumes_1
[2025-05-04T17:18:39.793+0000] {logging_mixin.py:190} INFO - [2025-05-04T17:18:39.793+0000] {override.py:1912} INFO - Created Permission View: can edit on DAG:dataset_consumes_1
[2025-05-04T17:18:39.797+0000] {logging_mixin.py:190} INFO - [2025-05-04T17:18:39.796+0000] {override.py:1912} INFO - Created Permission View: can delete on DAG:dataset_consumes_1
[2025-05-04T17:18:39.800+0000] {logging_mixin.py:190} INFO - [2025-05-04T17:18:39.800+0000] {override.py:1912} INFO - Created Permission View: can read on DAG Run:dataset_consumes_1
[2025-05-04T17:18:39.804+0000] {logging_mixin.py:190} INFO - [2025-05-04T17:18:39.803+0000] {override.py:1912} INFO - Created Permission View: can create on DAG Run:dataset_consumes_1
[2025-05-04T17:18:39.807+0000] {logging_mixin.py:190} INFO - [2025-05-04T17:18:39.807+0000] {override.py:1912} INFO - Created Permission View: can delete on DAG Run:dataset_consumes_1
[2025-05-04T17:18:39.811+0000] {logging_mixin.py:190} INFO - [2025-05-04T17:18:39.811+0000] {override.py:1912} INFO - Created Permission View: menu access on DAG Run:dataset_consumes_1
[2025-05-04T17:18:39.818+0000] {logging_mixin.py:190} INFO - [2025-05-04T17:18:39.818+0000] {override.py:1912} INFO - Created Permission View: can read on DAG:dataset_produces_2
[2025-05-04T17:18:39.822+0000] {logging_mixin.py:190} INFO - [2025-05-04T17:18:39.822+0000] {override.py:1912} INFO - Created Permission View: can edit on DAG:dataset_produces_2
[2025-05-04T17:18:39.825+0000] {logging_mixin.py:190} INFO - [2025-05-04T17:18:39.825+0000] {override.py:1912} INFO - Created Permission View: can delete on DAG:dataset_produces_2
[2025-05-04T17:18:39.828+0000] {logging_mixin.py:190} INFO - [2025-05-04T17:18:39.828+0000] {override.py:1912} INFO - Created Permission View: can read on DAG Run:dataset_produces_2
[2025-05-04T17:18:39.831+0000] {logging_mixin.py:190} INFO - [2025-05-04T17:18:39.831+0000] {override.py:1912} INFO - Created Permission View: can create on DAG Run:dataset_produces_2
[2025-05-04T17:18:39.835+0000] {logging_mixin.py:190} INFO - [2025-05-04T17:18:39.835+0000] {override.py:1912} INFO - Created Permission View: can delete on DAG Run:dataset_produces_2
[2025-05-04T17:18:39.838+0000] {logging_mixin.py:190} INFO - [2025-05-04T17:18:39.838+0000] {override.py:1912} INFO - Created Permission View: menu access on DAG Run:dataset_produces_2
[2025-05-04T17:18:39.845+0000] {logging_mixin.py:190} INFO - [2025-05-04T17:18:39.845+0000] {override.py:1912} INFO - Created Permission View: can read on DAG:dataset_produces_1
[2025-05-04T17:18:39.848+0000] {logging_mixin.py:190} INFO - [2025-05-04T17:18:39.848+0000] {override.py:1912} INFO - Created Permission View: can edit on DAG:dataset_produces_1
[2025-05-04T17:18:39.852+0000] {logging_mixin.py:190} INFO - [2025-05-04T17:18:39.852+0000] {override.py:1912} INFO - Created Permission View: can delete on DAG:dataset_produces_1
[2025-05-04T17:18:39.855+0000] {logging_mixin.py:190} INFO - [2025-05-04T17:18:39.855+0000] {override.py:1912} INFO - Created Permission View: can read on DAG Run:dataset_produces_1
[2025-05-04T17:18:39.859+0000] {logging_mixin.py:190} INFO - [2025-05-04T17:18:39.859+0000] {override.py:1912} INFO - Created Permission View: can create on DAG Run:dataset_produces_1
[2025-05-04T17:18:39.862+0000] {logging_mixin.py:190} INFO - [2025-05-04T17:18:39.862+0000] {override.py:1912} INFO - Created Permission View: can delete on DAG Run:dataset_produces_1
[2025-05-04T17:18:39.866+0000] {logging_mixin.py:190} INFO - [2025-05-04T17:18:39.866+0000] {override.py:1912} INFO - Created Permission View: menu access on DAG Run:dataset_produces_1
[2025-05-04T17:18:39.873+0000] {logging_mixin.py:190} INFO - [2025-05-04T17:18:39.873+0000] {override.py:1912} INFO - Created Permission View: can read on DAG:consume_1_or_both_2_and_3_with_dataset_expressions
[2025-05-04T17:18:39.877+0000] {logging_mixin.py:190} INFO - [2025-05-04T17:18:39.876+0000] {override.py:1912} INFO - Created Permission View: can edit on DAG:consume_1_or_both_2_and_3_with_dataset_expressions
[2025-05-04T17:18:39.880+0000] {logging_mixin.py:190} INFO - [2025-05-04T17:18:39.880+0000] {override.py:1912} INFO - Created Permission View: can delete on DAG:consume_1_or_both_2_and_3_with_dataset_expressions
[2025-05-04T17:18:39.883+0000] {logging_mixin.py:190} INFO - [2025-05-04T17:18:39.883+0000] {override.py:1912} INFO - Created Permission View: can read on DAG Run:consume_1_or_both_2_and_3_with_dataset_expressions
[2025-05-04T17:18:39.886+0000] {logging_mixin.py:190} INFO - [2025-05-04T17:18:39.886+0000] {override.py:1912} INFO - Created Permission View: can create on DAG Run:consume_1_or_both_2_and_3_with_dataset_expressions
[2025-05-04T17:18:39.890+0000] {logging_mixin.py:190} INFO - [2025-05-04T17:18:39.889+0000] {override.py:1912} INFO - Created Permission View: can delete on DAG Run:consume_1_or_both_2_and_3_with_dataset_expressions
[2025-05-04T17:18:39.893+0000] {logging_mixin.py:190} INFO - [2025-05-04T17:18:39.893+0000] {override.py:1912} INFO - Created Permission View: menu access on DAG Run:consume_1_or_both_2_and_3_with_dataset_expressions
[2025-05-04T17:18:39.893+0000] {logging_mixin.py:190} INFO - [2025-05-04T17:18:39.893+0000] {dag.py:3239} INFO - Sync 10 DAGs
[2025-05-04T17:18:39.902+0000] {logging_mixin.py:190} INFO - [2025-05-04T17:18:39.902+0000] {dag.py:3262} INFO - Creating ORM DAG for consume_1_or_2_with_dataset_expressions
[2025-05-04T17:18:39.903+0000] {logging_mixin.py:190} INFO - [2025-05-04T17:18:39.903+0000] {dag.py:3262} INFO - Creating ORM DAG for dataset_produces_1
[2025-05-04T17:18:39.903+0000] {logging_mixin.py:190} INFO - [2025-05-04T17:18:39.903+0000] {dag.py:3262} INFO - Creating ORM DAG for dataset_produces_2
[2025-05-04T17:18:39.903+0000] {logging_mixin.py:190} INFO - [2025-05-04T17:18:39.903+0000] {dag.py:3262} INFO - Creating ORM DAG for dataset_consumes_1_never_scheduled
[2025-05-04T17:18:39.904+0000] {logging_mixin.py:190} INFO - [2025-05-04T17:18:39.904+0000] {dag.py:3262} INFO - Creating ORM DAG for consume_1_or_both_2_and_3_with_dataset_expressions
[2025-05-04T17:18:39.904+0000] {logging_mixin.py:190} INFO - [2025-05-04T17:18:39.904+0000] {dag.py:3262} INFO - Creating ORM DAG for conditional_dataset_and_time_based_timetable
[2025-05-04T17:18:39.905+0000] {logging_mixin.py:190} INFO - [2025-05-04T17:18:39.905+0000] {dag.py:3262} INFO - Creating ORM DAG for dataset_consumes_1
[2025-05-04T17:18:39.905+0000] {logging_mixin.py:190} INFO - [2025-05-04T17:18:39.905+0000] {dag.py:3262} INFO - Creating ORM DAG for dataset_consumes_unknown_never_scheduled
[2025-05-04T17:18:39.905+0000] {logging_mixin.py:190} INFO - [2025-05-04T17:18:39.905+0000] {dag.py:3262} INFO - Creating ORM DAG for consume_1_and_2_with_dataset_expressions
[2025-05-04T17:18:39.906+0000] {logging_mixin.py:190} INFO - [2025-05-04T17:18:39.906+0000] {dag.py:3262} INFO - Creating ORM DAG for dataset_consumes_1_and_2
[2025-05-04T17:18:39.914+0000] {logging_mixin.py:190} INFO - [2025-05-04T17:18:39.914+0000] {dag.py:4180} INFO - Setting next_dagrun for conditional_dataset_and_time_based_timetable to 2025-04-30 01:00:00+00:00, run_after=2025-04-30 01:00:00+00:00
[2025-05-04T17:18:39.914+0000] {logging_mixin.py:190} INFO - [2025-05-04T17:18:39.914+0000] {dag.py:4180} INFO - Setting next_dagrun for consume_1_and_2_with_dataset_expressions to None, run_after=None
[2025-05-04T17:18:39.914+0000] {logging_mixin.py:190} INFO - [2025-05-04T17:18:39.914+0000] {dag.py:4180} INFO - Setting next_dagrun for consume_1_or_2_with_dataset_expressions to None, run_after=None
[2025-05-04T17:18:39.915+0000] {logging_mixin.py:190} INFO - [2025-05-04T17:18:39.915+0000] {dag.py:4180} INFO - Setting next_dagrun for consume_1_or_both_2_and_3_with_dataset_expressions to None, run_after=None
[2025-05-04T17:18:39.915+0000] {logging_mixin.py:190} INFO - [2025-05-04T17:18:39.915+0000] {dag.py:4180} INFO - Setting next_dagrun for dataset_consumes_1 to None, run_after=None
[2025-05-04T17:18:39.915+0000] {logging_mixin.py:190} INFO - [2025-05-04T17:18:39.915+0000] {dag.py:4180} INFO - Setting next_dagrun for dataset_consumes_1_and_2 to None, run_after=None
[2025-05-04T17:18:39.915+0000] {logging_mixin.py:190} INFO - [2025-05-04T17:18:39.915+0000] {dag.py:4180} INFO - Setting next_dagrun for dataset_consumes_1_never_scheduled to None, run_after=None
[2025-05-04T17:18:39.916+0000] {logging_mixin.py:190} INFO - [2025-05-04T17:18:39.916+0000] {dag.py:4180} INFO - Setting next_dagrun for dataset_consumes_unknown_never_scheduled to None, run_after=None
[2025-05-04T17:18:39.917+0000] {logging_mixin.py:190} INFO - [2025-05-04T17:18:39.917+0000] {dag.py:4180} INFO - Setting next_dagrun for dataset_produces_1 to 2025-05-03 00:00:00+00:00, run_after=2025-05-04 00:00:00+00:00
[2025-05-04T17:18:39.917+0000] {logging_mixin.py:190} INFO - [2025-05-04T17:18:39.917+0000] {dag.py:4180} INFO - Setting next_dagrun for dataset_produces_2 to None, run_after=None
[2025-05-04T17:18:39.945+0000] {processor.py:208} INFO - Processing /home/airflow/.local/lib/python3.12/site-packages/airflow/example_dags/example_datasets.py took 0.898 seconds
[2025-05-04T17:19:10.149+0000] {processor.py:186} INFO - Started process (PID=183) to work on /home/airflow/.local/lib/python3.12/site-packages/airflow/example_dags/example_datasets.py
[2025-05-04T17:19:10.150+0000] {processor.py:914} INFO - Processing file /home/airflow/.local/lib/python3.12/site-packages/airflow/example_dags/example_datasets.py for tasks to queue
[2025-05-04T17:19:10.152+0000] {logging_mixin.py:190} INFO - [2025-05-04T17:19:10.152+0000] {dagbag.py:588} INFO - Filling up the DagBag from /home/airflow/.local/lib/python3.12/site-packages/airflow/example_dags/example_datasets.py
[2025-05-04T17:19:10.736+0000] {processor.py:925} INFO - DAG(s) 'dataset_consumes_unknown_never_scheduled', 'dataset_consumes_1_never_scheduled', 'consume_1_and_2_with_dataset_expressions', 'dataset_produces_2', 'consume_1_or_both_2_and_3_with_dataset_expressions', 'conditional_dataset_and_time_based_timetable', 'dataset_consumes_1', 'dataset_produces_1', 'dataset_consumes_1_and_2', 'consume_1_or_2_with_dataset_expressions' retrieved from /home/airflow/.local/lib/python3.12/site-packages/airflow/example_dags/example_datasets.py
[2025-05-04T17:19:10.767+0000] {logging_mixin.py:190} INFO - [2025-05-04T17:19:10.767+0000] {dag.py:3239} INFO - Sync 10 DAGs
[2025-05-04T17:19:10.786+0000] {logging_mixin.py:190} INFO - [2025-05-04T17:19:10.786+0000] {dag.py:4180} INFO - Setting next_dagrun for conditional_dataset_and_time_based_timetable to 2025-04-30 01:00:00+00:00, run_after=2025-04-30 01:00:00+00:00
[2025-05-04T17:19:10.789+0000] {logging_mixin.py:190} INFO - [2025-05-04T17:19:10.789+0000] {dag.py:4180} INFO - Setting next_dagrun for consume_1_and_2_with_dataset_expressions to None, run_after=None
[2025-05-04T17:19:10.790+0000] {logging_mixin.py:190} INFO - [2025-05-04T17:19:10.790+0000] {dag.py:4180} INFO - Setting next_dagrun for consume_1_or_2_with_dataset_expressions to None, run_after=None
[2025-05-04T17:19:10.791+0000] {logging_mixin.py:190} INFO - [2025-05-04T17:19:10.791+0000] {dag.py:4180} INFO - Setting next_dagrun for consume_1_or_both_2_and_3_with_dataset_expressions to None, run_after=None
[2025-05-04T17:19:10.792+0000] {logging_mixin.py:190} INFO - [2025-05-04T17:19:10.792+0000] {dag.py:4180} INFO - Setting next_dagrun for dataset_consumes_1 to None, run_after=None
[2025-05-04T17:19:10.793+0000] {logging_mixin.py:190} INFO - [2025-05-04T17:19:10.793+0000] {dag.py:4180} INFO - Setting next_dagrun for dataset_consumes_1_and_2 to None, run_after=None
[2025-05-04T17:19:10.793+0000] {logging_mixin.py:190} INFO - [2025-05-04T17:19:10.793+0000] {dag.py:4180} INFO - Setting next_dagrun for dataset_consumes_1_never_scheduled to None, run_after=None
[2025-05-04T17:19:10.794+0000] {logging_mixin.py:190} INFO - [2025-05-04T17:19:10.794+0000] {dag.py:4180} INFO - Setting next_dagrun for dataset_consumes_unknown_never_scheduled to None, run_after=None
[2025-05-04T17:19:10.796+0000] {logging_mixin.py:190} INFO - [2025-05-04T17:19:10.796+0000] {dag.py:4180} INFO - Setting next_dagrun for dataset_produces_1 to 2025-05-03 00:00:00+00:00, run_after=2025-05-04 00:00:00+00:00
[2025-05-04T17:19:10.797+0000] {logging_mixin.py:190} INFO - [2025-05-04T17:19:10.797+0000] {dag.py:4180} INFO - Setting next_dagrun for dataset_produces_2 to None, run_after=None
[2025-05-04T17:19:10.849+0000] {processor.py:208} INFO - Processing /home/airflow/.local/lib/python3.12/site-packages/airflow/example_dags/example_datasets.py took 0.706 seconds
[2025-05-04T17:19:41.489+0000] {processor.py:186} INFO - Started process (PID=246) to work on /home/airflow/.local/lib/python3.12/site-packages/airflow/example_dags/example_datasets.py
[2025-05-04T17:19:41.491+0000] {processor.py:914} INFO - Processing file /home/airflow/.local/lib/python3.12/site-packages/airflow/example_dags/example_datasets.py for tasks to queue
[2025-05-04T17:19:41.494+0000] {logging_mixin.py:190} INFO - [2025-05-04T17:19:41.494+0000] {dagbag.py:588} INFO - Filling up the DagBag from /home/airflow/.local/lib/python3.12/site-packages/airflow/example_dags/example_datasets.py
[2025-05-04T17:19:42.341+0000] {processor.py:925} INFO - DAG(s) 'dataset_consumes_1_and_2', 'dataset_produces_2', 'dataset_consumes_unknown_never_scheduled', 'dataset_consumes_1_never_scheduled', 'consume_1_or_2_with_dataset_expressions', 'consume_1_or_both_2_and_3_with_dataset_expressions', 'dataset_produces_1', 'consume_1_and_2_with_dataset_expressions', 'conditional_dataset_and_time_based_timetable', 'dataset_consumes_1' retrieved from /home/airflow/.local/lib/python3.12/site-packages/airflow/example_dags/example_datasets.py
[2025-05-04T17:19:42.407+0000] {logging_mixin.py:190} INFO - [2025-05-04T17:19:42.407+0000] {dag.py:3239} INFO - Sync 10 DAGs
[2025-05-04T17:19:42.445+0000] {logging_mixin.py:190} INFO - [2025-05-04T17:19:42.445+0000] {dag.py:4180} INFO - Setting next_dagrun for conditional_dataset_and_time_based_timetable to 2025-04-30 01:00:00+00:00, run_after=2025-04-30 01:00:00+00:00
[2025-05-04T17:19:42.452+0000] {logging_mixin.py:190} INFO - [2025-05-04T17:19:42.451+0000] {dag.py:4180} INFO - Setting next_dagrun for consume_1_and_2_with_dataset_expressions to None, run_after=None
[2025-05-04T17:19:42.454+0000] {logging_mixin.py:190} INFO - [2025-05-04T17:19:42.454+0000] {dag.py:4180} INFO - Setting next_dagrun for consume_1_or_2_with_dataset_expressions to None, run_after=None
[2025-05-04T17:19:42.456+0000] {logging_mixin.py:190} INFO - [2025-05-04T17:19:42.456+0000] {dag.py:4180} INFO - Setting next_dagrun for consume_1_or_both_2_and_3_with_dataset_expressions to None, run_after=None
[2025-05-04T17:19:42.458+0000] {logging_mixin.py:190} INFO - [2025-05-04T17:19:42.457+0000] {dag.py:4180} INFO - Setting next_dagrun for dataset_consumes_1 to None, run_after=None
[2025-05-04T17:19:42.459+0000] {logging_mixin.py:190} INFO - [2025-05-04T17:19:42.459+0000] {dag.py:4180} INFO - Setting next_dagrun for dataset_consumes_1_and_2 to None, run_after=None
[2025-05-04T17:19:42.461+0000] {logging_mixin.py:190} INFO - [2025-05-04T17:19:42.461+0000] {dag.py:4180} INFO - Setting next_dagrun for dataset_consumes_1_never_scheduled to None, run_after=None
[2025-05-04T17:19:42.462+0000] {logging_mixin.py:190} INFO - [2025-05-04T17:19:42.462+0000] {dag.py:4180} INFO - Setting next_dagrun for dataset_consumes_unknown_never_scheduled to None, run_after=None
[2025-05-04T17:19:42.466+0000] {logging_mixin.py:190} INFO - [2025-05-04T17:19:42.466+0000] {dag.py:4180} INFO - Setting next_dagrun for dataset_produces_1 to 2025-05-03 00:00:00+00:00, run_after=2025-05-04 00:00:00+00:00
[2025-05-04T17:19:42.468+0000] {logging_mixin.py:190} INFO - [2025-05-04T17:19:42.468+0000] {dag.py:4180} INFO - Setting next_dagrun for dataset_produces_2 to None, run_after=None
[2025-05-04T17:19:42.546+0000] {processor.py:208} INFO - Processing /home/airflow/.local/lib/python3.12/site-packages/airflow/example_dags/example_datasets.py took 1.066 seconds
[2025-05-04T17:20:12.769+0000] {processor.py:186} INFO - Started process (PID=309) to work on /home/airflow/.local/lib/python3.12/site-packages/airflow/example_dags/example_datasets.py
[2025-05-04T17:20:12.771+0000] {processor.py:914} INFO - Processing file /home/airflow/.local/lib/python3.12/site-packages/airflow/example_dags/example_datasets.py for tasks to queue
[2025-05-04T17:20:12.774+0000] {logging_mixin.py:190} INFO - [2025-05-04T17:20:12.773+0000] {dagbag.py:588} INFO - Filling up the DagBag from /home/airflow/.local/lib/python3.12/site-packages/airflow/example_dags/example_datasets.py
[2025-05-04T17:20:13.442+0000] {processor.py:925} INFO - DAG(s) 'dataset_consumes_1_never_scheduled', 'dataset_consumes_unknown_never_scheduled', 'consume_1_and_2_with_dataset_expressions', 'dataset_produces_2', 'consume_1_or_both_2_and_3_with_dataset_expressions', 'consume_1_or_2_with_dataset_expressions', 'dataset_consumes_1', 'dataset_produces_1', 'conditional_dataset_and_time_based_timetable', 'dataset_consumes_1_and_2' retrieved from /home/airflow/.local/lib/python3.12/site-packages/airflow/example_dags/example_datasets.py
[2025-05-04T17:20:13.481+0000] {logging_mixin.py:190} INFO - [2025-05-04T17:20:13.481+0000] {dag.py:3239} INFO - Sync 10 DAGs
[2025-05-04T17:20:13.505+0000] {logging_mixin.py:190} INFO - [2025-05-04T17:20:13.505+0000] {dag.py:4180} INFO - Setting next_dagrun for conditional_dataset_and_time_based_timetable to 2025-04-30 01:00:00+00:00, run_after=2025-04-30 01:00:00+00:00
[2025-05-04T17:20:13.508+0000] {logging_mixin.py:190} INFO - [2025-05-04T17:20:13.508+0000] {dag.py:4180} INFO - Setting next_dagrun for consume_1_and_2_with_dataset_expressions to None, run_after=None
[2025-05-04T17:20:13.510+0000] {logging_mixin.py:190} INFO - [2025-05-04T17:20:13.509+0000] {dag.py:4180} INFO - Setting next_dagrun for consume_1_or_2_with_dataset_expressions to None, run_after=None
[2025-05-04T17:20:13.511+0000] {logging_mixin.py:190} INFO - [2025-05-04T17:20:13.510+0000] {dag.py:4180} INFO - Setting next_dagrun for consume_1_or_both_2_and_3_with_dataset_expressions to None, run_after=None
[2025-05-04T17:20:13.512+0000] {logging_mixin.py:190} INFO - [2025-05-04T17:20:13.511+0000] {dag.py:4180} INFO - Setting next_dagrun for dataset_consumes_1 to None, run_after=None
[2025-05-04T17:20:13.513+0000] {logging_mixin.py:190} INFO - [2025-05-04T17:20:13.512+0000] {dag.py:4180} INFO - Setting next_dagrun for dataset_consumes_1_and_2 to None, run_after=None
[2025-05-04T17:20:13.514+0000] {logging_mixin.py:190} INFO - [2025-05-04T17:20:13.513+0000] {dag.py:4180} INFO - Setting next_dagrun for dataset_consumes_1_never_scheduled to None, run_after=None
[2025-05-04T17:20:13.515+0000] {logging_mixin.py:190} INFO - [2025-05-04T17:20:13.514+0000] {dag.py:4180} INFO - Setting next_dagrun for dataset_consumes_unknown_never_scheduled to None, run_after=None
[2025-05-04T17:20:13.517+0000] {logging_mixin.py:190} INFO - [2025-05-04T17:20:13.517+0000] {dag.py:4180} INFO - Setting next_dagrun for dataset_produces_1 to 2025-05-03 00:00:00+00:00, run_after=2025-05-04 00:00:00+00:00
[2025-05-04T17:20:13.518+0000] {logging_mixin.py:190} INFO - [2025-05-04T17:20:13.518+0000] {dag.py:4180} INFO - Setting next_dagrun for dataset_produces_2 to None, run_after=None
[2025-05-04T17:20:13.552+0000] {processor.py:208} INFO - Processing /home/airflow/.local/lib/python3.12/site-packages/airflow/example_dags/example_datasets.py took 0.790 seconds
[2025-05-04T17:20:43.876+0000] {processor.py:186} INFO - Started process (PID=372) to work on /home/airflow/.local/lib/python3.12/site-packages/airflow/example_dags/example_datasets.py
[2025-05-04T17:20:43.878+0000] {processor.py:914} INFO - Processing file /home/airflow/.local/lib/python3.12/site-packages/airflow/example_dags/example_datasets.py for tasks to queue
[2025-05-04T17:20:43.881+0000] {logging_mixin.py:190} INFO - [2025-05-04T17:20:43.881+0000] {dagbag.py:588} INFO - Filling up the DagBag from /home/airflow/.local/lib/python3.12/site-packages/airflow/example_dags/example_datasets.py
[2025-05-04T17:20:44.680+0000] {processor.py:925} INFO - DAG(s) 'consume_1_and_2_with_dataset_expressions', 'dataset_produces_1', 'consume_1_or_both_2_and_3_with_dataset_expressions', 'dataset_produces_2', 'dataset_consumes_1', 'conditional_dataset_and_time_based_timetable', 'dataset_consumes_1_and_2', 'dataset_consumes_unknown_never_scheduled', 'dataset_consumes_1_never_scheduled', 'consume_1_or_2_with_dataset_expressions' retrieved from /home/airflow/.local/lib/python3.12/site-packages/airflow/example_dags/example_datasets.py
[2025-05-04T17:20:44.744+0000] {logging_mixin.py:190} INFO - [2025-05-04T17:20:44.744+0000] {dag.py:3239} INFO - Sync 10 DAGs
[2025-05-04T17:20:44.785+0000] {logging_mixin.py:190} INFO - [2025-05-04T17:20:44.785+0000] {dag.py:4180} INFO - Setting next_dagrun for conditional_dataset_and_time_based_timetable to 2025-04-30 01:00:00+00:00, run_after=2025-04-30 01:00:00+00:00
[2025-05-04T17:20:44.792+0000] {logging_mixin.py:190} INFO - [2025-05-04T17:20:44.792+0000] {dag.py:4180} INFO - Setting next_dagrun for consume_1_and_2_with_dataset_expressions to None, run_after=None
[2025-05-04T17:20:44.794+0000] {logging_mixin.py:190} INFO - [2025-05-04T17:20:44.794+0000] {dag.py:4180} INFO - Setting next_dagrun for consume_1_or_2_with_dataset_expressions to None, run_after=None
[2025-05-04T17:20:44.796+0000] {logging_mixin.py:190} INFO - [2025-05-04T17:20:44.795+0000] {dag.py:4180} INFO - Setting next_dagrun for consume_1_or_both_2_and_3_with_dataset_expressions to None, run_after=None
[2025-05-04T17:20:44.797+0000] {logging_mixin.py:190} INFO - [2025-05-04T17:20:44.797+0000] {dag.py:4180} INFO - Setting next_dagrun for dataset_consumes_1 to None, run_after=None
[2025-05-04T17:20:44.798+0000] {logging_mixin.py:190} INFO - [2025-05-04T17:20:44.798+0000] {dag.py:4180} INFO - Setting next_dagrun for dataset_consumes_1_and_2 to None, run_after=None
[2025-05-04T17:20:44.800+0000] {logging_mixin.py:190} INFO - [2025-05-04T17:20:44.800+0000] {dag.py:4180} INFO - Setting next_dagrun for dataset_consumes_1_never_scheduled to None, run_after=None
[2025-05-04T17:20:44.802+0000] {logging_mixin.py:190} INFO - [2025-05-04T17:20:44.801+0000] {dag.py:4180} INFO - Setting next_dagrun for dataset_consumes_unknown_never_scheduled to None, run_after=None
[2025-05-04T17:20:44.806+0000] {logging_mixin.py:190} INFO - [2025-05-04T17:20:44.805+0000] {dag.py:4180} INFO - Setting next_dagrun for dataset_produces_1 to 2025-05-03 00:00:00+00:00, run_after=2025-05-04 00:00:00+00:00
[2025-05-04T17:20:44.808+0000] {logging_mixin.py:190} INFO - [2025-05-04T17:20:44.808+0000] {dag.py:4180} INFO - Setting next_dagrun for dataset_produces_2 to None, run_after=None
[2025-05-04T17:20:44.879+0000] {processor.py:208} INFO - Processing /home/airflow/.local/lib/python3.12/site-packages/airflow/example_dags/example_datasets.py took 1.012 seconds
[2025-05-04T17:21:15.230+0000] {processor.py:186} INFO - Started process (PID=435) to work on /home/airflow/.local/lib/python3.12/site-packages/airflow/example_dags/example_datasets.py
[2025-05-04T17:21:15.232+0000] {processor.py:914} INFO - Processing file /home/airflow/.local/lib/python3.12/site-packages/airflow/example_dags/example_datasets.py for tasks to queue
[2025-05-04T17:21:15.234+0000] {logging_mixin.py:190} INFO - [2025-05-04T17:21:15.234+0000] {dagbag.py:588} INFO - Filling up the DagBag from /home/airflow/.local/lib/python3.12/site-packages/airflow/example_dags/example_datasets.py
[2025-05-04T17:21:16.011+0000] {processor.py:925} INFO - DAG(s) 'consume_1_and_2_with_dataset_expressions', 'dataset_consumes_1_and_2', 'dataset_consumes_1_never_scheduled', 'dataset_consumes_1', 'consume_1_or_both_2_and_3_with_dataset_expressions', 'dataset_produces_1', 'conditional_dataset_and_time_based_timetable', 'dataset_consumes_unknown_never_scheduled', 'consume_1_or_2_with_dataset_expressions', 'dataset_produces_2' retrieved from /home/airflow/.local/lib/python3.12/site-packages/airflow/example_dags/example_datasets.py
[2025-05-04T17:21:16.070+0000] {logging_mixin.py:190} INFO - [2025-05-04T17:21:16.069+0000] {dag.py:3239} INFO - Sync 10 DAGs
[2025-05-04T17:21:16.104+0000] {logging_mixin.py:190} INFO - [2025-05-04T17:21:16.104+0000] {dag.py:4180} INFO - Setting next_dagrun for conditional_dataset_and_time_based_timetable to 2025-04-30 01:00:00+00:00, run_after=2025-04-30 01:00:00+00:00
[2025-05-04T17:21:16.109+0000] {logging_mixin.py:190} INFO - [2025-05-04T17:21:16.108+0000] {dag.py:4180} INFO - Setting next_dagrun for consume_1_and_2_with_dataset_expressions to None, run_after=None
[2025-05-04T17:21:16.110+0000] {logging_mixin.py:190} INFO - [2025-05-04T17:21:16.110+0000] {dag.py:4180} INFO - Setting next_dagrun for consume_1_or_2_with_dataset_expressions to None, run_after=None
[2025-05-04T17:21:16.112+0000] {logging_mixin.py:190} INFO - [2025-05-04T17:21:16.112+0000] {dag.py:4180} INFO - Setting next_dagrun for consume_1_or_both_2_and_3_with_dataset_expressions to None, run_after=None
[2025-05-04T17:21:16.113+0000] {logging_mixin.py:190} INFO - [2025-05-04T17:21:16.113+0000] {dag.py:4180} INFO - Setting next_dagrun for dataset_consumes_1 to None, run_after=None
[2025-05-04T17:21:16.115+0000] {logging_mixin.py:190} INFO - [2025-05-04T17:21:16.115+0000] {dag.py:4180} INFO - Setting next_dagrun for dataset_consumes_1_and_2 to None, run_after=None
[2025-05-04T17:21:16.117+0000] {logging_mixin.py:190} INFO - [2025-05-04T17:21:16.117+0000] {dag.py:4180} INFO - Setting next_dagrun for dataset_consumes_1_never_scheduled to None, run_after=None
[2025-05-04T17:21:16.119+0000] {logging_mixin.py:190} INFO - [2025-05-04T17:21:16.119+0000] {dag.py:4180} INFO - Setting next_dagrun for dataset_consumes_unknown_never_scheduled to None, run_after=None
[2025-05-04T17:21:16.122+0000] {logging_mixin.py:190} INFO - [2025-05-04T17:21:16.122+0000] {dag.py:4180} INFO - Setting next_dagrun for dataset_produces_1 to 2025-05-03 00:00:00+00:00, run_after=2025-05-04 00:00:00+00:00
[2025-05-04T17:21:16.124+0000] {logging_mixin.py:190} INFO - [2025-05-04T17:21:16.124+0000] {dag.py:4180} INFO - Setting next_dagrun for dataset_produces_2 to None, run_after=None
[2025-05-04T17:21:16.172+0000] {processor.py:208} INFO - Processing /home/airflow/.local/lib/python3.12/site-packages/airflow/example_dags/example_datasets.py took 0.950 seconds
[2025-05-04T17:21:46.455+0000] {processor.py:186} INFO - Started process (PID=498) to work on /home/airflow/.local/lib/python3.12/site-packages/airflow/example_dags/example_datasets.py
[2025-05-04T17:21:46.457+0000] {processor.py:914} INFO - Processing file /home/airflow/.local/lib/python3.12/site-packages/airflow/example_dags/example_datasets.py for tasks to queue
[2025-05-04T17:21:46.460+0000] {logging_mixin.py:190} INFO - [2025-05-04T17:21:46.460+0000] {dagbag.py:588} INFO - Filling up the DagBag from /home/airflow/.local/lib/python3.12/site-packages/airflow/example_dags/example_datasets.py
[2025-05-04T17:21:47.249+0000] {processor.py:925} INFO - DAG(s) 'dataset_consumes_unknown_never_scheduled', 'dataset_consumes_1_never_scheduled', 'dataset_produces_1', 'conditional_dataset_and_time_based_timetable', 'consume_1_and_2_with_dataset_expressions', 'consume_1_or_2_with_dataset_expressions', 'dataset_consumes_1', 'consume_1_or_both_2_and_3_with_dataset_expressions', 'dataset_consumes_1_and_2', 'dataset_produces_2' retrieved from /home/airflow/.local/lib/python3.12/site-packages/airflow/example_dags/example_datasets.py
[2025-05-04T17:21:47.306+0000] {logging_mixin.py:190} INFO - [2025-05-04T17:21:47.305+0000] {dag.py:3239} INFO - Sync 10 DAGs
[2025-05-04T17:21:47.339+0000] {logging_mixin.py:190} INFO - [2025-05-04T17:21:47.339+0000] {dag.py:4180} INFO - Setting next_dagrun for conditional_dataset_and_time_based_timetable to 2025-04-30 01:00:00+00:00, run_after=2025-04-30 01:00:00+00:00
[2025-05-04T17:21:47.344+0000] {logging_mixin.py:190} INFO - [2025-05-04T17:21:47.344+0000] {dag.py:4180} INFO - Setting next_dagrun for consume_1_and_2_with_dataset_expressions to None, run_after=None
[2025-05-04T17:21:47.346+0000] {logging_mixin.py:190} INFO - [2025-05-04T17:21:47.345+0000] {dag.py:4180} INFO - Setting next_dagrun for consume_1_or_2_with_dataset_expressions to None, run_after=None
[2025-05-04T17:21:47.347+0000] {logging_mixin.py:190} INFO - [2025-05-04T17:21:47.347+0000] {dag.py:4180} INFO - Setting next_dagrun for consume_1_or_both_2_and_3_with_dataset_expressions to None, run_after=None
[2025-05-04T17:21:47.349+0000] {logging_mixin.py:190} INFO - [2025-05-04T17:21:47.348+0000] {dag.py:4180} INFO - Setting next_dagrun for dataset_consumes_1 to None, run_after=None
[2025-05-04T17:21:47.351+0000] {logging_mixin.py:190} INFO - [2025-05-04T17:21:47.350+0000] {dag.py:4180} INFO - Setting next_dagrun for dataset_consumes_1_and_2 to None, run_after=None
[2025-05-04T17:21:47.352+0000] {logging_mixin.py:190} INFO - [2025-05-04T17:21:47.352+0000] {dag.py:4180} INFO - Setting next_dagrun for dataset_consumes_1_never_scheduled to None, run_after=None
[2025-05-04T17:21:47.354+0000] {logging_mixin.py:190} INFO - [2025-05-04T17:21:47.354+0000] {dag.py:4180} INFO - Setting next_dagrun for dataset_consumes_unknown_never_scheduled to None, run_after=None
[2025-05-04T17:21:47.358+0000] {logging_mixin.py:190} INFO - [2025-05-04T17:21:47.358+0000] {dag.py:4180} INFO - Setting next_dagrun for dataset_produces_1 to 2025-05-03 00:00:00+00:00, run_after=2025-05-04 00:00:00+00:00
[2025-05-04T17:21:47.360+0000] {logging_mixin.py:190} INFO - [2025-05-04T17:21:47.360+0000] {dag.py:4180} INFO - Setting next_dagrun for dataset_produces_2 to None, run_after=None
[2025-05-04T17:21:47.406+0000] {processor.py:208} INFO - Processing /home/airflow/.local/lib/python3.12/site-packages/airflow/example_dags/example_datasets.py took 0.958 seconds
[2025-05-04T17:22:17.916+0000] {processor.py:186} INFO - Started process (PID=561) to work on /home/airflow/.local/lib/python3.12/site-packages/airflow/example_dags/example_datasets.py
[2025-05-04T17:22:17.918+0000] {processor.py:914} INFO - Processing file /home/airflow/.local/lib/python3.12/site-packages/airflow/example_dags/example_datasets.py for tasks to queue
[2025-05-04T17:22:17.920+0000] {logging_mixin.py:190} INFO - [2025-05-04T17:22:17.920+0000] {dagbag.py:588} INFO - Filling up the DagBag from /home/airflow/.local/lib/python3.12/site-packages/airflow/example_dags/example_datasets.py
[2025-05-04T17:22:18.718+0000] {processor.py:925} INFO - DAG(s) 'dataset_produces_1', 'conditional_dataset_and_time_based_timetable', 'dataset_consumes_unknown_never_scheduled', 'consume_1_or_2_with_dataset_expressions', 'dataset_consumes_1_never_scheduled', 'dataset_consumes_1', 'consume_1_or_both_2_and_3_with_dataset_expressions', 'consume_1_and_2_with_dataset_expressions', 'dataset_consumes_1_and_2', 'dataset_produces_2' retrieved from /home/airflow/.local/lib/python3.12/site-packages/airflow/example_dags/example_datasets.py
[2025-05-04T17:22:18.773+0000] {logging_mixin.py:190} INFO - [2025-05-04T17:22:18.773+0000] {dag.py:3239} INFO - Sync 10 DAGs
[2025-05-04T17:22:18.809+0000] {logging_mixin.py:190} INFO - [2025-05-04T17:22:18.809+0000] {dag.py:4180} INFO - Setting next_dagrun for conditional_dataset_and_time_based_timetable to 2025-04-30 01:00:00+00:00, run_after=2025-04-30 01:00:00+00:00
[2025-05-04T17:22:18.814+0000] {logging_mixin.py:190} INFO - [2025-05-04T17:22:18.814+0000] {dag.py:4180} INFO - Setting next_dagrun for consume_1_and_2_with_dataset_expressions to None, run_after=None
[2025-05-04T17:22:18.816+0000] {logging_mixin.py:190} INFO - [2025-05-04T17:22:18.815+0000] {dag.py:4180} INFO - Setting next_dagrun for consume_1_or_2_with_dataset_expressions to None, run_after=None
[2025-05-04T17:22:18.817+0000] {logging_mixin.py:190} INFO - [2025-05-04T17:22:18.817+0000] {dag.py:4180} INFO - Setting next_dagrun for consume_1_or_both_2_and_3_with_dataset_expressions to None, run_after=None
[2025-05-04T17:22:18.819+0000] {logging_mixin.py:190} INFO - [2025-05-04T17:22:18.818+0000] {dag.py:4180} INFO - Setting next_dagrun for dataset_consumes_1 to None, run_after=None
[2025-05-04T17:22:18.820+0000] {logging_mixin.py:190} INFO - [2025-05-04T17:22:18.820+0000] {dag.py:4180} INFO - Setting next_dagrun for dataset_consumes_1_and_2 to None, run_after=None
[2025-05-04T17:22:18.822+0000] {logging_mixin.py:190} INFO - [2025-05-04T17:22:18.822+0000] {dag.py:4180} INFO - Setting next_dagrun for dataset_consumes_1_never_scheduled to None, run_after=None
[2025-05-04T17:22:18.823+0000] {logging_mixin.py:190} INFO - [2025-05-04T17:22:18.823+0000] {dag.py:4180} INFO - Setting next_dagrun for dataset_consumes_unknown_never_scheduled to None, run_after=None
[2025-05-04T17:22:18.827+0000] {logging_mixin.py:190} INFO - [2025-05-04T17:22:18.827+0000] {dag.py:4180} INFO - Setting next_dagrun for dataset_produces_1 to 2025-05-03 00:00:00+00:00, run_after=2025-05-04 00:00:00+00:00
[2025-05-04T17:22:18.828+0000] {logging_mixin.py:190} INFO - [2025-05-04T17:22:18.828+0000] {dag.py:4180} INFO - Setting next_dagrun for dataset_produces_2 to None, run_after=None
[2025-05-04T17:22:18.873+0000] {processor.py:208} INFO - Processing /home/airflow/.local/lib/python3.12/site-packages/airflow/example_dags/example_datasets.py took 0.965 seconds
[2025-05-04T17:22:49.634+0000] {processor.py:186} INFO - Started process (PID=624) to work on /home/airflow/.local/lib/python3.12/site-packages/airflow/example_dags/example_datasets.py
[2025-05-04T17:22:49.636+0000] {processor.py:914} INFO - Processing file /home/airflow/.local/lib/python3.12/site-packages/airflow/example_dags/example_datasets.py for tasks to queue
[2025-05-04T17:22:49.639+0000] {logging_mixin.py:190} INFO - [2025-05-04T17:22:49.638+0000] {dagbag.py:588} INFO - Filling up the DagBag from /home/airflow/.local/lib/python3.12/site-packages/airflow/example_dags/example_datasets.py
[2025-05-04T17:22:50.423+0000] {processor.py:925} INFO - DAG(s) 'dataset_consumes_1_and_2', 'consume_1_or_both_2_and_3_with_dataset_expressions', 'dataset_consumes_1', 'dataset_consumes_unknown_never_scheduled', 'dataset_consumes_1_never_scheduled', 'dataset_produces_1', 'consume_1_and_2_with_dataset_expressions', 'dataset_produces_2', 'conditional_dataset_and_time_based_timetable', 'consume_1_or_2_with_dataset_expressions' retrieved from /home/airflow/.local/lib/python3.12/site-packages/airflow/example_dags/example_datasets.py
[2025-05-04T17:22:50.482+0000] {logging_mixin.py:190} INFO - [2025-05-04T17:22:50.482+0000] {dag.py:3239} INFO - Sync 10 DAGs
[2025-05-04T17:22:50.517+0000] {logging_mixin.py:190} INFO - [2025-05-04T17:22:50.517+0000] {dag.py:4180} INFO - Setting next_dagrun for conditional_dataset_and_time_based_timetable to 2025-04-30 01:00:00+00:00, run_after=2025-04-30 01:00:00+00:00
[2025-05-04T17:22:50.522+0000] {logging_mixin.py:190} INFO - [2025-05-04T17:22:50.522+0000] {dag.py:4180} INFO - Setting next_dagrun for consume_1_and_2_with_dataset_expressions to None, run_after=None
[2025-05-04T17:22:50.524+0000] {logging_mixin.py:190} INFO - [2025-05-04T17:22:50.524+0000] {dag.py:4180} INFO - Setting next_dagrun for consume_1_or_2_with_dataset_expressions to None, run_after=None
[2025-05-04T17:22:50.525+0000] {logging_mixin.py:190} INFO - [2025-05-04T17:22:50.525+0000] {dag.py:4180} INFO - Setting next_dagrun for consume_1_or_both_2_and_3_with_dataset_expressions to None, run_after=None
[2025-05-04T17:22:50.527+0000] {logging_mixin.py:190} INFO - [2025-05-04T17:22:50.527+0000] {dag.py:4180} INFO - Setting next_dagrun for dataset_consumes_1 to None, run_after=None
[2025-05-04T17:22:50.529+0000] {logging_mixin.py:190} INFO - [2025-05-04T17:22:50.528+0000] {dag.py:4180} INFO - Setting next_dagrun for dataset_consumes_1_and_2 to None, run_after=None
[2025-05-04T17:22:50.530+0000] {logging_mixin.py:190} INFO - [2025-05-04T17:22:50.530+0000] {dag.py:4180} INFO - Setting next_dagrun for dataset_consumes_1_never_scheduled to None, run_after=None
[2025-05-04T17:22:50.532+0000] {logging_mixin.py:190} INFO - [2025-05-04T17:22:50.532+0000] {dag.py:4180} INFO - Setting next_dagrun for dataset_consumes_unknown_never_scheduled to None, run_after=None
[2025-05-04T17:22:50.535+0000] {logging_mixin.py:190} INFO - [2025-05-04T17:22:50.535+0000] {dag.py:4180} INFO - Setting next_dagrun for dataset_produces_1 to 2025-05-03 00:00:00+00:00, run_after=2025-05-04 00:00:00+00:00
[2025-05-04T17:22:50.537+0000] {logging_mixin.py:190} INFO - [2025-05-04T17:22:50.536+0000] {dag.py:4180} INFO - Setting next_dagrun for dataset_produces_2 to None, run_after=None
[2025-05-04T17:22:50.583+0000] {processor.py:208} INFO - Processing /home/airflow/.local/lib/python3.12/site-packages/airflow/example_dags/example_datasets.py took 0.957 seconds
[2025-05-04T17:23:20.800+0000] {processor.py:186} INFO - Started process (PID=687) to work on /home/airflow/.local/lib/python3.12/site-packages/airflow/example_dags/example_datasets.py
[2025-05-04T17:23:20.802+0000] {processor.py:914} INFO - Processing file /home/airflow/.local/lib/python3.12/site-packages/airflow/example_dags/example_datasets.py for tasks to queue
[2025-05-04T17:23:20.805+0000] {logging_mixin.py:190} INFO - [2025-05-04T17:23:20.804+0000] {dagbag.py:588} INFO - Filling up the DagBag from /home/airflow/.local/lib/python3.12/site-packages/airflow/example_dags/example_datasets.py
[2025-05-04T17:23:21.591+0000] {processor.py:925} INFO - DAG(s) 'consume_1_and_2_with_dataset_expressions', 'consume_1_or_2_with_dataset_expressions', 'conditional_dataset_and_time_based_timetable', 'consume_1_or_both_2_and_3_with_dataset_expressions', 'dataset_consumes_1_and_2', 'dataset_produces_2', 'dataset_consumes_1_never_scheduled', 'dataset_produces_1', 'dataset_consumes_unknown_never_scheduled', 'dataset_consumes_1' retrieved from /home/airflow/.local/lib/python3.12/site-packages/airflow/example_dags/example_datasets.py
[2025-05-04T17:23:21.647+0000] {logging_mixin.py:190} INFO - [2025-05-04T17:23:21.646+0000] {dag.py:3239} INFO - Sync 10 DAGs
[2025-05-04T17:23:21.684+0000] {logging_mixin.py:190} INFO - [2025-05-04T17:23:21.684+0000] {dag.py:4180} INFO - Setting next_dagrun for conditional_dataset_and_time_based_timetable to 2025-04-30 01:00:00+00:00, run_after=2025-04-30 01:00:00+00:00
[2025-05-04T17:23:21.689+0000] {logging_mixin.py:190} INFO - [2025-05-04T17:23:21.688+0000] {dag.py:4180} INFO - Setting next_dagrun for consume_1_and_2_with_dataset_expressions to None, run_after=None
[2025-05-04T17:23:21.690+0000] {logging_mixin.py:190} INFO - [2025-05-04T17:23:21.690+0000] {dag.py:4180} INFO - Setting next_dagrun for consume_1_or_2_with_dataset_expressions to None, run_after=None
[2025-05-04T17:23:21.692+0000] {logging_mixin.py:190} INFO - [2025-05-04T17:23:21.692+0000] {dag.py:4180} INFO - Setting next_dagrun for consume_1_or_both_2_and_3_with_dataset_expressions to None, run_after=None
[2025-05-04T17:23:21.694+0000] {logging_mixin.py:190} INFO - [2025-05-04T17:23:21.693+0000] {dag.py:4180} INFO - Setting next_dagrun for dataset_consumes_1 to None, run_after=None
[2025-05-04T17:23:21.695+0000] {logging_mixin.py:190} INFO - [2025-05-04T17:23:21.695+0000] {dag.py:4180} INFO - Setting next_dagrun for dataset_consumes_1_and_2 to None, run_after=None
[2025-05-04T17:23:21.697+0000] {logging_mixin.py:190} INFO - [2025-05-04T17:23:21.697+0000] {dag.py:4180} INFO - Setting next_dagrun for dataset_consumes_1_never_scheduled to None, run_after=None
[2025-05-04T17:23:21.699+0000] {logging_mixin.py:190} INFO - [2025-05-04T17:23:21.698+0000] {dag.py:4180} INFO - Setting next_dagrun for dataset_consumes_unknown_never_scheduled to None, run_after=None
[2025-05-04T17:23:21.702+0000] {logging_mixin.py:190} INFO - [2025-05-04T17:23:21.702+0000] {dag.py:4180} INFO - Setting next_dagrun for dataset_produces_1 to 2025-05-03 00:00:00+00:00, run_after=2025-05-04 00:00:00+00:00
[2025-05-04T17:23:21.703+0000] {logging_mixin.py:190} INFO - [2025-05-04T17:23:21.703+0000] {dag.py:4180} INFO - Setting next_dagrun for dataset_produces_2 to None, run_after=None
[2025-05-04T17:23:21.747+0000] {processor.py:208} INFO - Processing /home/airflow/.local/lib/python3.12/site-packages/airflow/example_dags/example_datasets.py took 0.956 seconds
[2025-05-04T17:23:52.049+0000] {processor.py:186} INFO - Started process (PID=750) to work on /home/airflow/.local/lib/python3.12/site-packages/airflow/example_dags/example_datasets.py
[2025-05-04T17:23:52.051+0000] {processor.py:914} INFO - Processing file /home/airflow/.local/lib/python3.12/site-packages/airflow/example_dags/example_datasets.py for tasks to queue
[2025-05-04T17:23:52.054+0000] {logging_mixin.py:190} INFO - [2025-05-04T17:23:52.054+0000] {dagbag.py:588} INFO - Filling up the DagBag from /home/airflow/.local/lib/python3.12/site-packages/airflow/example_dags/example_datasets.py
[2025-05-04T17:23:52.831+0000] {processor.py:925} INFO - DAG(s) 'consume_1_and_2_with_dataset_expressions', 'dataset_produces_1', 'consume_1_or_2_with_dataset_expressions', 'dataset_consumes_1', 'consume_1_or_both_2_and_3_with_dataset_expressions', 'dataset_consumes_unknown_never_scheduled', 'dataset_consumes_1_never_scheduled', 'dataset_produces_2', 'conditional_dataset_and_time_based_timetable', 'dataset_consumes_1_and_2' retrieved from /home/airflow/.local/lib/python3.12/site-packages/airflow/example_dags/example_datasets.py
[2025-05-04T17:23:52.885+0000] {logging_mixin.py:190} INFO - [2025-05-04T17:23:52.885+0000] {dag.py:3239} INFO - Sync 10 DAGs
[2025-05-04T17:23:52.920+0000] {logging_mixin.py:190} INFO - [2025-05-04T17:23:52.920+0000] {dag.py:4180} INFO - Setting next_dagrun for conditional_dataset_and_time_based_timetable to 2025-04-30 01:00:00+00:00, run_after=2025-04-30 01:00:00+00:00
[2025-05-04T17:23:52.924+0000] {logging_mixin.py:190} INFO - [2025-05-04T17:23:52.924+0000] {dag.py:4180} INFO - Setting next_dagrun for consume_1_and_2_with_dataset_expressions to None, run_after=None
[2025-05-04T17:23:52.926+0000] {logging_mixin.py:190} INFO - [2025-05-04T17:23:52.926+0000] {dag.py:4180} INFO - Setting next_dagrun for consume_1_or_2_with_dataset_expressions to None, run_after=None
[2025-05-04T17:23:52.928+0000] {logging_mixin.py:190} INFO - [2025-05-04T17:23:52.928+0000] {dag.py:4180} INFO - Setting next_dagrun for consume_1_or_both_2_and_3_with_dataset_expressions to None, run_after=None
[2025-05-04T17:23:52.929+0000] {logging_mixin.py:190} INFO - [2025-05-04T17:23:52.929+0000] {dag.py:4180} INFO - Setting next_dagrun for dataset_consumes_1 to None, run_after=None
[2025-05-04T17:23:52.931+0000] {logging_mixin.py:190} INFO - [2025-05-04T17:23:52.931+0000] {dag.py:4180} INFO - Setting next_dagrun for dataset_consumes_1_and_2 to None, run_after=None
[2025-05-04T17:23:52.932+0000] {logging_mixin.py:190} INFO - [2025-05-04T17:23:52.932+0000] {dag.py:4180} INFO - Setting next_dagrun for dataset_consumes_1_never_scheduled to None, run_after=None
[2025-05-04T17:23:52.934+0000] {logging_mixin.py:190} INFO - [2025-05-04T17:23:52.934+0000] {dag.py:4180} INFO - Setting next_dagrun for dataset_consumes_unknown_never_scheduled to None, run_after=None
[2025-05-04T17:23:52.937+0000] {logging_mixin.py:190} INFO - [2025-05-04T17:23:52.937+0000] {dag.py:4180} INFO - Setting next_dagrun for dataset_produces_1 to 2025-05-03 00:00:00+00:00, run_after=2025-05-04 00:00:00+00:00
[2025-05-04T17:23:52.939+0000] {logging_mixin.py:190} INFO - [2025-05-04T17:23:52.939+0000] {dag.py:4180} INFO - Setting next_dagrun for dataset_produces_2 to None, run_after=None
[2025-05-04T17:23:52.983+0000] {processor.py:208} INFO - Processing /home/airflow/.local/lib/python3.12/site-packages/airflow/example_dags/example_datasets.py took 0.942 seconds
[2025-05-04T17:24:23.280+0000] {processor.py:186} INFO - Started process (PID=813) to work on /home/airflow/.local/lib/python3.12/site-packages/airflow/example_dags/example_datasets.py
[2025-05-04T17:24:23.282+0000] {processor.py:914} INFO - Processing file /home/airflow/.local/lib/python3.12/site-packages/airflow/example_dags/example_datasets.py for tasks to queue
[2025-05-04T17:24:23.285+0000] {logging_mixin.py:190} INFO - [2025-05-04T17:24:23.284+0000] {dagbag.py:588} INFO - Filling up the DagBag from /home/airflow/.local/lib/python3.12/site-packages/airflow/example_dags/example_datasets.py
[2025-05-04T17:24:24.069+0000] {processor.py:925} INFO - DAG(s) 'dataset_consumes_1_never_scheduled', 'dataset_consumes_unknown_never_scheduled', 'dataset_consumes_1', 'dataset_produces_2', 'consume_1_or_both_2_and_3_with_dataset_expressions', 'consume_1_or_2_with_dataset_expressions', 'conditional_dataset_and_time_based_timetable', 'dataset_produces_1', 'consume_1_and_2_with_dataset_expressions', 'dataset_consumes_1_and_2' retrieved from /home/airflow/.local/lib/python3.12/site-packages/airflow/example_dags/example_datasets.py
[2025-05-04T17:24:24.130+0000] {logging_mixin.py:190} INFO - [2025-05-04T17:24:24.129+0000] {dag.py:3239} INFO - Sync 10 DAGs
[2025-05-04T17:24:24.167+0000] {logging_mixin.py:190} INFO - [2025-05-04T17:24:24.167+0000] {dag.py:4180} INFO - Setting next_dagrun for conditional_dataset_and_time_based_timetable to 2025-04-30 01:00:00+00:00, run_after=2025-04-30 01:00:00+00:00
[2025-05-04T17:24:24.172+0000] {logging_mixin.py:190} INFO - [2025-05-04T17:24:24.172+0000] {dag.py:4180} INFO - Setting next_dagrun for consume_1_and_2_with_dataset_expressions to None, run_after=None
[2025-05-04T17:24:24.176+0000] {logging_mixin.py:190} INFO - [2025-05-04T17:24:24.176+0000] {dag.py:4180} INFO - Setting next_dagrun for consume_1_or_2_with_dataset_expressions to None, run_after=None
[2025-05-04T17:24:24.178+0000] {logging_mixin.py:190} INFO - [2025-05-04T17:24:24.177+0000] {dag.py:4180} INFO - Setting next_dagrun for consume_1_or_both_2_and_3_with_dataset_expressions to None, run_after=None
[2025-05-04T17:24:24.179+0000] {logging_mixin.py:190} INFO - [2025-05-04T17:24:24.179+0000] {dag.py:4180} INFO - Setting next_dagrun for dataset_consumes_1 to None, run_after=None
[2025-05-04T17:24:24.181+0000] {logging_mixin.py:190} INFO - [2025-05-04T17:24:24.181+0000] {dag.py:4180} INFO - Setting next_dagrun for dataset_consumes_1_and_2 to None, run_after=None
[2025-05-04T17:24:24.183+0000] {logging_mixin.py:190} INFO - [2025-05-04T17:24:24.182+0000] {dag.py:4180} INFO - Setting next_dagrun for dataset_consumes_1_never_scheduled to None, run_after=None
[2025-05-04T17:24:24.184+0000] {logging_mixin.py:190} INFO - [2025-05-04T17:24:24.184+0000] {dag.py:4180} INFO - Setting next_dagrun for dataset_consumes_unknown_never_scheduled to None, run_after=None
[2025-05-04T17:24:24.187+0000] {logging_mixin.py:190} INFO - [2025-05-04T17:24:24.187+0000] {dag.py:4180} INFO - Setting next_dagrun for dataset_produces_1 to 2025-05-03 00:00:00+00:00, run_after=2025-05-04 00:00:00+00:00
[2025-05-04T17:24:24.189+0000] {logging_mixin.py:190} INFO - [2025-05-04T17:24:24.189+0000] {dag.py:4180} INFO - Setting next_dagrun for dataset_produces_2 to None, run_after=None
[2025-05-04T17:24:24.235+0000] {processor.py:208} INFO - Processing /home/airflow/.local/lib/python3.12/site-packages/airflow/example_dags/example_datasets.py took 0.963 seconds
[2025-05-04T17:24:54.812+0000] {processor.py:186} INFO - Started process (PID=876) to work on /home/airflow/.local/lib/python3.12/site-packages/airflow/example_dags/example_datasets.py
[2025-05-04T17:24:54.813+0000] {processor.py:914} INFO - Processing file /home/airflow/.local/lib/python3.12/site-packages/airflow/example_dags/example_datasets.py for tasks to queue
[2025-05-04T17:24:54.815+0000] {logging_mixin.py:190} INFO - [2025-05-04T17:24:54.815+0000] {dagbag.py:588} INFO - Filling up the DagBag from /home/airflow/.local/lib/python3.12/site-packages/airflow/example_dags/example_datasets.py
[2025-05-04T17:24:55.360+0000] {processor.py:925} INFO - DAG(s) 'consume_1_or_2_with_dataset_expressions', 'dataset_consumes_unknown_never_scheduled', 'dataset_consumes_1', 'dataset_produces_2', 'dataset_consumes_1_and_2', 'conditional_dataset_and_time_based_timetable', 'dataset_consumes_1_never_scheduled', 'consume_1_and_2_with_dataset_expressions', 'dataset_produces_1', 'consume_1_or_both_2_and_3_with_dataset_expressions' retrieved from /home/airflow/.local/lib/python3.12/site-packages/airflow/example_dags/example_datasets.py
[2025-05-04T17:24:55.395+0000] {logging_mixin.py:190} INFO - [2025-05-04T17:24:55.394+0000] {dag.py:3239} INFO - Sync 10 DAGs
[2025-05-04T17:24:55.415+0000] {logging_mixin.py:190} INFO - [2025-05-04T17:24:55.415+0000] {dag.py:4180} INFO - Setting next_dagrun for conditional_dataset_and_time_based_timetable to 2025-04-30 01:00:00+00:00, run_after=2025-04-30 01:00:00+00:00
[2025-05-04T17:24:55.418+0000] {logging_mixin.py:190} INFO - [2025-05-04T17:24:55.418+0000] {dag.py:4180} INFO - Setting next_dagrun for consume_1_and_2_with_dataset_expressions to None, run_after=None
[2025-05-04T17:24:55.419+0000] {logging_mixin.py:190} INFO - [2025-05-04T17:24:55.419+0000] {dag.py:4180} INFO - Setting next_dagrun for consume_1_or_2_with_dataset_expressions to None, run_after=None
[2025-05-04T17:24:55.420+0000] {logging_mixin.py:190} INFO - [2025-05-04T17:24:55.420+0000] {dag.py:4180} INFO - Setting next_dagrun for consume_1_or_both_2_and_3_with_dataset_expressions to None, run_after=None
[2025-05-04T17:24:55.421+0000] {logging_mixin.py:190} INFO - [2025-05-04T17:24:55.421+0000] {dag.py:4180} INFO - Setting next_dagrun for dataset_consumes_1 to None, run_after=None
[2025-05-04T17:24:55.422+0000] {logging_mixin.py:190} INFO - [2025-05-04T17:24:55.422+0000] {dag.py:4180} INFO - Setting next_dagrun for dataset_consumes_1_and_2 to None, run_after=None
[2025-05-04T17:24:55.423+0000] {logging_mixin.py:190} INFO - [2025-05-04T17:24:55.423+0000] {dag.py:4180} INFO - Setting next_dagrun for dataset_consumes_1_never_scheduled to None, run_after=None
[2025-05-04T17:24:55.424+0000] {logging_mixin.py:190} INFO - [2025-05-04T17:24:55.424+0000] {dag.py:4180} INFO - Setting next_dagrun for dataset_consumes_unknown_never_scheduled to None, run_after=None
[2025-05-04T17:24:55.426+0000] {logging_mixin.py:190} INFO - [2025-05-04T17:24:55.426+0000] {dag.py:4180} INFO - Setting next_dagrun for dataset_produces_1 to 2025-05-03 00:00:00+00:00, run_after=2025-05-04 00:00:00+00:00
[2025-05-04T17:24:55.427+0000] {logging_mixin.py:190} INFO - [2025-05-04T17:24:55.427+0000] {dag.py:4180} INFO - Setting next_dagrun for dataset_produces_2 to None, run_after=None
[2025-05-04T17:24:55.454+0000] {processor.py:208} INFO - Processing /home/airflow/.local/lib/python3.12/site-packages/airflow/example_dags/example_datasets.py took 0.647 seconds
[2025-05-04T17:25:26.148+0000] {processor.py:186} INFO - Started process (PID=939) to work on /home/airflow/.local/lib/python3.12/site-packages/airflow/example_dags/example_datasets.py
[2025-05-04T17:25:26.152+0000] {processor.py:914} INFO - Processing file /home/airflow/.local/lib/python3.12/site-packages/airflow/example_dags/example_datasets.py for tasks to queue
[2025-05-04T17:25:26.154+0000] {logging_mixin.py:190} INFO - [2025-05-04T17:25:26.154+0000] {dagbag.py:588} INFO - Filling up the DagBag from /home/airflow/.local/lib/python3.12/site-packages/airflow/example_dags/example_datasets.py
[2025-05-04T17:25:26.944+0000] {processor.py:925} INFO - DAG(s) 'consume_1_or_both_2_and_3_with_dataset_expressions', 'conditional_dataset_and_time_based_timetable', 'dataset_consumes_1', 'dataset_consumes_1_and_2', 'dataset_produces_1', 'consume_1_and_2_with_dataset_expressions', 'dataset_consumes_unknown_never_scheduled', 'consume_1_or_2_with_dataset_expressions', 'dataset_produces_2', 'dataset_consumes_1_never_scheduled' retrieved from /home/airflow/.local/lib/python3.12/site-packages/airflow/example_dags/example_datasets.py
[2025-05-04T17:25:27.004+0000] {logging_mixin.py:190} INFO - [2025-05-04T17:25:27.004+0000] {dag.py:3239} INFO - Sync 10 DAGs
[2025-05-04T17:25:27.039+0000] {logging_mixin.py:190} INFO - [2025-05-04T17:25:27.039+0000] {dag.py:4180} INFO - Setting next_dagrun for conditional_dataset_and_time_based_timetable to 2025-04-30 01:00:00+00:00, run_after=2025-04-30 01:00:00+00:00
[2025-05-04T17:25:27.044+0000] {logging_mixin.py:190} INFO - [2025-05-04T17:25:27.044+0000] {dag.py:4180} INFO - Setting next_dagrun for consume_1_and_2_with_dataset_expressions to None, run_after=None
[2025-05-04T17:25:27.046+0000] {logging_mixin.py:190} INFO - [2025-05-04T17:25:27.046+0000] {dag.py:4180} INFO - Setting next_dagrun for consume_1_or_2_with_dataset_expressions to None, run_after=None
[2025-05-04T17:25:27.048+0000] {logging_mixin.py:190} INFO - [2025-05-04T17:25:27.047+0000] {dag.py:4180} INFO - Setting next_dagrun for consume_1_or_both_2_and_3_with_dataset_expressions to None, run_after=None
[2025-05-04T17:25:27.049+0000] {logging_mixin.py:190} INFO - [2025-05-04T17:25:27.049+0000] {dag.py:4180} INFO - Setting next_dagrun for dataset_consumes_1 to None, run_after=None
[2025-05-04T17:25:27.051+0000] {logging_mixin.py:190} INFO - [2025-05-04T17:25:27.050+0000] {dag.py:4180} INFO - Setting next_dagrun for dataset_consumes_1_and_2 to None, run_after=None
[2025-05-04T17:25:27.052+0000] {logging_mixin.py:190} INFO - [2025-05-04T17:25:27.052+0000] {dag.py:4180} INFO - Setting next_dagrun for dataset_consumes_1_never_scheduled to None, run_after=None
[2025-05-04T17:25:27.054+0000] {logging_mixin.py:190} INFO - [2025-05-04T17:25:27.053+0000] {dag.py:4180} INFO - Setting next_dagrun for dataset_consumes_unknown_never_scheduled to None, run_after=None
[2025-05-04T17:25:27.058+0000] {logging_mixin.py:190} INFO - [2025-05-04T17:25:27.057+0000] {dag.py:4180} INFO - Setting next_dagrun for dataset_produces_1 to 2025-05-03 00:00:00+00:00, run_after=2025-05-04 00:00:00+00:00
[2025-05-04T17:25:27.059+0000] {logging_mixin.py:190} INFO - [2025-05-04T17:25:27.059+0000] {dag.py:4180} INFO - Setting next_dagrun for dataset_produces_2 to None, run_after=None
[2025-05-04T17:25:27.116+0000] {processor.py:208} INFO - Processing /home/airflow/.local/lib/python3.12/site-packages/airflow/example_dags/example_datasets.py took 0.976 seconds
[2025-05-04T17:25:57.489+0000] {processor.py:186} INFO - Started process (PID=1002) to work on /home/airflow/.local/lib/python3.12/site-packages/airflow/example_dags/example_datasets.py
[2025-05-04T17:25:57.490+0000] {processor.py:914} INFO - Processing file /home/airflow/.local/lib/python3.12/site-packages/airflow/example_dags/example_datasets.py for tasks to queue
[2025-05-04T17:25:57.493+0000] {logging_mixin.py:190} INFO - [2025-05-04T17:25:57.492+0000] {dagbag.py:588} INFO - Filling up the DagBag from /home/airflow/.local/lib/python3.12/site-packages/airflow/example_dags/example_datasets.py
[2025-05-04T17:25:58.302+0000] {processor.py:925} INFO - DAG(s) 'consume_1_and_2_with_dataset_expressions', 'consume_1_or_2_with_dataset_expressions', 'dataset_consumes_1', 'dataset_consumes_unknown_never_scheduled', 'consume_1_or_both_2_and_3_with_dataset_expressions', 'dataset_consumes_1_and_2', 'dataset_produces_2', 'conditional_dataset_and_time_based_timetable', 'dataset_produces_1', 'dataset_consumes_1_never_scheduled' retrieved from /home/airflow/.local/lib/python3.12/site-packages/airflow/example_dags/example_datasets.py
[2025-05-04T17:25:58.361+0000] {logging_mixin.py:190} INFO - [2025-05-04T17:25:58.361+0000] {dag.py:3239} INFO - Sync 10 DAGs
[2025-05-04T17:25:58.399+0000] {logging_mixin.py:190} INFO - [2025-05-04T17:25:58.398+0000] {dag.py:4180} INFO - Setting next_dagrun for conditional_dataset_and_time_based_timetable to 2025-04-30 01:00:00+00:00, run_after=2025-04-30 01:00:00+00:00
[2025-05-04T17:25:58.404+0000] {logging_mixin.py:190} INFO - [2025-05-04T17:25:58.404+0000] {dag.py:4180} INFO - Setting next_dagrun for consume_1_and_2_with_dataset_expressions to None, run_after=None
[2025-05-04T17:25:58.406+0000] {logging_mixin.py:190} INFO - [2025-05-04T17:25:58.406+0000] {dag.py:4180} INFO - Setting next_dagrun for consume_1_or_2_with_dataset_expressions to None, run_after=None
[2025-05-04T17:25:58.407+0000] {logging_mixin.py:190} INFO - [2025-05-04T17:25:58.407+0000] {dag.py:4180} INFO - Setting next_dagrun for consume_1_or_both_2_and_3_with_dataset_expressions to None, run_after=None
[2025-05-04T17:25:58.409+0000] {logging_mixin.py:190} INFO - [2025-05-04T17:25:58.409+0000] {dag.py:4180} INFO - Setting next_dagrun for dataset_consumes_1 to None, run_after=None
[2025-05-04T17:25:58.411+0000] {logging_mixin.py:190} INFO - [2025-05-04T17:25:58.411+0000] {dag.py:4180} INFO - Setting next_dagrun for dataset_consumes_1_and_2 to None, run_after=None
[2025-05-04T17:25:58.412+0000] {logging_mixin.py:190} INFO - [2025-05-04T17:25:58.412+0000] {dag.py:4180} INFO - Setting next_dagrun for dataset_consumes_1_never_scheduled to None, run_after=None
[2025-05-04T17:25:58.414+0000] {logging_mixin.py:190} INFO - [2025-05-04T17:25:58.414+0000] {dag.py:4180} INFO - Setting next_dagrun for dataset_consumes_unknown_never_scheduled to None, run_after=None
[2025-05-04T17:25:58.418+0000] {logging_mixin.py:190} INFO - [2025-05-04T17:25:58.417+0000] {dag.py:4180} INFO - Setting next_dagrun for dataset_produces_1 to 2025-05-03 00:00:00+00:00, run_after=2025-05-04 00:00:00+00:00
[2025-05-04T17:25:58.419+0000] {logging_mixin.py:190} INFO - [2025-05-04T17:25:58.419+0000] {dag.py:4180} INFO - Setting next_dagrun for dataset_produces_2 to None, run_after=None
[2025-05-04T17:25:58.462+0000] {processor.py:208} INFO - Processing /home/airflow/.local/lib/python3.12/site-packages/airflow/example_dags/example_datasets.py took 0.982 seconds
[2025-05-04T17:26:29.206+0000] {processor.py:186} INFO - Started process (PID=1065) to work on /home/airflow/.local/lib/python3.12/site-packages/airflow/example_dags/example_datasets.py
[2025-05-04T17:26:29.208+0000] {processor.py:914} INFO - Processing file /home/airflow/.local/lib/python3.12/site-packages/airflow/example_dags/example_datasets.py for tasks to queue
[2025-05-04T17:26:29.212+0000] {logging_mixin.py:190} INFO - [2025-05-04T17:26:29.211+0000] {dagbag.py:588} INFO - Filling up the DagBag from /home/airflow/.local/lib/python3.12/site-packages/airflow/example_dags/example_datasets.py
[2025-05-04T17:26:30.027+0000] {processor.py:925} INFO - DAG(s) 'consume_1_and_2_with_dataset_expressions', 'consume_1_or_2_with_dataset_expressions', 'dataset_produces_1', 'dataset_consumes_1_and_2', 'dataset_consumes_1', 'consume_1_or_both_2_and_3_with_dataset_expressions', 'dataset_consumes_1_never_scheduled', 'dataset_produces_2', 'dataset_consumes_unknown_never_scheduled', 'conditional_dataset_and_time_based_timetable' retrieved from /home/airflow/.local/lib/python3.12/site-packages/airflow/example_dags/example_datasets.py
[2025-05-04T17:26:30.083+0000] {logging_mixin.py:190} INFO - [2025-05-04T17:26:30.083+0000] {dag.py:3239} INFO - Sync 10 DAGs
[2025-05-04T17:26:30.120+0000] {logging_mixin.py:190} INFO - [2025-05-04T17:26:30.120+0000] {dag.py:4180} INFO - Setting next_dagrun for conditional_dataset_and_time_based_timetable to 2025-04-30 01:00:00+00:00, run_after=2025-04-30 01:00:00+00:00
[2025-05-04T17:26:30.125+0000] {logging_mixin.py:190} INFO - [2025-05-04T17:26:30.125+0000] {dag.py:4180} INFO - Setting next_dagrun for consume_1_and_2_with_dataset_expressions to None, run_after=None
[2025-05-04T17:26:30.127+0000] {logging_mixin.py:190} INFO - [2025-05-04T17:26:30.126+0000] {dag.py:4180} INFO - Setting next_dagrun for consume_1_or_2_with_dataset_expressions to None, run_after=None
[2025-05-04T17:26:30.128+0000] {logging_mixin.py:190} INFO - [2025-05-04T17:26:30.128+0000] {dag.py:4180} INFO - Setting next_dagrun for consume_1_or_both_2_and_3_with_dataset_expressions to None, run_after=None
[2025-05-04T17:26:30.130+0000] {logging_mixin.py:190} INFO - [2025-05-04T17:26:30.130+0000] {dag.py:4180} INFO - Setting next_dagrun for dataset_consumes_1 to None, run_after=None
[2025-05-04T17:26:30.131+0000] {logging_mixin.py:190} INFO - [2025-05-04T17:26:30.131+0000] {dag.py:4180} INFO - Setting next_dagrun for dataset_consumes_1_and_2 to None, run_after=None
[2025-05-04T17:26:30.133+0000] {logging_mixin.py:190} INFO - [2025-05-04T17:26:30.133+0000] {dag.py:4180} INFO - Setting next_dagrun for dataset_consumes_1_never_scheduled to None, run_after=None
[2025-05-04T17:26:30.134+0000] {logging_mixin.py:190} INFO - [2025-05-04T17:26:30.134+0000] {dag.py:4180} INFO - Setting next_dagrun for dataset_consumes_unknown_never_scheduled to None, run_after=None
[2025-05-04T17:26:30.138+0000] {logging_mixin.py:190} INFO - [2025-05-04T17:26:30.137+0000] {dag.py:4180} INFO - Setting next_dagrun for dataset_produces_1 to 2025-05-03 00:00:00+00:00, run_after=2025-05-04 00:00:00+00:00
[2025-05-04T17:26:30.139+0000] {logging_mixin.py:190} INFO - [2025-05-04T17:26:30.139+0000] {dag.py:4180} INFO - Setting next_dagrun for dataset_produces_2 to None, run_after=None
[2025-05-04T17:26:30.210+0000] {processor.py:208} INFO - Processing /home/airflow/.local/lib/python3.12/site-packages/airflow/example_dags/example_datasets.py took 1.012 seconds
