[2025-05-04T17:18:33.448+0000] {processor.py:186} INFO - Started process (PID=75) to work on /home/airflow/.local/lib/python3.12/site-packages/airflow/example_dags/example_xcom.py
[2025-05-04T17:18:33.449+0000] {processor.py:914} INFO - Processing file /home/airflow/.local/lib/python3.12/site-packages/airflow/example_dags/example_xcom.py for tasks to queue
[2025-05-04T17:18:33.450+0000] {logging_mixin.py:190} INFO - [2025-05-04T17:18:33.450+0000] {dagbag.py:588} INFO - Filling up the DagBag from /home/airflow/.local/lib/python3.12/site-packages/airflow/example_dags/example_xcom.py
[2025-05-04T17:18:33.459+0000] {processor.py:925} INFO - DAG(s) 'example_xcom' retrieved from /home/airflow/.local/lib/python3.12/site-packages/airflow/example_dags/example_xcom.py
[2025-05-04T17:18:33.546+0000] {logging_mixin.py:190} INFO - [2025-05-04T17:18:33.546+0000] {override.py:1912} INFO - Created Permission View: can read on DAG:example_xcom
[2025-05-04T17:18:33.554+0000] {logging_mixin.py:190} INFO - [2025-05-04T17:18:33.553+0000] {override.py:1912} INFO - Created Permission View: can edit on DAG:example_xcom
[2025-05-04T17:18:33.558+0000] {logging_mixin.py:190} INFO - [2025-05-04T17:18:33.557+0000] {override.py:1912} INFO - Created Permission View: can delete on DAG:example_xcom
[2025-05-04T17:18:33.562+0000] {logging_mixin.py:190} INFO - [2025-05-04T17:18:33.561+0000] {override.py:1912} INFO - Created Permission View: can read on DAG Run:example_xcom
[2025-05-04T17:18:33.565+0000] {logging_mixin.py:190} INFO - [2025-05-04T17:18:33.565+0000] {override.py:1912} INFO - Created Permission View: can create on DAG Run:example_xcom
[2025-05-04T17:18:33.569+0000] {logging_mixin.py:190} INFO - [2025-05-04T17:18:33.569+0000] {override.py:1912} INFO - Created Permission View: can delete on DAG Run:example_xcom
[2025-05-04T17:18:33.573+0000] {logging_mixin.py:190} INFO - [2025-05-04T17:18:33.573+0000] {override.py:1912} INFO - Created Permission View: menu access on DAG Run:example_xcom
[2025-05-04T17:18:33.573+0000] {logging_mixin.py:190} INFO - [2025-05-04T17:18:33.573+0000] {dag.py:3239} INFO - Sync 1 DAGs
[2025-05-04T17:18:33.584+0000] {logging_mixin.py:190} INFO - [2025-05-04T17:18:33.584+0000] {dag.py:3262} INFO - Creating ORM DAG for example_xcom
[2025-05-04T17:18:33.591+0000] {logging_mixin.py:190} INFO - [2025-05-04T17:18:33.591+0000] {dag.py:4180} INFO - Setting next_dagrun for example_xcom to 2021-01-01 00:00:00+00:00, run_after=2021-01-01 00:00:00+00:00
[2025-05-04T17:18:33.601+0000] {processor.py:208} INFO - Processing /home/airflow/.local/lib/python3.12/site-packages/airflow/example_dags/example_xcom.py took 0.158 seconds
[2025-05-04T17:19:03.932+0000] {processor.py:186} INFO - Started process (PID=137) to work on /home/airflow/.local/lib/python3.12/site-packages/airflow/example_dags/example_xcom.py
[2025-05-04T17:19:03.934+0000] {processor.py:914} INFO - Processing file /home/airflow/.local/lib/python3.12/site-packages/airflow/example_dags/example_xcom.py for tasks to queue
[2025-05-04T17:19:03.937+0000] {logging_mixin.py:190} INFO - [2025-05-04T17:19:03.937+0000] {dagbag.py:588} INFO - Filling up the DagBag from /home/airflow/.local/lib/python3.12/site-packages/airflow/example_dags/example_xcom.py
[2025-05-04T17:19:03.951+0000] {processor.py:925} INFO - DAG(s) 'example_xcom' retrieved from /home/airflow/.local/lib/python3.12/site-packages/airflow/example_dags/example_xcom.py
[2025-05-04T17:19:03.981+0000] {logging_mixin.py:190} INFO - [2025-05-04T17:19:03.980+0000] {dag.py:3239} INFO - Sync 1 DAGs
[2025-05-04T17:19:04.014+0000] {logging_mixin.py:190} INFO - [2025-05-04T17:19:04.014+0000] {dag.py:4180} INFO - Setting next_dagrun for example_xcom to 2021-01-01 00:00:00+00:00, run_after=2021-01-01 00:00:00+00:00
[2025-05-04T17:19:04.038+0000] {processor.py:208} INFO - Processing /home/airflow/.local/lib/python3.12/site-packages/airflow/example_dags/example_xcom.py took 0.116 seconds
[2025-05-04T17:19:34.146+0000] {processor.py:186} INFO - Started process (PID=200) to work on /home/airflow/.local/lib/python3.12/site-packages/airflow/example_dags/example_xcom.py
[2025-05-04T17:19:34.148+0000] {processor.py:914} INFO - Processing file /home/airflow/.local/lib/python3.12/site-packages/airflow/example_dags/example_xcom.py for tasks to queue
[2025-05-04T17:19:34.151+0000] {logging_mixin.py:190} INFO - [2025-05-04T17:19:34.150+0000] {dagbag.py:588} INFO - Filling up the DagBag from /home/airflow/.local/lib/python3.12/site-packages/airflow/example_dags/example_xcom.py
[2025-05-04T17:19:34.164+0000] {processor.py:925} INFO - DAG(s) 'example_xcom' retrieved from /home/airflow/.local/lib/python3.12/site-packages/airflow/example_dags/example_xcom.py
[2025-05-04T17:19:34.193+0000] {logging_mixin.py:190} INFO - [2025-05-04T17:19:34.193+0000] {dag.py:3239} INFO - Sync 1 DAGs
[2025-05-04T17:19:34.224+0000] {logging_mixin.py:190} INFO - [2025-05-04T17:19:34.224+0000] {dag.py:4180} INFO - Setting next_dagrun for example_xcom to 2021-01-01 00:00:00+00:00, run_after=2021-01-01 00:00:00+00:00
[2025-05-04T17:19:34.248+0000] {processor.py:208} INFO - Processing /home/airflow/.local/lib/python3.12/site-packages/airflow/example_dags/example_xcom.py took 0.110 seconds
[2025-05-04T17:20:04.437+0000] {processor.py:186} INFO - Started process (PID=263) to work on /home/airflow/.local/lib/python3.12/site-packages/airflow/example_dags/example_xcom.py
[2025-05-04T17:20:04.439+0000] {processor.py:914} INFO - Processing file /home/airflow/.local/lib/python3.12/site-packages/airflow/example_dags/example_xcom.py for tasks to queue
[2025-05-04T17:20:04.442+0000] {logging_mixin.py:190} INFO - [2025-05-04T17:20:04.442+0000] {dagbag.py:588} INFO - Filling up the DagBag from /home/airflow/.local/lib/python3.12/site-packages/airflow/example_dags/example_xcom.py
[2025-05-04T17:20:04.456+0000] {processor.py:925} INFO - DAG(s) 'example_xcom' retrieved from /home/airflow/.local/lib/python3.12/site-packages/airflow/example_dags/example_xcom.py
[2025-05-04T17:20:04.490+0000] {logging_mixin.py:190} INFO - [2025-05-04T17:20:04.490+0000] {dag.py:3239} INFO - Sync 1 DAGs
[2025-05-04T17:20:04.521+0000] {logging_mixin.py:190} INFO - [2025-05-04T17:20:04.520+0000] {dag.py:4180} INFO - Setting next_dagrun for example_xcom to 2021-01-01 00:00:00+00:00, run_after=2021-01-01 00:00:00+00:00
[2025-05-04T17:20:04.544+0000] {processor.py:208} INFO - Processing /home/airflow/.local/lib/python3.12/site-packages/airflow/example_dags/example_xcom.py took 0.115 seconds
[2025-05-04T17:20:34.879+0000] {processor.py:186} INFO - Started process (PID=326) to work on /home/airflow/.local/lib/python3.12/site-packages/airflow/example_dags/example_xcom.py
[2025-05-04T17:20:34.881+0000] {processor.py:914} INFO - Processing file /home/airflow/.local/lib/python3.12/site-packages/airflow/example_dags/example_xcom.py for tasks to queue
[2025-05-04T17:20:34.884+0000] {logging_mixin.py:190} INFO - [2025-05-04T17:20:34.883+0000] {dagbag.py:588} INFO - Filling up the DagBag from /home/airflow/.local/lib/python3.12/site-packages/airflow/example_dags/example_xcom.py
[2025-05-04T17:20:34.896+0000] {processor.py:925} INFO - DAG(s) 'example_xcom' retrieved from /home/airflow/.local/lib/python3.12/site-packages/airflow/example_dags/example_xcom.py
[2025-05-04T17:20:34.924+0000] {logging_mixin.py:190} INFO - [2025-05-04T17:20:34.924+0000] {dag.py:3239} INFO - Sync 1 DAGs
[2025-05-04T17:20:34.954+0000] {logging_mixin.py:190} INFO - [2025-05-04T17:20:34.954+0000] {dag.py:4180} INFO - Setting next_dagrun for example_xcom to 2021-01-01 00:00:00+00:00, run_after=2021-01-01 00:00:00+00:00
[2025-05-04T17:20:34.976+0000] {processor.py:208} INFO - Processing /home/airflow/.local/lib/python3.12/site-packages/airflow/example_dags/example_xcom.py took 0.105 seconds
[2025-05-04T17:21:05.276+0000] {processor.py:186} INFO - Started process (PID=389) to work on /home/airflow/.local/lib/python3.12/site-packages/airflow/example_dags/example_xcom.py
[2025-05-04T17:21:05.279+0000] {processor.py:914} INFO - Processing file /home/airflow/.local/lib/python3.12/site-packages/airflow/example_dags/example_xcom.py for tasks to queue
[2025-05-04T17:21:05.281+0000] {logging_mixin.py:190} INFO - [2025-05-04T17:21:05.281+0000] {dagbag.py:588} INFO - Filling up the DagBag from /home/airflow/.local/lib/python3.12/site-packages/airflow/example_dags/example_xcom.py
[2025-05-04T17:21:05.295+0000] {processor.py:925} INFO - DAG(s) 'example_xcom' retrieved from /home/airflow/.local/lib/python3.12/site-packages/airflow/example_dags/example_xcom.py
[2025-05-04T17:21:05.328+0000] {logging_mixin.py:190} INFO - [2025-05-04T17:21:05.327+0000] {dag.py:3239} INFO - Sync 1 DAGs
[2025-05-04T17:21:05.359+0000] {logging_mixin.py:190} INFO - [2025-05-04T17:21:05.359+0000] {dag.py:4180} INFO - Setting next_dagrun for example_xcom to 2021-01-01 00:00:00+00:00, run_after=2021-01-01 00:00:00+00:00
[2025-05-04T17:21:05.381+0000] {processor.py:208} INFO - Processing /home/airflow/.local/lib/python3.12/site-packages/airflow/example_dags/example_xcom.py took 0.114 seconds
[2025-05-04T17:21:35.535+0000] {processor.py:186} INFO - Started process (PID=452) to work on /home/airflow/.local/lib/python3.12/site-packages/airflow/example_dags/example_xcom.py
[2025-05-04T17:21:35.537+0000] {processor.py:914} INFO - Processing file /home/airflow/.local/lib/python3.12/site-packages/airflow/example_dags/example_xcom.py for tasks to queue
[2025-05-04T17:21:35.540+0000] {logging_mixin.py:190} INFO - [2025-05-04T17:21:35.540+0000] {dagbag.py:588} INFO - Filling up the DagBag from /home/airflow/.local/lib/python3.12/site-packages/airflow/example_dags/example_xcom.py
[2025-05-04T17:21:35.554+0000] {processor.py:925} INFO - DAG(s) 'example_xcom' retrieved from /home/airflow/.local/lib/python3.12/site-packages/airflow/example_dags/example_xcom.py
[2025-05-04T17:21:35.586+0000] {logging_mixin.py:190} INFO - [2025-05-04T17:21:35.585+0000] {dag.py:3239} INFO - Sync 1 DAGs
[2025-05-04T17:21:35.617+0000] {logging_mixin.py:190} INFO - [2025-05-04T17:21:35.617+0000] {dag.py:4180} INFO - Setting next_dagrun for example_xcom to 2021-01-01 00:00:00+00:00, run_after=2021-01-01 00:00:00+00:00
[2025-05-04T17:21:35.640+0000] {processor.py:208} INFO - Processing /home/airflow/.local/lib/python3.12/site-packages/airflow/example_dags/example_xcom.py took 0.113 seconds
[2025-05-04T17:22:05.803+0000] {processor.py:186} INFO - Started process (PID=515) to work on /home/airflow/.local/lib/python3.12/site-packages/airflow/example_dags/example_xcom.py
[2025-05-04T17:22:05.805+0000] {processor.py:914} INFO - Processing file /home/airflow/.local/lib/python3.12/site-packages/airflow/example_dags/example_xcom.py for tasks to queue
[2025-05-04T17:22:05.808+0000] {logging_mixin.py:190} INFO - [2025-05-04T17:22:05.808+0000] {dagbag.py:588} INFO - Filling up the DagBag from /home/airflow/.local/lib/python3.12/site-packages/airflow/example_dags/example_xcom.py
[2025-05-04T17:22:05.821+0000] {processor.py:925} INFO - DAG(s) 'example_xcom' retrieved from /home/airflow/.local/lib/python3.12/site-packages/airflow/example_dags/example_xcom.py
[2025-05-04T17:22:05.851+0000] {logging_mixin.py:190} INFO - [2025-05-04T17:22:05.851+0000] {dag.py:3239} INFO - Sync 1 DAGs
[2025-05-04T17:22:05.882+0000] {logging_mixin.py:190} INFO - [2025-05-04T17:22:05.882+0000] {dag.py:4180} INFO - Setting next_dagrun for example_xcom to 2021-01-01 00:00:00+00:00, run_after=2021-01-01 00:00:00+00:00
[2025-05-04T17:22:05.907+0000] {processor.py:208} INFO - Processing /home/airflow/.local/lib/python3.12/site-packages/airflow/example_dags/example_xcom.py took 0.112 seconds
[2025-05-04T17:22:36.140+0000] {processor.py:186} INFO - Started process (PID=578) to work on /home/airflow/.local/lib/python3.12/site-packages/airflow/example_dags/example_xcom.py
[2025-05-04T17:22:36.142+0000] {processor.py:914} INFO - Processing file /home/airflow/.local/lib/python3.12/site-packages/airflow/example_dags/example_xcom.py for tasks to queue
[2025-05-04T17:22:36.145+0000] {logging_mixin.py:190} INFO - [2025-05-04T17:22:36.144+0000] {dagbag.py:588} INFO - Filling up the DagBag from /home/airflow/.local/lib/python3.12/site-packages/airflow/example_dags/example_xcom.py
[2025-05-04T17:22:36.157+0000] {processor.py:925} INFO - DAG(s) 'example_xcom' retrieved from /home/airflow/.local/lib/python3.12/site-packages/airflow/example_dags/example_xcom.py
[2025-05-04T17:22:36.188+0000] {logging_mixin.py:190} INFO - [2025-05-04T17:22:36.187+0000] {dag.py:3239} INFO - Sync 1 DAGs
[2025-05-04T17:22:36.219+0000] {logging_mixin.py:190} INFO - [2025-05-04T17:22:36.219+0000] {dag.py:4180} INFO - Setting next_dagrun for example_xcom to 2021-01-01 00:00:00+00:00, run_after=2021-01-01 00:00:00+00:00
[2025-05-04T17:22:36.243+0000] {processor.py:208} INFO - Processing /home/airflow/.local/lib/python3.12/site-packages/airflow/example_dags/example_xcom.py took 0.111 seconds
[2025-05-04T17:23:06.787+0000] {processor.py:186} INFO - Started process (PID=641) to work on /home/airflow/.local/lib/python3.12/site-packages/airflow/example_dags/example_xcom.py
[2025-05-04T17:23:06.789+0000] {processor.py:914} INFO - Processing file /home/airflow/.local/lib/python3.12/site-packages/airflow/example_dags/example_xcom.py for tasks to queue
[2025-05-04T17:23:06.792+0000] {logging_mixin.py:190} INFO - [2025-05-04T17:23:06.791+0000] {dagbag.py:588} INFO - Filling up the DagBag from /home/airflow/.local/lib/python3.12/site-packages/airflow/example_dags/example_xcom.py
[2025-05-04T17:23:06.805+0000] {processor.py:925} INFO - DAG(s) 'example_xcom' retrieved from /home/airflow/.local/lib/python3.12/site-packages/airflow/example_dags/example_xcom.py
[2025-05-04T17:23:06.838+0000] {logging_mixin.py:190} INFO - [2025-05-04T17:23:06.837+0000] {dag.py:3239} INFO - Sync 1 DAGs
[2025-05-04T17:23:06.870+0000] {logging_mixin.py:190} INFO - [2025-05-04T17:23:06.870+0000] {dag.py:4180} INFO - Setting next_dagrun for example_xcom to 2021-01-01 00:00:00+00:00, run_after=2021-01-01 00:00:00+00:00
[2025-05-04T17:23:06.894+0000] {processor.py:208} INFO - Processing /home/airflow/.local/lib/python3.12/site-packages/airflow/example_dags/example_xcom.py took 0.116 seconds
[2025-05-04T17:23:37.007+0000] {processor.py:186} INFO - Started process (PID=704) to work on /home/airflow/.local/lib/python3.12/site-packages/airflow/example_dags/example_xcom.py
[2025-05-04T17:23:37.008+0000] {processor.py:914} INFO - Processing file /home/airflow/.local/lib/python3.12/site-packages/airflow/example_dags/example_xcom.py for tasks to queue
[2025-05-04T17:23:37.011+0000] {logging_mixin.py:190} INFO - [2025-05-04T17:23:37.010+0000] {dagbag.py:588} INFO - Filling up the DagBag from /home/airflow/.local/lib/python3.12/site-packages/airflow/example_dags/example_xcom.py
[2025-05-04T17:23:37.024+0000] {processor.py:925} INFO - DAG(s) 'example_xcom' retrieved from /home/airflow/.local/lib/python3.12/site-packages/airflow/example_dags/example_xcom.py
[2025-05-04T17:23:37.055+0000] {logging_mixin.py:190} INFO - [2025-05-04T17:23:37.055+0000] {dag.py:3239} INFO - Sync 1 DAGs
[2025-05-04T17:23:37.085+0000] {logging_mixin.py:190} INFO - [2025-05-04T17:23:37.085+0000] {dag.py:4180} INFO - Setting next_dagrun for example_xcom to 2021-01-01 00:00:00+00:00, run_after=2021-01-01 00:00:00+00:00
[2025-05-04T17:23:37.107+0000] {processor.py:208} INFO - Processing /home/airflow/.local/lib/python3.12/site-packages/airflow/example_dags/example_xcom.py took 0.108 seconds
[2025-05-04T17:24:08.100+0000] {processor.py:186} INFO - Started process (PID=767) to work on /home/airflow/.local/lib/python3.12/site-packages/airflow/example_dags/example_xcom.py
[2025-05-04T17:24:08.102+0000] {processor.py:914} INFO - Processing file /home/airflow/.local/lib/python3.12/site-packages/airflow/example_dags/example_xcom.py for tasks to queue
[2025-05-04T17:24:08.105+0000] {logging_mixin.py:190} INFO - [2025-05-04T17:24:08.104+0000] {dagbag.py:588} INFO - Filling up the DagBag from /home/airflow/.local/lib/python3.12/site-packages/airflow/example_dags/example_xcom.py
[2025-05-04T17:24:08.119+0000] {processor.py:925} INFO - DAG(s) 'example_xcom' retrieved from /home/airflow/.local/lib/python3.12/site-packages/airflow/example_dags/example_xcom.py
[2025-05-04T17:24:08.152+0000] {logging_mixin.py:190} INFO - [2025-05-04T17:24:08.151+0000] {dag.py:3239} INFO - Sync 1 DAGs
[2025-05-04T17:24:08.182+0000] {logging_mixin.py:190} INFO - [2025-05-04T17:24:08.182+0000] {dag.py:4180} INFO - Setting next_dagrun for example_xcom to 2021-01-01 00:00:00+00:00, run_after=2021-01-01 00:00:00+00:00
[2025-05-04T17:24:08.206+0000] {processor.py:208} INFO - Processing /home/airflow/.local/lib/python3.12/site-packages/airflow/example_dags/example_xcom.py took 0.115 seconds
[2025-05-04T17:24:38.378+0000] {processor.py:186} INFO - Started process (PID=830) to work on /home/airflow/.local/lib/python3.12/site-packages/airflow/example_dags/example_xcom.py
[2025-05-04T17:24:38.380+0000] {processor.py:914} INFO - Processing file /home/airflow/.local/lib/python3.12/site-packages/airflow/example_dags/example_xcom.py for tasks to queue
[2025-05-04T17:24:38.383+0000] {logging_mixin.py:190} INFO - [2025-05-04T17:24:38.382+0000] {dagbag.py:588} INFO - Filling up the DagBag from /home/airflow/.local/lib/python3.12/site-packages/airflow/example_dags/example_xcom.py
[2025-05-04T17:24:38.396+0000] {processor.py:925} INFO - DAG(s) 'example_xcom' retrieved from /home/airflow/.local/lib/python3.12/site-packages/airflow/example_dags/example_xcom.py
[2025-05-04T17:24:38.428+0000] {logging_mixin.py:190} INFO - [2025-05-04T17:24:38.427+0000] {dag.py:3239} INFO - Sync 1 DAGs
[2025-05-04T17:24:38.461+0000] {logging_mixin.py:190} INFO - [2025-05-04T17:24:38.460+0000] {dag.py:4180} INFO - Setting next_dagrun for example_xcom to 2021-01-01 00:00:00+00:00, run_after=2021-01-01 00:00:00+00:00
[2025-05-04T17:24:38.485+0000] {processor.py:208} INFO - Processing /home/airflow/.local/lib/python3.12/site-packages/airflow/example_dags/example_xcom.py took 0.115 seconds
[2025-05-04T17:25:08.604+0000] {processor.py:186} INFO - Started process (PID=893) to work on /home/airflow/.local/lib/python3.12/site-packages/airflow/example_dags/example_xcom.py
[2025-05-04T17:25:08.605+0000] {processor.py:914} INFO - Processing file /home/airflow/.local/lib/python3.12/site-packages/airflow/example_dags/example_xcom.py for tasks to queue
[2025-05-04T17:25:08.608+0000] {logging_mixin.py:190} INFO - [2025-05-04T17:25:08.608+0000] {dagbag.py:588} INFO - Filling up the DagBag from /home/airflow/.local/lib/python3.12/site-packages/airflow/example_dags/example_xcom.py
[2025-05-04T17:25:08.622+0000] {processor.py:925} INFO - DAG(s) 'example_xcom' retrieved from /home/airflow/.local/lib/python3.12/site-packages/airflow/example_dags/example_xcom.py
[2025-05-04T17:25:08.653+0000] {logging_mixin.py:190} INFO - [2025-05-04T17:25:08.652+0000] {dag.py:3239} INFO - Sync 1 DAGs
[2025-05-04T17:25:08.686+0000] {logging_mixin.py:190} INFO - [2025-05-04T17:25:08.685+0000] {dag.py:4180} INFO - Setting next_dagrun for example_xcom to 2021-01-01 00:00:00+00:00, run_after=2021-01-01 00:00:00+00:00
[2025-05-04T17:25:08.709+0000] {processor.py:208} INFO - Processing /home/airflow/.local/lib/python3.12/site-packages/airflow/example_dags/example_xcom.py took 0.114 seconds
[2025-05-04T17:25:39.226+0000] {processor.py:186} INFO - Started process (PID=956) to work on /home/airflow/.local/lib/python3.12/site-packages/airflow/example_dags/example_xcom.py
[2025-05-04T17:25:39.228+0000] {processor.py:914} INFO - Processing file /home/airflow/.local/lib/python3.12/site-packages/airflow/example_dags/example_xcom.py for tasks to queue
[2025-05-04T17:25:39.231+0000] {logging_mixin.py:190} INFO - [2025-05-04T17:25:39.230+0000] {dagbag.py:588} INFO - Filling up the DagBag from /home/airflow/.local/lib/python3.12/site-packages/airflow/example_dags/example_xcom.py
[2025-05-04T17:25:39.245+0000] {processor.py:925} INFO - DAG(s) 'example_xcom' retrieved from /home/airflow/.local/lib/python3.12/site-packages/airflow/example_dags/example_xcom.py
[2025-05-04T17:25:39.276+0000] {logging_mixin.py:190} INFO - [2025-05-04T17:25:39.276+0000] {dag.py:3239} INFO - Sync 1 DAGs
[2025-05-04T17:25:39.308+0000] {logging_mixin.py:190} INFO - [2025-05-04T17:25:39.307+0000] {dag.py:4180} INFO - Setting next_dagrun for example_xcom to 2021-01-01 00:00:00+00:00, run_after=2021-01-01 00:00:00+00:00
[2025-05-04T17:25:39.334+0000] {processor.py:208} INFO - Processing /home/airflow/.local/lib/python3.12/site-packages/airflow/example_dags/example_xcom.py took 0.117 seconds
[2025-05-04T17:26:09.617+0000] {processor.py:186} INFO - Started process (PID=1019) to work on /home/airflow/.local/lib/python3.12/site-packages/airflow/example_dags/example_xcom.py
[2025-05-04T17:26:09.619+0000] {processor.py:914} INFO - Processing file /home/airflow/.local/lib/python3.12/site-packages/airflow/example_dags/example_xcom.py for tasks to queue
[2025-05-04T17:26:09.622+0000] {logging_mixin.py:190} INFO - [2025-05-04T17:26:09.621+0000] {dagbag.py:588} INFO - Filling up the DagBag from /home/airflow/.local/lib/python3.12/site-packages/airflow/example_dags/example_xcom.py
[2025-05-04T17:26:09.635+0000] {processor.py:925} INFO - DAG(s) 'example_xcom' retrieved from /home/airflow/.local/lib/python3.12/site-packages/airflow/example_dags/example_xcom.py
[2025-05-04T17:26:09.667+0000] {logging_mixin.py:190} INFO - [2025-05-04T17:26:09.667+0000] {dag.py:3239} INFO - Sync 1 DAGs
[2025-05-04T17:26:09.701+0000] {logging_mixin.py:190} INFO - [2025-05-04T17:26:09.701+0000] {dag.py:4180} INFO - Setting next_dagrun for example_xcom to 2021-01-01 00:00:00+00:00, run_after=2021-01-01 00:00:00+00:00
[2025-05-04T17:26:09.726+0000] {processor.py:208} INFO - Processing /home/airflow/.local/lib/python3.12/site-packages/airflow/example_dags/example_xcom.py took 0.119 seconds
[2025-05-04T17:26:40.319+0000] {processor.py:186} INFO - Started process (PID=1082) to work on /home/airflow/.local/lib/python3.12/site-packages/airflow/example_dags/example_xcom.py
[2025-05-04T17:26:40.321+0000] {processor.py:914} INFO - Processing file /home/airflow/.local/lib/python3.12/site-packages/airflow/example_dags/example_xcom.py for tasks to queue
[2025-05-04T17:26:40.324+0000] {logging_mixin.py:190} INFO - [2025-05-04T17:26:40.324+0000] {dagbag.py:588} INFO - Filling up the DagBag from /home/airflow/.local/lib/python3.12/site-packages/airflow/example_dags/example_xcom.py
[2025-05-04T17:26:40.339+0000] {processor.py:925} INFO - DAG(s) 'example_xcom' retrieved from /home/airflow/.local/lib/python3.12/site-packages/airflow/example_dags/example_xcom.py
[2025-05-04T17:26:40.370+0000] {logging_mixin.py:190} INFO - [2025-05-04T17:26:40.369+0000] {dag.py:3239} INFO - Sync 1 DAGs
[2025-05-04T17:26:40.402+0000] {logging_mixin.py:190} INFO - [2025-05-04T17:26:40.402+0000] {dag.py:4180} INFO - Setting next_dagrun for example_xcom to 2021-01-01 00:00:00+00:00, run_after=2021-01-01 00:00:00+00:00
[2025-05-04T17:26:40.429+0000] {processor.py:208} INFO - Processing /home/airflow/.local/lib/python3.12/site-packages/airflow/example_dags/example_xcom.py took 0.118 seconds
