[2025-05-04T17:18:36.435+0000] {processor.py:186} INFO - Started process (PID=97) to work on /home/airflow/.local/lib/python3.12/site-packages/airflow/example_dags/example_setup_teardown.py
[2025-05-04T17:18:36.436+0000] {processor.py:914} INFO - Processing file /home/airflow/.local/lib/python3.12/site-packages/airflow/example_dags/example_setup_teardown.py for tasks to queue
[2025-05-04T17:18:36.437+0000] {logging_mixin.py:190} INFO - [2025-05-04T17:18:36.437+0000] {dagbag.py:588} INFO - Filling up the DagBag from /home/airflow/.local/lib/python3.12/site-packages/airflow/example_dags/example_setup_teardown.py
[2025-05-04T17:18:36.445+0000] {processor.py:925} INFO - DAG(s) 'example_setup_teardown' retrieved from /home/airflow/.local/lib/python3.12/site-packages/airflow/example_dags/example_setup_teardown.py
[2025-05-04T17:18:36.548+0000] {logging_mixin.py:190} INFO - [2025-05-04T17:18:36.548+0000] {override.py:1912} INFO - Created Permission View: can read on DAG:example_setup_teardown
[2025-05-04T17:18:36.556+0000] {logging_mixin.py:190} INFO - [2025-05-04T17:18:36.556+0000] {override.py:1912} INFO - Created Permission View: can edit on DAG:example_setup_teardown
[2025-05-04T17:18:36.560+0000] {logging_mixin.py:190} INFO - [2025-05-04T17:18:36.560+0000] {override.py:1912} INFO - Created Permission View: can delete on DAG:example_setup_teardown
[2025-05-04T17:18:36.565+0000] {logging_mixin.py:190} INFO - [2025-05-04T17:18:36.565+0000] {override.py:1912} INFO - Created Permission View: can read on DAG Run:example_setup_teardown
[2025-05-04T17:18:36.569+0000] {logging_mixin.py:190} INFO - [2025-05-04T17:18:36.569+0000] {override.py:1912} INFO - Created Permission View: can create on DAG Run:example_setup_teardown
[2025-05-04T17:18:36.574+0000] {logging_mixin.py:190} INFO - [2025-05-04T17:18:36.573+0000] {override.py:1912} INFO - Created Permission View: can delete on DAG Run:example_setup_teardown
[2025-05-04T17:18:36.578+0000] {logging_mixin.py:190} INFO - [2025-05-04T17:18:36.578+0000] {override.py:1912} INFO - Created Permission View: menu access on DAG Run:example_setup_teardown
[2025-05-04T17:18:36.578+0000] {logging_mixin.py:190} INFO - [2025-05-04T17:18:36.578+0000] {dag.py:3239} INFO - Sync 1 DAGs
[2025-05-04T17:18:36.590+0000] {logging_mixin.py:190} INFO - [2025-05-04T17:18:36.589+0000] {dag.py:3262} INFO - Creating ORM DAG for example_setup_teardown
[2025-05-04T17:18:36.590+0000] {logging_mixin.py:190} INFO - [2025-05-04T17:18:36.590+0000] {dag.py:4180} INFO - Setting next_dagrun for example_setup_teardown to None, run_after=None
[2025-05-04T17:18:36.602+0000] {processor.py:208} INFO - Processing /home/airflow/.local/lib/python3.12/site-packages/airflow/example_dags/example_setup_teardown.py took 0.171 seconds
[2025-05-04T17:19:06.653+0000] {processor.py:186} INFO - Started process (PID=159) to work on /home/airflow/.local/lib/python3.12/site-packages/airflow/example_dags/example_setup_teardown.py
[2025-05-04T17:19:06.655+0000] {processor.py:914} INFO - Processing file /home/airflow/.local/lib/python3.12/site-packages/airflow/example_dags/example_setup_teardown.py for tasks to queue
[2025-05-04T17:19:06.657+0000] {logging_mixin.py:190} INFO - [2025-05-04T17:19:06.657+0000] {dagbag.py:588} INFO - Filling up the DagBag from /home/airflow/.local/lib/python3.12/site-packages/airflow/example_dags/example_setup_teardown.py
[2025-05-04T17:19:06.668+0000] {processor.py:925} INFO - DAG(s) 'example_setup_teardown' retrieved from /home/airflow/.local/lib/python3.12/site-packages/airflow/example_dags/example_setup_teardown.py
[2025-05-04T17:19:06.698+0000] {logging_mixin.py:190} INFO - [2025-05-04T17:19:06.698+0000] {dag.py:3239} INFO - Sync 1 DAGs
[2025-05-04T17:19:06.717+0000] {logging_mixin.py:190} INFO - [2025-05-04T17:19:06.717+0000] {dag.py:4180} INFO - Setting next_dagrun for example_setup_teardown to None, run_after=None
[2025-05-04T17:19:06.738+0000] {processor.py:208} INFO - Processing /home/airflow/.local/lib/python3.12/site-packages/airflow/example_dags/example_setup_teardown.py took 0.092 seconds
[2025-05-04T17:19:37.549+0000] {processor.py:186} INFO - Started process (PID=222) to work on /home/airflow/.local/lib/python3.12/site-packages/airflow/example_dags/example_setup_teardown.py
[2025-05-04T17:19:37.551+0000] {processor.py:914} INFO - Processing file /home/airflow/.local/lib/python3.12/site-packages/airflow/example_dags/example_setup_teardown.py for tasks to queue
[2025-05-04T17:19:37.554+0000] {logging_mixin.py:190} INFO - [2025-05-04T17:19:37.554+0000] {dagbag.py:588} INFO - Filling up the DagBag from /home/airflow/.local/lib/python3.12/site-packages/airflow/example_dags/example_setup_teardown.py
[2025-05-04T17:19:37.566+0000] {processor.py:925} INFO - DAG(s) 'example_setup_teardown' retrieved from /home/airflow/.local/lib/python3.12/site-packages/airflow/example_dags/example_setup_teardown.py
[2025-05-04T17:19:37.595+0000] {logging_mixin.py:190} INFO - [2025-05-04T17:19:37.595+0000] {dag.py:3239} INFO - Sync 1 DAGs
[2025-05-04T17:19:37.617+0000] {logging_mixin.py:190} INFO - [2025-05-04T17:19:37.616+0000] {dag.py:4180} INFO - Setting next_dagrun for example_setup_teardown to None, run_after=None
[2025-05-04T17:19:37.643+0000] {processor.py:208} INFO - Processing /home/airflow/.local/lib/python3.12/site-packages/airflow/example_dags/example_setup_teardown.py took 0.102 seconds
[2025-05-04T17:20:08.059+0000] {processor.py:186} INFO - Started process (PID=285) to work on /home/airflow/.local/lib/python3.12/site-packages/airflow/example_dags/example_setup_teardown.py
[2025-05-04T17:20:08.062+0000] {processor.py:914} INFO - Processing file /home/airflow/.local/lib/python3.12/site-packages/airflow/example_dags/example_setup_teardown.py for tasks to queue
[2025-05-04T17:20:08.065+0000] {logging_mixin.py:190} INFO - [2025-05-04T17:20:08.064+0000] {dagbag.py:588} INFO - Filling up the DagBag from /home/airflow/.local/lib/python3.12/site-packages/airflow/example_dags/example_setup_teardown.py
[2025-05-04T17:20:08.078+0000] {processor.py:925} INFO - DAG(s) 'example_setup_teardown' retrieved from /home/airflow/.local/lib/python3.12/site-packages/airflow/example_dags/example_setup_teardown.py
[2025-05-04T17:20:08.109+0000] {logging_mixin.py:190} INFO - [2025-05-04T17:20:08.109+0000] {dag.py:3239} INFO - Sync 1 DAGs
[2025-05-04T17:20:08.131+0000] {logging_mixin.py:190} INFO - [2025-05-04T17:20:08.131+0000] {dag.py:4180} INFO - Setting next_dagrun for example_setup_teardown to None, run_after=None
[2025-05-04T17:20:08.158+0000] {processor.py:208} INFO - Processing /home/airflow/.local/lib/python3.12/site-packages/airflow/example_dags/example_setup_teardown.py took 0.107 seconds
[2025-05-04T17:20:39.556+0000] {processor.py:186} INFO - Started process (PID=348) to work on /home/airflow/.local/lib/python3.12/site-packages/airflow/example_dags/example_setup_teardown.py
[2025-05-04T17:20:39.558+0000] {processor.py:914} INFO - Processing file /home/airflow/.local/lib/python3.12/site-packages/airflow/example_dags/example_setup_teardown.py for tasks to queue
[2025-05-04T17:20:39.561+0000] {logging_mixin.py:190} INFO - [2025-05-04T17:20:39.561+0000] {dagbag.py:588} INFO - Filling up the DagBag from /home/airflow/.local/lib/python3.12/site-packages/airflow/example_dags/example_setup_teardown.py
[2025-05-04T17:20:39.573+0000] {processor.py:925} INFO - DAG(s) 'example_setup_teardown' retrieved from /home/airflow/.local/lib/python3.12/site-packages/airflow/example_dags/example_setup_teardown.py
[2025-05-04T17:20:39.604+0000] {logging_mixin.py:190} INFO - [2025-05-04T17:20:39.603+0000] {dag.py:3239} INFO - Sync 1 DAGs
[2025-05-04T17:20:39.623+0000] {logging_mixin.py:190} INFO - [2025-05-04T17:20:39.623+0000] {dag.py:4180} INFO - Setting next_dagrun for example_setup_teardown to None, run_after=None
[2025-05-04T17:20:39.647+0000] {processor.py:208} INFO - Processing /home/airflow/.local/lib/python3.12/site-packages/airflow/example_dags/example_setup_teardown.py took 0.099 seconds
[2025-05-04T17:21:09.865+0000] {processor.py:186} INFO - Started process (PID=411) to work on /home/airflow/.local/lib/python3.12/site-packages/airflow/example_dags/example_setup_teardown.py
[2025-05-04T17:21:09.866+0000] {processor.py:914} INFO - Processing file /home/airflow/.local/lib/python3.12/site-packages/airflow/example_dags/example_setup_teardown.py for tasks to queue
[2025-05-04T17:21:09.870+0000] {logging_mixin.py:190} INFO - [2025-05-04T17:21:09.869+0000] {dagbag.py:588} INFO - Filling up the DagBag from /home/airflow/.local/lib/python3.12/site-packages/airflow/example_dags/example_setup_teardown.py
[2025-05-04T17:21:09.882+0000] {processor.py:925} INFO - DAG(s) 'example_setup_teardown' retrieved from /home/airflow/.local/lib/python3.12/site-packages/airflow/example_dags/example_setup_teardown.py
[2025-05-04T17:21:09.913+0000] {logging_mixin.py:190} INFO - [2025-05-04T17:21:09.912+0000] {dag.py:3239} INFO - Sync 1 DAGs
[2025-05-04T17:21:09.933+0000] {logging_mixin.py:190} INFO - [2025-05-04T17:21:09.932+0000] {dag.py:4180} INFO - Setting next_dagrun for example_setup_teardown to None, run_after=None
[2025-05-04T17:21:09.958+0000] {processor.py:208} INFO - Processing /home/airflow/.local/lib/python3.12/site-packages/airflow/example_dags/example_setup_teardown.py took 0.101 seconds
[2025-05-04T17:21:40.056+0000] {processor.py:186} INFO - Started process (PID=473) to work on /home/airflow/.local/lib/python3.12/site-packages/airflow/example_dags/example_setup_teardown.py
[2025-05-04T17:21:40.058+0000] {processor.py:914} INFO - Processing file /home/airflow/.local/lib/python3.12/site-packages/airflow/example_dags/example_setup_teardown.py for tasks to queue
[2025-05-04T17:21:40.061+0000] {logging_mixin.py:190} INFO - [2025-05-04T17:21:40.060+0000] {dagbag.py:588} INFO - Filling up the DagBag from /home/airflow/.local/lib/python3.12/site-packages/airflow/example_dags/example_setup_teardown.py
[2025-05-04T17:21:40.074+0000] {processor.py:925} INFO - DAG(s) 'example_setup_teardown' retrieved from /home/airflow/.local/lib/python3.12/site-packages/airflow/example_dags/example_setup_teardown.py
[2025-05-04T17:21:40.105+0000] {logging_mixin.py:190} INFO - [2025-05-04T17:21:40.104+0000] {dag.py:3239} INFO - Sync 1 DAGs
[2025-05-04T17:21:40.124+0000] {logging_mixin.py:190} INFO - [2025-05-04T17:21:40.123+0000] {dag.py:4180} INFO - Setting next_dagrun for example_setup_teardown to None, run_after=None
[2025-05-04T17:21:40.148+0000] {processor.py:208} INFO - Processing /home/airflow/.local/lib/python3.12/site-packages/airflow/example_dags/example_setup_teardown.py took 0.101 seconds
[2025-05-04T17:22:10.349+0000] {processor.py:186} INFO - Started process (PID=536) to work on /home/airflow/.local/lib/python3.12/site-packages/airflow/example_dags/example_setup_teardown.py
[2025-05-04T17:22:10.351+0000] {processor.py:914} INFO - Processing file /home/airflow/.local/lib/python3.12/site-packages/airflow/example_dags/example_setup_teardown.py for tasks to queue
[2025-05-04T17:22:10.354+0000] {logging_mixin.py:190} INFO - [2025-05-04T17:22:10.354+0000] {dagbag.py:588} INFO - Filling up the DagBag from /home/airflow/.local/lib/python3.12/site-packages/airflow/example_dags/example_setup_teardown.py
[2025-05-04T17:22:10.367+0000] {processor.py:925} INFO - DAG(s) 'example_setup_teardown' retrieved from /home/airflow/.local/lib/python3.12/site-packages/airflow/example_dags/example_setup_teardown.py
[2025-05-04T17:22:10.401+0000] {logging_mixin.py:190} INFO - [2025-05-04T17:22:10.400+0000] {dag.py:3239} INFO - Sync 1 DAGs
[2025-05-04T17:22:10.421+0000] {logging_mixin.py:190} INFO - [2025-05-04T17:22:10.421+0000] {dag.py:4180} INFO - Setting next_dagrun for example_setup_teardown to None, run_after=None
[2025-05-04T17:22:10.446+0000] {processor.py:208} INFO - Processing /home/airflow/.local/lib/python3.12/site-packages/airflow/example_dags/example_setup_teardown.py took 0.105 seconds
[2025-05-04T17:22:40.551+0000] {processor.py:186} INFO - Started process (PID=599) to work on /home/airflow/.local/lib/python3.12/site-packages/airflow/example_dags/example_setup_teardown.py
[2025-05-04T17:22:40.553+0000] {processor.py:914} INFO - Processing file /home/airflow/.local/lib/python3.12/site-packages/airflow/example_dags/example_setup_teardown.py for tasks to queue
[2025-05-04T17:22:40.557+0000] {logging_mixin.py:190} INFO - [2025-05-04T17:22:40.556+0000] {dagbag.py:588} INFO - Filling up the DagBag from /home/airflow/.local/lib/python3.12/site-packages/airflow/example_dags/example_setup_teardown.py
[2025-05-04T17:22:40.569+0000] {processor.py:925} INFO - DAG(s) 'example_setup_teardown' retrieved from /home/airflow/.local/lib/python3.12/site-packages/airflow/example_dags/example_setup_teardown.py
[2025-05-04T17:22:40.600+0000] {logging_mixin.py:190} INFO - [2025-05-04T17:22:40.600+0000] {dag.py:3239} INFO - Sync 1 DAGs
[2025-05-04T17:22:40.620+0000] {logging_mixin.py:190} INFO - [2025-05-04T17:22:40.620+0000] {dag.py:4180} INFO - Setting next_dagrun for example_setup_teardown to None, run_after=None
[2025-05-04T17:22:40.644+0000] {processor.py:208} INFO - Processing /home/airflow/.local/lib/python3.12/site-packages/airflow/example_dags/example_setup_teardown.py took 0.101 seconds
[2025-05-04T17:23:10.829+0000] {processor.py:186} INFO - Started process (PID=662) to work on /home/airflow/.local/lib/python3.12/site-packages/airflow/example_dags/example_setup_teardown.py
[2025-05-04T17:23:10.831+0000] {processor.py:914} INFO - Processing file /home/airflow/.local/lib/python3.12/site-packages/airflow/example_dags/example_setup_teardown.py for tasks to queue
[2025-05-04T17:23:10.834+0000] {logging_mixin.py:190} INFO - [2025-05-04T17:23:10.833+0000] {dagbag.py:588} INFO - Filling up the DagBag from /home/airflow/.local/lib/python3.12/site-packages/airflow/example_dags/example_setup_teardown.py
[2025-05-04T17:23:10.845+0000] {processor.py:925} INFO - DAG(s) 'example_setup_teardown' retrieved from /home/airflow/.local/lib/python3.12/site-packages/airflow/example_dags/example_setup_teardown.py
[2025-05-04T17:23:10.873+0000] {logging_mixin.py:190} INFO - [2025-05-04T17:23:10.873+0000] {dag.py:3239} INFO - Sync 1 DAGs
[2025-05-04T17:23:10.892+0000] {logging_mixin.py:190} INFO - [2025-05-04T17:23:10.891+0000] {dag.py:4180} INFO - Setting next_dagrun for example_setup_teardown to None, run_after=None
[2025-05-04T17:23:10.916+0000] {processor.py:208} INFO - Processing /home/airflow/.local/lib/python3.12/site-packages/airflow/example_dags/example_setup_teardown.py took 0.094 seconds
[2025-05-04T17:23:41.038+0000] {processor.py:186} INFO - Started process (PID=725) to work on /home/airflow/.local/lib/python3.12/site-packages/airflow/example_dags/example_setup_teardown.py
[2025-05-04T17:23:41.040+0000] {processor.py:914} INFO - Processing file /home/airflow/.local/lib/python3.12/site-packages/airflow/example_dags/example_setup_teardown.py for tasks to queue
[2025-05-04T17:23:41.043+0000] {logging_mixin.py:190} INFO - [2025-05-04T17:23:41.043+0000] {dagbag.py:588} INFO - Filling up the DagBag from /home/airflow/.local/lib/python3.12/site-packages/airflow/example_dags/example_setup_teardown.py
[2025-05-04T17:23:41.056+0000] {processor.py:925} INFO - DAG(s) 'example_setup_teardown' retrieved from /home/airflow/.local/lib/python3.12/site-packages/airflow/example_dags/example_setup_teardown.py
[2025-05-04T17:23:41.088+0000] {logging_mixin.py:190} INFO - [2025-05-04T17:23:41.087+0000] {dag.py:3239} INFO - Sync 1 DAGs
[2025-05-04T17:23:41.108+0000] {logging_mixin.py:190} INFO - [2025-05-04T17:23:41.108+0000] {dag.py:4180} INFO - Setting next_dagrun for example_setup_teardown to None, run_after=None
[2025-05-04T17:23:41.135+0000] {processor.py:208} INFO - Processing /home/airflow/.local/lib/python3.12/site-packages/airflow/example_dags/example_setup_teardown.py took 0.106 seconds
[2025-05-04T17:24:11.779+0000] {processor.py:186} INFO - Started process (PID=788) to work on /home/airflow/.local/lib/python3.12/site-packages/airflow/example_dags/example_setup_teardown.py
[2025-05-04T17:24:11.781+0000] {processor.py:914} INFO - Processing file /home/airflow/.local/lib/python3.12/site-packages/airflow/example_dags/example_setup_teardown.py for tasks to queue
[2025-05-04T17:24:11.784+0000] {logging_mixin.py:190} INFO - [2025-05-04T17:24:11.783+0000] {dagbag.py:588} INFO - Filling up the DagBag from /home/airflow/.local/lib/python3.12/site-packages/airflow/example_dags/example_setup_teardown.py
[2025-05-04T17:24:11.795+0000] {processor.py:925} INFO - DAG(s) 'example_setup_teardown' retrieved from /home/airflow/.local/lib/python3.12/site-packages/airflow/example_dags/example_setup_teardown.py
[2025-05-04T17:24:11.824+0000] {logging_mixin.py:190} INFO - [2025-05-04T17:24:11.824+0000] {dag.py:3239} INFO - Sync 1 DAGs
[2025-05-04T17:24:11.844+0000] {logging_mixin.py:190} INFO - [2025-05-04T17:24:11.844+0000] {dag.py:4180} INFO - Setting next_dagrun for example_setup_teardown to None, run_after=None
[2025-05-04T17:24:11.867+0000] {processor.py:208} INFO - Processing /home/airflow/.local/lib/python3.12/site-packages/airflow/example_dags/example_setup_teardown.py took 0.096 seconds
[2025-05-04T17:24:42.140+0000] {processor.py:186} INFO - Started process (PID=851) to work on /home/airflow/.local/lib/python3.12/site-packages/airflow/example_dags/example_setup_teardown.py
[2025-05-04T17:24:42.142+0000] {processor.py:914} INFO - Processing file /home/airflow/.local/lib/python3.12/site-packages/airflow/example_dags/example_setup_teardown.py for tasks to queue
[2025-05-04T17:24:42.145+0000] {logging_mixin.py:190} INFO - [2025-05-04T17:24:42.144+0000] {dagbag.py:588} INFO - Filling up the DagBag from /home/airflow/.local/lib/python3.12/site-packages/airflow/example_dags/example_setup_teardown.py
[2025-05-04T17:24:42.156+0000] {processor.py:925} INFO - DAG(s) 'example_setup_teardown' retrieved from /home/airflow/.local/lib/python3.12/site-packages/airflow/example_dags/example_setup_teardown.py
[2025-05-04T17:24:42.187+0000] {logging_mixin.py:190} INFO - [2025-05-04T17:24:42.187+0000] {dag.py:3239} INFO - Sync 1 DAGs
[2025-05-04T17:24:42.207+0000] {logging_mixin.py:190} INFO - [2025-05-04T17:24:42.207+0000] {dag.py:4180} INFO - Setting next_dagrun for example_setup_teardown to None, run_after=None
[2025-05-04T17:24:42.231+0000] {processor.py:208} INFO - Processing /home/airflow/.local/lib/python3.12/site-packages/airflow/example_dags/example_setup_teardown.py took 0.100 seconds
[2025-05-04T17:25:12.423+0000] {processor.py:186} INFO - Started process (PID=914) to work on /home/airflow/.local/lib/python3.12/site-packages/airflow/example_dags/example_setup_teardown.py
[2025-05-04T17:25:12.424+0000] {processor.py:914} INFO - Processing file /home/airflow/.local/lib/python3.12/site-packages/airflow/example_dags/example_setup_teardown.py for tasks to queue
[2025-05-04T17:25:12.427+0000] {logging_mixin.py:190} INFO - [2025-05-04T17:25:12.427+0000] {dagbag.py:588} INFO - Filling up the DagBag from /home/airflow/.local/lib/python3.12/site-packages/airflow/example_dags/example_setup_teardown.py
[2025-05-04T17:25:12.439+0000] {processor.py:925} INFO - DAG(s) 'example_setup_teardown' retrieved from /home/airflow/.local/lib/python3.12/site-packages/airflow/example_dags/example_setup_teardown.py
[2025-05-04T17:25:12.470+0000] {logging_mixin.py:190} INFO - [2025-05-04T17:25:12.470+0000] {dag.py:3239} INFO - Sync 1 DAGs
[2025-05-04T17:25:12.491+0000] {logging_mixin.py:190} INFO - [2025-05-04T17:25:12.491+0000] {dag.py:4180} INFO - Setting next_dagrun for example_setup_teardown to None, run_after=None
[2025-05-04T17:25:12.516+0000] {processor.py:208} INFO - Processing /home/airflow/.local/lib/python3.12/site-packages/airflow/example_dags/example_setup_teardown.py took 0.101 seconds
[2025-05-04T17:25:42.990+0000] {processor.py:186} INFO - Started process (PID=977) to work on /home/airflow/.local/lib/python3.12/site-packages/airflow/example_dags/example_setup_teardown.py
[2025-05-04T17:25:42.992+0000] {processor.py:914} INFO - Processing file /home/airflow/.local/lib/python3.12/site-packages/airflow/example_dags/example_setup_teardown.py for tasks to queue
[2025-05-04T17:25:42.995+0000] {logging_mixin.py:190} INFO - [2025-05-04T17:25:42.994+0000] {dagbag.py:588} INFO - Filling up the DagBag from /home/airflow/.local/lib/python3.12/site-packages/airflow/example_dags/example_setup_teardown.py
[2025-05-04T17:25:43.007+0000] {processor.py:925} INFO - DAG(s) 'example_setup_teardown' retrieved from /home/airflow/.local/lib/python3.12/site-packages/airflow/example_dags/example_setup_teardown.py
[2025-05-04T17:25:43.038+0000] {logging_mixin.py:190} INFO - [2025-05-04T17:25:43.038+0000] {dag.py:3239} INFO - Sync 1 DAGs
[2025-05-04T17:25:43.060+0000] {logging_mixin.py:190} INFO - [2025-05-04T17:25:43.059+0000] {dag.py:4180} INFO - Setting next_dagrun for example_setup_teardown to None, run_after=None
[2025-05-04T17:25:43.084+0000] {processor.py:208} INFO - Processing /home/airflow/.local/lib/python3.12/site-packages/airflow/example_dags/example_setup_teardown.py took 0.103 seconds
[2025-05-04T17:26:13.517+0000] {processor.py:186} INFO - Started process (PID=1040) to work on /home/airflow/.local/lib/python3.12/site-packages/airflow/example_dags/example_setup_teardown.py
[2025-05-04T17:26:13.520+0000] {processor.py:914} INFO - Processing file /home/airflow/.local/lib/python3.12/site-packages/airflow/example_dags/example_setup_teardown.py for tasks to queue
[2025-05-04T17:26:13.524+0000] {logging_mixin.py:190} INFO - [2025-05-04T17:26:13.524+0000] {dagbag.py:588} INFO - Filling up the DagBag from /home/airflow/.local/lib/python3.12/site-packages/airflow/example_dags/example_setup_teardown.py
[2025-05-04T17:26:13.541+0000] {processor.py:925} INFO - DAG(s) 'example_setup_teardown' retrieved from /home/airflow/.local/lib/python3.12/site-packages/airflow/example_dags/example_setup_teardown.py
[2025-05-04T17:26:13.578+0000] {logging_mixin.py:190} INFO - [2025-05-04T17:26:13.578+0000] {dag.py:3239} INFO - Sync 1 DAGs
[2025-05-04T17:26:13.609+0000] {logging_mixin.py:190} INFO - [2025-05-04T17:26:13.609+0000] {dag.py:4180} INFO - Setting next_dagrun for example_setup_teardown to None, run_after=None
[2025-05-04T17:26:13.642+0000] {processor.py:208} INFO - Processing /home/airflow/.local/lib/python3.12/site-packages/airflow/example_dags/example_setup_teardown.py took 0.135 seconds
[2025-05-04T17:26:44.162+0000] {processor.py:186} INFO - Started process (PID=1103) to work on /home/airflow/.local/lib/python3.12/site-packages/airflow/example_dags/example_setup_teardown.py
[2025-05-04T17:26:44.164+0000] {processor.py:914} INFO - Processing file /home/airflow/.local/lib/python3.12/site-packages/airflow/example_dags/example_setup_teardown.py for tasks to queue
[2025-05-04T17:26:44.167+0000] {logging_mixin.py:190} INFO - [2025-05-04T17:26:44.167+0000] {dagbag.py:588} INFO - Filling up the DagBag from /home/airflow/.local/lib/python3.12/site-packages/airflow/example_dags/example_setup_teardown.py
[2025-05-04T17:26:44.179+0000] {processor.py:925} INFO - DAG(s) 'example_setup_teardown' retrieved from /home/airflow/.local/lib/python3.12/site-packages/airflow/example_dags/example_setup_teardown.py
[2025-05-04T17:26:44.208+0000] {logging_mixin.py:190} INFO - [2025-05-04T17:26:44.207+0000] {dag.py:3239} INFO - Sync 1 DAGs
[2025-05-04T17:26:44.227+0000] {logging_mixin.py:190} INFO - [2025-05-04T17:26:44.226+0000] {dag.py:4180} INFO - Setting next_dagrun for example_setup_teardown to None, run_after=None
[2025-05-04T17:26:44.249+0000] {processor.py:208} INFO - Processing /home/airflow/.local/lib/python3.12/site-packages/airflow/example_dags/example_setup_teardown.py took 0.095 seconds
