[2025-05-04T17:18:36.655+0000] {processor.py:186} INFO - Started process (PID=99) to work on /home/airflow/.local/lib/python3.12/site-packages/airflow/example_dags/example_display_name.py
[2025-05-04T17:18:36.655+0000] {processor.py:914} INFO - Processing file /home/airflow/.local/lib/python3.12/site-packages/airflow/example_dags/example_display_name.py for tasks to queue
[2025-05-04T17:18:36.657+0000] {logging_mixin.py:190} INFO - [2025-05-04T17:18:36.657+0000] {dagbag.py:588} INFO - Filling up the DagBag from /home/airflow/.local/lib/python3.12/site-packages/airflow/example_dags/example_display_name.py
[2025-05-04T17:18:36.664+0000] {processor.py:925} INFO - DAG(s) 'example_display_name' retrieved from /home/airflow/.local/lib/python3.12/site-packages/airflow/example_dags/example_display_name.py
[2025-05-04T17:18:36.751+0000] {logging_mixin.py:190} INFO - [2025-05-04T17:18:36.750+0000] {override.py:1912} INFO - Created Permission View: can read on DAG:example_display_name
[2025-05-04T17:18:36.759+0000] {logging_mixin.py:190} INFO - [2025-05-04T17:18:36.759+0000] {override.py:1912} INFO - Created Permission View: can edit on DAG:example_display_name
[2025-05-04T17:18:36.763+0000] {logging_mixin.py:190} INFO - [2025-05-04T17:18:36.763+0000] {override.py:1912} INFO - Created Permission View: can delete on DAG:example_display_name
[2025-05-04T17:18:36.767+0000] {logging_mixin.py:190} INFO - [2025-05-04T17:18:36.767+0000] {override.py:1912} INFO - Created Permission View: can read on DAG Run:example_display_name
[2025-05-04T17:18:36.772+0000] {logging_mixin.py:190} INFO - [2025-05-04T17:18:36.772+0000] {override.py:1912} INFO - Created Permission View: can create on DAG Run:example_display_name
[2025-05-04T17:18:36.777+0000] {logging_mixin.py:190} INFO - [2025-05-04T17:18:36.776+0000] {override.py:1912} INFO - Created Permission View: can delete on DAG Run:example_display_name
[2025-05-04T17:18:36.781+0000] {logging_mixin.py:190} INFO - [2025-05-04T17:18:36.781+0000] {override.py:1912} INFO - Created Permission View: menu access on DAG Run:example_display_name
[2025-05-04T17:18:36.781+0000] {logging_mixin.py:190} INFO - [2025-05-04T17:18:36.781+0000] {dag.py:3239} INFO - Sync 1 DAGs
[2025-05-04T17:18:36.791+0000] {logging_mixin.py:190} INFO - [2025-05-04T17:18:36.791+0000] {dag.py:3262} INFO - Creating ORM DAG for example_display_name
[2025-05-04T17:18:36.791+0000] {logging_mixin.py:190} INFO - [2025-05-04T17:18:36.791+0000] {dag.py:4180} INFO - Setting next_dagrun for example_display_name to None, run_after=None
[2025-05-04T17:18:36.803+0000] {processor.py:208} INFO - Processing /home/airflow/.local/lib/python3.12/site-packages/airflow/example_dags/example_display_name.py took 0.153 seconds
[2025-05-04T17:19:07.956+0000] {processor.py:186} INFO - Started process (PID=162) to work on /home/airflow/.local/lib/python3.12/site-packages/airflow/example_dags/example_display_name.py
[2025-05-04T17:19:07.957+0000] {processor.py:914} INFO - Processing file /home/airflow/.local/lib/python3.12/site-packages/airflow/example_dags/example_display_name.py for tasks to queue
[2025-05-04T17:19:07.960+0000] {logging_mixin.py:190} INFO - [2025-05-04T17:19:07.960+0000] {dagbag.py:588} INFO - Filling up the DagBag from /home/airflow/.local/lib/python3.12/site-packages/airflow/example_dags/example_display_name.py
[2025-05-04T17:19:07.970+0000] {processor.py:925} INFO - DAG(s) 'example_display_name' retrieved from /home/airflow/.local/lib/python3.12/site-packages/airflow/example_dags/example_display_name.py
[2025-05-04T17:19:07.994+0000] {logging_mixin.py:190} INFO - [2025-05-04T17:19:07.994+0000] {dag.py:3239} INFO - Sync 1 DAGs
[2025-05-04T17:19:08.014+0000] {logging_mixin.py:190} INFO - [2025-05-04T17:19:08.013+0000] {dag.py:4180} INFO - Setting next_dagrun for example_display_name to None, run_after=None
[2025-05-04T17:19:08.037+0000] {processor.py:208} INFO - Processing /home/airflow/.local/lib/python3.12/site-packages/airflow/example_dags/example_display_name.py took 0.088 seconds
[2025-05-04T17:19:38.840+0000] {processor.py:186} INFO - Started process (PID=225) to work on /home/airflow/.local/lib/python3.12/site-packages/airflow/example_dags/example_display_name.py
[2025-05-04T17:19:38.842+0000] {processor.py:914} INFO - Processing file /home/airflow/.local/lib/python3.12/site-packages/airflow/example_dags/example_display_name.py for tasks to queue
[2025-05-04T17:19:38.845+0000] {logging_mixin.py:190} INFO - [2025-05-04T17:19:38.845+0000] {dagbag.py:588} INFO - Filling up the DagBag from /home/airflow/.local/lib/python3.12/site-packages/airflow/example_dags/example_display_name.py
[2025-05-04T17:19:38.857+0000] {processor.py:925} INFO - DAG(s) 'example_display_name' retrieved from /home/airflow/.local/lib/python3.12/site-packages/airflow/example_dags/example_display_name.py
[2025-05-04T17:19:38.884+0000] {logging_mixin.py:190} INFO - [2025-05-04T17:19:38.884+0000] {dag.py:3239} INFO - Sync 1 DAGs
[2025-05-04T17:19:38.906+0000] {logging_mixin.py:190} INFO - [2025-05-04T17:19:38.906+0000] {dag.py:4180} INFO - Setting next_dagrun for example_display_name to None, run_after=None
[2025-05-04T17:19:38.930+0000] {processor.py:208} INFO - Processing /home/airflow/.local/lib/python3.12/site-packages/airflow/example_dags/example_display_name.py took 0.098 seconds
[2025-05-04T17:20:09.186+0000] {processor.py:186} INFO - Started process (PID=287) to work on /home/airflow/.local/lib/python3.12/site-packages/airflow/example_dags/example_display_name.py
[2025-05-04T17:20:09.198+0000] {processor.py:914} INFO - Processing file /home/airflow/.local/lib/python3.12/site-packages/airflow/example_dags/example_display_name.py for tasks to queue
[2025-05-04T17:20:09.201+0000] {logging_mixin.py:190} INFO - [2025-05-04T17:20:09.201+0000] {dagbag.py:588} INFO - Filling up the DagBag from /home/airflow/.local/lib/python3.12/site-packages/airflow/example_dags/example_display_name.py
[2025-05-04T17:20:09.213+0000] {processor.py:925} INFO - DAG(s) 'example_display_name' retrieved from /home/airflow/.local/lib/python3.12/site-packages/airflow/example_dags/example_display_name.py
[2025-05-04T17:20:09.245+0000] {logging_mixin.py:190} INFO - [2025-05-04T17:20:09.244+0000] {dag.py:3239} INFO - Sync 1 DAGs
[2025-05-04T17:20:09.266+0000] {logging_mixin.py:190} INFO - [2025-05-04T17:20:09.266+0000] {dag.py:4180} INFO - Setting next_dagrun for example_display_name to None, run_after=None
[2025-05-04T17:20:09.290+0000] {processor.py:208} INFO - Processing /home/airflow/.local/lib/python3.12/site-packages/airflow/example_dags/example_display_name.py took 0.114 seconds
[2025-05-04T17:20:39.711+0000] {processor.py:186} INFO - Started process (PID=350) to work on /home/airflow/.local/lib/python3.12/site-packages/airflow/example_dags/example_display_name.py
[2025-05-04T17:20:39.713+0000] {processor.py:914} INFO - Processing file /home/airflow/.local/lib/python3.12/site-packages/airflow/example_dags/example_display_name.py for tasks to queue
[2025-05-04T17:20:39.716+0000] {logging_mixin.py:190} INFO - [2025-05-04T17:20:39.715+0000] {dagbag.py:588} INFO - Filling up the DagBag from /home/airflow/.local/lib/python3.12/site-packages/airflow/example_dags/example_display_name.py
[2025-05-04T17:20:39.726+0000] {processor.py:925} INFO - DAG(s) 'example_display_name' retrieved from /home/airflow/.local/lib/python3.12/site-packages/airflow/example_dags/example_display_name.py
[2025-05-04T17:20:39.753+0000] {logging_mixin.py:190} INFO - [2025-05-04T17:20:39.753+0000] {dag.py:3239} INFO - Sync 1 DAGs
[2025-05-04T17:20:39.772+0000] {logging_mixin.py:190} INFO - [2025-05-04T17:20:39.772+0000] {dag.py:4180} INFO - Setting next_dagrun for example_display_name to None, run_after=None
[2025-05-04T17:20:39.795+0000] {processor.py:208} INFO - Processing /home/airflow/.local/lib/python3.12/site-packages/airflow/example_dags/example_display_name.py took 0.092 seconds
[2025-05-04T17:21:10.009+0000] {processor.py:186} INFO - Started process (PID=412) to work on /home/airflow/.local/lib/python3.12/site-packages/airflow/example_dags/example_display_name.py
[2025-05-04T17:21:10.011+0000] {processor.py:914} INFO - Processing file /home/airflow/.local/lib/python3.12/site-packages/airflow/example_dags/example_display_name.py for tasks to queue
[2025-05-04T17:21:10.014+0000] {logging_mixin.py:190} INFO - [2025-05-04T17:21:10.014+0000] {dagbag.py:588} INFO - Filling up the DagBag from /home/airflow/.local/lib/python3.12/site-packages/airflow/example_dags/example_display_name.py
[2025-05-04T17:21:10.025+0000] {processor.py:925} INFO - DAG(s) 'example_display_name' retrieved from /home/airflow/.local/lib/python3.12/site-packages/airflow/example_dags/example_display_name.py
[2025-05-04T17:21:10.053+0000] {logging_mixin.py:190} INFO - [2025-05-04T17:21:10.053+0000] {dag.py:3239} INFO - Sync 1 DAGs
[2025-05-04T17:21:10.074+0000] {logging_mixin.py:190} INFO - [2025-05-04T17:21:10.074+0000] {dag.py:4180} INFO - Setting next_dagrun for example_display_name to None, run_after=None
[2025-05-04T17:21:10.098+0000] {processor.py:208} INFO - Processing /home/airflow/.local/lib/python3.12/site-packages/airflow/example_dags/example_display_name.py took 0.098 seconds
[2025-05-04T17:21:40.202+0000] {processor.py:186} INFO - Started process (PID=474) to work on /home/airflow/.local/lib/python3.12/site-packages/airflow/example_dags/example_display_name.py
[2025-05-04T17:21:40.204+0000] {processor.py:914} INFO - Processing file /home/airflow/.local/lib/python3.12/site-packages/airflow/example_dags/example_display_name.py for tasks to queue
[2025-05-04T17:21:40.207+0000] {logging_mixin.py:190} INFO - [2025-05-04T17:21:40.207+0000] {dagbag.py:588} INFO - Filling up the DagBag from /home/airflow/.local/lib/python3.12/site-packages/airflow/example_dags/example_display_name.py
[2025-05-04T17:21:40.218+0000] {processor.py:925} INFO - DAG(s) 'example_display_name' retrieved from /home/airflow/.local/lib/python3.12/site-packages/airflow/example_dags/example_display_name.py
[2025-05-04T17:21:40.248+0000] {logging_mixin.py:190} INFO - [2025-05-04T17:21:40.247+0000] {dag.py:3239} INFO - Sync 1 DAGs
[2025-05-04T17:21:40.268+0000] {logging_mixin.py:190} INFO - [2025-05-04T17:21:40.268+0000] {dag.py:4180} INFO - Setting next_dagrun for example_display_name to None, run_after=None
[2025-05-04T17:21:40.292+0000] {processor.py:208} INFO - Processing /home/airflow/.local/lib/python3.12/site-packages/airflow/example_dags/example_display_name.py took 0.099 seconds
[2025-05-04T17:22:10.365+0000] {processor.py:186} INFO - Started process (PID=537) to work on /home/airflow/.local/lib/python3.12/site-packages/airflow/example_dags/example_display_name.py
[2025-05-04T17:22:10.366+0000] {processor.py:914} INFO - Processing file /home/airflow/.local/lib/python3.12/site-packages/airflow/example_dags/example_display_name.py for tasks to queue
[2025-05-04T17:22:10.369+0000] {logging_mixin.py:190} INFO - [2025-05-04T17:22:10.369+0000] {dagbag.py:588} INFO - Filling up the DagBag from /home/airflow/.local/lib/python3.12/site-packages/airflow/example_dags/example_display_name.py
[2025-05-04T17:22:10.380+0000] {processor.py:925} INFO - DAG(s) 'example_display_name' retrieved from /home/airflow/.local/lib/python3.12/site-packages/airflow/example_dags/example_display_name.py
[2025-05-04T17:22:10.410+0000] {logging_mixin.py:190} INFO - [2025-05-04T17:22:10.409+0000] {dag.py:3239} INFO - Sync 1 DAGs
[2025-05-04T17:22:10.429+0000] {logging_mixin.py:190} INFO - [2025-05-04T17:22:10.429+0000] {dag.py:4180} INFO - Setting next_dagrun for example_display_name to None, run_after=None
[2025-05-04T17:22:10.452+0000] {processor.py:208} INFO - Processing /home/airflow/.local/lib/python3.12/site-packages/airflow/example_dags/example_display_name.py took 0.096 seconds
[2025-05-04T17:22:40.567+0000] {processor.py:186} INFO - Started process (PID=600) to work on /home/airflow/.local/lib/python3.12/site-packages/airflow/example_dags/example_display_name.py
[2025-05-04T17:22:40.569+0000] {processor.py:914} INFO - Processing file /home/airflow/.local/lib/python3.12/site-packages/airflow/example_dags/example_display_name.py for tasks to queue
[2025-05-04T17:22:40.572+0000] {logging_mixin.py:190} INFO - [2025-05-04T17:22:40.571+0000] {dagbag.py:588} INFO - Filling up the DagBag from /home/airflow/.local/lib/python3.12/site-packages/airflow/example_dags/example_display_name.py
[2025-05-04T17:22:40.583+0000] {processor.py:925} INFO - DAG(s) 'example_display_name' retrieved from /home/airflow/.local/lib/python3.12/site-packages/airflow/example_dags/example_display_name.py
[2025-05-04T17:22:40.613+0000] {logging_mixin.py:190} INFO - [2025-05-04T17:22:40.612+0000] {dag.py:3239} INFO - Sync 1 DAGs
[2025-05-04T17:22:40.633+0000] {logging_mixin.py:190} INFO - [2025-05-04T17:22:40.633+0000] {dag.py:4180} INFO - Setting next_dagrun for example_display_name to None, run_after=None
[2025-05-04T17:22:40.659+0000] {processor.py:208} INFO - Processing /home/airflow/.local/lib/python3.12/site-packages/airflow/example_dags/example_display_name.py took 0.100 seconds
[2025-05-04T17:23:10.842+0000] {processor.py:186} INFO - Started process (PID=663) to work on /home/airflow/.local/lib/python3.12/site-packages/airflow/example_dags/example_display_name.py
[2025-05-04T17:23:10.844+0000] {processor.py:914} INFO - Processing file /home/airflow/.local/lib/python3.12/site-packages/airflow/example_dags/example_display_name.py for tasks to queue
[2025-05-04T17:23:10.846+0000] {logging_mixin.py:190} INFO - [2025-05-04T17:23:10.846+0000] {dagbag.py:588} INFO - Filling up the DagBag from /home/airflow/.local/lib/python3.12/site-packages/airflow/example_dags/example_display_name.py
[2025-05-04T17:23:10.857+0000] {processor.py:925} INFO - DAG(s) 'example_display_name' retrieved from /home/airflow/.local/lib/python3.12/site-packages/airflow/example_dags/example_display_name.py
[2025-05-04T17:23:10.882+0000] {logging_mixin.py:190} INFO - [2025-05-04T17:23:10.882+0000] {dag.py:3239} INFO - Sync 1 DAGs
[2025-05-04T17:23:10.900+0000] {logging_mixin.py:190} INFO - [2025-05-04T17:23:10.900+0000] {dag.py:4180} INFO - Setting next_dagrun for example_display_name to None, run_after=None
[2025-05-04T17:23:10.924+0000] {processor.py:208} INFO - Processing /home/airflow/.local/lib/python3.12/site-packages/airflow/example_dags/example_display_name.py took 0.090 seconds
[2025-05-04T17:23:41.057+0000] {processor.py:186} INFO - Started process (PID=726) to work on /home/airflow/.local/lib/python3.12/site-packages/airflow/example_dags/example_display_name.py
[2025-05-04T17:23:41.058+0000] {processor.py:914} INFO - Processing file /home/airflow/.local/lib/python3.12/site-packages/airflow/example_dags/example_display_name.py for tasks to queue
[2025-05-04T17:23:41.061+0000] {logging_mixin.py:190} INFO - [2025-05-04T17:23:41.061+0000] {dagbag.py:588} INFO - Filling up the DagBag from /home/airflow/.local/lib/python3.12/site-packages/airflow/example_dags/example_display_name.py
[2025-05-04T17:23:41.073+0000] {processor.py:925} INFO - DAG(s) 'example_display_name' retrieved from /home/airflow/.local/lib/python3.12/site-packages/airflow/example_dags/example_display_name.py
[2025-05-04T17:23:41.100+0000] {logging_mixin.py:190} INFO - [2025-05-04T17:23:41.100+0000] {dag.py:3239} INFO - Sync 1 DAGs
[2025-05-04T17:23:41.120+0000] {logging_mixin.py:190} INFO - [2025-05-04T17:23:41.120+0000] {dag.py:4180} INFO - Setting next_dagrun for example_display_name to None, run_after=None
[2025-05-04T17:23:41.145+0000] {processor.py:208} INFO - Processing /home/airflow/.local/lib/python3.12/site-packages/airflow/example_dags/example_display_name.py took 0.097 seconds
[2025-05-04T17:24:11.863+0000] {processor.py:186} INFO - Started process (PID=789) to work on /home/airflow/.local/lib/python3.12/site-packages/airflow/example_dags/example_display_name.py
[2025-05-04T17:24:11.865+0000] {processor.py:914} INFO - Processing file /home/airflow/.local/lib/python3.12/site-packages/airflow/example_dags/example_display_name.py for tasks to queue
[2025-05-04T17:24:11.868+0000] {logging_mixin.py:190} INFO - [2025-05-04T17:24:11.867+0000] {dagbag.py:588} INFO - Filling up the DagBag from /home/airflow/.local/lib/python3.12/site-packages/airflow/example_dags/example_display_name.py
[2025-05-04T17:24:11.879+0000] {processor.py:925} INFO - DAG(s) 'example_display_name' retrieved from /home/airflow/.local/lib/python3.12/site-packages/airflow/example_dags/example_display_name.py
[2025-05-04T17:24:11.904+0000] {logging_mixin.py:190} INFO - [2025-05-04T17:24:11.904+0000] {dag.py:3239} INFO - Sync 1 DAGs
[2025-05-04T17:24:11.923+0000] {logging_mixin.py:190} INFO - [2025-05-04T17:24:11.922+0000] {dag.py:4180} INFO - Setting next_dagrun for example_display_name to None, run_after=None
[2025-05-04T17:24:11.943+0000] {processor.py:208} INFO - Processing /home/airflow/.local/lib/python3.12/site-packages/airflow/example_dags/example_display_name.py took 0.088 seconds
[2025-05-04T17:24:42.226+0000] {processor.py:186} INFO - Started process (PID=852) to work on /home/airflow/.local/lib/python3.12/site-packages/airflow/example_dags/example_display_name.py
[2025-05-04T17:24:42.228+0000] {processor.py:914} INFO - Processing file /home/airflow/.local/lib/python3.12/site-packages/airflow/example_dags/example_display_name.py for tasks to queue
[2025-05-04T17:24:42.231+0000] {logging_mixin.py:190} INFO - [2025-05-04T17:24:42.231+0000] {dagbag.py:588} INFO - Filling up the DagBag from /home/airflow/.local/lib/python3.12/site-packages/airflow/example_dags/example_display_name.py
[2025-05-04T17:24:42.242+0000] {processor.py:925} INFO - DAG(s) 'example_display_name' retrieved from /home/airflow/.local/lib/python3.12/site-packages/airflow/example_dags/example_display_name.py
[2025-05-04T17:24:42.271+0000] {logging_mixin.py:190} INFO - [2025-05-04T17:24:42.271+0000] {dag.py:3239} INFO - Sync 1 DAGs
[2025-05-04T17:24:42.290+0000] {logging_mixin.py:190} INFO - [2025-05-04T17:24:42.290+0000] {dag.py:4180} INFO - Setting next_dagrun for example_display_name to None, run_after=None
[2025-05-04T17:24:42.312+0000] {processor.py:208} INFO - Processing /home/airflow/.local/lib/python3.12/site-packages/airflow/example_dags/example_display_name.py took 0.095 seconds
[2025-05-04T17:25:12.510+0000] {processor.py:186} INFO - Started process (PID=915) to work on /home/airflow/.local/lib/python3.12/site-packages/airflow/example_dags/example_display_name.py
[2025-05-04T17:25:12.511+0000] {processor.py:914} INFO - Processing file /home/airflow/.local/lib/python3.12/site-packages/airflow/example_dags/example_display_name.py for tasks to queue
[2025-05-04T17:25:12.514+0000] {logging_mixin.py:190} INFO - [2025-05-04T17:25:12.514+0000] {dagbag.py:588} INFO - Filling up the DagBag from /home/airflow/.local/lib/python3.12/site-packages/airflow/example_dags/example_display_name.py
[2025-05-04T17:25:12.526+0000] {processor.py:925} INFO - DAG(s) 'example_display_name' retrieved from /home/airflow/.local/lib/python3.12/site-packages/airflow/example_dags/example_display_name.py
[2025-05-04T17:25:12.554+0000] {logging_mixin.py:190} INFO - [2025-05-04T17:25:12.554+0000] {dag.py:3239} INFO - Sync 1 DAGs
[2025-05-04T17:25:12.574+0000] {logging_mixin.py:190} INFO - [2025-05-04T17:25:12.573+0000] {dag.py:4180} INFO - Setting next_dagrun for example_display_name to None, run_after=None
[2025-05-04T17:25:12.598+0000] {processor.py:208} INFO - Processing /home/airflow/.local/lib/python3.12/site-packages/airflow/example_dags/example_display_name.py took 0.098 seconds
[2025-05-04T17:25:43.068+0000] {processor.py:186} INFO - Started process (PID=978) to work on /home/airflow/.local/lib/python3.12/site-packages/airflow/example_dags/example_display_name.py
[2025-05-04T17:25:43.070+0000] {processor.py:914} INFO - Processing file /home/airflow/.local/lib/python3.12/site-packages/airflow/example_dags/example_display_name.py for tasks to queue
[2025-05-04T17:25:43.073+0000] {logging_mixin.py:190} INFO - [2025-05-04T17:25:43.073+0000] {dagbag.py:588} INFO - Filling up the DagBag from /home/airflow/.local/lib/python3.12/site-packages/airflow/example_dags/example_display_name.py
[2025-05-04T17:25:43.086+0000] {processor.py:925} INFO - DAG(s) 'example_display_name' retrieved from /home/airflow/.local/lib/python3.12/site-packages/airflow/example_dags/example_display_name.py
[2025-05-04T17:25:43.115+0000] {logging_mixin.py:190} INFO - [2025-05-04T17:25:43.115+0000] {dag.py:3239} INFO - Sync 1 DAGs
[2025-05-04T17:25:43.135+0000] {logging_mixin.py:190} INFO - [2025-05-04T17:25:43.135+0000] {dag.py:4180} INFO - Setting next_dagrun for example_display_name to None, run_after=None
[2025-05-04T17:25:43.157+0000] {processor.py:208} INFO - Processing /home/airflow/.local/lib/python3.12/site-packages/airflow/example_dags/example_display_name.py took 0.097 seconds
[2025-05-04T17:26:13.634+0000] {processor.py:186} INFO - Started process (PID=1041) to work on /home/airflow/.local/lib/python3.12/site-packages/airflow/example_dags/example_display_name.py
[2025-05-04T17:26:13.636+0000] {processor.py:914} INFO - Processing file /home/airflow/.local/lib/python3.12/site-packages/airflow/example_dags/example_display_name.py for tasks to queue
[2025-05-04T17:26:13.641+0000] {logging_mixin.py:190} INFO - [2025-05-04T17:26:13.640+0000] {dagbag.py:588} INFO - Filling up the DagBag from /home/airflow/.local/lib/python3.12/site-packages/airflow/example_dags/example_display_name.py
[2025-05-04T17:26:13.655+0000] {processor.py:925} INFO - DAG(s) 'example_display_name' retrieved from /home/airflow/.local/lib/python3.12/site-packages/airflow/example_dags/example_display_name.py
[2025-05-04T17:26:13.690+0000] {logging_mixin.py:190} INFO - [2025-05-04T17:26:13.689+0000] {dag.py:3239} INFO - Sync 1 DAGs
[2025-05-04T17:26:13.713+0000] {logging_mixin.py:190} INFO - [2025-05-04T17:26:13.712+0000] {dag.py:4180} INFO - Setting next_dagrun for example_display_name to None, run_after=None
[2025-05-04T17:26:13.742+0000] {processor.py:208} INFO - Processing /home/airflow/.local/lib/python3.12/site-packages/airflow/example_dags/example_display_name.py took 0.118 seconds
[2025-05-04T17:26:44.247+0000] {processor.py:186} INFO - Started process (PID=1104) to work on /home/airflow/.local/lib/python3.12/site-packages/airflow/example_dags/example_display_name.py
[2025-05-04T17:26:44.248+0000] {processor.py:914} INFO - Processing file /home/airflow/.local/lib/python3.12/site-packages/airflow/example_dags/example_display_name.py for tasks to queue
[2025-05-04T17:26:44.251+0000] {logging_mixin.py:190} INFO - [2025-05-04T17:26:44.250+0000] {dagbag.py:588} INFO - Filling up the DagBag from /home/airflow/.local/lib/python3.12/site-packages/airflow/example_dags/example_display_name.py
[2025-05-04T17:26:44.263+0000] {processor.py:925} INFO - DAG(s) 'example_display_name' retrieved from /home/airflow/.local/lib/python3.12/site-packages/airflow/example_dags/example_display_name.py
[2025-05-04T17:26:44.292+0000] {logging_mixin.py:190} INFO - [2025-05-04T17:26:44.291+0000] {dag.py:3239} INFO - Sync 1 DAGs
[2025-05-04T17:26:44.312+0000] {logging_mixin.py:190} INFO - [2025-05-04T17:26:44.311+0000] {dag.py:4180} INFO - Setting next_dagrun for example_display_name to None, run_after=None
[2025-05-04T17:26:44.335+0000] {processor.py:208} INFO - Processing /home/airflow/.local/lib/python3.12/site-packages/airflow/example_dags/example_display_name.py took 0.097 seconds
