[2025-05-04T17:18:37.543+0000] {processor.py:186} INFO - Started process (PID=106) to work on /home/airflow/.local/lib/python3.12/site-packages/airflow/example_dags/example_branch_labels.py
[2025-05-04T17:18:37.544+0000] {processor.py:914} INFO - Processing file /home/airflow/.local/lib/python3.12/site-packages/airflow/example_dags/example_branch_labels.py for tasks to queue
[2025-05-04T17:18:37.545+0000] {logging_mixin.py:190} INFO - [2025-05-04T17:18:37.545+0000] {dagbag.py:588} INFO - Filling up the DagBag from /home/airflow/.local/lib/python3.12/site-packages/airflow/example_dags/example_branch_labels.py
[2025-05-04T17:18:37.554+0000] {processor.py:925} INFO - DAG(s) 'example_branch_labels' retrieved from /home/airflow/.local/lib/python3.12/site-packages/airflow/example_dags/example_branch_labels.py
[2025-05-04T17:18:37.643+0000] {logging_mixin.py:190} INFO - [2025-05-04T17:18:37.642+0000] {override.py:1912} INFO - Created Permission View: can read on DAG:example_branch_labels
[2025-05-04T17:18:37.649+0000] {logging_mixin.py:190} INFO - [2025-05-04T17:18:37.649+0000] {override.py:1912} INFO - Created Permission View: can edit on DAG:example_branch_labels
[2025-05-04T17:18:37.652+0000] {logging_mixin.py:190} INFO - [2025-05-04T17:18:37.652+0000] {override.py:1912} INFO - Created Permission View: can delete on DAG:example_branch_labels
[2025-05-04T17:18:37.656+0000] {logging_mixin.py:190} INFO - [2025-05-04T17:18:37.656+0000] {override.py:1912} INFO - Created Permission View: can read on DAG Run:example_branch_labels
[2025-05-04T17:18:37.659+0000] {logging_mixin.py:190} INFO - [2025-05-04T17:18:37.659+0000] {override.py:1912} INFO - Created Permission View: can create on DAG Run:example_branch_labels
[2025-05-04T17:18:37.663+0000] {logging_mixin.py:190} INFO - [2025-05-04T17:18:37.663+0000] {override.py:1912} INFO - Created Permission View: can delete on DAG Run:example_branch_labels
[2025-05-04T17:18:37.667+0000] {logging_mixin.py:190} INFO - [2025-05-04T17:18:37.666+0000] {override.py:1912} INFO - Created Permission View: menu access on DAG Run:example_branch_labels
[2025-05-04T17:18:37.667+0000] {logging_mixin.py:190} INFO - [2025-05-04T17:18:37.667+0000] {dag.py:3239} INFO - Sync 1 DAGs
[2025-05-04T17:18:37.677+0000] {logging_mixin.py:190} INFO - [2025-05-04T17:18:37.676+0000] {dag.py:3262} INFO - Creating ORM DAG for example_branch_labels
[2025-05-04T17:18:37.685+0000] {logging_mixin.py:190} INFO - [2025-05-04T17:18:37.684+0000] {dag.py:4180} INFO - Setting next_dagrun for example_branch_labels to 2025-05-03 00:00:00+00:00, run_after=2025-05-04 00:00:00+00:00
[2025-05-04T17:18:37.695+0000] {processor.py:208} INFO - Processing /home/airflow/.local/lib/python3.12/site-packages/airflow/example_dags/example_branch_labels.py took 0.156 seconds
[2025-05-04T17:19:08.467+0000] {processor.py:186} INFO - Started process (PID=169) to work on /home/airflow/.local/lib/python3.12/site-packages/airflow/example_dags/example_branch_labels.py
[2025-05-04T17:19:08.468+0000] {processor.py:914} INFO - Processing file /home/airflow/.local/lib/python3.12/site-packages/airflow/example_dags/example_branch_labels.py for tasks to queue
[2025-05-04T17:19:08.470+0000] {logging_mixin.py:190} INFO - [2025-05-04T17:19:08.470+0000] {dagbag.py:588} INFO - Filling up the DagBag from /home/airflow/.local/lib/python3.12/site-packages/airflow/example_dags/example_branch_labels.py
[2025-05-04T17:19:08.483+0000] {processor.py:925} INFO - DAG(s) 'example_branch_labels' retrieved from /home/airflow/.local/lib/python3.12/site-packages/airflow/example_dags/example_branch_labels.py
[2025-05-04T17:19:08.510+0000] {logging_mixin.py:190} INFO - [2025-05-04T17:19:08.510+0000] {dag.py:3239} INFO - Sync 1 DAGs
[2025-05-04T17:19:08.542+0000] {logging_mixin.py:190} INFO - [2025-05-04T17:19:08.542+0000] {dag.py:4180} INFO - Setting next_dagrun for example_branch_labels to 2025-05-03 00:00:00+00:00, run_after=2025-05-04 00:00:00+00:00
[2025-05-04T17:19:08.564+0000] {processor.py:208} INFO - Processing /home/airflow/.local/lib/python3.12/site-packages/airflow/example_dags/example_branch_labels.py took 0.104 seconds
[2025-05-04T17:19:39.715+0000] {processor.py:186} INFO - Started process (PID=232) to work on /home/airflow/.local/lib/python3.12/site-packages/airflow/example_dags/example_branch_labels.py
[2025-05-04T17:19:39.717+0000] {processor.py:914} INFO - Processing file /home/airflow/.local/lib/python3.12/site-packages/airflow/example_dags/example_branch_labels.py for tasks to queue
[2025-05-04T17:19:39.720+0000] {logging_mixin.py:190} INFO - [2025-05-04T17:19:39.719+0000] {dagbag.py:588} INFO - Filling up the DagBag from /home/airflow/.local/lib/python3.12/site-packages/airflow/example_dags/example_branch_labels.py
[2025-05-04T17:19:39.732+0000] {processor.py:925} INFO - DAG(s) 'example_branch_labels' retrieved from /home/airflow/.local/lib/python3.12/site-packages/airflow/example_dags/example_branch_labels.py
[2025-05-04T17:19:39.759+0000] {logging_mixin.py:190} INFO - [2025-05-04T17:19:39.759+0000] {dag.py:3239} INFO - Sync 1 DAGs
[2025-05-04T17:19:39.791+0000] {logging_mixin.py:190} INFO - [2025-05-04T17:19:39.790+0000] {dag.py:4180} INFO - Setting next_dagrun for example_branch_labels to 2025-05-03 00:00:00+00:00, run_after=2025-05-04 00:00:00+00:00
[2025-05-04T17:19:39.812+0000] {processor.py:208} INFO - Processing /home/airflow/.local/lib/python3.12/site-packages/airflow/example_dags/example_branch_labels.py took 0.105 seconds
[2025-05-04T17:20:09.971+0000] {processor.py:186} INFO - Started process (PID=294) to work on /home/airflow/.local/lib/python3.12/site-packages/airflow/example_dags/example_branch_labels.py
[2025-05-04T17:20:09.973+0000] {processor.py:914} INFO - Processing file /home/airflow/.local/lib/python3.12/site-packages/airflow/example_dags/example_branch_labels.py for tasks to queue
[2025-05-04T17:20:09.975+0000] {logging_mixin.py:190} INFO - [2025-05-04T17:20:09.975+0000] {dagbag.py:588} INFO - Filling up the DagBag from /home/airflow/.local/lib/python3.12/site-packages/airflow/example_dags/example_branch_labels.py
[2025-05-04T17:20:09.989+0000] {processor.py:925} INFO - DAG(s) 'example_branch_labels' retrieved from /home/airflow/.local/lib/python3.12/site-packages/airflow/example_dags/example_branch_labels.py
[2025-05-04T17:20:10.019+0000] {logging_mixin.py:190} INFO - [2025-05-04T17:20:10.019+0000] {dag.py:3239} INFO - Sync 1 DAGs
[2025-05-04T17:20:10.053+0000] {logging_mixin.py:190} INFO - [2025-05-04T17:20:10.053+0000] {dag.py:4180} INFO - Setting next_dagrun for example_branch_labels to 2025-05-03 00:00:00+00:00, run_after=2025-05-04 00:00:00+00:00
[2025-05-04T17:20:10.078+0000] {processor.py:208} INFO - Processing /home/airflow/.local/lib/python3.12/site-packages/airflow/example_dags/example_branch_labels.py took 0.115 seconds
[2025-05-04T17:20:40.225+0000] {processor.py:186} INFO - Started process (PID=356) to work on /home/airflow/.local/lib/python3.12/site-packages/airflow/example_dags/example_branch_labels.py
[2025-05-04T17:20:40.228+0000] {processor.py:914} INFO - Processing file /home/airflow/.local/lib/python3.12/site-packages/airflow/example_dags/example_branch_labels.py for tasks to queue
[2025-05-04T17:20:40.230+0000] {logging_mixin.py:190} INFO - [2025-05-04T17:20:40.230+0000] {dagbag.py:588} INFO - Filling up the DagBag from /home/airflow/.local/lib/python3.12/site-packages/airflow/example_dags/example_branch_labels.py
[2025-05-04T17:20:40.244+0000] {processor.py:925} INFO - DAG(s) 'example_branch_labels' retrieved from /home/airflow/.local/lib/python3.12/site-packages/airflow/example_dags/example_branch_labels.py
[2025-05-04T17:20:40.275+0000] {logging_mixin.py:190} INFO - [2025-05-04T17:20:40.275+0000] {dag.py:3239} INFO - Sync 1 DAGs
[2025-05-04T17:20:40.310+0000] {logging_mixin.py:190} INFO - [2025-05-04T17:20:40.309+0000] {dag.py:4180} INFO - Setting next_dagrun for example_branch_labels to 2025-05-03 00:00:00+00:00, run_after=2025-05-04 00:00:00+00:00
[2025-05-04T17:20:40.335+0000] {processor.py:208} INFO - Processing /home/airflow/.local/lib/python3.12/site-packages/airflow/example_dags/example_branch_labels.py took 0.118 seconds
[2025-05-04T17:21:10.880+0000] {processor.py:186} INFO - Started process (PID=419) to work on /home/airflow/.local/lib/python3.12/site-packages/airflow/example_dags/example_branch_labels.py
[2025-05-04T17:21:10.882+0000] {processor.py:914} INFO - Processing file /home/airflow/.local/lib/python3.12/site-packages/airflow/example_dags/example_branch_labels.py for tasks to queue
[2025-05-04T17:21:10.885+0000] {logging_mixin.py:190} INFO - [2025-05-04T17:21:10.884+0000] {dagbag.py:588} INFO - Filling up the DagBag from /home/airflow/.local/lib/python3.12/site-packages/airflow/example_dags/example_branch_labels.py
[2025-05-04T17:21:10.898+0000] {processor.py:925} INFO - DAG(s) 'example_branch_labels' retrieved from /home/airflow/.local/lib/python3.12/site-packages/airflow/example_dags/example_branch_labels.py
[2025-05-04T17:21:10.926+0000] {logging_mixin.py:190} INFO - [2025-05-04T17:21:10.926+0000] {dag.py:3239} INFO - Sync 1 DAGs
[2025-05-04T17:21:10.958+0000] {logging_mixin.py:190} INFO - [2025-05-04T17:21:10.958+0000] {dag.py:4180} INFO - Setting next_dagrun for example_branch_labels to 2025-05-03 00:00:00+00:00, run_after=2025-05-04 00:00:00+00:00
[2025-05-04T17:21:10.979+0000] {processor.py:208} INFO - Processing /home/airflow/.local/lib/python3.12/site-packages/airflow/example_dags/example_branch_labels.py took 0.107 seconds
[2025-05-04T17:21:41.273+0000] {processor.py:186} INFO - Started process (PID=482) to work on /home/airflow/.local/lib/python3.12/site-packages/airflow/example_dags/example_branch_labels.py
[2025-05-04T17:21:41.275+0000] {processor.py:914} INFO - Processing file /home/airflow/.local/lib/python3.12/site-packages/airflow/example_dags/example_branch_labels.py for tasks to queue
[2025-05-04T17:21:41.277+0000] {logging_mixin.py:190} INFO - [2025-05-04T17:21:41.277+0000] {dagbag.py:588} INFO - Filling up the DagBag from /home/airflow/.local/lib/python3.12/site-packages/airflow/example_dags/example_branch_labels.py
[2025-05-04T17:21:41.290+0000] {processor.py:925} INFO - DAG(s) 'example_branch_labels' retrieved from /home/airflow/.local/lib/python3.12/site-packages/airflow/example_dags/example_branch_labels.py
[2025-05-04T17:21:41.318+0000] {logging_mixin.py:190} INFO - [2025-05-04T17:21:41.318+0000] {dag.py:3239} INFO - Sync 1 DAGs
[2025-05-04T17:21:41.349+0000] {logging_mixin.py:190} INFO - [2025-05-04T17:21:41.349+0000] {dag.py:4180} INFO - Setting next_dagrun for example_branch_labels to 2025-05-03 00:00:00+00:00, run_after=2025-05-04 00:00:00+00:00
[2025-05-04T17:21:41.370+0000] {processor.py:208} INFO - Processing /home/airflow/.local/lib/python3.12/site-packages/airflow/example_dags/example_branch_labels.py took 0.106 seconds
[2025-05-04T17:22:12.058+0000] {processor.py:186} INFO - Started process (PID=545) to work on /home/airflow/.local/lib/python3.12/site-packages/airflow/example_dags/example_branch_labels.py
[2025-05-04T17:22:12.060+0000] {processor.py:914} INFO - Processing file /home/airflow/.local/lib/python3.12/site-packages/airflow/example_dags/example_branch_labels.py for tasks to queue
[2025-05-04T17:22:12.063+0000] {logging_mixin.py:190} INFO - [2025-05-04T17:22:12.063+0000] {dagbag.py:588} INFO - Filling up the DagBag from /home/airflow/.local/lib/python3.12/site-packages/airflow/example_dags/example_branch_labels.py
[2025-05-04T17:22:12.077+0000] {processor.py:925} INFO - DAG(s) 'example_branch_labels' retrieved from /home/airflow/.local/lib/python3.12/site-packages/airflow/example_dags/example_branch_labels.py
[2025-05-04T17:22:12.107+0000] {logging_mixin.py:190} INFO - [2025-05-04T17:22:12.107+0000] {dag.py:3239} INFO - Sync 1 DAGs
[2025-05-04T17:22:12.140+0000] {logging_mixin.py:190} INFO - [2025-05-04T17:22:12.140+0000] {dag.py:4180} INFO - Setting next_dagrun for example_branch_labels to 2025-05-03 00:00:00+00:00, run_after=2025-05-04 00:00:00+00:00
[2025-05-04T17:22:12.163+0000] {processor.py:208} INFO - Processing /home/airflow/.local/lib/python3.12/site-packages/airflow/example_dags/example_branch_labels.py took 0.113 seconds
[2025-05-04T17:22:42.223+0000] {processor.py:186} INFO - Started process (PID=607) to work on /home/airflow/.local/lib/python3.12/site-packages/airflow/example_dags/example_branch_labels.py
[2025-05-04T17:22:42.225+0000] {processor.py:914} INFO - Processing file /home/airflow/.local/lib/python3.12/site-packages/airflow/example_dags/example_branch_labels.py for tasks to queue
[2025-05-04T17:22:42.228+0000] {logging_mixin.py:190} INFO - [2025-05-04T17:22:42.227+0000] {dagbag.py:588} INFO - Filling up the DagBag from /home/airflow/.local/lib/python3.12/site-packages/airflow/example_dags/example_branch_labels.py
[2025-05-04T17:22:42.242+0000] {processor.py:925} INFO - DAG(s) 'example_branch_labels' retrieved from /home/airflow/.local/lib/python3.12/site-packages/airflow/example_dags/example_branch_labels.py
[2025-05-04T17:22:42.271+0000] {logging_mixin.py:190} INFO - [2025-05-04T17:22:42.271+0000] {dag.py:3239} INFO - Sync 1 DAGs
[2025-05-04T17:22:42.302+0000] {logging_mixin.py:190} INFO - [2025-05-04T17:22:42.302+0000] {dag.py:4180} INFO - Setting next_dagrun for example_branch_labels to 2025-05-03 00:00:00+00:00, run_after=2025-05-04 00:00:00+00:00
[2025-05-04T17:22:42.323+0000] {processor.py:208} INFO - Processing /home/airflow/.local/lib/python3.12/site-packages/airflow/example_dags/example_branch_labels.py took 0.109 seconds
[2025-05-04T17:23:12.627+0000] {processor.py:186} INFO - Started process (PID=670) to work on /home/airflow/.local/lib/python3.12/site-packages/airflow/example_dags/example_branch_labels.py
[2025-05-04T17:23:12.629+0000] {processor.py:914} INFO - Processing file /home/airflow/.local/lib/python3.12/site-packages/airflow/example_dags/example_branch_labels.py for tasks to queue
[2025-05-04T17:23:12.632+0000] {logging_mixin.py:190} INFO - [2025-05-04T17:23:12.632+0000] {dagbag.py:588} INFO - Filling up the DagBag from /home/airflow/.local/lib/python3.12/site-packages/airflow/example_dags/example_branch_labels.py
[2025-05-04T17:23:12.646+0000] {processor.py:925} INFO - DAG(s) 'example_branch_labels' retrieved from /home/airflow/.local/lib/python3.12/site-packages/airflow/example_dags/example_branch_labels.py
[2025-05-04T17:23:12.677+0000] {logging_mixin.py:190} INFO - [2025-05-04T17:23:12.677+0000] {dag.py:3239} INFO - Sync 1 DAGs
[2025-05-04T17:23:12.713+0000] {logging_mixin.py:190} INFO - [2025-05-04T17:23:12.713+0000] {dag.py:4180} INFO - Setting next_dagrun for example_branch_labels to 2025-05-03 00:00:00+00:00, run_after=2025-05-04 00:00:00+00:00
[2025-05-04T17:23:12.738+0000] {processor.py:208} INFO - Processing /home/airflow/.local/lib/python3.12/site-packages/airflow/example_dags/example_branch_labels.py took 0.119 seconds
[2025-05-04T17:23:42.797+0000] {processor.py:186} INFO - Started process (PID=733) to work on /home/airflow/.local/lib/python3.12/site-packages/airflow/example_dags/example_branch_labels.py
[2025-05-04T17:23:42.799+0000] {processor.py:914} INFO - Processing file /home/airflow/.local/lib/python3.12/site-packages/airflow/example_dags/example_branch_labels.py for tasks to queue
[2025-05-04T17:23:42.802+0000] {logging_mixin.py:190} INFO - [2025-05-04T17:23:42.801+0000] {dagbag.py:588} INFO - Filling up the DagBag from /home/airflow/.local/lib/python3.12/site-packages/airflow/example_dags/example_branch_labels.py
[2025-05-04T17:23:42.814+0000] {processor.py:925} INFO - DAG(s) 'example_branch_labels' retrieved from /home/airflow/.local/lib/python3.12/site-packages/airflow/example_dags/example_branch_labels.py
[2025-05-04T17:23:42.843+0000] {logging_mixin.py:190} INFO - [2025-05-04T17:23:42.842+0000] {dag.py:3239} INFO - Sync 1 DAGs
[2025-05-04T17:23:42.876+0000] {logging_mixin.py:190} INFO - [2025-05-04T17:23:42.875+0000] {dag.py:4180} INFO - Setting next_dagrun for example_branch_labels to 2025-05-03 00:00:00+00:00, run_after=2025-05-04 00:00:00+00:00
[2025-05-04T17:23:42.897+0000] {processor.py:208} INFO - Processing /home/airflow/.local/lib/python3.12/site-packages/airflow/example_dags/example_branch_labels.py took 0.108 seconds
[2025-05-04T17:24:13.454+0000] {processor.py:186} INFO - Started process (PID=796) to work on /home/airflow/.local/lib/python3.12/site-packages/airflow/example_dags/example_branch_labels.py
[2025-05-04T17:24:13.456+0000] {processor.py:914} INFO - Processing file /home/airflow/.local/lib/python3.12/site-packages/airflow/example_dags/example_branch_labels.py for tasks to queue
[2025-05-04T17:24:13.459+0000] {logging_mixin.py:190} INFO - [2025-05-04T17:24:13.458+0000] {dagbag.py:588} INFO - Filling up the DagBag from /home/airflow/.local/lib/python3.12/site-packages/airflow/example_dags/example_branch_labels.py
[2025-05-04T17:24:13.472+0000] {processor.py:925} INFO - DAG(s) 'example_branch_labels' retrieved from /home/airflow/.local/lib/python3.12/site-packages/airflow/example_dags/example_branch_labels.py
[2025-05-04T17:24:13.503+0000] {logging_mixin.py:190} INFO - [2025-05-04T17:24:13.503+0000] {dag.py:3239} INFO - Sync 1 DAGs
[2025-05-04T17:24:13.535+0000] {logging_mixin.py:190} INFO - [2025-05-04T17:24:13.535+0000] {dag.py:4180} INFO - Setting next_dagrun for example_branch_labels to 2025-05-03 00:00:00+00:00, run_after=2025-05-04 00:00:00+00:00
[2025-05-04T17:24:13.558+0000] {processor.py:208} INFO - Processing /home/airflow/.local/lib/python3.12/site-packages/airflow/example_dags/example_branch_labels.py took 0.112 seconds
[2025-05-04T17:24:43.966+0000] {processor.py:186} INFO - Started process (PID=859) to work on /home/airflow/.local/lib/python3.12/site-packages/airflow/example_dags/example_branch_labels.py
[2025-05-04T17:24:43.967+0000] {processor.py:914} INFO - Processing file /home/airflow/.local/lib/python3.12/site-packages/airflow/example_dags/example_branch_labels.py for tasks to queue
[2025-05-04T17:24:43.970+0000] {logging_mixin.py:190} INFO - [2025-05-04T17:24:43.970+0000] {dagbag.py:588} INFO - Filling up the DagBag from /home/airflow/.local/lib/python3.12/site-packages/airflow/example_dags/example_branch_labels.py
[2025-05-04T17:24:43.985+0000] {processor.py:925} INFO - DAG(s) 'example_branch_labels' retrieved from /home/airflow/.local/lib/python3.12/site-packages/airflow/example_dags/example_branch_labels.py
[2025-05-04T17:24:44.016+0000] {logging_mixin.py:190} INFO - [2025-05-04T17:24:44.015+0000] {dag.py:3239} INFO - Sync 1 DAGs
[2025-05-04T17:24:44.046+0000] {logging_mixin.py:190} INFO - [2025-05-04T17:24:44.046+0000] {dag.py:4180} INFO - Setting next_dagrun for example_branch_labels to 2025-05-03 00:00:00+00:00, run_after=2025-05-04 00:00:00+00:00
[2025-05-04T17:24:44.066+0000] {processor.py:208} INFO - Processing /home/airflow/.local/lib/python3.12/site-packages/airflow/example_dags/example_branch_labels.py took 0.109 seconds
[2025-05-04T17:25:14.249+0000] {processor.py:186} INFO - Started process (PID=922) to work on /home/airflow/.local/lib/python3.12/site-packages/airflow/example_dags/example_branch_labels.py
[2025-05-04T17:25:14.251+0000] {processor.py:914} INFO - Processing file /home/airflow/.local/lib/python3.12/site-packages/airflow/example_dags/example_branch_labels.py for tasks to queue
[2025-05-04T17:25:14.254+0000] {logging_mixin.py:190} INFO - [2025-05-04T17:25:14.253+0000] {dagbag.py:588} INFO - Filling up the DagBag from /home/airflow/.local/lib/python3.12/site-packages/airflow/example_dags/example_branch_labels.py
[2025-05-04T17:25:14.267+0000] {processor.py:925} INFO - DAG(s) 'example_branch_labels' retrieved from /home/airflow/.local/lib/python3.12/site-packages/airflow/example_dags/example_branch_labels.py
[2025-05-04T17:25:14.298+0000] {logging_mixin.py:190} INFO - [2025-05-04T17:25:14.297+0000] {dag.py:3239} INFO - Sync 1 DAGs
[2025-05-04T17:25:14.330+0000] {logging_mixin.py:190} INFO - [2025-05-04T17:25:14.330+0000] {dag.py:4180} INFO - Setting next_dagrun for example_branch_labels to 2025-05-03 00:00:00+00:00, run_after=2025-05-04 00:00:00+00:00
[2025-05-04T17:25:14.352+0000] {processor.py:208} INFO - Processing /home/airflow/.local/lib/python3.12/site-packages/airflow/example_dags/example_branch_labels.py took 0.112 seconds
[2025-05-04T17:25:44.666+0000] {processor.py:186} INFO - Started process (PID=985) to work on /home/airflow/.local/lib/python3.12/site-packages/airflow/example_dags/example_branch_labels.py
[2025-05-04T17:25:44.667+0000] {processor.py:914} INFO - Processing file /home/airflow/.local/lib/python3.12/site-packages/airflow/example_dags/example_branch_labels.py for tasks to queue
[2025-05-04T17:25:44.671+0000] {logging_mixin.py:190} INFO - [2025-05-04T17:25:44.670+0000] {dagbag.py:588} INFO - Filling up the DagBag from /home/airflow/.local/lib/python3.12/site-packages/airflow/example_dags/example_branch_labels.py
[2025-05-04T17:25:44.686+0000] {processor.py:925} INFO - DAG(s) 'example_branch_labels' retrieved from /home/airflow/.local/lib/python3.12/site-packages/airflow/example_dags/example_branch_labels.py
[2025-05-04T17:25:44.717+0000] {logging_mixin.py:190} INFO - [2025-05-04T17:25:44.717+0000] {dag.py:3239} INFO - Sync 1 DAGs
[2025-05-04T17:25:44.753+0000] {logging_mixin.py:190} INFO - [2025-05-04T17:25:44.752+0000] {dag.py:4180} INFO - Setting next_dagrun for example_branch_labels to 2025-05-03 00:00:00+00:00, run_after=2025-05-04 00:00:00+00:00
[2025-05-04T17:25:44.776+0000] {processor.py:208} INFO - Processing /home/airflow/.local/lib/python3.12/site-packages/airflow/example_dags/example_branch_labels.py took 0.119 seconds
[2025-05-04T17:26:15.241+0000] {processor.py:186} INFO - Started process (PID=1048) to work on /home/airflow/.local/lib/python3.12/site-packages/airflow/example_dags/example_branch_labels.py
[2025-05-04T17:26:15.243+0000] {processor.py:914} INFO - Processing file /home/airflow/.local/lib/python3.12/site-packages/airflow/example_dags/example_branch_labels.py for tasks to queue
[2025-05-04T17:26:15.246+0000] {logging_mixin.py:190} INFO - [2025-05-04T17:26:15.245+0000] {dagbag.py:588} INFO - Filling up the DagBag from /home/airflow/.local/lib/python3.12/site-packages/airflow/example_dags/example_branch_labels.py
[2025-05-04T17:26:15.261+0000] {processor.py:925} INFO - DAG(s) 'example_branch_labels' retrieved from /home/airflow/.local/lib/python3.12/site-packages/airflow/example_dags/example_branch_labels.py
[2025-05-04T17:26:15.290+0000] {logging_mixin.py:190} INFO - [2025-05-04T17:26:15.289+0000] {dag.py:3239} INFO - Sync 1 DAGs
[2025-05-04T17:26:15.325+0000] {logging_mixin.py:190} INFO - [2025-05-04T17:26:15.325+0000] {dag.py:4180} INFO - Setting next_dagrun for example_branch_labels to 2025-05-03 00:00:00+00:00, run_after=2025-05-04 00:00:00+00:00
[2025-05-04T17:26:15.350+0000] {processor.py:208} INFO - Processing /home/airflow/.local/lib/python3.12/site-packages/airflow/example_dags/example_branch_labels.py took 0.117 seconds
[2025-05-04T17:26:46.078+0000] {processor.py:186} INFO - Started process (PID=1111) to work on /home/airflow/.local/lib/python3.12/site-packages/airflow/example_dags/example_branch_labels.py
[2025-05-04T17:26:46.080+0000] {processor.py:914} INFO - Processing file /home/airflow/.local/lib/python3.12/site-packages/airflow/example_dags/example_branch_labels.py for tasks to queue
[2025-05-04T17:26:46.083+0000] {logging_mixin.py:190} INFO - [2025-05-04T17:26:46.083+0000] {dagbag.py:588} INFO - Filling up the DagBag from /home/airflow/.local/lib/python3.12/site-packages/airflow/example_dags/example_branch_labels.py
[2025-05-04T17:26:46.099+0000] {processor.py:925} INFO - DAG(s) 'example_branch_labels' retrieved from /home/airflow/.local/lib/python3.12/site-packages/airflow/example_dags/example_branch_labels.py
[2025-05-04T17:26:46.129+0000] {logging_mixin.py:190} INFO - [2025-05-04T17:26:46.129+0000] {dag.py:3239} INFO - Sync 1 DAGs
[2025-05-04T17:26:46.164+0000] {logging_mixin.py:190} INFO - [2025-05-04T17:26:46.163+0000] {dag.py:4180} INFO - Setting next_dagrun for example_branch_labels to 2025-05-03 00:00:00+00:00, run_after=2025-05-04 00:00:00+00:00
[2025-05-04T17:26:46.193+0000] {processor.py:208} INFO - Processing /home/airflow/.local/lib/python3.12/site-packages/airflow/example_dags/example_branch_labels.py took 0.125 seconds
