[2025-05-04T17:18:32.622+0000] {processor.py:186} INFO - Started process (PID=71) to work on /home/airflow/.local/lib/python3.12/site-packages/airflow/example_dags/example_inlet_event_extra.py
[2025-05-04T17:18:32.623+0000] {processor.py:914} INFO - Processing file /home/airflow/.local/lib/python3.12/site-packages/airflow/example_dags/example_inlet_event_extra.py for tasks to queue
[2025-05-04T17:18:32.626+0000] {logging_mixin.py:190} INFO - [2025-05-04T17:18:32.625+0000] {dagbag.py:588} INFO - Filling up the DagBag from /home/airflow/.local/lib/python3.12/site-packages/airflow/example_dags/example_inlet_event_extra.py
[2025-05-04T17:18:34.032+0000] {processor.py:925} INFO - DAG(s) 'read_dataset_event', 'read_dataset_event_from_classic' retrieved from /home/airflow/.local/lib/python3.12/site-packages/airflow/example_dags/example_inlet_event_extra.py
[2025-05-04T17:18:34.114+0000] {logging_mixin.py:190} INFO - [2025-05-04T17:18:34.114+0000] {override.py:1912} INFO - Created Permission View: can read on DAG:read_dataset_event
[2025-05-04T17:18:34.122+0000] {logging_mixin.py:190} INFO - [2025-05-04T17:18:34.121+0000] {override.py:1912} INFO - Created Permission View: can edit on DAG:read_dataset_event
[2025-05-04T17:18:34.126+0000] {logging_mixin.py:190} INFO - [2025-05-04T17:18:34.126+0000] {override.py:1912} INFO - Created Permission View: can delete on DAG:read_dataset_event
[2025-05-04T17:18:34.131+0000] {logging_mixin.py:190} INFO - [2025-05-04T17:18:34.130+0000] {override.py:1912} INFO - Created Permission View: can read on DAG Run:read_dataset_event
[2025-05-04T17:18:34.135+0000] {logging_mixin.py:190} INFO - [2025-05-04T17:18:34.135+0000] {override.py:1912} INFO - Created Permission View: can create on DAG Run:read_dataset_event
[2025-05-04T17:18:34.140+0000] {logging_mixin.py:190} INFO - [2025-05-04T17:18:34.140+0000] {override.py:1912} INFO - Created Permission View: can delete on DAG Run:read_dataset_event
[2025-05-04T17:18:34.145+0000] {logging_mixin.py:190} INFO - [2025-05-04T17:18:34.144+0000] {override.py:1912} INFO - Created Permission View: menu access on DAG Run:read_dataset_event
[2025-05-04T17:18:34.153+0000] {logging_mixin.py:190} INFO - [2025-05-04T17:18:34.153+0000] {override.py:1912} INFO - Created Permission View: can read on DAG:read_dataset_event_from_classic
[2025-05-04T17:18:34.157+0000] {logging_mixin.py:190} INFO - [2025-05-04T17:18:34.157+0000] {override.py:1912} INFO - Created Permission View: can edit on DAG:read_dataset_event_from_classic
[2025-05-04T17:18:34.161+0000] {logging_mixin.py:190} INFO - [2025-05-04T17:18:34.160+0000] {override.py:1912} INFO - Created Permission View: can delete on DAG:read_dataset_event_from_classic
[2025-05-04T17:18:34.165+0000] {logging_mixin.py:190} INFO - [2025-05-04T17:18:34.164+0000] {override.py:1912} INFO - Created Permission View: can read on DAG Run:read_dataset_event_from_classic
[2025-05-04T17:18:34.168+0000] {logging_mixin.py:190} INFO - [2025-05-04T17:18:34.168+0000] {override.py:1912} INFO - Created Permission View: can create on DAG Run:read_dataset_event_from_classic
[2025-05-04T17:18:34.172+0000] {logging_mixin.py:190} INFO - [2025-05-04T17:18:34.172+0000] {override.py:1912} INFO - Created Permission View: can delete on DAG Run:read_dataset_event_from_classic
[2025-05-04T17:18:34.177+0000] {logging_mixin.py:190} INFO - [2025-05-04T17:18:34.176+0000] {override.py:1912} INFO - Created Permission View: menu access on DAG Run:read_dataset_event_from_classic
[2025-05-04T17:18:34.177+0000] {logging_mixin.py:190} INFO - [2025-05-04T17:18:34.177+0000] {dag.py:3239} INFO - Sync 2 DAGs
[2025-05-04T17:18:34.187+0000] {logging_mixin.py:190} INFO - [2025-05-04T17:18:34.187+0000] {dag.py:3262} INFO - Creating ORM DAG for read_dataset_event
[2025-05-04T17:18:34.188+0000] {logging_mixin.py:190} INFO - [2025-05-04T17:18:34.188+0000] {dag.py:3262} INFO - Creating ORM DAG for read_dataset_event_from_classic
[2025-05-04T17:18:34.196+0000] {logging_mixin.py:190} INFO - [2025-05-04T17:18:34.196+0000] {dag.py:4180} INFO - Setting next_dagrun for read_dataset_event to 2025-05-03 00:00:00+00:00, run_after=2025-05-04 00:00:00+00:00
[2025-05-04T17:18:34.198+0000] {logging_mixin.py:190} INFO - [2025-05-04T17:18:34.198+0000] {dag.py:4180} INFO - Setting next_dagrun for read_dataset_event_from_classic to 2025-05-03 00:00:00+00:00, run_after=2025-05-04 00:00:00+00:00
[2025-05-04T17:18:34.211+0000] {processor.py:208} INFO - Processing /home/airflow/.local/lib/python3.12/site-packages/airflow/example_dags/example_inlet_event_extra.py took 1.596 seconds
[2025-05-04T17:19:04.401+0000] {processor.py:186} INFO - Started process (PID=141) to work on /home/airflow/.local/lib/python3.12/site-packages/airflow/example_dags/example_inlet_event_extra.py
[2025-05-04T17:19:04.403+0000] {processor.py:914} INFO - Processing file /home/airflow/.local/lib/python3.12/site-packages/airflow/example_dags/example_inlet_event_extra.py for tasks to queue
[2025-05-04T17:19:04.406+0000] {logging_mixin.py:190} INFO - [2025-05-04T17:19:04.406+0000] {dagbag.py:588} INFO - Filling up the DagBag from /home/airflow/.local/lib/python3.12/site-packages/airflow/example_dags/example_inlet_event_extra.py
[2025-05-04T17:19:05.190+0000] {processor.py:925} INFO - DAG(s) 'read_dataset_event_from_classic', 'read_dataset_event' retrieved from /home/airflow/.local/lib/python3.12/site-packages/airflow/example_dags/example_inlet_event_extra.py
[2025-05-04T17:19:05.216+0000] {logging_mixin.py:190} INFO - [2025-05-04T17:19:05.216+0000] {dag.py:3239} INFO - Sync 2 DAGs
[2025-05-04T17:19:05.248+0000] {logging_mixin.py:190} INFO - [2025-05-04T17:19:05.248+0000] {dag.py:4180} INFO - Setting next_dagrun for read_dataset_event to 2025-05-03 00:00:00+00:00, run_after=2025-05-04 00:00:00+00:00
[2025-05-04T17:19:05.258+0000] {logging_mixin.py:190} INFO - [2025-05-04T17:19:05.258+0000] {dag.py:4180} INFO - Setting next_dagrun for read_dataset_event_from_classic to 2025-05-03 00:00:00+00:00, run_after=2025-05-04 00:00:00+00:00
[2025-05-04T17:19:05.280+0000] {processor.py:208} INFO - Processing /home/airflow/.local/lib/python3.12/site-packages/airflow/example_dags/example_inlet_event_extra.py took 0.887 seconds
[2025-05-04T17:19:35.525+0000] {processor.py:186} INFO - Started process (PID=204) to work on /home/airflow/.local/lib/python3.12/site-packages/airflow/example_dags/example_inlet_event_extra.py
[2025-05-04T17:19:35.527+0000] {processor.py:914} INFO - Processing file /home/airflow/.local/lib/python3.12/site-packages/airflow/example_dags/example_inlet_event_extra.py for tasks to queue
[2025-05-04T17:19:35.530+0000] {logging_mixin.py:190} INFO - [2025-05-04T17:19:35.530+0000] {dagbag.py:588} INFO - Filling up the DagBag from /home/airflow/.local/lib/python3.12/site-packages/airflow/example_dags/example_inlet_event_extra.py
[2025-05-04T17:19:36.396+0000] {processor.py:925} INFO - DAG(s) 'read_dataset_event_from_classic', 'read_dataset_event' retrieved from /home/airflow/.local/lib/python3.12/site-packages/airflow/example_dags/example_inlet_event_extra.py
[2025-05-04T17:19:36.425+0000] {logging_mixin.py:190} INFO - [2025-05-04T17:19:36.424+0000] {dag.py:3239} INFO - Sync 2 DAGs
[2025-05-04T17:19:36.459+0000] {logging_mixin.py:190} INFO - [2025-05-04T17:19:36.458+0000] {dag.py:4180} INFO - Setting next_dagrun for read_dataset_event to 2025-05-03 00:00:00+00:00, run_after=2025-05-04 00:00:00+00:00
[2025-05-04T17:19:36.467+0000] {logging_mixin.py:190} INFO - [2025-05-04T17:19:36.466+0000] {dag.py:4180} INFO - Setting next_dagrun for read_dataset_event_from_classic to 2025-05-03 00:00:00+00:00, run_after=2025-05-04 00:00:00+00:00
[2025-05-04T17:19:36.489+0000] {processor.py:208} INFO - Processing /home/airflow/.local/lib/python3.12/site-packages/airflow/example_dags/example_inlet_event_extra.py took 0.974 seconds
[2025-05-04T17:20:06.656+0000] {processor.py:186} INFO - Started process (PID=273) to work on /home/airflow/.local/lib/python3.12/site-packages/airflow/example_dags/example_inlet_event_extra.py
[2025-05-04T17:20:06.658+0000] {processor.py:914} INFO - Processing file /home/airflow/.local/lib/python3.12/site-packages/airflow/example_dags/example_inlet_event_extra.py for tasks to queue
[2025-05-04T17:20:06.661+0000] {logging_mixin.py:190} INFO - [2025-05-04T17:20:06.661+0000] {dagbag.py:588} INFO - Filling up the DagBag from /home/airflow/.local/lib/python3.12/site-packages/airflow/example_dags/example_inlet_event_extra.py
[2025-05-04T17:20:07.565+0000] {processor.py:925} INFO - DAG(s) 'read_dataset_event_from_classic', 'read_dataset_event' retrieved from /home/airflow/.local/lib/python3.12/site-packages/airflow/example_dags/example_inlet_event_extra.py
[2025-05-04T17:20:07.598+0000] {logging_mixin.py:190} INFO - [2025-05-04T17:20:07.598+0000] {dag.py:3239} INFO - Sync 2 DAGs
[2025-05-04T17:20:07.637+0000] {logging_mixin.py:190} INFO - [2025-05-04T17:20:07.636+0000] {dag.py:4180} INFO - Setting next_dagrun for read_dataset_event to 2025-05-03 00:00:00+00:00, run_after=2025-05-04 00:00:00+00:00
[2025-05-04T17:20:07.646+0000] {logging_mixin.py:190} INFO - [2025-05-04T17:20:07.646+0000] {dag.py:4180} INFO - Setting next_dagrun for read_dataset_event_from_classic to 2025-05-03 00:00:00+00:00, run_after=2025-05-04 00:00:00+00:00
[2025-05-04T17:20:07.672+0000] {processor.py:208} INFO - Processing /home/airflow/.local/lib/python3.12/site-packages/airflow/example_dags/example_inlet_event_extra.py took 1.024 seconds
[2025-05-04T17:20:38.486+0000] {processor.py:186} INFO - Started process (PID=341) to work on /home/airflow/.local/lib/python3.12/site-packages/airflow/example_dags/example_inlet_event_extra.py
[2025-05-04T17:20:38.515+0000] {processor.py:914} INFO - Processing file /home/airflow/.local/lib/python3.12/site-packages/airflow/example_dags/example_inlet_event_extra.py for tasks to queue
[2025-05-04T17:20:38.518+0000] {logging_mixin.py:190} INFO - [2025-05-04T17:20:38.518+0000] {dagbag.py:588} INFO - Filling up the DagBag from /home/airflow/.local/lib/python3.12/site-packages/airflow/example_dags/example_inlet_event_extra.py
[2025-05-04T17:20:39.389+0000] {processor.py:925} INFO - DAG(s) 'read_dataset_event_from_classic', 'read_dataset_event' retrieved from /home/airflow/.local/lib/python3.12/site-packages/airflow/example_dags/example_inlet_event_extra.py
[2025-05-04T17:20:39.419+0000] {logging_mixin.py:190} INFO - [2025-05-04T17:20:39.418+0000] {dag.py:3239} INFO - Sync 2 DAGs
[2025-05-04T17:20:39.453+0000] {logging_mixin.py:190} INFO - [2025-05-04T17:20:39.453+0000] {dag.py:4180} INFO - Setting next_dagrun for read_dataset_event to 2025-05-03 00:00:00+00:00, run_after=2025-05-04 00:00:00+00:00
[2025-05-04T17:20:39.460+0000] {logging_mixin.py:190} INFO - [2025-05-04T17:20:39.460+0000] {dag.py:4180} INFO - Setting next_dagrun for read_dataset_event_from_classic to 2025-05-03 00:00:00+00:00, run_after=2025-05-04 00:00:00+00:00
[2025-05-04T17:20:39.508+0000] {processor.py:208} INFO - Processing /home/airflow/.local/lib/python3.12/site-packages/airflow/example_dags/example_inlet_event_extra.py took 1.030 seconds
[2025-05-04T17:21:09.662+0000] {processor.py:186} INFO - Started process (PID=409) to work on /home/airflow/.local/lib/python3.12/site-packages/airflow/example_dags/example_inlet_event_extra.py
[2025-05-04T17:21:09.664+0000] {processor.py:914} INFO - Processing file /home/airflow/.local/lib/python3.12/site-packages/airflow/example_dags/example_inlet_event_extra.py for tasks to queue
[2025-05-04T17:21:09.667+0000] {logging_mixin.py:190} INFO - [2025-05-04T17:21:09.666+0000] {dagbag.py:588} INFO - Filling up the DagBag from /home/airflow/.local/lib/python3.12/site-packages/airflow/example_dags/example_inlet_event_extra.py
[2025-05-04T17:21:10.576+0000] {processor.py:925} INFO - DAG(s) 'read_dataset_event', 'read_dataset_event_from_classic' retrieved from /home/airflow/.local/lib/python3.12/site-packages/airflow/example_dags/example_inlet_event_extra.py
[2025-05-04T17:21:10.604+0000] {logging_mixin.py:190} INFO - [2025-05-04T17:21:10.604+0000] {dag.py:3239} INFO - Sync 2 DAGs
[2025-05-04T17:21:10.638+0000] {logging_mixin.py:190} INFO - [2025-05-04T17:21:10.638+0000] {dag.py:4180} INFO - Setting next_dagrun for read_dataset_event to 2025-05-03 00:00:00+00:00, run_after=2025-05-04 00:00:00+00:00
[2025-05-04T17:21:10.645+0000] {logging_mixin.py:190} INFO - [2025-05-04T17:21:10.645+0000] {dag.py:4180} INFO - Setting next_dagrun for read_dataset_event_from_classic to 2025-05-03 00:00:00+00:00, run_after=2025-05-04 00:00:00+00:00
[2025-05-04T17:21:10.665+0000] {processor.py:208} INFO - Processing /home/airflow/.local/lib/python3.12/site-packages/airflow/example_dags/example_inlet_event_extra.py took 1.012 seconds
[2025-05-04T17:21:40.840+0000] {processor.py:186} INFO - Started process (PID=478) to work on /home/airflow/.local/lib/python3.12/site-packages/airflow/example_dags/example_inlet_event_extra.py
[2025-05-04T17:21:40.842+0000] {processor.py:914} INFO - Processing file /home/airflow/.local/lib/python3.12/site-packages/airflow/example_dags/example_inlet_event_extra.py for tasks to queue
[2025-05-04T17:21:40.844+0000] {logging_mixin.py:190} INFO - [2025-05-04T17:21:40.844+0000] {dagbag.py:588} INFO - Filling up the DagBag from /home/airflow/.local/lib/python3.12/site-packages/airflow/example_dags/example_inlet_event_extra.py
[2025-05-04T17:21:41.641+0000] {processor.py:925} INFO - DAG(s) 'read_dataset_event_from_classic', 'read_dataset_event' retrieved from /home/airflow/.local/lib/python3.12/site-packages/airflow/example_dags/example_inlet_event_extra.py
[2025-05-04T17:21:41.668+0000] {logging_mixin.py:190} INFO - [2025-05-04T17:21:41.667+0000] {dag.py:3239} INFO - Sync 2 DAGs
[2025-05-04T17:21:41.700+0000] {logging_mixin.py:190} INFO - [2025-05-04T17:21:41.700+0000] {dag.py:4180} INFO - Setting next_dagrun for read_dataset_event to 2025-05-03 00:00:00+00:00, run_after=2025-05-04 00:00:00+00:00
[2025-05-04T17:21:41.707+0000] {logging_mixin.py:190} INFO - [2025-05-04T17:21:41.707+0000] {dag.py:4180} INFO - Setting next_dagrun for read_dataset_event_from_classic to 2025-05-03 00:00:00+00:00, run_after=2025-05-04 00:00:00+00:00
[2025-05-04T17:21:41.727+0000] {processor.py:208} INFO - Processing /home/airflow/.local/lib/python3.12/site-packages/airflow/example_dags/example_inlet_event_extra.py took 0.896 seconds
[2025-05-04T17:22:12.043+0000] {processor.py:186} INFO - Started process (PID=544) to work on /home/airflow/.local/lib/python3.12/site-packages/airflow/example_dags/example_inlet_event_extra.py
[2025-05-04T17:22:12.045+0000] {processor.py:914} INFO - Processing file /home/airflow/.local/lib/python3.12/site-packages/airflow/example_dags/example_inlet_event_extra.py for tasks to queue
[2025-05-04T17:22:12.048+0000] {logging_mixin.py:190} INFO - [2025-05-04T17:22:12.048+0000] {dagbag.py:588} INFO - Filling up the DagBag from /home/airflow/.local/lib/python3.12/site-packages/airflow/example_dags/example_inlet_event_extra.py
[2025-05-04T17:22:13.040+0000] {processor.py:925} INFO - DAG(s) 'read_dataset_event_from_classic', 'read_dataset_event' retrieved from /home/airflow/.local/lib/python3.12/site-packages/airflow/example_dags/example_inlet_event_extra.py
[2025-05-04T17:22:13.070+0000] {logging_mixin.py:190} INFO - [2025-05-04T17:22:13.069+0000] {dag.py:3239} INFO - Sync 2 DAGs
[2025-05-04T17:22:13.104+0000] {logging_mixin.py:190} INFO - [2025-05-04T17:22:13.104+0000] {dag.py:4180} INFO - Setting next_dagrun for read_dataset_event to 2025-05-03 00:00:00+00:00, run_after=2025-05-04 00:00:00+00:00
[2025-05-04T17:22:13.111+0000] {logging_mixin.py:190} INFO - [2025-05-04T17:22:13.111+0000] {dag.py:4180} INFO - Setting next_dagrun for read_dataset_event_from_classic to 2025-05-03 00:00:00+00:00, run_after=2025-05-04 00:00:00+00:00
[2025-05-04T17:22:13.129+0000] {processor.py:208} INFO - Processing /home/airflow/.local/lib/python3.12/site-packages/airflow/example_dags/example_inlet_event_extra.py took 1.094 seconds
[2025-05-04T17:22:43.265+0000] {processor.py:186} INFO - Started process (PID=614) to work on /home/airflow/.local/lib/python3.12/site-packages/airflow/example_dags/example_inlet_event_extra.py
[2025-05-04T17:22:43.267+0000] {processor.py:914} INFO - Processing file /home/airflow/.local/lib/python3.12/site-packages/airflow/example_dags/example_inlet_event_extra.py for tasks to queue
[2025-05-04T17:22:43.270+0000] {logging_mixin.py:190} INFO - [2025-05-04T17:22:43.270+0000] {dagbag.py:588} INFO - Filling up the DagBag from /home/airflow/.local/lib/python3.12/site-packages/airflow/example_dags/example_inlet_event_extra.py
[2025-05-04T17:22:44.065+0000] {processor.py:925} INFO - DAG(s) 'read_dataset_event_from_classic', 'read_dataset_event' retrieved from /home/airflow/.local/lib/python3.12/site-packages/airflow/example_dags/example_inlet_event_extra.py
[2025-05-04T17:22:44.092+0000] {logging_mixin.py:190} INFO - [2025-05-04T17:22:44.092+0000] {dag.py:3239} INFO - Sync 2 DAGs
[2025-05-04T17:22:44.126+0000] {logging_mixin.py:190} INFO - [2025-05-04T17:22:44.126+0000] {dag.py:4180} INFO - Setting next_dagrun for read_dataset_event to 2025-05-03 00:00:00+00:00, run_after=2025-05-04 00:00:00+00:00
[2025-05-04T17:22:44.133+0000] {logging_mixin.py:190} INFO - [2025-05-04T17:22:44.133+0000] {dag.py:4180} INFO - Setting next_dagrun for read_dataset_event_from_classic to 2025-05-03 00:00:00+00:00, run_after=2025-05-04 00:00:00+00:00
[2025-05-04T17:22:44.166+0000] {processor.py:208} INFO - Processing /home/airflow/.local/lib/python3.12/site-packages/airflow/example_dags/example_inlet_event_extra.py took 0.908 seconds
[2025-05-04T17:23:14.403+0000] {processor.py:186} INFO - Started process (PID=677) to work on /home/airflow/.local/lib/python3.12/site-packages/airflow/example_dags/example_inlet_event_extra.py
[2025-05-04T17:23:14.432+0000] {processor.py:914} INFO - Processing file /home/airflow/.local/lib/python3.12/site-packages/airflow/example_dags/example_inlet_event_extra.py for tasks to queue
[2025-05-04T17:23:14.436+0000] {logging_mixin.py:190} INFO - [2025-05-04T17:23:14.435+0000] {dagbag.py:588} INFO - Filling up the DagBag from /home/airflow/.local/lib/python3.12/site-packages/airflow/example_dags/example_inlet_event_extra.py
[2025-05-04T17:23:15.305+0000] {processor.py:925} INFO - DAG(s) 'read_dataset_event_from_classic', 'read_dataset_event' retrieved from /home/airflow/.local/lib/python3.12/site-packages/airflow/example_dags/example_inlet_event_extra.py
[2025-05-04T17:23:15.335+0000] {logging_mixin.py:190} INFO - [2025-05-04T17:23:15.335+0000] {dag.py:3239} INFO - Sync 2 DAGs
[2025-05-04T17:23:15.368+0000] {logging_mixin.py:190} INFO - [2025-05-04T17:23:15.368+0000] {dag.py:4180} INFO - Setting next_dagrun for read_dataset_event to 2025-05-03 00:00:00+00:00, run_after=2025-05-04 00:00:00+00:00
[2025-05-04T17:23:15.377+0000] {logging_mixin.py:190} INFO - [2025-05-04T17:23:15.377+0000] {dag.py:4180} INFO - Setting next_dagrun for read_dataset_event_from_classic to 2025-05-03 00:00:00+00:00, run_after=2025-05-04 00:00:00+00:00
[2025-05-04T17:23:15.425+0000] {processor.py:208} INFO - Processing /home/airflow/.local/lib/python3.12/site-packages/airflow/example_dags/example_inlet_event_extra.py took 1.031 seconds
[2025-05-04T17:23:46.409+0000] {processor.py:186} INFO - Started process (PID=740) to work on /home/airflow/.local/lib/python3.12/site-packages/airflow/example_dags/example_inlet_event_extra.py
[2025-05-04T17:23:46.437+0000] {processor.py:914} INFO - Processing file /home/airflow/.local/lib/python3.12/site-packages/airflow/example_dags/example_inlet_event_extra.py for tasks to queue
[2025-05-04T17:23:46.441+0000] {logging_mixin.py:190} INFO - [2025-05-04T17:23:46.441+0000] {dagbag.py:588} INFO - Filling up the DagBag from /home/airflow/.local/lib/python3.12/site-packages/airflow/example_dags/example_inlet_event_extra.py
[2025-05-04T17:23:47.328+0000] {processor.py:925} INFO - DAG(s) 'read_dataset_event', 'read_dataset_event_from_classic' retrieved from /home/airflow/.local/lib/python3.12/site-packages/airflow/example_dags/example_inlet_event_extra.py
[2025-05-04T17:23:47.358+0000] {logging_mixin.py:190} INFO - [2025-05-04T17:23:47.357+0000] {dag.py:3239} INFO - Sync 2 DAGs
[2025-05-04T17:23:47.403+0000] {logging_mixin.py:190} INFO - [2025-05-04T17:23:47.403+0000] {dag.py:4180} INFO - Setting next_dagrun for read_dataset_event to 2025-05-03 00:00:00+00:00, run_after=2025-05-04 00:00:00+00:00
[2025-05-04T17:23:47.417+0000] {logging_mixin.py:190} INFO - [2025-05-04T17:23:47.416+0000] {dag.py:4180} INFO - Setting next_dagrun for read_dataset_event_from_classic to 2025-05-03 00:00:00+00:00, run_after=2025-05-04 00:00:00+00:00
[2025-05-04T17:23:47.438+0000] {processor.py:208} INFO - Processing /home/airflow/.local/lib/python3.12/site-packages/airflow/example_dags/example_inlet_event_extra.py took 1.037 seconds
[2025-05-04T17:24:18.105+0000] {processor.py:186} INFO - Started process (PID=804) to work on /home/airflow/.local/lib/python3.12/site-packages/airflow/example_dags/example_inlet_event_extra.py
[2025-05-04T17:24:18.107+0000] {processor.py:914} INFO - Processing file /home/airflow/.local/lib/python3.12/site-packages/airflow/example_dags/example_inlet_event_extra.py for tasks to queue
[2025-05-04T17:24:18.110+0000] {logging_mixin.py:190} INFO - [2025-05-04T17:24:18.110+0000] {dagbag.py:588} INFO - Filling up the DagBag from /home/airflow/.local/lib/python3.12/site-packages/airflow/example_dags/example_inlet_event_extra.py
[2025-05-04T17:24:18.942+0000] {processor.py:925} INFO - DAG(s) 'read_dataset_event_from_classic', 'read_dataset_event' retrieved from /home/airflow/.local/lib/python3.12/site-packages/airflow/example_dags/example_inlet_event_extra.py
[2025-05-04T17:24:18.969+0000] {logging_mixin.py:190} INFO - [2025-05-04T17:24:18.969+0000] {dag.py:3239} INFO - Sync 2 DAGs
[2025-05-04T17:24:19.000+0000] {logging_mixin.py:190} INFO - [2025-05-04T17:24:19.000+0000] {dag.py:4180} INFO - Setting next_dagrun for read_dataset_event to 2025-05-03 00:00:00+00:00, run_after=2025-05-04 00:00:00+00:00
[2025-05-04T17:24:19.007+0000] {logging_mixin.py:190} INFO - [2025-05-04T17:24:19.006+0000] {dag.py:4180} INFO - Setting next_dagrun for read_dataset_event_from_classic to 2025-05-03 00:00:00+00:00, run_after=2025-05-04 00:00:00+00:00
[2025-05-04T17:24:19.043+0000] {processor.py:208} INFO - Processing /home/airflow/.local/lib/python3.12/site-packages/airflow/example_dags/example_inlet_event_extra.py took 0.946 seconds
[2025-05-04T17:24:49.949+0000] {processor.py:186} INFO - Started process (PID=872) to work on /home/airflow/.local/lib/python3.12/site-packages/airflow/example_dags/example_inlet_event_extra.py
[2025-05-04T17:24:49.950+0000] {processor.py:914} INFO - Processing file /home/airflow/.local/lib/python3.12/site-packages/airflow/example_dags/example_inlet_event_extra.py for tasks to queue
[2025-05-04T17:24:49.953+0000] {logging_mixin.py:190} INFO - [2025-05-04T17:24:49.952+0000] {dagbag.py:588} INFO - Filling up the DagBag from /home/airflow/.local/lib/python3.12/site-packages/airflow/example_dags/example_inlet_event_extra.py
[2025-05-04T17:24:50.794+0000] {processor.py:925} INFO - DAG(s) 'read_dataset_event', 'read_dataset_event_from_classic' retrieved from /home/airflow/.local/lib/python3.12/site-packages/airflow/example_dags/example_inlet_event_extra.py
[2025-05-04T17:24:50.818+0000] {logging_mixin.py:190} INFO - [2025-05-04T17:24:50.818+0000] {dag.py:3239} INFO - Sync 2 DAGs
[2025-05-04T17:24:50.849+0000] {logging_mixin.py:190} INFO - [2025-05-04T17:24:50.848+0000] {dag.py:4180} INFO - Setting next_dagrun for read_dataset_event to 2025-05-03 00:00:00+00:00, run_after=2025-05-04 00:00:00+00:00
[2025-05-04T17:24:50.855+0000] {logging_mixin.py:190} INFO - [2025-05-04T17:24:50.855+0000] {dag.py:4180} INFO - Setting next_dagrun for read_dataset_event_from_classic to 2025-05-03 00:00:00+00:00, run_after=2025-05-04 00:00:00+00:00
[2025-05-04T17:24:50.900+0000] {processor.py:208} INFO - Processing /home/airflow/.local/lib/python3.12/site-packages/airflow/example_dags/example_inlet_event_extra.py took 0.959 seconds
[2025-05-04T17:25:21.209+0000] {processor.py:186} INFO - Started process (PID=935) to work on /home/airflow/.local/lib/python3.12/site-packages/airflow/example_dags/example_inlet_event_extra.py
[2025-05-04T17:25:21.239+0000] {processor.py:914} INFO - Processing file /home/airflow/.local/lib/python3.12/site-packages/airflow/example_dags/example_inlet_event_extra.py for tasks to queue
[2025-05-04T17:25:21.242+0000] {logging_mixin.py:190} INFO - [2025-05-04T17:25:21.241+0000] {dagbag.py:588} INFO - Filling up the DagBag from /home/airflow/.local/lib/python3.12/site-packages/airflow/example_dags/example_inlet_event_extra.py
[2025-05-04T17:25:22.026+0000] {processor.py:925} INFO - DAG(s) 'read_dataset_event', 'read_dataset_event_from_classic' retrieved from /home/airflow/.local/lib/python3.12/site-packages/airflow/example_dags/example_inlet_event_extra.py
[2025-05-04T17:25:22.054+0000] {logging_mixin.py:190} INFO - [2025-05-04T17:25:22.054+0000] {dag.py:3239} INFO - Sync 2 DAGs
[2025-05-04T17:25:22.086+0000] {logging_mixin.py:190} INFO - [2025-05-04T17:25:22.086+0000] {dag.py:4180} INFO - Setting next_dagrun for read_dataset_event to 2025-05-03 00:00:00+00:00, run_after=2025-05-04 00:00:00+00:00
[2025-05-04T17:25:22.092+0000] {logging_mixin.py:190} INFO - [2025-05-04T17:25:22.092+0000] {dag.py:4180} INFO - Setting next_dagrun for read_dataset_event_from_classic to 2025-05-03 00:00:00+00:00, run_after=2025-05-04 00:00:00+00:00
[2025-05-04T17:25:22.111+0000] {processor.py:208} INFO - Processing /home/airflow/.local/lib/python3.12/site-packages/airflow/example_dags/example_inlet_event_extra.py took 0.912 seconds
[2025-05-04T17:25:52.523+0000] {processor.py:186} INFO - Started process (PID=998) to work on /home/airflow/.local/lib/python3.12/site-packages/airflow/example_dags/example_inlet_event_extra.py
[2025-05-04T17:25:52.524+0000] {processor.py:914} INFO - Processing file /home/airflow/.local/lib/python3.12/site-packages/airflow/example_dags/example_inlet_event_extra.py for tasks to queue
[2025-05-04T17:25:52.527+0000] {logging_mixin.py:190} INFO - [2025-05-04T17:25:52.527+0000] {dagbag.py:588} INFO - Filling up the DagBag from /home/airflow/.local/lib/python3.12/site-packages/airflow/example_dags/example_inlet_event_extra.py
[2025-05-04T17:25:53.479+0000] {processor.py:925} INFO - DAG(s) 'read_dataset_event_from_classic', 'read_dataset_event' retrieved from /home/airflow/.local/lib/python3.12/site-packages/airflow/example_dags/example_inlet_event_extra.py
[2025-05-04T17:25:53.505+0000] {logging_mixin.py:190} INFO - [2025-05-04T17:25:53.505+0000] {dag.py:3239} INFO - Sync 2 DAGs
[2025-05-04T17:25:53.538+0000] {logging_mixin.py:190} INFO - [2025-05-04T17:25:53.538+0000] {dag.py:4180} INFO - Setting next_dagrun for read_dataset_event to 2025-05-03 00:00:00+00:00, run_after=2025-05-04 00:00:00+00:00
[2025-05-04T17:25:53.544+0000] {logging_mixin.py:190} INFO - [2025-05-04T17:25:53.544+0000] {dag.py:4180} INFO - Setting next_dagrun for read_dataset_event_from_classic to 2025-05-03 00:00:00+00:00, run_after=2025-05-04 00:00:00+00:00
[2025-05-04T17:25:53.562+0000] {processor.py:208} INFO - Processing /home/airflow/.local/lib/python3.12/site-packages/airflow/example_dags/example_inlet_event_extra.py took 1.047 seconds
[2025-05-04T17:26:24.133+0000] {processor.py:186} INFO - Started process (PID=1061) to work on /home/airflow/.local/lib/python3.12/site-packages/airflow/example_dags/example_inlet_event_extra.py
[2025-05-04T17:26:24.164+0000] {processor.py:914} INFO - Processing file /home/airflow/.local/lib/python3.12/site-packages/airflow/example_dags/example_inlet_event_extra.py for tasks to queue
[2025-05-04T17:26:24.168+0000] {logging_mixin.py:190} INFO - [2025-05-04T17:26:24.167+0000] {dagbag.py:588} INFO - Filling up the DagBag from /home/airflow/.local/lib/python3.12/site-packages/airflow/example_dags/example_inlet_event_extra.py
[2025-05-04T17:26:25.022+0000] {processor.py:925} INFO - DAG(s) 'read_dataset_event', 'read_dataset_event_from_classic' retrieved from /home/airflow/.local/lib/python3.12/site-packages/airflow/example_dags/example_inlet_event_extra.py
[2025-05-04T17:26:25.052+0000] {logging_mixin.py:190} INFO - [2025-05-04T17:26:25.051+0000] {dag.py:3239} INFO - Sync 2 DAGs
[2025-05-04T17:26:25.087+0000] {logging_mixin.py:190} INFO - [2025-05-04T17:26:25.086+0000] {dag.py:4180} INFO - Setting next_dagrun for read_dataset_event to 2025-05-03 00:00:00+00:00, run_after=2025-05-04 00:00:00+00:00
[2025-05-04T17:26:25.094+0000] {logging_mixin.py:190} INFO - [2025-05-04T17:26:25.094+0000] {dag.py:4180} INFO - Setting next_dagrun for read_dataset_event_from_classic to 2025-05-03 00:00:00+00:00, run_after=2025-05-04 00:00:00+00:00
[2025-05-04T17:26:25.115+0000] {processor.py:208} INFO - Processing /home/airflow/.local/lib/python3.12/site-packages/airflow/example_dags/example_inlet_event_extra.py took 0.991 seconds
