[2025-05-04T17:18:32.819+0000] {processor.py:186} INFO - Started process (PID=72) to work on /home/airflow/.local/lib/python3.12/site-packages/airflow/example_dags/example_short_circuit_operator.py
[2025-05-04T17:18:32.820+0000] {processor.py:914} INFO - Processing file /home/airflow/.local/lib/python3.12/site-packages/airflow/example_dags/example_short_circuit_operator.py for tasks to queue
[2025-05-04T17:18:32.822+0000] {logging_mixin.py:190} INFO - [2025-05-04T17:18:32.821+0000] {dagbag.py:588} INFO - Filling up the DagBag from /home/airflow/.local/lib/python3.12/site-packages/airflow/example_dags/example_short_circuit_operator.py
[2025-05-04T17:18:32.831+0000] {processor.py:925} INFO - DAG(s) 'example_short_circuit_operator' retrieved from /home/airflow/.local/lib/python3.12/site-packages/airflow/example_dags/example_short_circuit_operator.py
[2025-05-04T17:18:32.933+0000] {logging_mixin.py:190} INFO - [2025-05-04T17:18:32.933+0000] {override.py:1912} INFO - Created Permission View: can read on DAG:example_short_circuit_operator
[2025-05-04T17:18:32.940+0000] {logging_mixin.py:190} INFO - [2025-05-04T17:18:32.940+0000] {override.py:1912} INFO - Created Permission View: can edit on DAG:example_short_circuit_operator
[2025-05-04T17:18:32.945+0000] {logging_mixin.py:190} INFO - [2025-05-04T17:18:32.945+0000] {override.py:1912} INFO - Created Permission View: can delete on DAG:example_short_circuit_operator
[2025-05-04T17:18:32.951+0000] {logging_mixin.py:190} INFO - [2025-05-04T17:18:32.951+0000] {override.py:1912} INFO - Created Permission View: can read on DAG Run:example_short_circuit_operator
[2025-05-04T17:18:32.956+0000] {logging_mixin.py:190} INFO - [2025-05-04T17:18:32.955+0000] {override.py:1912} INFO - Created Permission View: can create on DAG Run:example_short_circuit_operator
[2025-05-04T17:18:32.960+0000] {logging_mixin.py:190} INFO - [2025-05-04T17:18:32.960+0000] {override.py:1912} INFO - Created Permission View: can delete on DAG Run:example_short_circuit_operator
[2025-05-04T17:18:32.964+0000] {logging_mixin.py:190} INFO - [2025-05-04T17:18:32.964+0000] {override.py:1912} INFO - Created Permission View: menu access on DAG Run:example_short_circuit_operator
[2025-05-04T17:18:32.965+0000] {logging_mixin.py:190} INFO - [2025-05-04T17:18:32.965+0000] {dag.py:3239} INFO - Sync 1 DAGs
[2025-05-04T17:18:32.976+0000] {logging_mixin.py:190} INFO - [2025-05-04T17:18:32.975+0000] {dag.py:3262} INFO - Creating ORM DAG for example_short_circuit_operator
[2025-05-04T17:18:32.976+0000] {logging_mixin.py:190} INFO - [2025-05-04T17:18:32.976+0000] {dag.py:4180} INFO - Setting next_dagrun for example_short_circuit_operator to None, run_after=None
[2025-05-04T17:18:32.986+0000] {processor.py:208} INFO - Processing /home/airflow/.local/lib/python3.12/site-packages/airflow/example_dags/example_short_circuit_operator.py took 0.173 seconds
[2025-05-04T17:19:03.633+0000] {processor.py:186} INFO - Started process (PID=134) to work on /home/airflow/.local/lib/python3.12/site-packages/airflow/example_dags/example_short_circuit_operator.py
[2025-05-04T17:19:03.634+0000] {processor.py:914} INFO - Processing file /home/airflow/.local/lib/python3.12/site-packages/airflow/example_dags/example_short_circuit_operator.py for tasks to queue
[2025-05-04T17:19:03.637+0000] {logging_mixin.py:190} INFO - [2025-05-04T17:19:03.636+0000] {dagbag.py:588} INFO - Filling up the DagBag from /home/airflow/.local/lib/python3.12/site-packages/airflow/example_dags/example_short_circuit_operator.py
[2025-05-04T17:19:03.649+0000] {processor.py:925} INFO - DAG(s) 'example_short_circuit_operator' retrieved from /home/airflow/.local/lib/python3.12/site-packages/airflow/example_dags/example_short_circuit_operator.py
[2025-05-04T17:19:03.681+0000] {logging_mixin.py:190} INFO - [2025-05-04T17:19:03.681+0000] {dag.py:3239} INFO - Sync 1 DAGs
[2025-05-04T17:19:03.700+0000] {logging_mixin.py:190} INFO - [2025-05-04T17:19:03.700+0000] {dag.py:4180} INFO - Setting next_dagrun for example_short_circuit_operator to None, run_after=None
[2025-05-04T17:19:03.724+0000] {processor.py:208} INFO - Processing /home/airflow/.local/lib/python3.12/site-packages/airflow/example_dags/example_short_circuit_operator.py took 0.099 seconds
[2025-05-04T17:19:33.850+0000] {processor.py:186} INFO - Started process (PID=197) to work on /home/airflow/.local/lib/python3.12/site-packages/airflow/example_dags/example_short_circuit_operator.py
[2025-05-04T17:19:33.852+0000] {processor.py:914} INFO - Processing file /home/airflow/.local/lib/python3.12/site-packages/airflow/example_dags/example_short_circuit_operator.py for tasks to queue
[2025-05-04T17:19:33.855+0000] {logging_mixin.py:190} INFO - [2025-05-04T17:19:33.854+0000] {dagbag.py:588} INFO - Filling up the DagBag from /home/airflow/.local/lib/python3.12/site-packages/airflow/example_dags/example_short_circuit_operator.py
[2025-05-04T17:19:33.866+0000] {processor.py:925} INFO - DAG(s) 'example_short_circuit_operator' retrieved from /home/airflow/.local/lib/python3.12/site-packages/airflow/example_dags/example_short_circuit_operator.py
[2025-05-04T17:19:33.898+0000] {logging_mixin.py:190} INFO - [2025-05-04T17:19:33.897+0000] {dag.py:3239} INFO - Sync 1 DAGs
[2025-05-04T17:19:33.919+0000] {logging_mixin.py:190} INFO - [2025-05-04T17:19:33.919+0000] {dag.py:4180} INFO - Setting next_dagrun for example_short_circuit_operator to None, run_after=None
[2025-05-04T17:19:33.943+0000] {processor.py:208} INFO - Processing /home/airflow/.local/lib/python3.12/site-packages/airflow/example_dags/example_short_circuit_operator.py took 0.101 seconds
[2025-05-04T17:20:04.232+0000] {processor.py:186} INFO - Started process (PID=260) to work on /home/airflow/.local/lib/python3.12/site-packages/airflow/example_dags/example_short_circuit_operator.py
[2025-05-04T17:20:04.234+0000] {processor.py:914} INFO - Processing file /home/airflow/.local/lib/python3.12/site-packages/airflow/example_dags/example_short_circuit_operator.py for tasks to queue
[2025-05-04T17:20:04.238+0000] {logging_mixin.py:190} INFO - [2025-05-04T17:20:04.237+0000] {dagbag.py:588} INFO - Filling up the DagBag from /home/airflow/.local/lib/python3.12/site-packages/airflow/example_dags/example_short_circuit_operator.py
[2025-05-04T17:20:04.252+0000] {processor.py:925} INFO - DAG(s) 'example_short_circuit_operator' retrieved from /home/airflow/.local/lib/python3.12/site-packages/airflow/example_dags/example_short_circuit_operator.py
[2025-05-04T17:20:04.289+0000] {logging_mixin.py:190} INFO - [2025-05-04T17:20:04.288+0000] {dag.py:3239} INFO - Sync 1 DAGs
[2025-05-04T17:20:04.309+0000] {logging_mixin.py:190} INFO - [2025-05-04T17:20:04.309+0000] {dag.py:4180} INFO - Setting next_dagrun for example_short_circuit_operator to None, run_after=None
[2025-05-04T17:20:04.336+0000] {processor.py:208} INFO - Processing /home/airflow/.local/lib/python3.12/site-packages/airflow/example_dags/example_short_circuit_operator.py took 0.112 seconds
[2025-05-04T17:20:34.695+0000] {processor.py:186} INFO - Started process (PID=323) to work on /home/airflow/.local/lib/python3.12/site-packages/airflow/example_dags/example_short_circuit_operator.py
[2025-05-04T17:20:34.696+0000] {processor.py:914} INFO - Processing file /home/airflow/.local/lib/python3.12/site-packages/airflow/example_dags/example_short_circuit_operator.py for tasks to queue
[2025-05-04T17:20:34.700+0000] {logging_mixin.py:190} INFO - [2025-05-04T17:20:34.699+0000] {dagbag.py:588} INFO - Filling up the DagBag from /home/airflow/.local/lib/python3.12/site-packages/airflow/example_dags/example_short_circuit_operator.py
[2025-05-04T17:20:34.714+0000] {processor.py:925} INFO - DAG(s) 'example_short_circuit_operator' retrieved from /home/airflow/.local/lib/python3.12/site-packages/airflow/example_dags/example_short_circuit_operator.py
[2025-05-04T17:20:34.752+0000] {logging_mixin.py:190} INFO - [2025-05-04T17:20:34.752+0000] {dag.py:3239} INFO - Sync 1 DAGs
[2025-05-04T17:20:34.773+0000] {logging_mixin.py:190} INFO - [2025-05-04T17:20:34.773+0000] {dag.py:4180} INFO - Setting next_dagrun for example_short_circuit_operator to None, run_after=None
[2025-05-04T17:20:34.800+0000] {processor.py:208} INFO - Processing /home/airflow/.local/lib/python3.12/site-packages/airflow/example_dags/example_short_circuit_operator.py took 0.115 seconds
[2025-05-04T17:21:04.908+0000] {processor.py:186} INFO - Started process (PID=386) to work on /home/airflow/.local/lib/python3.12/site-packages/airflow/example_dags/example_short_circuit_operator.py
[2025-05-04T17:21:04.910+0000] {processor.py:914} INFO - Processing file /home/airflow/.local/lib/python3.12/site-packages/airflow/example_dags/example_short_circuit_operator.py for tasks to queue
[2025-05-04T17:21:04.913+0000] {logging_mixin.py:190} INFO - [2025-05-04T17:21:04.913+0000] {dagbag.py:588} INFO - Filling up the DagBag from /home/airflow/.local/lib/python3.12/site-packages/airflow/example_dags/example_short_circuit_operator.py
[2025-05-04T17:21:04.926+0000] {processor.py:925} INFO - DAG(s) 'example_short_circuit_operator' retrieved from /home/airflow/.local/lib/python3.12/site-packages/airflow/example_dags/example_short_circuit_operator.py
[2025-05-04T17:21:04.961+0000] {logging_mixin.py:190} INFO - [2025-05-04T17:21:04.961+0000] {dag.py:3239} INFO - Sync 1 DAGs
[2025-05-04T17:21:04.982+0000] {logging_mixin.py:190} INFO - [2025-05-04T17:21:04.982+0000] {dag.py:4180} INFO - Setting next_dagrun for example_short_circuit_operator to None, run_after=None
[2025-05-04T17:21:05.006+0000] {processor.py:208} INFO - Processing /home/airflow/.local/lib/python3.12/site-packages/airflow/example_dags/example_short_circuit_operator.py took 0.106 seconds
[2025-05-04T17:21:35.182+0000] {processor.py:186} INFO - Started process (PID=449) to work on /home/airflow/.local/lib/python3.12/site-packages/airflow/example_dags/example_short_circuit_operator.py
[2025-05-04T17:21:35.184+0000] {processor.py:914} INFO - Processing file /home/airflow/.local/lib/python3.12/site-packages/airflow/example_dags/example_short_circuit_operator.py for tasks to queue
[2025-05-04T17:21:35.187+0000] {logging_mixin.py:190} INFO - [2025-05-04T17:21:35.187+0000] {dagbag.py:588} INFO - Filling up the DagBag from /home/airflow/.local/lib/python3.12/site-packages/airflow/example_dags/example_short_circuit_operator.py
[2025-05-04T17:21:35.200+0000] {processor.py:925} INFO - DAG(s) 'example_short_circuit_operator' retrieved from /home/airflow/.local/lib/python3.12/site-packages/airflow/example_dags/example_short_circuit_operator.py
[2025-05-04T17:21:35.235+0000] {logging_mixin.py:190} INFO - [2025-05-04T17:21:35.235+0000] {dag.py:3239} INFO - Sync 1 DAGs
[2025-05-04T17:21:35.256+0000] {logging_mixin.py:190} INFO - [2025-05-04T17:21:35.256+0000] {dag.py:4180} INFO - Setting next_dagrun for example_short_circuit_operator to None, run_after=None
[2025-05-04T17:21:35.281+0000] {processor.py:208} INFO - Processing /home/airflow/.local/lib/python3.12/site-packages/airflow/example_dags/example_short_circuit_operator.py took 0.107 seconds
[2025-05-04T17:22:05.426+0000] {processor.py:186} INFO - Started process (PID=512) to work on /home/airflow/.local/lib/python3.12/site-packages/airflow/example_dags/example_short_circuit_operator.py
[2025-05-04T17:22:05.428+0000] {processor.py:914} INFO - Processing file /home/airflow/.local/lib/python3.12/site-packages/airflow/example_dags/example_short_circuit_operator.py for tasks to queue
[2025-05-04T17:22:05.431+0000] {logging_mixin.py:190} INFO - [2025-05-04T17:22:05.431+0000] {dagbag.py:588} INFO - Filling up the DagBag from /home/airflow/.local/lib/python3.12/site-packages/airflow/example_dags/example_short_circuit_operator.py
[2025-05-04T17:22:05.444+0000] {processor.py:925} INFO - DAG(s) 'example_short_circuit_operator' retrieved from /home/airflow/.local/lib/python3.12/site-packages/airflow/example_dags/example_short_circuit_operator.py
[2025-05-04T17:22:05.477+0000] {logging_mixin.py:190} INFO - [2025-05-04T17:22:05.477+0000] {dag.py:3239} INFO - Sync 1 DAGs
[2025-05-04T17:22:05.496+0000] {logging_mixin.py:190} INFO - [2025-05-04T17:22:05.496+0000] {dag.py:4180} INFO - Setting next_dagrun for example_short_circuit_operator to None, run_after=None
[2025-05-04T17:22:05.522+0000] {processor.py:208} INFO - Processing /home/airflow/.local/lib/python3.12/site-packages/airflow/example_dags/example_short_circuit_operator.py took 0.104 seconds
[2025-05-04T17:22:35.687+0000] {processor.py:186} INFO - Started process (PID=575) to work on /home/airflow/.local/lib/python3.12/site-packages/airflow/example_dags/example_short_circuit_operator.py
[2025-05-04T17:22:35.689+0000] {processor.py:914} INFO - Processing file /home/airflow/.local/lib/python3.12/site-packages/airflow/example_dags/example_short_circuit_operator.py for tasks to queue
[2025-05-04T17:22:35.691+0000] {logging_mixin.py:190} INFO - [2025-05-04T17:22:35.691+0000] {dagbag.py:588} INFO - Filling up the DagBag from /home/airflow/.local/lib/python3.12/site-packages/airflow/example_dags/example_short_circuit_operator.py
[2025-05-04T17:22:35.703+0000] {processor.py:925} INFO - DAG(s) 'example_short_circuit_operator' retrieved from /home/airflow/.local/lib/python3.12/site-packages/airflow/example_dags/example_short_circuit_operator.py
[2025-05-04T17:22:35.733+0000] {logging_mixin.py:190} INFO - [2025-05-04T17:22:35.733+0000] {dag.py:3239} INFO - Sync 1 DAGs
[2025-05-04T17:22:35.751+0000] {logging_mixin.py:190} INFO - [2025-05-04T17:22:35.751+0000] {dag.py:4180} INFO - Setting next_dagrun for example_short_circuit_operator to None, run_after=None
[2025-05-04T17:22:35.775+0000] {processor.py:208} INFO - Processing /home/airflow/.local/lib/python3.12/site-packages/airflow/example_dags/example_short_circuit_operator.py took 0.095 seconds
[2025-05-04T17:23:06.498+0000] {processor.py:186} INFO - Started process (PID=638) to work on /home/airflow/.local/lib/python3.12/site-packages/airflow/example_dags/example_short_circuit_operator.py
[2025-05-04T17:23:06.499+0000] {processor.py:914} INFO - Processing file /home/airflow/.local/lib/python3.12/site-packages/airflow/example_dags/example_short_circuit_operator.py for tasks to queue
[2025-05-04T17:23:06.503+0000] {logging_mixin.py:190} INFO - [2025-05-04T17:23:06.502+0000] {dagbag.py:588} INFO - Filling up the DagBag from /home/airflow/.local/lib/python3.12/site-packages/airflow/example_dags/example_short_circuit_operator.py
[2025-05-04T17:23:06.516+0000] {processor.py:925} INFO - DAG(s) 'example_short_circuit_operator' retrieved from /home/airflow/.local/lib/python3.12/site-packages/airflow/example_dags/example_short_circuit_operator.py
[2025-05-04T17:23:06.550+0000] {logging_mixin.py:190} INFO - [2025-05-04T17:23:06.550+0000] {dag.py:3239} INFO - Sync 1 DAGs
[2025-05-04T17:23:06.570+0000] {logging_mixin.py:190} INFO - [2025-05-04T17:23:06.570+0000] {dag.py:4180} INFO - Setting next_dagrun for example_short_circuit_operator to None, run_after=None
[2025-05-04T17:23:06.595+0000] {processor.py:208} INFO - Processing /home/airflow/.local/lib/python3.12/site-packages/airflow/example_dags/example_short_circuit_operator.py took 0.106 seconds
[2025-05-04T17:23:36.735+0000] {processor.py:186} INFO - Started process (PID=701) to work on /home/airflow/.local/lib/python3.12/site-packages/airflow/example_dags/example_short_circuit_operator.py
[2025-05-04T17:23:36.737+0000] {processor.py:914} INFO - Processing file /home/airflow/.local/lib/python3.12/site-packages/airflow/example_dags/example_short_circuit_operator.py for tasks to queue
[2025-05-04T17:23:36.740+0000] {logging_mixin.py:190} INFO - [2025-05-04T17:23:36.739+0000] {dagbag.py:588} INFO - Filling up the DagBag from /home/airflow/.local/lib/python3.12/site-packages/airflow/example_dags/example_short_circuit_operator.py
[2025-05-04T17:23:36.751+0000] {processor.py:925} INFO - DAG(s) 'example_short_circuit_operator' retrieved from /home/airflow/.local/lib/python3.12/site-packages/airflow/example_dags/example_short_circuit_operator.py
[2025-05-04T17:23:36.781+0000] {logging_mixin.py:190} INFO - [2025-05-04T17:23:36.780+0000] {dag.py:3239} INFO - Sync 1 DAGs
[2025-05-04T17:23:36.799+0000] {logging_mixin.py:190} INFO - [2025-05-04T17:23:36.799+0000] {dag.py:4180} INFO - Setting next_dagrun for example_short_circuit_operator to None, run_after=None
[2025-05-04T17:23:36.823+0000] {processor.py:208} INFO - Processing /home/airflow/.local/lib/python3.12/site-packages/airflow/example_dags/example_short_circuit_operator.py took 0.096 seconds
[2025-05-04T17:24:07.821+0000] {processor.py:186} INFO - Started process (PID=764) to work on /home/airflow/.local/lib/python3.12/site-packages/airflow/example_dags/example_short_circuit_operator.py
[2025-05-04T17:24:07.823+0000] {processor.py:914} INFO - Processing file /home/airflow/.local/lib/python3.12/site-packages/airflow/example_dags/example_short_circuit_operator.py for tasks to queue
[2025-05-04T17:24:07.826+0000] {logging_mixin.py:190} INFO - [2025-05-04T17:24:07.825+0000] {dagbag.py:588} INFO - Filling up the DagBag from /home/airflow/.local/lib/python3.12/site-packages/airflow/example_dags/example_short_circuit_operator.py
[2025-05-04T17:24:07.839+0000] {processor.py:925} INFO - DAG(s) 'example_short_circuit_operator' retrieved from /home/airflow/.local/lib/python3.12/site-packages/airflow/example_dags/example_short_circuit_operator.py
[2025-05-04T17:24:07.872+0000] {logging_mixin.py:190} INFO - [2025-05-04T17:24:07.871+0000] {dag.py:3239} INFO - Sync 1 DAGs
[2025-05-04T17:24:07.891+0000] {logging_mixin.py:190} INFO - [2025-05-04T17:24:07.891+0000] {dag.py:4180} INFO - Setting next_dagrun for example_short_circuit_operator to None, run_after=None
[2025-05-04T17:24:07.915+0000] {processor.py:208} INFO - Processing /home/airflow/.local/lib/python3.12/site-packages/airflow/example_dags/example_short_circuit_operator.py took 0.103 seconds
[2025-05-04T17:24:38.094+0000] {processor.py:186} INFO - Started process (PID=827) to work on /home/airflow/.local/lib/python3.12/site-packages/airflow/example_dags/example_short_circuit_operator.py
[2025-05-04T17:24:38.096+0000] {processor.py:914} INFO - Processing file /home/airflow/.local/lib/python3.12/site-packages/airflow/example_dags/example_short_circuit_operator.py for tasks to queue
[2025-05-04T17:24:38.099+0000] {logging_mixin.py:190} INFO - [2025-05-04T17:24:38.099+0000] {dagbag.py:588} INFO - Filling up the DagBag from /home/airflow/.local/lib/python3.12/site-packages/airflow/example_dags/example_short_circuit_operator.py
[2025-05-04T17:24:38.112+0000] {processor.py:925} INFO - DAG(s) 'example_short_circuit_operator' retrieved from /home/airflow/.local/lib/python3.12/site-packages/airflow/example_dags/example_short_circuit_operator.py
[2025-05-04T17:24:38.147+0000] {logging_mixin.py:190} INFO - [2025-05-04T17:24:38.147+0000] {dag.py:3239} INFO - Sync 1 DAGs
[2025-05-04T17:24:38.167+0000] {logging_mixin.py:190} INFO - [2025-05-04T17:24:38.166+0000] {dag.py:4180} INFO - Setting next_dagrun for example_short_circuit_operator to None, run_after=None
[2025-05-04T17:24:38.193+0000] {processor.py:208} INFO - Processing /home/airflow/.local/lib/python3.12/site-packages/airflow/example_dags/example_short_circuit_operator.py took 0.107 seconds
[2025-05-04T17:25:08.299+0000] {processor.py:186} INFO - Started process (PID=890) to work on /home/airflow/.local/lib/python3.12/site-packages/airflow/example_dags/example_short_circuit_operator.py
[2025-05-04T17:25:08.299+0000] {processor.py:914} INFO - Processing file /home/airflow/.local/lib/python3.12/site-packages/airflow/example_dags/example_short_circuit_operator.py for tasks to queue
[2025-05-04T17:25:08.302+0000] {logging_mixin.py:190} INFO - [2025-05-04T17:25:08.302+0000] {dagbag.py:588} INFO - Filling up the DagBag from /home/airflow/.local/lib/python3.12/site-packages/airflow/example_dags/example_short_circuit_operator.py
[2025-05-04T17:25:08.315+0000] {processor.py:925} INFO - DAG(s) 'example_short_circuit_operator' retrieved from /home/airflow/.local/lib/python3.12/site-packages/airflow/example_dags/example_short_circuit_operator.py
[2025-05-04T17:25:08.350+0000] {logging_mixin.py:190} INFO - [2025-05-04T17:25:08.350+0000] {dag.py:3239} INFO - Sync 1 DAGs
[2025-05-04T17:25:08.371+0000] {logging_mixin.py:190} INFO - [2025-05-04T17:25:08.370+0000] {dag.py:4180} INFO - Setting next_dagrun for example_short_circuit_operator to None, run_after=None
[2025-05-04T17:25:08.398+0000] {processor.py:208} INFO - Processing /home/airflow/.local/lib/python3.12/site-packages/airflow/example_dags/example_short_circuit_operator.py took 0.107 seconds
[2025-05-04T17:25:38.942+0000] {processor.py:186} INFO - Started process (PID=953) to work on /home/airflow/.local/lib/python3.12/site-packages/airflow/example_dags/example_short_circuit_operator.py
[2025-05-04T17:25:38.944+0000] {processor.py:914} INFO - Processing file /home/airflow/.local/lib/python3.12/site-packages/airflow/example_dags/example_short_circuit_operator.py for tasks to queue
[2025-05-04T17:25:38.947+0000] {logging_mixin.py:190} INFO - [2025-05-04T17:25:38.947+0000] {dagbag.py:588} INFO - Filling up the DagBag from /home/airflow/.local/lib/python3.12/site-packages/airflow/example_dags/example_short_circuit_operator.py
[2025-05-04T17:25:38.960+0000] {processor.py:925} INFO - DAG(s) 'example_short_circuit_operator' retrieved from /home/airflow/.local/lib/python3.12/site-packages/airflow/example_dags/example_short_circuit_operator.py
[2025-05-04T17:25:38.994+0000] {logging_mixin.py:190} INFO - [2025-05-04T17:25:38.994+0000] {dag.py:3239} INFO - Sync 1 DAGs
[2025-05-04T17:25:39.014+0000] {logging_mixin.py:190} INFO - [2025-05-04T17:25:39.014+0000] {dag.py:4180} INFO - Setting next_dagrun for example_short_circuit_operator to None, run_after=None
[2025-05-04T17:25:39.040+0000] {processor.py:208} INFO - Processing /home/airflow/.local/lib/python3.12/site-packages/airflow/example_dags/example_short_circuit_operator.py took 0.106 seconds
[2025-05-04T17:26:09.431+0000] {processor.py:186} INFO - Started process (PID=1016) to work on /home/airflow/.local/lib/python3.12/site-packages/airflow/example_dags/example_short_circuit_operator.py
[2025-05-04T17:26:09.433+0000] {processor.py:914} INFO - Processing file /home/airflow/.local/lib/python3.12/site-packages/airflow/example_dags/example_short_circuit_operator.py for tasks to queue
[2025-05-04T17:26:09.436+0000] {logging_mixin.py:190} INFO - [2025-05-04T17:26:09.435+0000] {dagbag.py:588} INFO - Filling up the DagBag from /home/airflow/.local/lib/python3.12/site-packages/airflow/example_dags/example_short_circuit_operator.py
[2025-05-04T17:26:09.449+0000] {processor.py:925} INFO - DAG(s) 'example_short_circuit_operator' retrieved from /home/airflow/.local/lib/python3.12/site-packages/airflow/example_dags/example_short_circuit_operator.py
[2025-05-04T17:26:09.483+0000] {logging_mixin.py:190} INFO - [2025-05-04T17:26:09.482+0000] {dag.py:3239} INFO - Sync 1 DAGs
[2025-05-04T17:26:09.504+0000] {logging_mixin.py:190} INFO - [2025-05-04T17:26:09.503+0000] {dag.py:4180} INFO - Setting next_dagrun for example_short_circuit_operator to None, run_after=None
[2025-05-04T17:26:09.531+0000] {processor.py:208} INFO - Processing /home/airflow/.local/lib/python3.12/site-packages/airflow/example_dags/example_short_circuit_operator.py took 0.109 seconds
[2025-05-04T17:26:40.036+0000] {processor.py:186} INFO - Started process (PID=1079) to work on /home/airflow/.local/lib/python3.12/site-packages/airflow/example_dags/example_short_circuit_operator.py
[2025-05-04T17:26:40.038+0000] {processor.py:914} INFO - Processing file /home/airflow/.local/lib/python3.12/site-packages/airflow/example_dags/example_short_circuit_operator.py for tasks to queue
[2025-05-04T17:26:40.041+0000] {logging_mixin.py:190} INFO - [2025-05-04T17:26:40.041+0000] {dagbag.py:588} INFO - Filling up the DagBag from /home/airflow/.local/lib/python3.12/site-packages/airflow/example_dags/example_short_circuit_operator.py
[2025-05-04T17:26:40.054+0000] {processor.py:925} INFO - DAG(s) 'example_short_circuit_operator' retrieved from /home/airflow/.local/lib/python3.12/site-packages/airflow/example_dags/example_short_circuit_operator.py
[2025-05-04T17:26:40.089+0000] {logging_mixin.py:190} INFO - [2025-05-04T17:26:40.089+0000] {dag.py:3239} INFO - Sync 1 DAGs
[2025-05-04T17:26:40.109+0000] {logging_mixin.py:190} INFO - [2025-05-04T17:26:40.109+0000] {dag.py:4180} INFO - Setting next_dagrun for example_short_circuit_operator to None, run_after=None
[2025-05-04T17:26:40.134+0000] {processor.py:208} INFO - Processing /home/airflow/.local/lib/python3.12/site-packages/airflow/example_dags/example_short_circuit_operator.py took 0.106 seconds
