[2025-05-04T17:18:38.087+0000] {processor.py:186} INFO - Started process (PID=109) to work on /home/airflow/.local/lib/python3.12/site-packages/airflow/example_dags/example_task_group.py
[2025-05-04T17:18:38.087+0000] {processor.py:914} INFO - Processing file /home/airflow/.local/lib/python3.12/site-packages/airflow/example_dags/example_task_group.py for tasks to queue
[2025-05-04T17:18:38.089+0000] {logging_mixin.py:190} INFO - [2025-05-04T17:18:38.088+0000] {dagbag.py:588} INFO - Filling up the DagBag from /home/airflow/.local/lib/python3.12/site-packages/airflow/example_dags/example_task_group.py
[2025-05-04T17:18:38.096+0000] {processor.py:925} INFO - DAG(s) 'example_task_group' retrieved from /home/airflow/.local/lib/python3.12/site-packages/airflow/example_dags/example_task_group.py
[2025-05-04T17:18:38.176+0000] {logging_mixin.py:190} INFO - [2025-05-04T17:18:38.175+0000] {override.py:1912} INFO - Created Permission View: can read on DAG:example_task_group
[2025-05-04T17:18:38.182+0000] {logging_mixin.py:190} INFO - [2025-05-04T17:18:38.181+0000] {override.py:1912} INFO - Created Permission View: can edit on DAG:example_task_group
[2025-05-04T17:18:38.185+0000] {logging_mixin.py:190} INFO - [2025-05-04T17:18:38.185+0000] {override.py:1912} INFO - Created Permission View: can delete on DAG:example_task_group
[2025-05-04T17:18:38.189+0000] {logging_mixin.py:190} INFO - [2025-05-04T17:18:38.189+0000] {override.py:1912} INFO - Created Permission View: can read on DAG Run:example_task_group
[2025-05-04T17:18:38.193+0000] {logging_mixin.py:190} INFO - [2025-05-04T17:18:38.193+0000] {override.py:1912} INFO - Created Permission View: can create on DAG Run:example_task_group
[2025-05-04T17:18:38.197+0000] {logging_mixin.py:190} INFO - [2025-05-04T17:18:38.197+0000] {override.py:1912} INFO - Created Permission View: can delete on DAG Run:example_task_group
[2025-05-04T17:18:38.201+0000] {logging_mixin.py:190} INFO - [2025-05-04T17:18:38.201+0000] {override.py:1912} INFO - Created Permission View: menu access on DAG Run:example_task_group
[2025-05-04T17:18:38.201+0000] {logging_mixin.py:190} INFO - [2025-05-04T17:18:38.201+0000] {dag.py:3239} INFO - Sync 1 DAGs
[2025-05-04T17:18:38.210+0000] {logging_mixin.py:190} INFO - [2025-05-04T17:18:38.210+0000] {dag.py:3262} INFO - Creating ORM DAG for example_task_group
[2025-05-04T17:18:38.211+0000] {logging_mixin.py:190} INFO - [2025-05-04T17:18:38.211+0000] {dag.py:4180} INFO - Setting next_dagrun for example_task_group to None, run_after=None
[2025-05-04T17:18:38.222+0000] {processor.py:208} INFO - Processing /home/airflow/.local/lib/python3.12/site-packages/airflow/example_dags/example_task_group.py took 0.139 seconds
[2025-05-04T17:19:08.870+0000] {processor.py:186} INFO - Started process (PID=172) to work on /home/airflow/.local/lib/python3.12/site-packages/airflow/example_dags/example_task_group.py
[2025-05-04T17:19:08.871+0000] {processor.py:914} INFO - Processing file /home/airflow/.local/lib/python3.12/site-packages/airflow/example_dags/example_task_group.py for tasks to queue
[2025-05-04T17:19:08.873+0000] {logging_mixin.py:190} INFO - [2025-05-04T17:19:08.873+0000] {dagbag.py:588} INFO - Filling up the DagBag from /home/airflow/.local/lib/python3.12/site-packages/airflow/example_dags/example_task_group.py
[2025-05-04T17:19:08.884+0000] {processor.py:925} INFO - DAG(s) 'example_task_group' retrieved from /home/airflow/.local/lib/python3.12/site-packages/airflow/example_dags/example_task_group.py
[2025-05-04T17:19:08.913+0000] {logging_mixin.py:190} INFO - [2025-05-04T17:19:08.912+0000] {dag.py:3239} INFO - Sync 1 DAGs
[2025-05-04T17:19:08.931+0000] {logging_mixin.py:190} INFO - [2025-05-04T17:19:08.931+0000] {dag.py:4180} INFO - Setting next_dagrun for example_task_group to None, run_after=None
[2025-05-04T17:19:08.955+0000] {processor.py:208} INFO - Processing /home/airflow/.local/lib/python3.12/site-packages/airflow/example_dags/example_task_group.py took 0.093 seconds
[2025-05-04T17:19:40.145+0000] {processor.py:186} INFO - Started process (PID=235) to work on /home/airflow/.local/lib/python3.12/site-packages/airflow/example_dags/example_task_group.py
[2025-05-04T17:19:40.147+0000] {processor.py:914} INFO - Processing file /home/airflow/.local/lib/python3.12/site-packages/airflow/example_dags/example_task_group.py for tasks to queue
[2025-05-04T17:19:40.149+0000] {logging_mixin.py:190} INFO - [2025-05-04T17:19:40.149+0000] {dagbag.py:588} INFO - Filling up the DagBag from /home/airflow/.local/lib/python3.12/site-packages/airflow/example_dags/example_task_group.py
[2025-05-04T17:19:40.160+0000] {processor.py:925} INFO - DAG(s) 'example_task_group' retrieved from /home/airflow/.local/lib/python3.12/site-packages/airflow/example_dags/example_task_group.py
[2025-05-04T17:19:40.191+0000] {logging_mixin.py:190} INFO - [2025-05-04T17:19:40.190+0000] {dag.py:3239} INFO - Sync 1 DAGs
[2025-05-04T17:19:40.212+0000] {logging_mixin.py:190} INFO - [2025-05-04T17:19:40.212+0000] {dag.py:4180} INFO - Setting next_dagrun for example_task_group to None, run_after=None
[2025-05-04T17:19:40.234+0000] {processor.py:208} INFO - Processing /home/airflow/.local/lib/python3.12/site-packages/airflow/example_dags/example_task_group.py took 0.097 seconds
[2025-05-04T17:20:10.422+0000] {processor.py:186} INFO - Started process (PID=297) to work on /home/airflow/.local/lib/python3.12/site-packages/airflow/example_dags/example_task_group.py
[2025-05-04T17:20:10.424+0000] {processor.py:914} INFO - Processing file /home/airflow/.local/lib/python3.12/site-packages/airflow/example_dags/example_task_group.py for tasks to queue
[2025-05-04T17:20:10.427+0000] {logging_mixin.py:190} INFO - [2025-05-04T17:20:10.426+0000] {dagbag.py:588} INFO - Filling up the DagBag from /home/airflow/.local/lib/python3.12/site-packages/airflow/example_dags/example_task_group.py
[2025-05-04T17:20:10.439+0000] {processor.py:925} INFO - DAG(s) 'example_task_group' retrieved from /home/airflow/.local/lib/python3.12/site-packages/airflow/example_dags/example_task_group.py
[2025-05-04T17:20:10.469+0000] {logging_mixin.py:190} INFO - [2025-05-04T17:20:10.469+0000] {dag.py:3239} INFO - Sync 1 DAGs
[2025-05-04T17:20:10.489+0000] {logging_mixin.py:190} INFO - [2025-05-04T17:20:10.489+0000] {dag.py:4180} INFO - Setting next_dagrun for example_task_group to None, run_after=None
[2025-05-04T17:20:10.514+0000] {processor.py:208} INFO - Processing /home/airflow/.local/lib/python3.12/site-packages/airflow/example_dags/example_task_group.py took 0.100 seconds
[2025-05-04T17:20:40.585+0000] {processor.py:186} INFO - Started process (PID=359) to work on /home/airflow/.local/lib/python3.12/site-packages/airflow/example_dags/example_task_group.py
[2025-05-04T17:20:40.587+0000] {processor.py:914} INFO - Processing file /home/airflow/.local/lib/python3.12/site-packages/airflow/example_dags/example_task_group.py for tasks to queue
[2025-05-04T17:20:40.590+0000] {logging_mixin.py:190} INFO - [2025-05-04T17:20:40.589+0000] {dagbag.py:588} INFO - Filling up the DagBag from /home/airflow/.local/lib/python3.12/site-packages/airflow/example_dags/example_task_group.py
[2025-05-04T17:20:40.601+0000] {processor.py:925} INFO - DAG(s) 'example_task_group' retrieved from /home/airflow/.local/lib/python3.12/site-packages/airflow/example_dags/example_task_group.py
[2025-05-04T17:20:40.632+0000] {logging_mixin.py:190} INFO - [2025-05-04T17:20:40.632+0000] {dag.py:3239} INFO - Sync 1 DAGs
[2025-05-04T17:20:40.652+0000] {logging_mixin.py:190} INFO - [2025-05-04T17:20:40.652+0000] {dag.py:4180} INFO - Setting next_dagrun for example_task_group to None, run_after=None
[2025-05-04T17:20:40.676+0000] {processor.py:208} INFO - Processing /home/airflow/.local/lib/python3.12/site-packages/airflow/example_dags/example_task_group.py took 0.101 seconds
[2025-05-04T17:21:11.097+0000] {processor.py:186} INFO - Started process (PID=422) to work on /home/airflow/.local/lib/python3.12/site-packages/airflow/example_dags/example_task_group.py
[2025-05-04T17:21:11.098+0000] {processor.py:914} INFO - Processing file /home/airflow/.local/lib/python3.12/site-packages/airflow/example_dags/example_task_group.py for tasks to queue
[2025-05-04T17:21:11.101+0000] {logging_mixin.py:190} INFO - [2025-05-04T17:21:11.100+0000] {dagbag.py:588} INFO - Filling up the DagBag from /home/airflow/.local/lib/python3.12/site-packages/airflow/example_dags/example_task_group.py
[2025-05-04T17:21:11.113+0000] {processor.py:925} INFO - DAG(s) 'example_task_group' retrieved from /home/airflow/.local/lib/python3.12/site-packages/airflow/example_dags/example_task_group.py
[2025-05-04T17:21:11.142+0000] {logging_mixin.py:190} INFO - [2025-05-04T17:21:11.142+0000] {dag.py:3239} INFO - Sync 1 DAGs
[2025-05-04T17:21:11.160+0000] {logging_mixin.py:190} INFO - [2025-05-04T17:21:11.160+0000] {dag.py:4180} INFO - Setting next_dagrun for example_task_group to None, run_after=None
[2025-05-04T17:21:11.182+0000] {processor.py:208} INFO - Processing /home/airflow/.local/lib/python3.12/site-packages/airflow/example_dags/example_task_group.py took 0.093 seconds
[2025-05-04T17:21:41.684+0000] {processor.py:186} INFO - Started process (PID=485) to work on /home/airflow/.local/lib/python3.12/site-packages/airflow/example_dags/example_task_group.py
[2025-05-04T17:21:41.686+0000] {processor.py:914} INFO - Processing file /home/airflow/.local/lib/python3.12/site-packages/airflow/example_dags/example_task_group.py for tasks to queue
[2025-05-04T17:21:41.689+0000] {logging_mixin.py:190} INFO - [2025-05-04T17:21:41.688+0000] {dagbag.py:588} INFO - Filling up the DagBag from /home/airflow/.local/lib/python3.12/site-packages/airflow/example_dags/example_task_group.py
[2025-05-04T17:21:41.700+0000] {processor.py:925} INFO - DAG(s) 'example_task_group' retrieved from /home/airflow/.local/lib/python3.12/site-packages/airflow/example_dags/example_task_group.py
[2025-05-04T17:21:41.732+0000] {logging_mixin.py:190} INFO - [2025-05-04T17:21:41.731+0000] {dag.py:3239} INFO - Sync 1 DAGs
[2025-05-04T17:21:41.751+0000] {logging_mixin.py:190} INFO - [2025-05-04T17:21:41.751+0000] {dag.py:4180} INFO - Setting next_dagrun for example_task_group to None, run_after=None
[2025-05-04T17:21:41.776+0000] {processor.py:208} INFO - Processing /home/airflow/.local/lib/python3.12/site-packages/airflow/example_dags/example_task_group.py took 0.099 seconds
[2025-05-04T17:22:12.516+0000] {processor.py:186} INFO - Started process (PID=548) to work on /home/airflow/.local/lib/python3.12/site-packages/airflow/example_dags/example_task_group.py
[2025-05-04T17:22:12.518+0000] {processor.py:914} INFO - Processing file /home/airflow/.local/lib/python3.12/site-packages/airflow/example_dags/example_task_group.py for tasks to queue
[2025-05-04T17:22:12.521+0000] {logging_mixin.py:190} INFO - [2025-05-04T17:22:12.520+0000] {dagbag.py:588} INFO - Filling up the DagBag from /home/airflow/.local/lib/python3.12/site-packages/airflow/example_dags/example_task_group.py
[2025-05-04T17:22:12.533+0000] {processor.py:925} INFO - DAG(s) 'example_task_group' retrieved from /home/airflow/.local/lib/python3.12/site-packages/airflow/example_dags/example_task_group.py
[2025-05-04T17:22:12.565+0000] {logging_mixin.py:190} INFO - [2025-05-04T17:22:12.565+0000] {dag.py:3239} INFO - Sync 1 DAGs
[2025-05-04T17:22:12.585+0000] {logging_mixin.py:190} INFO - [2025-05-04T17:22:12.585+0000] {dag.py:4180} INFO - Setting next_dagrun for example_task_group to None, run_after=None
[2025-05-04T17:22:12.609+0000] {processor.py:208} INFO - Processing /home/airflow/.local/lib/python3.12/site-packages/airflow/example_dags/example_task_group.py took 0.101 seconds
[2025-05-04T17:22:42.674+0000] {processor.py:186} INFO - Started process (PID=610) to work on /home/airflow/.local/lib/python3.12/site-packages/airflow/example_dags/example_task_group.py
[2025-05-04T17:22:42.675+0000] {processor.py:914} INFO - Processing file /home/airflow/.local/lib/python3.12/site-packages/airflow/example_dags/example_task_group.py for tasks to queue
[2025-05-04T17:22:42.678+0000] {logging_mixin.py:190} INFO - [2025-05-04T17:22:42.678+0000] {dagbag.py:588} INFO - Filling up the DagBag from /home/airflow/.local/lib/python3.12/site-packages/airflow/example_dags/example_task_group.py
[2025-05-04T17:22:42.691+0000] {processor.py:925} INFO - DAG(s) 'example_task_group' retrieved from /home/airflow/.local/lib/python3.12/site-packages/airflow/example_dags/example_task_group.py
[2025-05-04T17:22:42.723+0000] {logging_mixin.py:190} INFO - [2025-05-04T17:22:42.722+0000] {dag.py:3239} INFO - Sync 1 DAGs
[2025-05-04T17:22:42.742+0000] {logging_mixin.py:190} INFO - [2025-05-04T17:22:42.742+0000] {dag.py:4180} INFO - Setting next_dagrun for example_task_group to None, run_after=None
[2025-05-04T17:22:42.765+0000] {processor.py:208} INFO - Processing /home/airflow/.local/lib/python3.12/site-packages/airflow/example_dags/example_task_group.py took 0.100 seconds
[2025-05-04T17:23:12.936+0000] {processor.py:186} INFO - Started process (PID=673) to work on /home/airflow/.local/lib/python3.12/site-packages/airflow/example_dags/example_task_group.py
[2025-05-04T17:23:12.938+0000] {processor.py:914} INFO - Processing file /home/airflow/.local/lib/python3.12/site-packages/airflow/example_dags/example_task_group.py for tasks to queue
[2025-05-04T17:23:12.941+0000] {logging_mixin.py:190} INFO - [2025-05-04T17:23:12.941+0000] {dagbag.py:588} INFO - Filling up the DagBag from /home/airflow/.local/lib/python3.12/site-packages/airflow/example_dags/example_task_group.py
[2025-05-04T17:23:12.954+0000] {processor.py:925} INFO - DAG(s) 'example_task_group' retrieved from /home/airflow/.local/lib/python3.12/site-packages/airflow/example_dags/example_task_group.py
[2025-05-04T17:23:12.985+0000] {logging_mixin.py:190} INFO - [2025-05-04T17:23:12.985+0000] {dag.py:3239} INFO - Sync 1 DAGs
[2025-05-04T17:23:13.005+0000] {logging_mixin.py:190} INFO - [2025-05-04T17:23:13.005+0000] {dag.py:4180} INFO - Setting next_dagrun for example_task_group to None, run_after=None
[2025-05-04T17:23:13.029+0000] {processor.py:208} INFO - Processing /home/airflow/.local/lib/python3.12/site-packages/airflow/example_dags/example_task_group.py took 0.101 seconds
[2025-05-04T17:23:43.088+0000] {processor.py:186} INFO - Started process (PID=736) to work on /home/airflow/.local/lib/python3.12/site-packages/airflow/example_dags/example_task_group.py
[2025-05-04T17:23:43.089+0000] {processor.py:914} INFO - Processing file /home/airflow/.local/lib/python3.12/site-packages/airflow/example_dags/example_task_group.py for tasks to queue
[2025-05-04T17:23:43.092+0000] {logging_mixin.py:190} INFO - [2025-05-04T17:23:43.092+0000] {dagbag.py:588} INFO - Filling up the DagBag from /home/airflow/.local/lib/python3.12/site-packages/airflow/example_dags/example_task_group.py
[2025-05-04T17:23:43.104+0000] {processor.py:925} INFO - DAG(s) 'example_task_group' retrieved from /home/airflow/.local/lib/python3.12/site-packages/airflow/example_dags/example_task_group.py
[2025-05-04T17:23:43.134+0000] {logging_mixin.py:190} INFO - [2025-05-04T17:23:43.133+0000] {dag.py:3239} INFO - Sync 1 DAGs
[2025-05-04T17:23:43.155+0000] {logging_mixin.py:190} INFO - [2025-05-04T17:23:43.154+0000] {dag.py:4180} INFO - Setting next_dagrun for example_task_group to None, run_after=None
[2025-05-04T17:23:43.180+0000] {processor.py:208} INFO - Processing /home/airflow/.local/lib/python3.12/site-packages/airflow/example_dags/example_task_group.py took 0.100 seconds
[2025-05-04T17:24:13.758+0000] {processor.py:186} INFO - Started process (PID=799) to work on /home/airflow/.local/lib/python3.12/site-packages/airflow/example_dags/example_task_group.py
[2025-05-04T17:24:13.760+0000] {processor.py:914} INFO - Processing file /home/airflow/.local/lib/python3.12/site-packages/airflow/example_dags/example_task_group.py for tasks to queue
[2025-05-04T17:24:13.763+0000] {logging_mixin.py:190} INFO - [2025-05-04T17:24:13.762+0000] {dagbag.py:588} INFO - Filling up the DagBag from /home/airflow/.local/lib/python3.12/site-packages/airflow/example_dags/example_task_group.py
[2025-05-04T17:24:13.774+0000] {processor.py:925} INFO - DAG(s) 'example_task_group' retrieved from /home/airflow/.local/lib/python3.12/site-packages/airflow/example_dags/example_task_group.py
[2025-05-04T17:24:13.803+0000] {logging_mixin.py:190} INFO - [2025-05-04T17:24:13.803+0000] {dag.py:3239} INFO - Sync 1 DAGs
[2025-05-04T17:24:13.822+0000] {logging_mixin.py:190} INFO - [2025-05-04T17:24:13.821+0000] {dag.py:4180} INFO - Setting next_dagrun for example_task_group to None, run_after=None
[2025-05-04T17:24:13.844+0000] {processor.py:208} INFO - Processing /home/airflow/.local/lib/python3.12/site-packages/airflow/example_dags/example_task_group.py took 0.094 seconds
[2025-05-04T17:24:44.251+0000] {processor.py:186} INFO - Started process (PID=862) to work on /home/airflow/.local/lib/python3.12/site-packages/airflow/example_dags/example_task_group.py
[2025-05-04T17:24:44.253+0000] {processor.py:914} INFO - Processing file /home/airflow/.local/lib/python3.12/site-packages/airflow/example_dags/example_task_group.py for tasks to queue
[2025-05-04T17:24:44.255+0000] {logging_mixin.py:190} INFO - [2025-05-04T17:24:44.255+0000] {dagbag.py:588} INFO - Filling up the DagBag from /home/airflow/.local/lib/python3.12/site-packages/airflow/example_dags/example_task_group.py
[2025-05-04T17:24:44.266+0000] {processor.py:925} INFO - DAG(s) 'example_task_group' retrieved from /home/airflow/.local/lib/python3.12/site-packages/airflow/example_dags/example_task_group.py
[2025-05-04T17:24:44.296+0000] {logging_mixin.py:190} INFO - [2025-05-04T17:24:44.295+0000] {dag.py:3239} INFO - Sync 1 DAGs
[2025-05-04T17:24:44.314+0000] {logging_mixin.py:190} INFO - [2025-05-04T17:24:44.314+0000] {dag.py:4180} INFO - Setting next_dagrun for example_task_group to None, run_after=None
[2025-05-04T17:24:44.337+0000] {processor.py:208} INFO - Processing /home/airflow/.local/lib/python3.12/site-packages/airflow/example_dags/example_task_group.py took 0.094 seconds
[2025-05-04T17:25:14.560+0000] {processor.py:186} INFO - Started process (PID=925) to work on /home/airflow/.local/lib/python3.12/site-packages/airflow/example_dags/example_task_group.py
[2025-05-04T17:25:14.562+0000] {processor.py:914} INFO - Processing file /home/airflow/.local/lib/python3.12/site-packages/airflow/example_dags/example_task_group.py for tasks to queue
[2025-05-04T17:25:14.565+0000] {logging_mixin.py:190} INFO - [2025-05-04T17:25:14.564+0000] {dagbag.py:588} INFO - Filling up the DagBag from /home/airflow/.local/lib/python3.12/site-packages/airflow/example_dags/example_task_group.py
[2025-05-04T17:25:14.577+0000] {processor.py:925} INFO - DAG(s) 'example_task_group' retrieved from /home/airflow/.local/lib/python3.12/site-packages/airflow/example_dags/example_task_group.py
[2025-05-04T17:25:14.609+0000] {logging_mixin.py:190} INFO - [2025-05-04T17:25:14.608+0000] {dag.py:3239} INFO - Sync 1 DAGs
[2025-05-04T17:25:14.629+0000] {logging_mixin.py:190} INFO - [2025-05-04T17:25:14.629+0000] {dag.py:4180} INFO - Setting next_dagrun for example_task_group to None, run_after=None
[2025-05-04T17:25:14.651+0000] {processor.py:208} INFO - Processing /home/airflow/.local/lib/python3.12/site-packages/airflow/example_dags/example_task_group.py took 0.099 seconds
[2025-05-04T17:25:44.952+0000] {processor.py:186} INFO - Started process (PID=988) to work on /home/airflow/.local/lib/python3.12/site-packages/airflow/example_dags/example_task_group.py
[2025-05-04T17:25:44.953+0000] {processor.py:914} INFO - Processing file /home/airflow/.local/lib/python3.12/site-packages/airflow/example_dags/example_task_group.py for tasks to queue
[2025-05-04T17:25:44.956+0000] {logging_mixin.py:190} INFO - [2025-05-04T17:25:44.955+0000] {dagbag.py:588} INFO - Filling up the DagBag from /home/airflow/.local/lib/python3.12/site-packages/airflow/example_dags/example_task_group.py
[2025-05-04T17:25:44.968+0000] {processor.py:925} INFO - DAG(s) 'example_task_group' retrieved from /home/airflow/.local/lib/python3.12/site-packages/airflow/example_dags/example_task_group.py
[2025-05-04T17:25:44.999+0000] {logging_mixin.py:190} INFO - [2025-05-04T17:25:44.998+0000] {dag.py:3239} INFO - Sync 1 DAGs
[2025-05-04T17:25:45.021+0000] {logging_mixin.py:190} INFO - [2025-05-04T17:25:45.020+0000] {dag.py:4180} INFO - Setting next_dagrun for example_task_group to None, run_after=None
[2025-05-04T17:25:45.044+0000] {processor.py:208} INFO - Processing /home/airflow/.local/lib/python3.12/site-packages/airflow/example_dags/example_task_group.py took 0.101 seconds
[2025-05-04T17:26:15.519+0000] {processor.py:186} INFO - Started process (PID=1051) to work on /home/airflow/.local/lib/python3.12/site-packages/airflow/example_dags/example_task_group.py
[2025-05-04T17:26:15.521+0000] {processor.py:914} INFO - Processing file /home/airflow/.local/lib/python3.12/site-packages/airflow/example_dags/example_task_group.py for tasks to queue
[2025-05-04T17:26:15.524+0000] {logging_mixin.py:190} INFO - [2025-05-04T17:26:15.523+0000] {dagbag.py:588} INFO - Filling up the DagBag from /home/airflow/.local/lib/python3.12/site-packages/airflow/example_dags/example_task_group.py
[2025-05-04T17:26:15.535+0000] {processor.py:925} INFO - DAG(s) 'example_task_group' retrieved from /home/airflow/.local/lib/python3.12/site-packages/airflow/example_dags/example_task_group.py
[2025-05-04T17:26:15.564+0000] {logging_mixin.py:190} INFO - [2025-05-04T17:26:15.563+0000] {dag.py:3239} INFO - Sync 1 DAGs
[2025-05-04T17:26:15.583+0000] {logging_mixin.py:190} INFO - [2025-05-04T17:26:15.582+0000] {dag.py:4180} INFO - Setting next_dagrun for example_task_group to None, run_after=None
[2025-05-04T17:26:15.606+0000] {processor.py:208} INFO - Processing /home/airflow/.local/lib/python3.12/site-packages/airflow/example_dags/example_task_group.py took 0.095 seconds
[2025-05-04T17:26:46.402+0000] {processor.py:186} INFO - Started process (PID=1114) to work on /home/airflow/.local/lib/python3.12/site-packages/airflow/example_dags/example_task_group.py
[2025-05-04T17:26:46.405+0000] {processor.py:914} INFO - Processing file /home/airflow/.local/lib/python3.12/site-packages/airflow/example_dags/example_task_group.py for tasks to queue
[2025-05-04T17:26:46.408+0000] {logging_mixin.py:190} INFO - [2025-05-04T17:26:46.407+0000] {dagbag.py:588} INFO - Filling up the DagBag from /home/airflow/.local/lib/python3.12/site-packages/airflow/example_dags/example_task_group.py
[2025-05-04T17:26:46.422+0000] {processor.py:925} INFO - DAG(s) 'example_task_group' retrieved from /home/airflow/.local/lib/python3.12/site-packages/airflow/example_dags/example_task_group.py
[2025-05-04T17:26:47.019+0000] {logging_mixin.py:190} INFO - [2025-05-04T17:26:47.018+0000] {process_utils.py:266} INFO - Waiting up to 5 seconds for processes to exit...
