[2025-05-04T17:18:38.153+0000] {processor.py:186} INFO - Started process (PID=110) to work on /home/airflow/.local/lib/python3.12/site-packages/airflow/example_dags/example_sensor_decorator.py
[2025-05-04T17:18:38.154+0000] {processor.py:914} INFO - Processing file /home/airflow/.local/lib/python3.12/site-packages/airflow/example_dags/example_sensor_decorator.py for tasks to queue
[2025-05-04T17:18:38.155+0000] {logging_mixin.py:190} INFO - [2025-05-04T17:18:38.155+0000] {dagbag.py:588} INFO - Filling up the DagBag from /home/airflow/.local/lib/python3.12/site-packages/airflow/example_dags/example_sensor_decorator.py
[2025-05-04T17:18:38.162+0000] {processor.py:925} INFO - DAG(s) 'example_sensor_decorator' retrieved from /home/airflow/.local/lib/python3.12/site-packages/airflow/example_dags/example_sensor_decorator.py
[2025-05-04T17:18:38.246+0000] {logging_mixin.py:190} INFO - [2025-05-04T17:18:38.246+0000] {override.py:1912} INFO - Created Permission View: can read on DAG:example_sensor_decorator
[2025-05-04T17:18:38.252+0000] {logging_mixin.py:190} INFO - [2025-05-04T17:18:38.252+0000] {override.py:1912} INFO - Created Permission View: can edit on DAG:example_sensor_decorator
[2025-05-04T17:18:38.256+0000] {logging_mixin.py:190} INFO - [2025-05-04T17:18:38.256+0000] {override.py:1912} INFO - Created Permission View: can delete on DAG:example_sensor_decorator
[2025-05-04T17:18:38.260+0000] {logging_mixin.py:190} INFO - [2025-05-04T17:18:38.260+0000] {override.py:1912} INFO - Created Permission View: can read on DAG Run:example_sensor_decorator
[2025-05-04T17:18:38.264+0000] {logging_mixin.py:190} INFO - [2025-05-04T17:18:38.264+0000] {override.py:1912} INFO - Created Permission View: can create on DAG Run:example_sensor_decorator
[2025-05-04T17:18:38.268+0000] {logging_mixin.py:190} INFO - [2025-05-04T17:18:38.268+0000] {override.py:1912} INFO - Created Permission View: can delete on DAG Run:example_sensor_decorator
[2025-05-04T17:18:38.272+0000] {logging_mixin.py:190} INFO - [2025-05-04T17:18:38.272+0000] {override.py:1912} INFO - Created Permission View: menu access on DAG Run:example_sensor_decorator
[2025-05-04T17:18:38.272+0000] {logging_mixin.py:190} INFO - [2025-05-04T17:18:38.272+0000] {dag.py:3239} INFO - Sync 1 DAGs
[2025-05-04T17:18:38.281+0000] {logging_mixin.py:190} INFO - [2025-05-04T17:18:38.280+0000] {dag.py:3262} INFO - Creating ORM DAG for example_sensor_decorator
[2025-05-04T17:18:38.281+0000] {logging_mixin.py:190} INFO - [2025-05-04T17:18:38.281+0000] {dag.py:4180} INFO - Setting next_dagrun for example_sensor_decorator to None, run_after=None
[2025-05-04T17:18:38.290+0000] {processor.py:208} INFO - Processing /home/airflow/.local/lib/python3.12/site-packages/airflow/example_dags/example_sensor_decorator.py took 0.141 seconds
[2025-05-04T17:19:09.004+0000] {processor.py:186} INFO - Started process (PID=173) to work on /home/airflow/.local/lib/python3.12/site-packages/airflow/example_dags/example_sensor_decorator.py
[2025-05-04T17:19:09.005+0000] {processor.py:914} INFO - Processing file /home/airflow/.local/lib/python3.12/site-packages/airflow/example_dags/example_sensor_decorator.py for tasks to queue
[2025-05-04T17:19:09.008+0000] {logging_mixin.py:190} INFO - [2025-05-04T17:19:09.007+0000] {dagbag.py:588} INFO - Filling up the DagBag from /home/airflow/.local/lib/python3.12/site-packages/airflow/example_dags/example_sensor_decorator.py
[2025-05-04T17:19:09.019+0000] {processor.py:925} INFO - DAG(s) 'example_sensor_decorator' retrieved from /home/airflow/.local/lib/python3.12/site-packages/airflow/example_dags/example_sensor_decorator.py
[2025-05-04T17:19:09.051+0000] {logging_mixin.py:190} INFO - [2025-05-04T17:19:09.050+0000] {dag.py:3239} INFO - Sync 1 DAGs
[2025-05-04T17:19:09.071+0000] {logging_mixin.py:190} INFO - [2025-05-04T17:19:09.070+0000] {dag.py:4180} INFO - Setting next_dagrun for example_sensor_decorator to None, run_after=None
[2025-05-04T17:19:09.094+0000] {processor.py:208} INFO - Processing /home/airflow/.local/lib/python3.12/site-packages/airflow/example_dags/example_sensor_decorator.py took 0.099 seconds
[2025-05-04T17:19:40.280+0000] {processor.py:186} INFO - Started process (PID=236) to work on /home/airflow/.local/lib/python3.12/site-packages/airflow/example_dags/example_sensor_decorator.py
[2025-05-04T17:19:40.283+0000] {processor.py:914} INFO - Processing file /home/airflow/.local/lib/python3.12/site-packages/airflow/example_dags/example_sensor_decorator.py for tasks to queue
[2025-05-04T17:19:40.285+0000] {logging_mixin.py:190} INFO - [2025-05-04T17:19:40.285+0000] {dagbag.py:588} INFO - Filling up the DagBag from /home/airflow/.local/lib/python3.12/site-packages/airflow/example_dags/example_sensor_decorator.py
[2025-05-04T17:19:40.296+0000] {processor.py:925} INFO - DAG(s) 'example_sensor_decorator' retrieved from /home/airflow/.local/lib/python3.12/site-packages/airflow/example_dags/example_sensor_decorator.py
[2025-05-04T17:19:40.324+0000] {logging_mixin.py:190} INFO - [2025-05-04T17:19:40.324+0000] {dag.py:3239} INFO - Sync 1 DAGs
[2025-05-04T17:19:40.343+0000] {logging_mixin.py:190} INFO - [2025-05-04T17:19:40.343+0000] {dag.py:4180} INFO - Setting next_dagrun for example_sensor_decorator to None, run_after=None
[2025-05-04T17:19:40.367+0000] {processor.py:208} INFO - Processing /home/airflow/.local/lib/python3.12/site-packages/airflow/example_dags/example_sensor_decorator.py took 0.094 seconds
[2025-05-04T17:20:10.563+0000] {processor.py:186} INFO - Started process (PID=298) to work on /home/airflow/.local/lib/python3.12/site-packages/airflow/example_dags/example_sensor_decorator.py
[2025-05-04T17:20:10.565+0000] {processor.py:914} INFO - Processing file /home/airflow/.local/lib/python3.12/site-packages/airflow/example_dags/example_sensor_decorator.py for tasks to queue
[2025-05-04T17:20:10.568+0000] {logging_mixin.py:190} INFO - [2025-05-04T17:20:10.567+0000] {dagbag.py:588} INFO - Filling up the DagBag from /home/airflow/.local/lib/python3.12/site-packages/airflow/example_dags/example_sensor_decorator.py
[2025-05-04T17:20:10.581+0000] {processor.py:925} INFO - DAG(s) 'example_sensor_decorator' retrieved from /home/airflow/.local/lib/python3.12/site-packages/airflow/example_dags/example_sensor_decorator.py
[2025-05-04T17:20:10.609+0000] {logging_mixin.py:190} INFO - [2025-05-04T17:20:10.609+0000] {dag.py:3239} INFO - Sync 1 DAGs
[2025-05-04T17:20:10.629+0000] {logging_mixin.py:190} INFO - [2025-05-04T17:20:10.628+0000] {dag.py:4180} INFO - Setting next_dagrun for example_sensor_decorator to None, run_after=None
[2025-05-04T17:20:10.654+0000] {processor.py:208} INFO - Processing /home/airflow/.local/lib/python3.12/site-packages/airflow/example_dags/example_sensor_decorator.py took 0.101 seconds
[2025-05-04T17:20:40.740+0000] {processor.py:186} INFO - Started process (PID=361) to work on /home/airflow/.local/lib/python3.12/site-packages/airflow/example_dags/example_sensor_decorator.py
[2025-05-04T17:20:40.741+0000] {processor.py:914} INFO - Processing file /home/airflow/.local/lib/python3.12/site-packages/airflow/example_dags/example_sensor_decorator.py for tasks to queue
[2025-05-04T17:20:40.744+0000] {logging_mixin.py:190} INFO - [2025-05-04T17:20:40.744+0000] {dagbag.py:588} INFO - Filling up the DagBag from /home/airflow/.local/lib/python3.12/site-packages/airflow/example_dags/example_sensor_decorator.py
[2025-05-04T17:20:40.755+0000] {processor.py:925} INFO - DAG(s) 'example_sensor_decorator' retrieved from /home/airflow/.local/lib/python3.12/site-packages/airflow/example_dags/example_sensor_decorator.py
[2025-05-04T17:20:40.779+0000] {logging_mixin.py:190} INFO - [2025-05-04T17:20:40.779+0000] {dag.py:3239} INFO - Sync 1 DAGs
[2025-05-04T17:20:40.797+0000] {logging_mixin.py:190} INFO - [2025-05-04T17:20:40.797+0000] {dag.py:4180} INFO - Setting next_dagrun for example_sensor_decorator to None, run_after=None
[2025-05-04T17:20:40.821+0000] {processor.py:208} INFO - Processing /home/airflow/.local/lib/python3.12/site-packages/airflow/example_dags/example_sensor_decorator.py took 0.090 seconds
[2025-05-04T17:21:11.163+0000] {processor.py:186} INFO - Started process (PID=423) to work on /home/airflow/.local/lib/python3.12/site-packages/airflow/example_dags/example_sensor_decorator.py
[2025-05-04T17:21:11.164+0000] {processor.py:914} INFO - Processing file /home/airflow/.local/lib/python3.12/site-packages/airflow/example_dags/example_sensor_decorator.py for tasks to queue
[2025-05-04T17:21:11.167+0000] {logging_mixin.py:190} INFO - [2025-05-04T17:21:11.167+0000] {dagbag.py:588} INFO - Filling up the DagBag from /home/airflow/.local/lib/python3.12/site-packages/airflow/example_dags/example_sensor_decorator.py
[2025-05-04T17:21:11.179+0000] {processor.py:925} INFO - DAG(s) 'example_sensor_decorator' retrieved from /home/airflow/.local/lib/python3.12/site-packages/airflow/example_dags/example_sensor_decorator.py
[2025-05-04T17:21:11.205+0000] {logging_mixin.py:190} INFO - [2025-05-04T17:21:11.205+0000] {dag.py:3239} INFO - Sync 1 DAGs
[2025-05-04T17:21:11.226+0000] {logging_mixin.py:190} INFO - [2025-05-04T17:21:11.226+0000] {dag.py:4180} INFO - Setting next_dagrun for example_sensor_decorator to None, run_after=None
[2025-05-04T17:21:11.248+0000] {processor.py:208} INFO - Processing /home/airflow/.local/lib/python3.12/site-packages/airflow/example_dags/example_sensor_decorator.py took 0.093 seconds
[2025-05-04T17:21:41.791+0000] {processor.py:186} INFO - Started process (PID=486) to work on /home/airflow/.local/lib/python3.12/site-packages/airflow/example_dags/example_sensor_decorator.py
[2025-05-04T17:21:41.793+0000] {processor.py:914} INFO - Processing file /home/airflow/.local/lib/python3.12/site-packages/airflow/example_dags/example_sensor_decorator.py for tasks to queue
[2025-05-04T17:21:41.796+0000] {logging_mixin.py:190} INFO - [2025-05-04T17:21:41.795+0000] {dagbag.py:588} INFO - Filling up the DagBag from /home/airflow/.local/lib/python3.12/site-packages/airflow/example_dags/example_sensor_decorator.py
[2025-05-04T17:21:41.806+0000] {processor.py:925} INFO - DAG(s) 'example_sensor_decorator' retrieved from /home/airflow/.local/lib/python3.12/site-packages/airflow/example_dags/example_sensor_decorator.py
[2025-05-04T17:21:41.832+0000] {logging_mixin.py:190} INFO - [2025-05-04T17:21:41.831+0000] {dag.py:3239} INFO - Sync 1 DAGs
[2025-05-04T17:21:41.851+0000] {logging_mixin.py:190} INFO - [2025-05-04T17:21:41.851+0000] {dag.py:4180} INFO - Setting next_dagrun for example_sensor_decorator to None, run_after=None
[2025-05-04T17:21:41.875+0000] {processor.py:208} INFO - Processing /home/airflow/.local/lib/python3.12/site-packages/airflow/example_dags/example_sensor_decorator.py took 0.092 seconds
[2025-05-04T17:22:12.662+0000] {processor.py:186} INFO - Started process (PID=549) to work on /home/airflow/.local/lib/python3.12/site-packages/airflow/example_dags/example_sensor_decorator.py
[2025-05-04T17:22:12.665+0000] {processor.py:914} INFO - Processing file /home/airflow/.local/lib/python3.12/site-packages/airflow/example_dags/example_sensor_decorator.py for tasks to queue
[2025-05-04T17:22:12.668+0000] {logging_mixin.py:190} INFO - [2025-05-04T17:22:12.668+0000] {dagbag.py:588} INFO - Filling up the DagBag from /home/airflow/.local/lib/python3.12/site-packages/airflow/example_dags/example_sensor_decorator.py
[2025-05-04T17:22:12.680+0000] {processor.py:925} INFO - DAG(s) 'example_sensor_decorator' retrieved from /home/airflow/.local/lib/python3.12/site-packages/airflow/example_dags/example_sensor_decorator.py
[2025-05-04T17:22:12.709+0000] {logging_mixin.py:190} INFO - [2025-05-04T17:22:12.709+0000] {dag.py:3239} INFO - Sync 1 DAGs
[2025-05-04T17:22:12.729+0000] {logging_mixin.py:190} INFO - [2025-05-04T17:22:12.729+0000] {dag.py:4180} INFO - Setting next_dagrun for example_sensor_decorator to None, run_after=None
[2025-05-04T17:22:12.753+0000] {processor.py:208} INFO - Processing /home/airflow/.local/lib/python3.12/site-packages/airflow/example_dags/example_sensor_decorator.py took 0.099 seconds
[2025-05-04T17:22:42.817+0000] {processor.py:186} INFO - Started process (PID=611) to work on /home/airflow/.local/lib/python3.12/site-packages/airflow/example_dags/example_sensor_decorator.py
[2025-05-04T17:22:42.819+0000] {processor.py:914} INFO - Processing file /home/airflow/.local/lib/python3.12/site-packages/airflow/example_dags/example_sensor_decorator.py for tasks to queue
[2025-05-04T17:22:42.823+0000] {logging_mixin.py:190} INFO - [2025-05-04T17:22:42.822+0000] {dagbag.py:588} INFO - Filling up the DagBag from /home/airflow/.local/lib/python3.12/site-packages/airflow/example_dags/example_sensor_decorator.py
[2025-05-04T17:22:42.835+0000] {processor.py:925} INFO - DAG(s) 'example_sensor_decorator' retrieved from /home/airflow/.local/lib/python3.12/site-packages/airflow/example_dags/example_sensor_decorator.py
[2025-05-04T17:22:42.864+0000] {logging_mixin.py:190} INFO - [2025-05-04T17:22:42.863+0000] {dag.py:3239} INFO - Sync 1 DAGs
[2025-05-04T17:22:42.883+0000] {logging_mixin.py:190} INFO - [2025-05-04T17:22:42.882+0000] {dag.py:4180} INFO - Setting next_dagrun for example_sensor_decorator to None, run_after=None
[2025-05-04T17:22:42.905+0000] {processor.py:208} INFO - Processing /home/airflow/.local/lib/python3.12/site-packages/airflow/example_dags/example_sensor_decorator.py took 0.096 seconds
[2025-05-04T17:23:13.086+0000] {processor.py:186} INFO - Started process (PID=674) to work on /home/airflow/.local/lib/python3.12/site-packages/airflow/example_dags/example_sensor_decorator.py
[2025-05-04T17:23:13.089+0000] {processor.py:914} INFO - Processing file /home/airflow/.local/lib/python3.12/site-packages/airflow/example_dags/example_sensor_decorator.py for tasks to queue
[2025-05-04T17:23:13.092+0000] {logging_mixin.py:190} INFO - [2025-05-04T17:23:13.092+0000] {dagbag.py:588} INFO - Filling up the DagBag from /home/airflow/.local/lib/python3.12/site-packages/airflow/example_dags/example_sensor_decorator.py
[2025-05-04T17:23:13.105+0000] {processor.py:925} INFO - DAG(s) 'example_sensor_decorator' retrieved from /home/airflow/.local/lib/python3.12/site-packages/airflow/example_dags/example_sensor_decorator.py
[2025-05-04T17:23:13.135+0000] {logging_mixin.py:190} INFO - [2025-05-04T17:23:13.134+0000] {dag.py:3239} INFO - Sync 1 DAGs
[2025-05-04T17:23:13.155+0000] {logging_mixin.py:190} INFO - [2025-05-04T17:23:13.155+0000] {dag.py:4180} INFO - Setting next_dagrun for example_sensor_decorator to None, run_after=None
[2025-05-04T17:23:13.176+0000] {processor.py:208} INFO - Processing /home/airflow/.local/lib/python3.12/site-packages/airflow/example_dags/example_sensor_decorator.py took 0.098 seconds
[2025-05-04T17:23:43.228+0000] {processor.py:186} INFO - Started process (PID=737) to work on /home/airflow/.local/lib/python3.12/site-packages/airflow/example_dags/example_sensor_decorator.py
[2025-05-04T17:23:43.230+0000] {processor.py:914} INFO - Processing file /home/airflow/.local/lib/python3.12/site-packages/airflow/example_dags/example_sensor_decorator.py for tasks to queue
[2025-05-04T17:23:43.233+0000] {logging_mixin.py:190} INFO - [2025-05-04T17:23:43.232+0000] {dagbag.py:588} INFO - Filling up the DagBag from /home/airflow/.local/lib/python3.12/site-packages/airflow/example_dags/example_sensor_decorator.py
[2025-05-04T17:23:43.244+0000] {processor.py:925} INFO - DAG(s) 'example_sensor_decorator' retrieved from /home/airflow/.local/lib/python3.12/site-packages/airflow/example_dags/example_sensor_decorator.py
[2025-05-04T17:23:43.269+0000] {logging_mixin.py:190} INFO - [2025-05-04T17:23:43.268+0000] {dag.py:3239} INFO - Sync 1 DAGs
[2025-05-04T17:23:43.287+0000] {logging_mixin.py:190} INFO - [2025-05-04T17:23:43.287+0000] {dag.py:4180} INFO - Setting next_dagrun for example_sensor_decorator to None, run_after=None
[2025-05-04T17:23:43.307+0000] {processor.py:208} INFO - Processing /home/airflow/.local/lib/python3.12/site-packages/airflow/example_dags/example_sensor_decorator.py took 0.088 seconds
[2025-05-04T17:24:13.888+0000] {processor.py:186} INFO - Started process (PID=800) to work on /home/airflow/.local/lib/python3.12/site-packages/airflow/example_dags/example_sensor_decorator.py
[2025-05-04T17:24:13.890+0000] {processor.py:914} INFO - Processing file /home/airflow/.local/lib/python3.12/site-packages/airflow/example_dags/example_sensor_decorator.py for tasks to queue
[2025-05-04T17:24:13.892+0000] {logging_mixin.py:190} INFO - [2025-05-04T17:24:13.892+0000] {dagbag.py:588} INFO - Filling up the DagBag from /home/airflow/.local/lib/python3.12/site-packages/airflow/example_dags/example_sensor_decorator.py
[2025-05-04T17:24:13.903+0000] {processor.py:925} INFO - DAG(s) 'example_sensor_decorator' retrieved from /home/airflow/.local/lib/python3.12/site-packages/airflow/example_dags/example_sensor_decorator.py
[2025-05-04T17:24:13.930+0000] {logging_mixin.py:190} INFO - [2025-05-04T17:24:13.929+0000] {dag.py:3239} INFO - Sync 1 DAGs
[2025-05-04T17:24:13.949+0000] {logging_mixin.py:190} INFO - [2025-05-04T17:24:13.948+0000] {dag.py:4180} INFO - Setting next_dagrun for example_sensor_decorator to None, run_after=None
[2025-05-04T17:24:13.970+0000] {processor.py:208} INFO - Processing /home/airflow/.local/lib/python3.12/site-packages/airflow/example_dags/example_sensor_decorator.py took 0.091 seconds
[2025-05-04T17:24:44.384+0000] {processor.py:186} INFO - Started process (PID=863) to work on /home/airflow/.local/lib/python3.12/site-packages/airflow/example_dags/example_sensor_decorator.py
[2025-05-04T17:24:44.384+0000] {processor.py:914} INFO - Processing file /home/airflow/.local/lib/python3.12/site-packages/airflow/example_dags/example_sensor_decorator.py for tasks to queue
[2025-05-04T17:24:44.388+0000] {logging_mixin.py:190} INFO - [2025-05-04T17:24:44.387+0000] {dagbag.py:588} INFO - Filling up the DagBag from /home/airflow/.local/lib/python3.12/site-packages/airflow/example_dags/example_sensor_decorator.py
[2025-05-04T17:24:44.400+0000] {processor.py:925} INFO - DAG(s) 'example_sensor_decorator' retrieved from /home/airflow/.local/lib/python3.12/site-packages/airflow/example_dags/example_sensor_decorator.py
[2025-05-04T17:24:44.426+0000] {logging_mixin.py:190} INFO - [2025-05-04T17:24:44.426+0000] {dag.py:3239} INFO - Sync 1 DAGs
[2025-05-04T17:24:44.445+0000] {logging_mixin.py:190} INFO - [2025-05-04T17:24:44.444+0000] {dag.py:4180} INFO - Setting next_dagrun for example_sensor_decorator to None, run_after=None
[2025-05-04T17:24:44.467+0000] {processor.py:208} INFO - Processing /home/airflow/.local/lib/python3.12/site-packages/airflow/example_dags/example_sensor_decorator.py took 0.091 seconds
[2025-05-04T17:25:14.705+0000] {processor.py:186} INFO - Started process (PID=926) to work on /home/airflow/.local/lib/python3.12/site-packages/airflow/example_dags/example_sensor_decorator.py
[2025-05-04T17:25:14.707+0000] {processor.py:914} INFO - Processing file /home/airflow/.local/lib/python3.12/site-packages/airflow/example_dags/example_sensor_decorator.py for tasks to queue
[2025-05-04T17:25:14.710+0000] {logging_mixin.py:190} INFO - [2025-05-04T17:25:14.709+0000] {dagbag.py:588} INFO - Filling up the DagBag from /home/airflow/.local/lib/python3.12/site-packages/airflow/example_dags/example_sensor_decorator.py
[2025-05-04T17:25:14.722+0000] {processor.py:925} INFO - DAG(s) 'example_sensor_decorator' retrieved from /home/airflow/.local/lib/python3.12/site-packages/airflow/example_dags/example_sensor_decorator.py
[2025-05-04T17:25:14.751+0000] {logging_mixin.py:190} INFO - [2025-05-04T17:25:14.751+0000] {dag.py:3239} INFO - Sync 1 DAGs
[2025-05-04T17:25:14.771+0000] {logging_mixin.py:190} INFO - [2025-05-04T17:25:14.771+0000] {dag.py:4180} INFO - Setting next_dagrun for example_sensor_decorator to None, run_after=None
[2025-05-04T17:25:14.794+0000] {processor.py:208} INFO - Processing /home/airflow/.local/lib/python3.12/site-packages/airflow/example_dags/example_sensor_decorator.py took 0.098 seconds
[2025-05-04T17:25:44.986+0000] {processor.py:186} INFO - Started process (PID=989) to work on /home/airflow/.local/lib/python3.12/site-packages/airflow/example_dags/example_sensor_decorator.py
[2025-05-04T17:25:44.987+0000] {processor.py:914} INFO - Processing file /home/airflow/.local/lib/python3.12/site-packages/airflow/example_dags/example_sensor_decorator.py for tasks to queue
[2025-05-04T17:25:44.990+0000] {logging_mixin.py:190} INFO - [2025-05-04T17:25:44.989+0000] {dagbag.py:588} INFO - Filling up the DagBag from /home/airflow/.local/lib/python3.12/site-packages/airflow/example_dags/example_sensor_decorator.py
[2025-05-04T17:25:45.002+0000] {processor.py:925} INFO - DAG(s) 'example_sensor_decorator' retrieved from /home/airflow/.local/lib/python3.12/site-packages/airflow/example_dags/example_sensor_decorator.py
[2025-05-04T17:25:45.030+0000] {logging_mixin.py:190} INFO - [2025-05-04T17:25:45.030+0000] {dag.py:3239} INFO - Sync 1 DAGs
[2025-05-04T17:25:45.051+0000] {logging_mixin.py:190} INFO - [2025-05-04T17:25:45.051+0000] {dag.py:4180} INFO - Setting next_dagrun for example_sensor_decorator to None, run_after=None
[2025-05-04T17:25:45.076+0000] {processor.py:208} INFO - Processing /home/airflow/.local/lib/python3.12/site-packages/airflow/example_dags/example_sensor_decorator.py took 0.099 seconds
[2025-05-04T17:26:15.545+0000] {processor.py:186} INFO - Started process (PID=1052) to work on /home/airflow/.local/lib/python3.12/site-packages/airflow/example_dags/example_sensor_decorator.py
[2025-05-04T17:26:15.546+0000] {processor.py:914} INFO - Processing file /home/airflow/.local/lib/python3.12/site-packages/airflow/example_dags/example_sensor_decorator.py for tasks to queue
[2025-05-04T17:26:15.549+0000] {logging_mixin.py:190} INFO - [2025-05-04T17:26:15.549+0000] {dagbag.py:588} INFO - Filling up the DagBag from /home/airflow/.local/lib/python3.12/site-packages/airflow/example_dags/example_sensor_decorator.py
[2025-05-04T17:26:15.560+0000] {processor.py:925} INFO - DAG(s) 'example_sensor_decorator' retrieved from /home/airflow/.local/lib/python3.12/site-packages/airflow/example_dags/example_sensor_decorator.py
[2025-05-04T17:26:15.585+0000] {logging_mixin.py:190} INFO - [2025-05-04T17:26:15.585+0000] {dag.py:3239} INFO - Sync 1 DAGs
[2025-05-04T17:26:15.604+0000] {logging_mixin.py:190} INFO - [2025-05-04T17:26:15.604+0000] {dag.py:4180} INFO - Setting next_dagrun for example_sensor_decorator to None, run_after=None
[2025-05-04T17:26:15.629+0000] {processor.py:208} INFO - Processing /home/airflow/.local/lib/python3.12/site-packages/airflow/example_dags/example_sensor_decorator.py took 0.092 seconds
