[2025-05-04T17:18:32.389+0000] {processor.py:186} INFO - Started process (PID=69) to work on /home/airflow/.local/lib/python3.12/site-packages/airflow/example_dags/example_bash_operator.py
[2025-05-04T17:18:32.389+0000] {processor.py:914} INFO - Processing file /home/airflow/.local/lib/python3.12/site-packages/airflow/example_dags/example_bash_operator.py for tasks to queue
[2025-05-04T17:18:32.391+0000] {logging_mixin.py:190} INFO - [2025-05-04T17:18:32.391+0000] {dagbag.py:588} INFO - Filling up the DagBag from /home/airflow/.local/lib/python3.12/site-packages/airflow/example_dags/example_bash_operator.py
[2025-05-04T17:18:32.403+0000] {processor.py:925} INFO - DAG(s) 'example_bash_operator' retrieved from /home/airflow/.local/lib/python3.12/site-packages/airflow/example_dags/example_bash_operator.py
[2025-05-04T17:18:32.503+0000] {logging_mixin.py:190} INFO - [2025-05-04T17:18:32.502+0000] {override.py:1912} INFO - Created Permission View: can read on DAG:example_bash_operator
[2025-05-04T17:18:32.514+0000] {logging_mixin.py:190} INFO - [2025-05-04T17:18:32.514+0000] {override.py:1912} INFO - Created Permission View: can edit on DAG:example_bash_operator
[2025-05-04T17:18:32.519+0000] {logging_mixin.py:190} INFO - [2025-05-04T17:18:32.519+0000] {override.py:1912} INFO - Created Permission View: can delete on DAG:example_bash_operator
[2025-05-04T17:18:32.524+0000] {logging_mixin.py:190} INFO - [2025-05-04T17:18:32.523+0000] {override.py:1912} INFO - Created Permission View: can read on DAG Run:example_bash_operator
[2025-05-04T17:18:32.528+0000] {logging_mixin.py:190} INFO - [2025-05-04T17:18:32.528+0000] {override.py:1912} INFO - Created Permission View: can create on DAG Run:example_bash_operator
[2025-05-04T17:18:32.533+0000] {logging_mixin.py:190} INFO - [2025-05-04T17:18:32.532+0000] {override.py:1912} INFO - Created Permission View: can delete on DAG Run:example_bash_operator
[2025-05-04T17:18:32.537+0000] {logging_mixin.py:190} INFO - [2025-05-04T17:18:32.537+0000] {override.py:1912} INFO - Created Permission View: menu access on DAG Run:example_bash_operator
[2025-05-04T17:18:32.537+0000] {logging_mixin.py:190} INFO - [2025-05-04T17:18:32.537+0000] {dag.py:3239} INFO - Sync 1 DAGs
[2025-05-04T17:18:32.548+0000] {logging_mixin.py:190} INFO - [2025-05-04T17:18:32.548+0000] {dag.py:3262} INFO - Creating ORM DAG for example_bash_operator
[2025-05-04T17:18:32.556+0000] {logging_mixin.py:190} INFO - [2025-05-04T17:18:32.556+0000] {dag.py:4180} INFO - Setting next_dagrun for example_bash_operator to 2025-05-03 00:00:00+00:00, run_after=2025-05-04 00:00:00+00:00
[2025-05-04T17:18:32.573+0000] {processor.py:208} INFO - Processing /home/airflow/.local/lib/python3.12/site-packages/airflow/example_dags/example_bash_operator.py took 0.189 seconds
[2025-05-04T17:19:03.479+0000] {processor.py:186} INFO - Started process (PID=132) to work on /home/airflow/.local/lib/python3.12/site-packages/airflow/example_dags/example_bash_operator.py
[2025-05-04T17:19:03.482+0000] {processor.py:914} INFO - Processing file /home/airflow/.local/lib/python3.12/site-packages/airflow/example_dags/example_bash_operator.py for tasks to queue
[2025-05-04T17:19:03.485+0000] {logging_mixin.py:190} INFO - [2025-05-04T17:19:03.485+0000] {dagbag.py:588} INFO - Filling up the DagBag from /home/airflow/.local/lib/python3.12/site-packages/airflow/example_dags/example_bash_operator.py
[2025-05-04T17:19:03.504+0000] {processor.py:925} INFO - DAG(s) 'example_bash_operator' retrieved from /home/airflow/.local/lib/python3.12/site-packages/airflow/example_dags/example_bash_operator.py
[2025-05-04T17:19:03.544+0000] {logging_mixin.py:190} INFO - [2025-05-04T17:19:03.543+0000] {dag.py:3239} INFO - Sync 1 DAGs
[2025-05-04T17:19:03.577+0000] {logging_mixin.py:190} INFO - [2025-05-04T17:19:03.576+0000] {dag.py:4180} INFO - Setting next_dagrun for example_bash_operator to 2025-05-03 00:00:00+00:00, run_after=2025-05-04 00:00:00+00:00
[2025-05-04T17:19:03.600+0000] {processor.py:208} INFO - Processing /home/airflow/.local/lib/python3.12/site-packages/airflow/example_dags/example_bash_operator.py took 0.129 seconds
[2025-05-04T17:19:33.689+0000] {processor.py:186} INFO - Started process (PID=195) to work on /home/airflow/.local/lib/python3.12/site-packages/airflow/example_dags/example_bash_operator.py
[2025-05-04T17:19:33.718+0000] {processor.py:914} INFO - Processing file /home/airflow/.local/lib/python3.12/site-packages/airflow/example_dags/example_bash_operator.py for tasks to queue
[2025-05-04T17:19:33.720+0000] {logging_mixin.py:190} INFO - [2025-05-04T17:19:33.720+0000] {dagbag.py:588} INFO - Filling up the DagBag from /home/airflow/.local/lib/python3.12/site-packages/airflow/example_dags/example_bash_operator.py
[2025-05-04T17:19:33.738+0000] {processor.py:925} INFO - DAG(s) 'example_bash_operator' retrieved from /home/airflow/.local/lib/python3.12/site-packages/airflow/example_dags/example_bash_operator.py
[2025-05-04T17:19:33.774+0000] {logging_mixin.py:190} INFO - [2025-05-04T17:19:33.773+0000] {dag.py:3239} INFO - Sync 1 DAGs
[2025-05-04T17:19:33.807+0000] {logging_mixin.py:190} INFO - [2025-05-04T17:19:33.807+0000] {dag.py:4180} INFO - Setting next_dagrun for example_bash_operator to 2025-05-03 00:00:00+00:00, run_after=2025-05-04 00:00:00+00:00
[2025-05-04T17:19:33.833+0000] {processor.py:208} INFO - Processing /home/airflow/.local/lib/python3.12/site-packages/airflow/example_dags/example_bash_operator.py took 0.152 seconds
[2025-05-04T17:20:04.051+0000] {processor.py:186} INFO - Started process (PID=258) to work on /home/airflow/.local/lib/python3.12/site-packages/airflow/example_dags/example_bash_operator.py
[2025-05-04T17:20:04.080+0000] {processor.py:914} INFO - Processing file /home/airflow/.local/lib/python3.12/site-packages/airflow/example_dags/example_bash_operator.py for tasks to queue
[2025-05-04T17:20:04.083+0000] {logging_mixin.py:190} INFO - [2025-05-04T17:20:04.083+0000] {dagbag.py:588} INFO - Filling up the DagBag from /home/airflow/.local/lib/python3.12/site-packages/airflow/example_dags/example_bash_operator.py
[2025-05-04T17:20:04.104+0000] {processor.py:925} INFO - DAG(s) 'example_bash_operator' retrieved from /home/airflow/.local/lib/python3.12/site-packages/airflow/example_dags/example_bash_operator.py
[2025-05-04T17:20:04.147+0000] {logging_mixin.py:190} INFO - [2025-05-04T17:20:04.146+0000] {dag.py:3239} INFO - Sync 1 DAGs
[2025-05-04T17:20:04.182+0000] {logging_mixin.py:190} INFO - [2025-05-04T17:20:04.182+0000] {dag.py:4180} INFO - Setting next_dagrun for example_bash_operator to 2025-05-03 00:00:00+00:00, run_after=2025-05-04 00:00:00+00:00
[2025-05-04T17:20:04.208+0000] {processor.py:208} INFO - Processing /home/airflow/.local/lib/python3.12/site-packages/airflow/example_dags/example_bash_operator.py took 0.167 seconds
[2025-05-04T17:20:34.310+0000] {processor.py:186} INFO - Started process (PID=321) to work on /home/airflow/.local/lib/python3.12/site-packages/airflow/example_dags/example_bash_operator.py
[2025-05-04T17:20:34.312+0000] {processor.py:914} INFO - Processing file /home/airflow/.local/lib/python3.12/site-packages/airflow/example_dags/example_bash_operator.py for tasks to queue
[2025-05-04T17:20:34.315+0000] {logging_mixin.py:190} INFO - [2025-05-04T17:20:34.315+0000] {dagbag.py:588} INFO - Filling up the DagBag from /home/airflow/.local/lib/python3.12/site-packages/airflow/example_dags/example_bash_operator.py
[2025-05-04T17:20:34.336+0000] {processor.py:925} INFO - DAG(s) 'example_bash_operator' retrieved from /home/airflow/.local/lib/python3.12/site-packages/airflow/example_dags/example_bash_operator.py
[2025-05-04T17:20:34.380+0000] {logging_mixin.py:190} INFO - [2025-05-04T17:20:34.380+0000] {dag.py:3239} INFO - Sync 1 DAGs
[2025-05-04T17:20:34.419+0000] {logging_mixin.py:190} INFO - [2025-05-04T17:20:34.418+0000] {dag.py:4180} INFO - Setting next_dagrun for example_bash_operator to 2025-05-03 00:00:00+00:00, run_after=2025-05-04 00:00:00+00:00
[2025-05-04T17:20:34.473+0000] {processor.py:208} INFO - Processing /home/airflow/.local/lib/python3.12/site-packages/airflow/example_dags/example_bash_operator.py took 0.173 seconds
[2025-05-04T17:21:04.594+0000] {processor.py:186} INFO - Started process (PID=384) to work on /home/airflow/.local/lib/python3.12/site-packages/airflow/example_dags/example_bash_operator.py
[2025-05-04T17:21:04.596+0000] {processor.py:914} INFO - Processing file /home/airflow/.local/lib/python3.12/site-packages/airflow/example_dags/example_bash_operator.py for tasks to queue
[2025-05-04T17:21:04.599+0000] {logging_mixin.py:190} INFO - [2025-05-04T17:21:04.599+0000] {dagbag.py:588} INFO - Filling up the DagBag from /home/airflow/.local/lib/python3.12/site-packages/airflow/example_dags/example_bash_operator.py
[2025-05-04T17:21:04.617+0000] {processor.py:925} INFO - DAG(s) 'example_bash_operator' retrieved from /home/airflow/.local/lib/python3.12/site-packages/airflow/example_dags/example_bash_operator.py
[2025-05-04T17:21:04.655+0000] {logging_mixin.py:190} INFO - [2025-05-04T17:21:04.654+0000] {dag.py:3239} INFO - Sync 1 DAGs
[2025-05-04T17:21:04.689+0000] {logging_mixin.py:190} INFO - [2025-05-04T17:21:04.689+0000] {dag.py:4180} INFO - Setting next_dagrun for example_bash_operator to 2025-05-03 00:00:00+00:00, run_after=2025-05-04 00:00:00+00:00
[2025-05-04T17:21:04.711+0000] {processor.py:208} INFO - Processing /home/airflow/.local/lib/python3.12/site-packages/airflow/example_dags/example_bash_operator.py took 0.126 seconds
[2025-05-04T17:21:34.866+0000] {processor.py:186} INFO - Started process (PID=447) to work on /home/airflow/.local/lib/python3.12/site-packages/airflow/example_dags/example_bash_operator.py
[2025-05-04T17:21:34.868+0000] {processor.py:914} INFO - Processing file /home/airflow/.local/lib/python3.12/site-packages/airflow/example_dags/example_bash_operator.py for tasks to queue
[2025-05-04T17:21:34.871+0000] {logging_mixin.py:190} INFO - [2025-05-04T17:21:34.871+0000] {dagbag.py:588} INFO - Filling up the DagBag from /home/airflow/.local/lib/python3.12/site-packages/airflow/example_dags/example_bash_operator.py
[2025-05-04T17:21:34.889+0000] {processor.py:925} INFO - DAG(s) 'example_bash_operator' retrieved from /home/airflow/.local/lib/python3.12/site-packages/airflow/example_dags/example_bash_operator.py
[2025-05-04T17:21:34.927+0000] {logging_mixin.py:190} INFO - [2025-05-04T17:21:34.927+0000] {dag.py:3239} INFO - Sync 1 DAGs
[2025-05-04T17:21:34.961+0000] {logging_mixin.py:190} INFO - [2025-05-04T17:21:34.961+0000] {dag.py:4180} INFO - Setting next_dagrun for example_bash_operator to 2025-05-03 00:00:00+00:00, run_after=2025-05-04 00:00:00+00:00
[2025-05-04T17:21:34.985+0000] {processor.py:208} INFO - Processing /home/airflow/.local/lib/python3.12/site-packages/airflow/example_dags/example_bash_operator.py took 0.126 seconds
[2025-05-04T17:22:05.109+0000] {processor.py:186} INFO - Started process (PID=510) to work on /home/airflow/.local/lib/python3.12/site-packages/airflow/example_dags/example_bash_operator.py
[2025-05-04T17:22:05.111+0000] {processor.py:914} INFO - Processing file /home/airflow/.local/lib/python3.12/site-packages/airflow/example_dags/example_bash_operator.py for tasks to queue
[2025-05-04T17:22:05.114+0000] {logging_mixin.py:190} INFO - [2025-05-04T17:22:05.114+0000] {dagbag.py:588} INFO - Filling up the DagBag from /home/airflow/.local/lib/python3.12/site-packages/airflow/example_dags/example_bash_operator.py
[2025-05-04T17:22:05.132+0000] {processor.py:925} INFO - DAG(s) 'example_bash_operator' retrieved from /home/airflow/.local/lib/python3.12/site-packages/airflow/example_dags/example_bash_operator.py
[2025-05-04T17:22:05.171+0000] {logging_mixin.py:190} INFO - [2025-05-04T17:22:05.171+0000] {dag.py:3239} INFO - Sync 1 DAGs
[2025-05-04T17:22:05.206+0000] {logging_mixin.py:190} INFO - [2025-05-04T17:22:05.205+0000] {dag.py:4180} INFO - Setting next_dagrun for example_bash_operator to 2025-05-03 00:00:00+00:00, run_after=2025-05-04 00:00:00+00:00
[2025-05-04T17:22:05.229+0000] {processor.py:208} INFO - Processing /home/airflow/.local/lib/python3.12/site-packages/airflow/example_dags/example_bash_operator.py took 0.127 seconds
[2025-05-04T17:22:35.516+0000] {processor.py:186} INFO - Started process (PID=573) to work on /home/airflow/.local/lib/python3.12/site-packages/airflow/example_dags/example_bash_operator.py
[2025-05-04T17:22:35.518+0000] {processor.py:914} INFO - Processing file /home/airflow/.local/lib/python3.12/site-packages/airflow/example_dags/example_bash_operator.py for tasks to queue
[2025-05-04T17:22:35.521+0000] {logging_mixin.py:190} INFO - [2025-05-04T17:22:35.520+0000] {dagbag.py:588} INFO - Filling up the DagBag from /home/airflow/.local/lib/python3.12/site-packages/airflow/example_dags/example_bash_operator.py
[2025-05-04T17:22:35.538+0000] {processor.py:925} INFO - DAG(s) 'example_bash_operator' retrieved from /home/airflow/.local/lib/python3.12/site-packages/airflow/example_dags/example_bash_operator.py
[2025-05-04T17:22:35.573+0000] {logging_mixin.py:190} INFO - [2025-05-04T17:22:35.572+0000] {dag.py:3239} INFO - Sync 1 DAGs
[2025-05-04T17:22:35.604+0000] {logging_mixin.py:190} INFO - [2025-05-04T17:22:35.604+0000] {dag.py:4180} INFO - Setting next_dagrun for example_bash_operator to 2025-05-03 00:00:00+00:00, run_after=2025-05-04 00:00:00+00:00
[2025-05-04T17:22:35.627+0000] {processor.py:208} INFO - Processing /home/airflow/.local/lib/python3.12/site-packages/airflow/example_dags/example_bash_operator.py took 0.119 seconds
[2025-05-04T17:23:06.272+0000] {processor.py:186} INFO - Started process (PID=636) to work on /home/airflow/.local/lib/python3.12/site-packages/airflow/example_dags/example_bash_operator.py
[2025-05-04T17:23:06.274+0000] {processor.py:914} INFO - Processing file /home/airflow/.local/lib/python3.12/site-packages/airflow/example_dags/example_bash_operator.py for tasks to queue
[2025-05-04T17:23:06.277+0000] {logging_mixin.py:190} INFO - [2025-05-04T17:23:06.277+0000] {dagbag.py:588} INFO - Filling up the DagBag from /home/airflow/.local/lib/python3.12/site-packages/airflow/example_dags/example_bash_operator.py
[2025-05-04T17:23:06.296+0000] {processor.py:925} INFO - DAG(s) 'example_bash_operator' retrieved from /home/airflow/.local/lib/python3.12/site-packages/airflow/example_dags/example_bash_operator.py
[2025-05-04T17:23:06.337+0000] {logging_mixin.py:190} INFO - [2025-05-04T17:23:06.337+0000] {dag.py:3239} INFO - Sync 1 DAGs
[2025-05-04T17:23:06.373+0000] {logging_mixin.py:190} INFO - [2025-05-04T17:23:06.372+0000] {dag.py:4180} INFO - Setting next_dagrun for example_bash_operator to 2025-05-03 00:00:00+00:00, run_after=2025-05-04 00:00:00+00:00
[2025-05-04T17:23:06.425+0000] {processor.py:208} INFO - Processing /home/airflow/.local/lib/python3.12/site-packages/airflow/example_dags/example_bash_operator.py took 0.161 seconds
[2025-05-04T17:23:36.569+0000] {processor.py:186} INFO - Started process (PID=699) to work on /home/airflow/.local/lib/python3.12/site-packages/airflow/example_dags/example_bash_operator.py
[2025-05-04T17:23:36.570+0000] {processor.py:914} INFO - Processing file /home/airflow/.local/lib/python3.12/site-packages/airflow/example_dags/example_bash_operator.py for tasks to queue
[2025-05-04T17:23:36.573+0000] {logging_mixin.py:190} INFO - [2025-05-04T17:23:36.572+0000] {dagbag.py:588} INFO - Filling up the DagBag from /home/airflow/.local/lib/python3.12/site-packages/airflow/example_dags/example_bash_operator.py
[2025-05-04T17:23:36.590+0000] {processor.py:925} INFO - DAG(s) 'example_bash_operator' retrieved from /home/airflow/.local/lib/python3.12/site-packages/airflow/example_dags/example_bash_operator.py
[2025-05-04T17:23:36.623+0000] {logging_mixin.py:190} INFO - [2025-05-04T17:23:36.623+0000] {dag.py:3239} INFO - Sync 1 DAGs
[2025-05-04T17:23:36.654+0000] {logging_mixin.py:190} INFO - [2025-05-04T17:23:36.654+0000] {dag.py:4180} INFO - Setting next_dagrun for example_bash_operator to 2025-05-03 00:00:00+00:00, run_after=2025-05-04 00:00:00+00:00
[2025-05-04T17:23:36.675+0000] {processor.py:208} INFO - Processing /home/airflow/.local/lib/python3.12/site-packages/airflow/example_dags/example_bash_operator.py took 0.115 seconds
[2025-05-04T17:24:07.634+0000] {processor.py:186} INFO - Started process (PID=762) to work on /home/airflow/.local/lib/python3.12/site-packages/airflow/example_dags/example_bash_operator.py
[2025-05-04T17:24:07.636+0000] {processor.py:914} INFO - Processing file /home/airflow/.local/lib/python3.12/site-packages/airflow/example_dags/example_bash_operator.py for tasks to queue
[2025-05-04T17:24:07.639+0000] {logging_mixin.py:190} INFO - [2025-05-04T17:24:07.639+0000] {dagbag.py:588} INFO - Filling up the DagBag from /home/airflow/.local/lib/python3.12/site-packages/airflow/example_dags/example_bash_operator.py
[2025-05-04T17:24:07.658+0000] {processor.py:925} INFO - DAG(s) 'example_bash_operator' retrieved from /home/airflow/.local/lib/python3.12/site-packages/airflow/example_dags/example_bash_operator.py
[2025-05-04T17:24:07.698+0000] {logging_mixin.py:190} INFO - [2025-05-04T17:24:07.697+0000] {dag.py:3239} INFO - Sync 1 DAGs
[2025-05-04T17:24:07.730+0000] {logging_mixin.py:190} INFO - [2025-05-04T17:24:07.730+0000] {dag.py:4180} INFO - Setting next_dagrun for example_bash_operator to 2025-05-03 00:00:00+00:00, run_after=2025-05-04 00:00:00+00:00
[2025-05-04T17:24:07.754+0000] {processor.py:208} INFO - Processing /home/airflow/.local/lib/python3.12/site-packages/airflow/example_dags/example_bash_operator.py took 0.128 seconds
[2025-05-04T17:24:37.878+0000] {processor.py:186} INFO - Started process (PID=825) to work on /home/airflow/.local/lib/python3.12/site-packages/airflow/example_dags/example_bash_operator.py
[2025-05-04T17:24:37.880+0000] {processor.py:914} INFO - Processing file /home/airflow/.local/lib/python3.12/site-packages/airflow/example_dags/example_bash_operator.py for tasks to queue
[2025-05-04T17:24:37.883+0000] {logging_mixin.py:190} INFO - [2025-05-04T17:24:37.883+0000] {dagbag.py:588} INFO - Filling up the DagBag from /home/airflow/.local/lib/python3.12/site-packages/airflow/example_dags/example_bash_operator.py
[2025-05-04T17:24:37.901+0000] {processor.py:925} INFO - DAG(s) 'example_bash_operator' retrieved from /home/airflow/.local/lib/python3.12/site-packages/airflow/example_dags/example_bash_operator.py
[2025-05-04T17:24:37.941+0000] {logging_mixin.py:190} INFO - [2025-05-04T17:24:37.940+0000] {dag.py:3239} INFO - Sync 1 DAGs
[2025-05-04T17:24:37.974+0000] {logging_mixin.py:190} INFO - [2025-05-04T17:24:37.974+0000] {dag.py:4180} INFO - Setting next_dagrun for example_bash_operator to 2025-05-03 00:00:00+00:00, run_after=2025-05-04 00:00:00+00:00
[2025-05-04T17:24:38.024+0000] {processor.py:208} INFO - Processing /home/airflow/.local/lib/python3.12/site-packages/airflow/example_dags/example_bash_operator.py took 0.154 seconds
[2025-05-04T17:25:08.112+0000] {processor.py:186} INFO - Started process (PID=888) to work on /home/airflow/.local/lib/python3.12/site-packages/airflow/example_dags/example_bash_operator.py
[2025-05-04T17:25:08.113+0000] {processor.py:914} INFO - Processing file /home/airflow/.local/lib/python3.12/site-packages/airflow/example_dags/example_bash_operator.py for tasks to queue
[2025-05-04T17:25:08.116+0000] {logging_mixin.py:190} INFO - [2025-05-04T17:25:08.115+0000] {dagbag.py:588} INFO - Filling up the DagBag from /home/airflow/.local/lib/python3.12/site-packages/airflow/example_dags/example_bash_operator.py
[2025-05-04T17:25:08.135+0000] {processor.py:925} INFO - DAG(s) 'example_bash_operator' retrieved from /home/airflow/.local/lib/python3.12/site-packages/airflow/example_dags/example_bash_operator.py
[2025-05-04T17:25:08.173+0000] {logging_mixin.py:190} INFO - [2025-05-04T17:25:08.173+0000] {dag.py:3239} INFO - Sync 1 DAGs
[2025-05-04T17:25:08.207+0000] {logging_mixin.py:190} INFO - [2025-05-04T17:25:08.207+0000] {dag.py:4180} INFO - Setting next_dagrun for example_bash_operator to 2025-05-03 00:00:00+00:00, run_after=2025-05-04 00:00:00+00:00
[2025-05-04T17:25:08.230+0000] {processor.py:208} INFO - Processing /home/airflow/.local/lib/python3.12/site-packages/airflow/example_dags/example_bash_operator.py took 0.127 seconds
[2025-05-04T17:25:38.751+0000] {processor.py:186} INFO - Started process (PID=951) to work on /home/airflow/.local/lib/python3.12/site-packages/airflow/example_dags/example_bash_operator.py
[2025-05-04T17:25:38.753+0000] {processor.py:914} INFO - Processing file /home/airflow/.local/lib/python3.12/site-packages/airflow/example_dags/example_bash_operator.py for tasks to queue
[2025-05-04T17:25:38.756+0000] {logging_mixin.py:190} INFO - [2025-05-04T17:25:38.756+0000] {dagbag.py:588} INFO - Filling up the DagBag from /home/airflow/.local/lib/python3.12/site-packages/airflow/example_dags/example_bash_operator.py
[2025-05-04T17:25:38.775+0000] {processor.py:925} INFO - DAG(s) 'example_bash_operator' retrieved from /home/airflow/.local/lib/python3.12/site-packages/airflow/example_dags/example_bash_operator.py
[2025-05-04T17:25:38.816+0000] {logging_mixin.py:190} INFO - [2025-05-04T17:25:38.816+0000] {dag.py:3239} INFO - Sync 1 DAGs
[2025-05-04T17:25:38.852+0000] {logging_mixin.py:190} INFO - [2025-05-04T17:25:38.851+0000] {dag.py:4180} INFO - Setting next_dagrun for example_bash_operator to 2025-05-03 00:00:00+00:00, run_after=2025-05-04 00:00:00+00:00
[2025-05-04T17:25:38.875+0000] {processor.py:208} INFO - Processing /home/airflow/.local/lib/python3.12/site-packages/airflow/example_dags/example_bash_operator.py took 0.132 seconds
[2025-05-04T17:26:09.082+0000] {processor.py:186} INFO - Started process (PID=1014) to work on /home/airflow/.local/lib/python3.12/site-packages/airflow/example_dags/example_bash_operator.py
[2025-05-04T17:26:09.084+0000] {processor.py:914} INFO - Processing file /home/airflow/.local/lib/python3.12/site-packages/airflow/example_dags/example_bash_operator.py for tasks to queue
[2025-05-04T17:26:09.087+0000] {logging_mixin.py:190} INFO - [2025-05-04T17:26:09.087+0000] {dagbag.py:588} INFO - Filling up the DagBag from /home/airflow/.local/lib/python3.12/site-packages/airflow/example_dags/example_bash_operator.py
[2025-05-04T17:26:09.107+0000] {processor.py:925} INFO - DAG(s) 'example_bash_operator' retrieved from /home/airflow/.local/lib/python3.12/site-packages/airflow/example_dags/example_bash_operator.py
[2025-05-04T17:26:09.145+0000] {logging_mixin.py:190} INFO - [2025-05-04T17:26:09.145+0000] {dag.py:3239} INFO - Sync 1 DAGs
[2025-05-04T17:26:09.179+0000] {logging_mixin.py:190} INFO - [2025-05-04T17:26:09.179+0000] {dag.py:4180} INFO - Setting next_dagrun for example_bash_operator to 2025-05-03 00:00:00+00:00, run_after=2025-05-04 00:00:00+00:00
[2025-05-04T17:26:09.224+0000] {processor.py:208} INFO - Processing /home/airflow/.local/lib/python3.12/site-packages/airflow/example_dags/example_bash_operator.py took 0.150 seconds
[2025-05-04T17:26:39.844+0000] {processor.py:186} INFO - Started process (PID=1077) to work on /home/airflow/.local/lib/python3.12/site-packages/airflow/example_dags/example_bash_operator.py
[2025-05-04T17:26:39.846+0000] {processor.py:914} INFO - Processing file /home/airflow/.local/lib/python3.12/site-packages/airflow/example_dags/example_bash_operator.py for tasks to queue
[2025-05-04T17:26:39.849+0000] {logging_mixin.py:190} INFO - [2025-05-04T17:26:39.849+0000] {dagbag.py:588} INFO - Filling up the DagBag from /home/airflow/.local/lib/python3.12/site-packages/airflow/example_dags/example_bash_operator.py
[2025-05-04T17:26:39.869+0000] {processor.py:925} INFO - DAG(s) 'example_bash_operator' retrieved from /home/airflow/.local/lib/python3.12/site-packages/airflow/example_dags/example_bash_operator.py
[2025-05-04T17:26:39.910+0000] {logging_mixin.py:190} INFO - [2025-05-04T17:26:39.909+0000] {dag.py:3239} INFO - Sync 1 DAGs
[2025-05-04T17:26:39.943+0000] {logging_mixin.py:190} INFO - [2025-05-04T17:26:39.943+0000] {dag.py:4180} INFO - Setting next_dagrun for example_bash_operator to 2025-05-03 00:00:00+00:00, run_after=2025-05-04 00:00:00+00:00
[2025-05-04T17:26:39.968+0000] {processor.py:208} INFO - Processing /home/airflow/.local/lib/python3.12/site-packages/airflow/example_dags/example_bash_operator.py took 0.132 seconds
