[2025-05-04T17:18:37.364+0000] {processor.py:186} INFO - Started process (PID=104) to work on /home/airflow/.local/lib/python3.12/site-packages/airflow/example_dags/example_dataset_alias_with_no_taskflow.py
[2025-05-04T17:18:37.365+0000] {processor.py:914} INFO - Processing file /home/airflow/.local/lib/python3.12/site-packages/airflow/example_dags/example_dataset_alias_with_no_taskflow.py for tasks to queue
[2025-05-04T17:18:37.366+0000] {logging_mixin.py:190} INFO - [2025-05-04T17:18:37.366+0000] {dagbag.py:588} INFO - Filling up the DagBag from /home/airflow/.local/lib/python3.12/site-packages/airflow/example_dags/example_dataset_alias_with_no_taskflow.py
[2025-05-04T17:18:37.866+0000] {processor.py:925} INFO - DAG(s) 'dataset_s3_bucket_producer_with_no_taskflow', 'dataset_alias_example_alias_producer_with_no_taskflow', 'dataset_s3_bucket_consumer_with_no_taskflow', 'dataset_alias_example_alias_consumer_with_no_taskflow' retrieved from /home/airflow/.local/lib/python3.12/site-packages/airflow/example_dags/example_dataset_alias_with_no_taskflow.py
[2025-05-04T17:18:37.936+0000] {logging_mixin.py:190} INFO - [2025-05-04T17:18:37.935+0000] {override.py:1912} INFO - Created Permission View: can read on DAG:dataset_s3_bucket_producer_with_no_taskflow
[2025-05-04T17:18:37.942+0000] {logging_mixin.py:190} INFO - [2025-05-04T17:18:37.942+0000] {override.py:1912} INFO - Created Permission View: can edit on DAG:dataset_s3_bucket_producer_with_no_taskflow
[2025-05-04T17:18:37.947+0000] {logging_mixin.py:190} INFO - [2025-05-04T17:18:37.947+0000] {override.py:1912} INFO - Created Permission View: can delete on DAG:dataset_s3_bucket_producer_with_no_taskflow
[2025-05-04T17:18:37.951+0000] {logging_mixin.py:190} INFO - [2025-05-04T17:18:37.951+0000] {override.py:1912} INFO - Created Permission View: can read on DAG Run:dataset_s3_bucket_producer_with_no_taskflow
[2025-05-04T17:18:37.955+0000] {logging_mixin.py:190} INFO - [2025-05-04T17:18:37.955+0000] {override.py:1912} INFO - Created Permission View: can create on DAG Run:dataset_s3_bucket_producer_with_no_taskflow
[2025-05-04T17:18:37.959+0000] {logging_mixin.py:190} INFO - [2025-05-04T17:18:37.959+0000] {override.py:1912} INFO - Created Permission View: can delete on DAG Run:dataset_s3_bucket_producer_with_no_taskflow
[2025-05-04T17:18:37.964+0000] {logging_mixin.py:190} INFO - [2025-05-04T17:18:37.964+0000] {override.py:1912} INFO - Created Permission View: menu access on DAG Run:dataset_s3_bucket_producer_with_no_taskflow
[2025-05-04T17:18:37.973+0000] {logging_mixin.py:190} INFO - [2025-05-04T17:18:37.973+0000] {override.py:1912} INFO - Created Permission View: can read on DAG:dataset_alias_example_alias_producer_with_no_taskflow
[2025-05-04T17:18:37.977+0000] {logging_mixin.py:190} INFO - [2025-05-04T17:18:37.977+0000] {override.py:1912} INFO - Created Permission View: can edit on DAG:dataset_alias_example_alias_producer_with_no_taskflow
[2025-05-04T17:18:37.981+0000] {logging_mixin.py:190} INFO - [2025-05-04T17:18:37.981+0000] {override.py:1912} INFO - Created Permission View: can delete on DAG:dataset_alias_example_alias_producer_with_no_taskflow
[2025-05-04T17:18:37.985+0000] {logging_mixin.py:190} INFO - [2025-05-04T17:18:37.985+0000] {override.py:1912} INFO - Created Permission View: can read on DAG Run:dataset_alias_example_alias_producer_with_no_taskflow
[2025-05-04T17:18:37.990+0000] {logging_mixin.py:190} INFO - [2025-05-04T17:18:37.990+0000] {override.py:1912} INFO - Created Permission View: can create on DAG Run:dataset_alias_example_alias_producer_with_no_taskflow
[2025-05-04T17:18:37.994+0000] {logging_mixin.py:190} INFO - [2025-05-04T17:18:37.994+0000] {override.py:1912} INFO - Created Permission View: can delete on DAG Run:dataset_alias_example_alias_producer_with_no_taskflow
[2025-05-04T17:18:38.000+0000] {logging_mixin.py:190} INFO - [2025-05-04T17:18:38.000+0000] {override.py:1912} INFO - Created Permission View: menu access on DAG Run:dataset_alias_example_alias_producer_with_no_taskflow
[2025-05-04T17:18:38.009+0000] {logging_mixin.py:190} INFO - [2025-05-04T17:18:38.008+0000] {override.py:1912} INFO - Created Permission View: can read on DAG:dataset_s3_bucket_consumer_with_no_taskflow
[2025-05-04T17:18:38.013+0000] {logging_mixin.py:190} INFO - [2025-05-04T17:18:38.013+0000] {override.py:1912} INFO - Created Permission View: can edit on DAG:dataset_s3_bucket_consumer_with_no_taskflow
[2025-05-04T17:18:38.018+0000] {logging_mixin.py:190} INFO - [2025-05-04T17:18:38.018+0000] {override.py:1912} INFO - Created Permission View: can delete on DAG:dataset_s3_bucket_consumer_with_no_taskflow
[2025-05-04T17:18:38.023+0000] {logging_mixin.py:190} INFO - [2025-05-04T17:18:38.023+0000] {override.py:1912} INFO - Created Permission View: can read on DAG Run:dataset_s3_bucket_consumer_with_no_taskflow
[2025-05-04T17:18:38.027+0000] {logging_mixin.py:190} INFO - [2025-05-04T17:18:38.027+0000] {override.py:1912} INFO - Created Permission View: can create on DAG Run:dataset_s3_bucket_consumer_with_no_taskflow
[2025-05-04T17:18:38.032+0000] {logging_mixin.py:190} INFO - [2025-05-04T17:18:38.032+0000] {override.py:1912} INFO - Created Permission View: can delete on DAG Run:dataset_s3_bucket_consumer_with_no_taskflow
[2025-05-04T17:18:38.036+0000] {logging_mixin.py:190} INFO - [2025-05-04T17:18:38.036+0000] {override.py:1912} INFO - Created Permission View: menu access on DAG Run:dataset_s3_bucket_consumer_with_no_taskflow
[2025-05-04T17:18:38.044+0000] {logging_mixin.py:190} INFO - [2025-05-04T17:18:38.044+0000] {override.py:1912} INFO - Created Permission View: can read on DAG:dataset_alias_example_alias_consumer_with_no_taskflow
[2025-05-04T17:18:38.048+0000] {logging_mixin.py:190} INFO - [2025-05-04T17:18:38.048+0000] {override.py:1912} INFO - Created Permission View: can edit on DAG:dataset_alias_example_alias_consumer_with_no_taskflow
[2025-05-04T17:18:38.052+0000] {logging_mixin.py:190} INFO - [2025-05-04T17:18:38.052+0000] {override.py:1912} INFO - Created Permission View: can delete on DAG:dataset_alias_example_alias_consumer_with_no_taskflow
[2025-05-04T17:18:38.057+0000] {logging_mixin.py:190} INFO - [2025-05-04T17:18:38.057+0000] {override.py:1912} INFO - Created Permission View: can read on DAG Run:dataset_alias_example_alias_consumer_with_no_taskflow
[2025-05-04T17:18:38.061+0000] {logging_mixin.py:190} INFO - [2025-05-04T17:18:38.061+0000] {override.py:1912} INFO - Created Permission View: can create on DAG Run:dataset_alias_example_alias_consumer_with_no_taskflow
[2025-05-04T17:18:38.065+0000] {logging_mixin.py:190} INFO - [2025-05-04T17:18:38.065+0000] {override.py:1912} INFO - Created Permission View: can delete on DAG Run:dataset_alias_example_alias_consumer_with_no_taskflow
[2025-05-04T17:18:38.075+0000] {logging_mixin.py:190} INFO - [2025-05-04T17:18:38.075+0000] {override.py:1912} INFO - Created Permission View: menu access on DAG Run:dataset_alias_example_alias_consumer_with_no_taskflow
[2025-05-04T17:18:38.075+0000] {logging_mixin.py:190} INFO - [2025-05-04T17:18:38.075+0000] {dag.py:3239} INFO - Sync 4 DAGs
[2025-05-04T17:18:38.086+0000] {logging_mixin.py:190} INFO - [2025-05-04T17:18:38.086+0000] {dag.py:3262} INFO - Creating ORM DAG for dataset_s3_bucket_producer_with_no_taskflow
[2025-05-04T17:18:38.087+0000] {logging_mixin.py:190} INFO - [2025-05-04T17:18:38.087+0000] {dag.py:3262} INFO - Creating ORM DAG for dataset_alias_example_alias_producer_with_no_taskflow
[2025-05-04T17:18:38.087+0000] {logging_mixin.py:190} INFO - [2025-05-04T17:18:38.087+0000] {dag.py:3262} INFO - Creating ORM DAG for dataset_s3_bucket_consumer_with_no_taskflow
[2025-05-04T17:18:38.087+0000] {logging_mixin.py:190} INFO - [2025-05-04T17:18:38.087+0000] {dag.py:3262} INFO - Creating ORM DAG for dataset_alias_example_alias_consumer_with_no_taskflow
[2025-05-04T17:18:38.095+0000] {logging_mixin.py:190} INFO - [2025-05-04T17:18:38.095+0000] {dag.py:4180} INFO - Setting next_dagrun for dataset_alias_example_alias_consumer_with_no_taskflow to None, run_after=None
[2025-05-04T17:18:38.095+0000] {logging_mixin.py:190} INFO - [2025-05-04T17:18:38.095+0000] {dag.py:4180} INFO - Setting next_dagrun for dataset_alias_example_alias_producer_with_no_taskflow to None, run_after=None
[2025-05-04T17:18:38.096+0000] {logging_mixin.py:190} INFO - [2025-05-04T17:18:38.096+0000] {dag.py:4180} INFO - Setting next_dagrun for dataset_s3_bucket_consumer_with_no_taskflow to None, run_after=None
[2025-05-04T17:18:38.096+0000] {logging_mixin.py:190} INFO - [2025-05-04T17:18:38.096+0000] {dag.py:4180} INFO - Setting next_dagrun for dataset_s3_bucket_producer_with_no_taskflow to None, run_after=None
[2025-05-04T17:18:38.117+0000] {processor.py:208} INFO - Processing /home/airflow/.local/lib/python3.12/site-packages/airflow/example_dags/example_dataset_alias_with_no_taskflow.py took 0.757 seconds
[2025-05-04T17:19:08.397+0000] {processor.py:186} INFO - Started process (PID=168) to work on /home/airflow/.local/lib/python3.12/site-packages/airflow/example_dags/example_dataset_alias_with_no_taskflow.py
[2025-05-04T17:19:08.398+0000] {processor.py:914} INFO - Processing file /home/airflow/.local/lib/python3.12/site-packages/airflow/example_dags/example_dataset_alias_with_no_taskflow.py for tasks to queue
[2025-05-04T17:19:08.400+0000] {logging_mixin.py:190} INFO - [2025-05-04T17:19:08.400+0000] {dagbag.py:588} INFO - Filling up the DagBag from /home/airflow/.local/lib/python3.12/site-packages/airflow/example_dags/example_dataset_alias_with_no_taskflow.py
[2025-05-04T17:19:09.244+0000] {processor.py:925} INFO - DAG(s) 'dataset_alias_example_alias_consumer_with_no_taskflow', 'dataset_s3_bucket_consumer_with_no_taskflow', 'dataset_alias_example_alias_producer_with_no_taskflow', 'dataset_s3_bucket_producer_with_no_taskflow' retrieved from /home/airflow/.local/lib/python3.12/site-packages/airflow/example_dags/example_dataset_alias_with_no_taskflow.py
[2025-05-04T17:19:09.276+0000] {logging_mixin.py:190} INFO - [2025-05-04T17:19:09.276+0000] {dag.py:3239} INFO - Sync 4 DAGs
[2025-05-04T17:19:09.308+0000] {logging_mixin.py:190} INFO - [2025-05-04T17:19:09.307+0000] {dag.py:4180} INFO - Setting next_dagrun for dataset_alias_example_alias_consumer_with_no_taskflow to None, run_after=None
[2025-05-04T17:19:09.311+0000] {logging_mixin.py:190} INFO - [2025-05-04T17:19:09.311+0000] {dag.py:4180} INFO - Setting next_dagrun for dataset_alias_example_alias_producer_with_no_taskflow to None, run_after=None
[2025-05-04T17:19:09.313+0000] {logging_mixin.py:190} INFO - [2025-05-04T17:19:09.312+0000] {dag.py:4180} INFO - Setting next_dagrun for dataset_s3_bucket_consumer_with_no_taskflow to None, run_after=None
[2025-05-04T17:19:09.314+0000] {logging_mixin.py:190} INFO - [2025-05-04T17:19:09.314+0000] {dag.py:4180} INFO - Setting next_dagrun for dataset_s3_bucket_producer_with_no_taskflow to None, run_after=None
[2025-05-04T17:19:09.340+0000] {processor.py:208} INFO - Processing /home/airflow/.local/lib/python3.12/site-packages/airflow/example_dags/example_dataset_alias_with_no_taskflow.py took 0.950 seconds
[2025-05-04T17:19:39.631+0000] {processor.py:186} INFO - Started process (PID=231) to work on /home/airflow/.local/lib/python3.12/site-packages/airflow/example_dags/example_dataset_alias_with_no_taskflow.py
[2025-05-04T17:19:39.633+0000] {processor.py:914} INFO - Processing file /home/airflow/.local/lib/python3.12/site-packages/airflow/example_dags/example_dataset_alias_with_no_taskflow.py for tasks to queue
[2025-05-04T17:19:39.636+0000] {logging_mixin.py:190} INFO - [2025-05-04T17:19:39.635+0000] {dagbag.py:588} INFO - Filling up the DagBag from /home/airflow/.local/lib/python3.12/site-packages/airflow/example_dags/example_dataset_alias_with_no_taskflow.py
[2025-05-04T17:19:40.470+0000] {processor.py:925} INFO - DAG(s) 'dataset_alias_example_alias_consumer_with_no_taskflow', 'dataset_s3_bucket_consumer_with_no_taskflow', 'dataset_alias_example_alias_producer_with_no_taskflow', 'dataset_s3_bucket_producer_with_no_taskflow' retrieved from /home/airflow/.local/lib/python3.12/site-packages/airflow/example_dags/example_dataset_alias_with_no_taskflow.py
[2025-05-04T17:19:40.498+0000] {logging_mixin.py:190} INFO - [2025-05-04T17:19:40.497+0000] {dag.py:3239} INFO - Sync 4 DAGs
[2025-05-04T17:19:40.531+0000] {logging_mixin.py:190} INFO - [2025-05-04T17:19:40.530+0000] {dag.py:4180} INFO - Setting next_dagrun for dataset_alias_example_alias_consumer_with_no_taskflow to None, run_after=None
[2025-05-04T17:19:40.534+0000] {logging_mixin.py:190} INFO - [2025-05-04T17:19:40.534+0000] {dag.py:4180} INFO - Setting next_dagrun for dataset_alias_example_alias_producer_with_no_taskflow to None, run_after=None
[2025-05-04T17:19:40.536+0000] {logging_mixin.py:190} INFO - [2025-05-04T17:19:40.536+0000] {dag.py:4180} INFO - Setting next_dagrun for dataset_s3_bucket_consumer_with_no_taskflow to None, run_after=None
[2025-05-04T17:19:40.538+0000] {logging_mixin.py:190} INFO - [2025-05-04T17:19:40.538+0000] {dag.py:4180} INFO - Setting next_dagrun for dataset_s3_bucket_producer_with_no_taskflow to None, run_after=None
[2025-05-04T17:19:40.564+0000] {processor.py:208} INFO - Processing /home/airflow/.local/lib/python3.12/site-packages/airflow/example_dags/example_dataset_alias_with_no_taskflow.py took 0.941 seconds
[2025-05-04T17:20:10.672+0000] {processor.py:186} INFO - Started process (PID=299) to work on /home/airflow/.local/lib/python3.12/site-packages/airflow/example_dags/example_dataset_alias_with_no_taskflow.py
[2025-05-04T17:20:10.674+0000] {processor.py:914} INFO - Processing file /home/airflow/.local/lib/python3.12/site-packages/airflow/example_dags/example_dataset_alias_with_no_taskflow.py for tasks to queue
[2025-05-04T17:20:10.677+0000] {logging_mixin.py:190} INFO - [2025-05-04T17:20:10.677+0000] {dagbag.py:588} INFO - Filling up the DagBag from /home/airflow/.local/lib/python3.12/site-packages/airflow/example_dags/example_dataset_alias_with_no_taskflow.py
[2025-05-04T17:20:11.518+0000] {processor.py:925} INFO - DAG(s) 'dataset_s3_bucket_consumer_with_no_taskflow', 'dataset_s3_bucket_producer_with_no_taskflow', 'dataset_alias_example_alias_consumer_with_no_taskflow', 'dataset_alias_example_alias_producer_with_no_taskflow' retrieved from /home/airflow/.local/lib/python3.12/site-packages/airflow/example_dags/example_dataset_alias_with_no_taskflow.py
[2025-05-04T17:20:11.546+0000] {logging_mixin.py:190} INFO - [2025-05-04T17:20:11.545+0000] {dag.py:3239} INFO - Sync 4 DAGs
[2025-05-04T17:20:11.580+0000] {logging_mixin.py:190} INFO - [2025-05-04T17:20:11.579+0000] {dag.py:4180} INFO - Setting next_dagrun for dataset_alias_example_alias_consumer_with_no_taskflow to None, run_after=None
[2025-05-04T17:20:11.583+0000] {logging_mixin.py:190} INFO - [2025-05-04T17:20:11.583+0000] {dag.py:4180} INFO - Setting next_dagrun for dataset_alias_example_alias_producer_with_no_taskflow to None, run_after=None
[2025-05-04T17:20:11.585+0000] {logging_mixin.py:190} INFO - [2025-05-04T17:20:11.585+0000] {dag.py:4180} INFO - Setting next_dagrun for dataset_s3_bucket_consumer_with_no_taskflow to None, run_after=None
[2025-05-04T17:20:11.587+0000] {logging_mixin.py:190} INFO - [2025-05-04T17:20:11.587+0000] {dag.py:4180} INFO - Setting next_dagrun for dataset_s3_bucket_producer_with_no_taskflow to None, run_after=None
[2025-05-04T17:20:11.642+0000] {processor.py:208} INFO - Processing /home/airflow/.local/lib/python3.12/site-packages/airflow/example_dags/example_dataset_alias_with_no_taskflow.py took 0.978 seconds
[2025-05-04T17:20:41.739+0000] {processor.py:186} INFO - Started process (PID=364) to work on /home/airflow/.local/lib/python3.12/site-packages/airflow/example_dags/example_dataset_alias_with_no_taskflow.py
[2025-05-04T17:20:41.741+0000] {processor.py:914} INFO - Processing file /home/airflow/.local/lib/python3.12/site-packages/airflow/example_dags/example_dataset_alias_with_no_taskflow.py for tasks to queue
[2025-05-04T17:20:41.744+0000] {logging_mixin.py:190} INFO - [2025-05-04T17:20:41.744+0000] {dagbag.py:588} INFO - Filling up the DagBag from /home/airflow/.local/lib/python3.12/site-packages/airflow/example_dags/example_dataset_alias_with_no_taskflow.py
[2025-05-04T17:20:42.554+0000] {processor.py:925} INFO - DAG(s) 'dataset_s3_bucket_consumer_with_no_taskflow', 'dataset_alias_example_alias_consumer_with_no_taskflow', 'dataset_s3_bucket_producer_with_no_taskflow', 'dataset_alias_example_alias_producer_with_no_taskflow' retrieved from /home/airflow/.local/lib/python3.12/site-packages/airflow/example_dags/example_dataset_alias_with_no_taskflow.py
[2025-05-04T17:20:42.584+0000] {logging_mixin.py:190} INFO - [2025-05-04T17:20:42.583+0000] {dag.py:3239} INFO - Sync 4 DAGs
[2025-05-04T17:20:42.615+0000] {logging_mixin.py:190} INFO - [2025-05-04T17:20:42.615+0000] {dag.py:4180} INFO - Setting next_dagrun for dataset_alias_example_alias_consumer_with_no_taskflow to None, run_after=None
[2025-05-04T17:20:42.619+0000] {logging_mixin.py:190} INFO - [2025-05-04T17:20:42.619+0000] {dag.py:4180} INFO - Setting next_dagrun for dataset_alias_example_alias_producer_with_no_taskflow to None, run_after=None
[2025-05-04T17:20:42.623+0000] {logging_mixin.py:190} INFO - [2025-05-04T17:20:42.623+0000] {dag.py:4180} INFO - Setting next_dagrun for dataset_s3_bucket_consumer_with_no_taskflow to None, run_after=None
[2025-05-04T17:20:42.625+0000] {logging_mixin.py:190} INFO - [2025-05-04T17:20:42.625+0000] {dag.py:4180} INFO - Setting next_dagrun for dataset_s3_bucket_producer_with_no_taskflow to None, run_after=None
[2025-05-04T17:20:42.655+0000] {processor.py:208} INFO - Processing /home/airflow/.local/lib/python3.12/site-packages/airflow/example_dags/example_dataset_alias_with_no_taskflow.py took 0.925 seconds
[2025-05-04T17:21:13.410+0000] {processor.py:186} INFO - Started process (PID=427) to work on /home/airflow/.local/lib/python3.12/site-packages/airflow/example_dags/example_dataset_alias_with_no_taskflow.py
[2025-05-04T17:21:13.412+0000] {processor.py:914} INFO - Processing file /home/airflow/.local/lib/python3.12/site-packages/airflow/example_dags/example_dataset_alias_with_no_taskflow.py for tasks to queue
[2025-05-04T17:21:13.416+0000] {logging_mixin.py:190} INFO - [2025-05-04T17:21:13.415+0000] {dagbag.py:588} INFO - Filling up the DagBag from /home/airflow/.local/lib/python3.12/site-packages/airflow/example_dags/example_dataset_alias_with_no_taskflow.py
[2025-05-04T17:21:14.326+0000] {processor.py:925} INFO - DAG(s) 'dataset_alias_example_alias_producer_with_no_taskflow', 'dataset_s3_bucket_consumer_with_no_taskflow', 'dataset_alias_example_alias_consumer_with_no_taskflow', 'dataset_s3_bucket_producer_with_no_taskflow' retrieved from /home/airflow/.local/lib/python3.12/site-packages/airflow/example_dags/example_dataset_alias_with_no_taskflow.py
[2025-05-04T17:21:14.354+0000] {logging_mixin.py:190} INFO - [2025-05-04T17:21:14.353+0000] {dag.py:3239} INFO - Sync 4 DAGs
[2025-05-04T17:21:14.383+0000] {logging_mixin.py:190} INFO - [2025-05-04T17:21:14.383+0000] {dag.py:4180} INFO - Setting next_dagrun for dataset_alias_example_alias_consumer_with_no_taskflow to None, run_after=None
[2025-05-04T17:21:14.387+0000] {logging_mixin.py:190} INFO - [2025-05-04T17:21:14.386+0000] {dag.py:4180} INFO - Setting next_dagrun for dataset_alias_example_alias_producer_with_no_taskflow to None, run_after=None
[2025-05-04T17:21:14.388+0000] {logging_mixin.py:190} INFO - [2025-05-04T17:21:14.388+0000] {dag.py:4180} INFO - Setting next_dagrun for dataset_s3_bucket_consumer_with_no_taskflow to None, run_after=None
[2025-05-04T17:21:14.390+0000] {logging_mixin.py:190} INFO - [2025-05-04T17:21:14.390+0000] {dag.py:4180} INFO - Setting next_dagrun for dataset_s3_bucket_producer_with_no_taskflow to None, run_after=None
[2025-05-04T17:21:14.416+0000] {processor.py:208} INFO - Processing /home/airflow/.local/lib/python3.12/site-packages/airflow/example_dags/example_dataset_alias_with_no_taskflow.py took 1.016 seconds
[2025-05-04T17:21:44.520+0000] {processor.py:186} INFO - Started process (PID=492) to work on /home/airflow/.local/lib/python3.12/site-packages/airflow/example_dags/example_dataset_alias_with_no_taskflow.py
[2025-05-04T17:21:44.522+0000] {processor.py:914} INFO - Processing file /home/airflow/.local/lib/python3.12/site-packages/airflow/example_dags/example_dataset_alias_with_no_taskflow.py for tasks to queue
[2025-05-04T17:21:44.525+0000] {logging_mixin.py:190} INFO - [2025-05-04T17:21:44.524+0000] {dagbag.py:588} INFO - Filling up the DagBag from /home/airflow/.local/lib/python3.12/site-packages/airflow/example_dags/example_dataset_alias_with_no_taskflow.py
[2025-05-04T17:21:45.446+0000] {processor.py:925} INFO - DAG(s) 'dataset_s3_bucket_consumer_with_no_taskflow', 'dataset_alias_example_alias_producer_with_no_taskflow', 'dataset_alias_example_alias_consumer_with_no_taskflow', 'dataset_s3_bucket_producer_with_no_taskflow' retrieved from /home/airflow/.local/lib/python3.12/site-packages/airflow/example_dags/example_dataset_alias_with_no_taskflow.py
[2025-05-04T17:21:45.475+0000] {logging_mixin.py:190} INFO - [2025-05-04T17:21:45.474+0000] {dag.py:3239} INFO - Sync 4 DAGs
[2025-05-04T17:21:45.506+0000] {logging_mixin.py:190} INFO - [2025-05-04T17:21:45.505+0000] {dag.py:4180} INFO - Setting next_dagrun for dataset_alias_example_alias_consumer_with_no_taskflow to None, run_after=None
[2025-05-04T17:21:45.509+0000] {logging_mixin.py:190} INFO - [2025-05-04T17:21:45.509+0000] {dag.py:4180} INFO - Setting next_dagrun for dataset_alias_example_alias_producer_with_no_taskflow to None, run_after=None
[2025-05-04T17:21:45.510+0000] {logging_mixin.py:190} INFO - [2025-05-04T17:21:45.510+0000] {dag.py:4180} INFO - Setting next_dagrun for dataset_s3_bucket_consumer_with_no_taskflow to None, run_after=None
[2025-05-04T17:21:45.512+0000] {logging_mixin.py:190} INFO - [2025-05-04T17:21:45.512+0000] {dag.py:4180} INFO - Setting next_dagrun for dataset_s3_bucket_producer_with_no_taskflow to None, run_after=None
[2025-05-04T17:21:45.538+0000] {processor.py:208} INFO - Processing /home/airflow/.local/lib/python3.12/site-packages/airflow/example_dags/example_dataset_alias_with_no_taskflow.py took 1.026 seconds
[2025-05-04T17:22:15.928+0000] {processor.py:186} INFO - Started process (PID=559) to work on /home/airflow/.local/lib/python3.12/site-packages/airflow/example_dags/example_dataset_alias_with_no_taskflow.py
[2025-05-04T17:22:15.929+0000] {processor.py:914} INFO - Processing file /home/airflow/.local/lib/python3.12/site-packages/airflow/example_dags/example_dataset_alias_with_no_taskflow.py for tasks to queue
[2025-05-04T17:22:15.932+0000] {logging_mixin.py:190} INFO - [2025-05-04T17:22:15.932+0000] {dagbag.py:588} INFO - Filling up the DagBag from /home/airflow/.local/lib/python3.12/site-packages/airflow/example_dags/example_dataset_alias_with_no_taskflow.py
[2025-05-04T17:22:16.844+0000] {processor.py:925} INFO - DAG(s) 'dataset_s3_bucket_producer_with_no_taskflow', 'dataset_alias_example_alias_consumer_with_no_taskflow', 'dataset_s3_bucket_consumer_with_no_taskflow', 'dataset_alias_example_alias_producer_with_no_taskflow' retrieved from /home/airflow/.local/lib/python3.12/site-packages/airflow/example_dags/example_dataset_alias_with_no_taskflow.py
[2025-05-04T17:22:16.874+0000] {logging_mixin.py:190} INFO - [2025-05-04T17:22:16.873+0000] {dag.py:3239} INFO - Sync 4 DAGs
[2025-05-04T17:22:16.904+0000] {logging_mixin.py:190} INFO - [2025-05-04T17:22:16.904+0000] {dag.py:4180} INFO - Setting next_dagrun for dataset_alias_example_alias_consumer_with_no_taskflow to None, run_after=None
[2025-05-04T17:22:16.907+0000] {logging_mixin.py:190} INFO - [2025-05-04T17:22:16.907+0000] {dag.py:4180} INFO - Setting next_dagrun for dataset_alias_example_alias_producer_with_no_taskflow to None, run_after=None
[2025-05-04T17:22:16.909+0000] {logging_mixin.py:190} INFO - [2025-05-04T17:22:16.909+0000] {dag.py:4180} INFO - Setting next_dagrun for dataset_s3_bucket_consumer_with_no_taskflow to None, run_after=None
[2025-05-04T17:22:16.911+0000] {logging_mixin.py:190} INFO - [2025-05-04T17:22:16.911+0000] {dag.py:4180} INFO - Setting next_dagrun for dataset_s3_bucket_producer_with_no_taskflow to None, run_after=None
[2025-05-04T17:22:16.947+0000] {processor.py:208} INFO - Processing /home/airflow/.local/lib/python3.12/site-packages/airflow/example_dags/example_dataset_alias_with_no_taskflow.py took 1.028 seconds
[2025-05-04T17:22:47.633+0000] {processor.py:186} INFO - Started process (PID=622) to work on /home/airflow/.local/lib/python3.12/site-packages/airflow/example_dags/example_dataset_alias_with_no_taskflow.py
[2025-05-04T17:22:47.636+0000] {processor.py:914} INFO - Processing file /home/airflow/.local/lib/python3.12/site-packages/airflow/example_dags/example_dataset_alias_with_no_taskflow.py for tasks to queue
[2025-05-04T17:22:47.639+0000] {logging_mixin.py:190} INFO - [2025-05-04T17:22:47.639+0000] {dagbag.py:588} INFO - Filling up the DagBag from /home/airflow/.local/lib/python3.12/site-packages/airflow/example_dags/example_dataset_alias_with_no_taskflow.py
[2025-05-04T17:22:48.543+0000] {processor.py:925} INFO - DAG(s) 'dataset_s3_bucket_producer_with_no_taskflow', 'dataset_alias_example_alias_producer_with_no_taskflow', 'dataset_s3_bucket_consumer_with_no_taskflow', 'dataset_alias_example_alias_consumer_with_no_taskflow' retrieved from /home/airflow/.local/lib/python3.12/site-packages/airflow/example_dags/example_dataset_alias_with_no_taskflow.py
[2025-05-04T17:22:48.572+0000] {logging_mixin.py:190} INFO - [2025-05-04T17:22:48.571+0000] {dag.py:3239} INFO - Sync 4 DAGs
[2025-05-04T17:22:48.604+0000] {logging_mixin.py:190} INFO - [2025-05-04T17:22:48.604+0000] {dag.py:4180} INFO - Setting next_dagrun for dataset_alias_example_alias_consumer_with_no_taskflow to None, run_after=None
[2025-05-04T17:22:48.608+0000] {logging_mixin.py:190} INFO - [2025-05-04T17:22:48.607+0000] {dag.py:4180} INFO - Setting next_dagrun for dataset_alias_example_alias_producer_with_no_taskflow to None, run_after=None
[2025-05-04T17:22:48.610+0000] {logging_mixin.py:190} INFO - [2025-05-04T17:22:48.609+0000] {dag.py:4180} INFO - Setting next_dagrun for dataset_s3_bucket_consumer_with_no_taskflow to None, run_after=None
[2025-05-04T17:22:48.611+0000] {logging_mixin.py:190} INFO - [2025-05-04T17:22:48.611+0000] {dag.py:4180} INFO - Setting next_dagrun for dataset_s3_bucket_producer_with_no_taskflow to None, run_after=None
[2025-05-04T17:22:48.666+0000] {processor.py:208} INFO - Processing /home/airflow/.local/lib/python3.12/site-packages/airflow/example_dags/example_dataset_alias_with_no_taskflow.py took 1.042 seconds
[2025-05-04T17:23:18.822+0000] {processor.py:186} INFO - Started process (PID=685) to work on /home/airflow/.local/lib/python3.12/site-packages/airflow/example_dags/example_dataset_alias_with_no_taskflow.py
[2025-05-04T17:23:18.846+0000] {processor.py:914} INFO - Processing file /home/airflow/.local/lib/python3.12/site-packages/airflow/example_dags/example_dataset_alias_with_no_taskflow.py for tasks to queue
[2025-05-04T17:23:18.850+0000] {logging_mixin.py:190} INFO - [2025-05-04T17:23:18.849+0000] {dagbag.py:588} INFO - Filling up the DagBag from /home/airflow/.local/lib/python3.12/site-packages/airflow/example_dags/example_dataset_alias_with_no_taskflow.py
[2025-05-04T17:23:19.717+0000] {processor.py:925} INFO - DAG(s) 'dataset_s3_bucket_producer_with_no_taskflow', 'dataset_s3_bucket_consumer_with_no_taskflow', 'dataset_alias_example_alias_producer_with_no_taskflow', 'dataset_alias_example_alias_consumer_with_no_taskflow' retrieved from /home/airflow/.local/lib/python3.12/site-packages/airflow/example_dags/example_dataset_alias_with_no_taskflow.py
[2025-05-04T17:23:19.744+0000] {logging_mixin.py:190} INFO - [2025-05-04T17:23:19.743+0000] {dag.py:3239} INFO - Sync 4 DAGs
[2025-05-04T17:23:19.777+0000] {logging_mixin.py:190} INFO - [2025-05-04T17:23:19.776+0000] {dag.py:4180} INFO - Setting next_dagrun for dataset_alias_example_alias_consumer_with_no_taskflow to None, run_after=None
[2025-05-04T17:23:19.780+0000] {logging_mixin.py:190} INFO - [2025-05-04T17:23:19.780+0000] {dag.py:4180} INFO - Setting next_dagrun for dataset_alias_example_alias_producer_with_no_taskflow to None, run_after=None
[2025-05-04T17:23:19.782+0000] {logging_mixin.py:190} INFO - [2025-05-04T17:23:19.782+0000] {dag.py:4180} INFO - Setting next_dagrun for dataset_s3_bucket_consumer_with_no_taskflow to None, run_after=None
[2025-05-04T17:23:19.784+0000] {logging_mixin.py:190} INFO - [2025-05-04T17:23:19.784+0000] {dag.py:4180} INFO - Setting next_dagrun for dataset_s3_bucket_producer_with_no_taskflow to None, run_after=None
[2025-05-04T17:23:19.838+0000] {processor.py:208} INFO - Processing /home/airflow/.local/lib/python3.12/site-packages/airflow/example_dags/example_dataset_alias_with_no_taskflow.py took 1.026 seconds
[2025-05-04T17:23:50.875+0000] {processor.py:186} INFO - Started process (PID=748) to work on /home/airflow/.local/lib/python3.12/site-packages/airflow/example_dags/example_dataset_alias_with_no_taskflow.py
[2025-05-04T17:23:50.894+0000] {processor.py:914} INFO - Processing file /home/airflow/.local/lib/python3.12/site-packages/airflow/example_dags/example_dataset_alias_with_no_taskflow.py for tasks to queue
[2025-05-04T17:23:50.897+0000] {logging_mixin.py:190} INFO - [2025-05-04T17:23:50.897+0000] {dagbag.py:588} INFO - Filling up the DagBag from /home/airflow/.local/lib/python3.12/site-packages/airflow/example_dags/example_dataset_alias_with_no_taskflow.py
[2025-05-04T17:23:51.805+0000] {processor.py:925} INFO - DAG(s) 'dataset_s3_bucket_producer_with_no_taskflow', 'dataset_alias_example_alias_consumer_with_no_taskflow', 'dataset_s3_bucket_consumer_with_no_taskflow', 'dataset_alias_example_alias_producer_with_no_taskflow' retrieved from /home/airflow/.local/lib/python3.12/site-packages/airflow/example_dags/example_dataset_alias_with_no_taskflow.py
[2025-05-04T17:23:51.832+0000] {logging_mixin.py:190} INFO - [2025-05-04T17:23:51.831+0000] {dag.py:3239} INFO - Sync 4 DAGs
[2025-05-04T17:23:51.866+0000] {logging_mixin.py:190} INFO - [2025-05-04T17:23:51.865+0000] {dag.py:4180} INFO - Setting next_dagrun for dataset_alias_example_alias_consumer_with_no_taskflow to None, run_after=None
[2025-05-04T17:23:51.869+0000] {logging_mixin.py:190} INFO - [2025-05-04T17:23:51.869+0000] {dag.py:4180} INFO - Setting next_dagrun for dataset_alias_example_alias_producer_with_no_taskflow to None, run_after=None
[2025-05-04T17:23:51.871+0000] {logging_mixin.py:190} INFO - [2025-05-04T17:23:51.871+0000] {dag.py:4180} INFO - Setting next_dagrun for dataset_s3_bucket_consumer_with_no_taskflow to None, run_after=None
[2025-05-04T17:23:51.873+0000] {logging_mixin.py:190} INFO - [2025-05-04T17:23:51.873+0000] {dag.py:4180} INFO - Setting next_dagrun for dataset_s3_bucket_producer_with_no_taskflow to None, run_after=None
[2025-05-04T17:23:51.928+0000] {processor.py:208} INFO - Processing /home/airflow/.local/lib/python3.12/site-packages/airflow/example_dags/example_dataset_alias_with_no_taskflow.py took 1.062 seconds
[2025-05-04T17:24:22.145+0000] {processor.py:186} INFO - Started process (PID=811) to work on /home/airflow/.local/lib/python3.12/site-packages/airflow/example_dags/example_dataset_alias_with_no_taskflow.py
[2025-05-04T17:24:22.147+0000] {processor.py:914} INFO - Processing file /home/airflow/.local/lib/python3.12/site-packages/airflow/example_dags/example_dataset_alias_with_no_taskflow.py for tasks to queue
[2025-05-04T17:24:22.150+0000] {logging_mixin.py:190} INFO - [2025-05-04T17:24:22.150+0000] {dagbag.py:588} INFO - Filling up the DagBag from /home/airflow/.local/lib/python3.12/site-packages/airflow/example_dags/example_dataset_alias_with_no_taskflow.py
[2025-05-04T17:24:23.126+0000] {processor.py:925} INFO - DAG(s) 'dataset_s3_bucket_producer_with_no_taskflow', 'dataset_s3_bucket_consumer_with_no_taskflow', 'dataset_alias_example_alias_consumer_with_no_taskflow', 'dataset_alias_example_alias_producer_with_no_taskflow' retrieved from /home/airflow/.local/lib/python3.12/site-packages/airflow/example_dags/example_dataset_alias_with_no_taskflow.py
[2025-05-04T17:24:23.155+0000] {logging_mixin.py:190} INFO - [2025-05-04T17:24:23.154+0000] {dag.py:3239} INFO - Sync 4 DAGs
[2025-05-04T17:24:23.185+0000] {logging_mixin.py:190} INFO - [2025-05-04T17:24:23.185+0000] {dag.py:4180} INFO - Setting next_dagrun for dataset_alias_example_alias_consumer_with_no_taskflow to None, run_after=None
[2025-05-04T17:24:23.188+0000] {logging_mixin.py:190} INFO - [2025-05-04T17:24:23.188+0000] {dag.py:4180} INFO - Setting next_dagrun for dataset_alias_example_alias_producer_with_no_taskflow to None, run_after=None
[2025-05-04T17:24:23.190+0000] {logging_mixin.py:190} INFO - [2025-05-04T17:24:23.189+0000] {dag.py:4180} INFO - Setting next_dagrun for dataset_s3_bucket_consumer_with_no_taskflow to None, run_after=None
[2025-05-04T17:24:23.191+0000] {logging_mixin.py:190} INFO - [2025-05-04T17:24:23.191+0000] {dag.py:4180} INFO - Setting next_dagrun for dataset_s3_bucket_producer_with_no_taskflow to None, run_after=None
[2025-05-04T17:24:23.220+0000] {processor.py:208} INFO - Processing /home/airflow/.local/lib/python3.12/site-packages/airflow/example_dags/example_dataset_alias_with_no_taskflow.py took 1.083 seconds
[2025-05-04T17:24:53.967+0000] {processor.py:186} INFO - Started process (PID=874) to work on /home/airflow/.local/lib/python3.12/site-packages/airflow/example_dags/example_dataset_alias_with_no_taskflow.py
[2025-05-04T17:24:53.969+0000] {processor.py:914} INFO - Processing file /home/airflow/.local/lib/python3.12/site-packages/airflow/example_dags/example_dataset_alias_with_no_taskflow.py for tasks to queue
[2025-05-04T17:24:53.972+0000] {logging_mixin.py:190} INFO - [2025-05-04T17:24:53.971+0000] {dagbag.py:588} INFO - Filling up the DagBag from /home/airflow/.local/lib/python3.12/site-packages/airflow/example_dags/example_dataset_alias_with_no_taskflow.py
[2025-05-04T17:24:54.674+0000] {processor.py:925} INFO - DAG(s) 'dataset_s3_bucket_consumer_with_no_taskflow', 'dataset_s3_bucket_producer_with_no_taskflow', 'dataset_alias_example_alias_consumer_with_no_taskflow', 'dataset_alias_example_alias_producer_with_no_taskflow' retrieved from /home/airflow/.local/lib/python3.12/site-packages/airflow/example_dags/example_dataset_alias_with_no_taskflow.py
[2025-05-04T17:24:54.694+0000] {logging_mixin.py:190} INFO - [2025-05-04T17:24:54.694+0000] {dag.py:3239} INFO - Sync 4 DAGs
[2025-05-04T17:24:54.716+0000] {logging_mixin.py:190} INFO - [2025-05-04T17:24:54.716+0000] {dag.py:4180} INFO - Setting next_dagrun for dataset_alias_example_alias_consumer_with_no_taskflow to None, run_after=None
[2025-05-04T17:24:54.719+0000] {logging_mixin.py:190} INFO - [2025-05-04T17:24:54.718+0000] {dag.py:4180} INFO - Setting next_dagrun for dataset_alias_example_alias_producer_with_no_taskflow to None, run_after=None
[2025-05-04T17:24:54.720+0000] {logging_mixin.py:190} INFO - [2025-05-04T17:24:54.720+0000] {dag.py:4180} INFO - Setting next_dagrun for dataset_s3_bucket_consumer_with_no_taskflow to None, run_after=None
[2025-05-04T17:24:54.721+0000] {logging_mixin.py:190} INFO - [2025-05-04T17:24:54.721+0000] {dag.py:4180} INFO - Setting next_dagrun for dataset_s3_bucket_producer_with_no_taskflow to None, run_after=None
[2025-05-04T17:24:54.768+0000] {processor.py:208} INFO - Processing /home/airflow/.local/lib/python3.12/site-packages/airflow/example_dags/example_dataset_alias_with_no_taskflow.py took 0.808 seconds
[2025-05-04T17:25:25.182+0000] {processor.py:186} INFO - Started process (PID=937) to work on /home/airflow/.local/lib/python3.12/site-packages/airflow/example_dags/example_dataset_alias_with_no_taskflow.py
[2025-05-04T17:25:25.185+0000] {processor.py:914} INFO - Processing file /home/airflow/.local/lib/python3.12/site-packages/airflow/example_dags/example_dataset_alias_with_no_taskflow.py for tasks to queue
[2025-05-04T17:25:25.188+0000] {logging_mixin.py:190} INFO - [2025-05-04T17:25:25.188+0000] {dagbag.py:588} INFO - Filling up the DagBag from /home/airflow/.local/lib/python3.12/site-packages/airflow/example_dags/example_dataset_alias_with_no_taskflow.py
[2025-05-04T17:25:25.993+0000] {processor.py:925} INFO - DAG(s) 'dataset_alias_example_alias_consumer_with_no_taskflow', 'dataset_s3_bucket_consumer_with_no_taskflow', 'dataset_alias_example_alias_producer_with_no_taskflow', 'dataset_s3_bucket_producer_with_no_taskflow' retrieved from /home/airflow/.local/lib/python3.12/site-packages/airflow/example_dags/example_dataset_alias_with_no_taskflow.py
[2025-05-04T17:25:26.021+0000] {logging_mixin.py:190} INFO - [2025-05-04T17:25:26.021+0000] {dag.py:3239} INFO - Sync 4 DAGs
[2025-05-04T17:25:26.054+0000] {logging_mixin.py:190} INFO - [2025-05-04T17:25:26.054+0000] {dag.py:4180} INFO - Setting next_dagrun for dataset_alias_example_alias_consumer_with_no_taskflow to None, run_after=None
[2025-05-04T17:25:26.058+0000] {logging_mixin.py:190} INFO - [2025-05-04T17:25:26.058+0000] {dag.py:4180} INFO - Setting next_dagrun for dataset_alias_example_alias_producer_with_no_taskflow to None, run_after=None
[2025-05-04T17:25:26.060+0000] {logging_mixin.py:190} INFO - [2025-05-04T17:25:26.059+0000] {dag.py:4180} INFO - Setting next_dagrun for dataset_s3_bucket_consumer_with_no_taskflow to None, run_after=None
[2025-05-04T17:25:26.061+0000] {logging_mixin.py:190} INFO - [2025-05-04T17:25:26.061+0000] {dag.py:4180} INFO - Setting next_dagrun for dataset_s3_bucket_producer_with_no_taskflow to None, run_after=None
[2025-05-04T17:25:26.088+0000] {processor.py:208} INFO - Processing /home/airflow/.local/lib/python3.12/site-packages/airflow/example_dags/example_dataset_alias_with_no_taskflow.py took 0.913 seconds
[2025-05-04T17:25:56.501+0000] {processor.py:186} INFO - Started process (PID=1000) to work on /home/airflow/.local/lib/python3.12/site-packages/airflow/example_dags/example_dataset_alias_with_no_taskflow.py
[2025-05-04T17:25:56.502+0000] {processor.py:914} INFO - Processing file /home/airflow/.local/lib/python3.12/site-packages/airflow/example_dags/example_dataset_alias_with_no_taskflow.py for tasks to queue
[2025-05-04T17:25:56.505+0000] {logging_mixin.py:190} INFO - [2025-05-04T17:25:56.504+0000] {dagbag.py:588} INFO - Filling up the DagBag from /home/airflow/.local/lib/python3.12/site-packages/airflow/example_dags/example_dataset_alias_with_no_taskflow.py
[2025-05-04T17:25:57.326+0000] {processor.py:925} INFO - DAG(s) 'dataset_alias_example_alias_consumer_with_no_taskflow', 'dataset_s3_bucket_consumer_with_no_taskflow', 'dataset_alias_example_alias_producer_with_no_taskflow', 'dataset_s3_bucket_producer_with_no_taskflow' retrieved from /home/airflow/.local/lib/python3.12/site-packages/airflow/example_dags/example_dataset_alias_with_no_taskflow.py
[2025-05-04T17:25:57.356+0000] {logging_mixin.py:190} INFO - [2025-05-04T17:25:57.355+0000] {dag.py:3239} INFO - Sync 4 DAGs
[2025-05-04T17:25:57.389+0000] {logging_mixin.py:190} INFO - [2025-05-04T17:25:57.389+0000] {dag.py:4180} INFO - Setting next_dagrun for dataset_alias_example_alias_consumer_with_no_taskflow to None, run_after=None
[2025-05-04T17:25:57.394+0000] {logging_mixin.py:190} INFO - [2025-05-04T17:25:57.393+0000] {dag.py:4180} INFO - Setting next_dagrun for dataset_alias_example_alias_producer_with_no_taskflow to None, run_after=None
[2025-05-04T17:25:57.396+0000] {logging_mixin.py:190} INFO - [2025-05-04T17:25:57.396+0000] {dag.py:4180} INFO - Setting next_dagrun for dataset_s3_bucket_consumer_with_no_taskflow to None, run_after=None
[2025-05-04T17:25:57.399+0000] {logging_mixin.py:190} INFO - [2025-05-04T17:25:57.398+0000] {dag.py:4180} INFO - Setting next_dagrun for dataset_s3_bucket_producer_with_no_taskflow to None, run_after=None
[2025-05-04T17:25:57.426+0000] {processor.py:208} INFO - Processing /home/airflow/.local/lib/python3.12/site-packages/airflow/example_dags/example_dataset_alias_with_no_taskflow.py took 0.933 seconds
[2025-05-04T17:26:28.184+0000] {processor.py:186} INFO - Started process (PID=1063) to work on /home/airflow/.local/lib/python3.12/site-packages/airflow/example_dags/example_dataset_alias_with_no_taskflow.py
[2025-05-04T17:26:28.186+0000] {processor.py:914} INFO - Processing file /home/airflow/.local/lib/python3.12/site-packages/airflow/example_dags/example_dataset_alias_with_no_taskflow.py for tasks to queue
[2025-05-04T17:26:28.188+0000] {logging_mixin.py:190} INFO - [2025-05-04T17:26:28.188+0000] {dagbag.py:588} INFO - Filling up the DagBag from /home/airflow/.local/lib/python3.12/site-packages/airflow/example_dags/example_dataset_alias_with_no_taskflow.py
[2025-05-04T17:26:29.002+0000] {processor.py:925} INFO - DAG(s) 'dataset_s3_bucket_consumer_with_no_taskflow', 'dataset_alias_example_alias_producer_with_no_taskflow', 'dataset_s3_bucket_producer_with_no_taskflow', 'dataset_alias_example_alias_consumer_with_no_taskflow' retrieved from /home/airflow/.local/lib/python3.12/site-packages/airflow/example_dags/example_dataset_alias_with_no_taskflow.py
[2025-05-04T17:26:29.035+0000] {logging_mixin.py:190} INFO - [2025-05-04T17:26:29.034+0000] {dag.py:3239} INFO - Sync 4 DAGs
[2025-05-04T17:26:29.071+0000] {logging_mixin.py:190} INFO - [2025-05-04T17:26:29.071+0000] {dag.py:4180} INFO - Setting next_dagrun for dataset_alias_example_alias_consumer_with_no_taskflow to None, run_after=None
[2025-05-04T17:26:29.074+0000] {logging_mixin.py:190} INFO - [2025-05-04T17:26:29.074+0000] {dag.py:4180} INFO - Setting next_dagrun for dataset_alias_example_alias_producer_with_no_taskflow to None, run_after=None
[2025-05-04T17:26:29.078+0000] {logging_mixin.py:190} INFO - [2025-05-04T17:26:29.078+0000] {dag.py:4180} INFO - Setting next_dagrun for dataset_s3_bucket_consumer_with_no_taskflow to None, run_after=None
[2025-05-04T17:26:29.080+0000] {logging_mixin.py:190} INFO - [2025-05-04T17:26:29.080+0000] {dag.py:4180} INFO - Setting next_dagrun for dataset_s3_bucket_producer_with_no_taskflow to None, run_after=None
[2025-05-04T17:26:29.138+0000] {processor.py:208} INFO - Processing /home/airflow/.local/lib/python3.12/site-packages/airflow/example_dags/example_dataset_alias_with_no_taskflow.py took 0.962 seconds
