[2025-05-04T17:18:37.194+0000] {processor.py:186} INFO - Started process (PID=103) to work on /home/airflow/.local/lib/python3.12/site-packages/airflow/example_dags/example_sla_dag.py
[2025-05-04T17:18:37.195+0000] {processor.py:914} INFO - Processing file /home/airflow/.local/lib/python3.12/site-packages/airflow/example_dags/example_sla_dag.py for tasks to queue
[2025-05-04T17:18:37.196+0000] {logging_mixin.py:190} INFO - [2025-05-04T17:18:37.196+0000] {dagbag.py:588} INFO - Filling up the DagBag from /home/airflow/.local/lib/python3.12/site-packages/airflow/example_dags/example_sla_dag.py
[2025-05-04T17:18:37.206+0000] {processor.py:925} INFO - DAG(s) 'example_sla_dag' retrieved from /home/airflow/.local/lib/python3.12/site-packages/airflow/example_dags/example_sla_dag.py
[2025-05-04T17:18:37.285+0000] {logging_mixin.py:190} INFO - [2025-05-04T17:18:37.285+0000] {override.py:1912} INFO - Created Permission View: can read on DAG:example_sla_dag
[2025-05-04T17:18:37.291+0000] {logging_mixin.py:190} INFO - [2025-05-04T17:18:37.290+0000] {override.py:1912} INFO - Created Permission View: can edit on DAG:example_sla_dag
[2025-05-04T17:18:37.295+0000] {logging_mixin.py:190} INFO - [2025-05-04T17:18:37.295+0000] {override.py:1912} INFO - Created Permission View: can delete on DAG:example_sla_dag
[2025-05-04T17:18:37.299+0000] {logging_mixin.py:190} INFO - [2025-05-04T17:18:37.299+0000] {override.py:1912} INFO - Created Permission View: can read on DAG Run:example_sla_dag
[2025-05-04T17:18:37.302+0000] {logging_mixin.py:190} INFO - [2025-05-04T17:18:37.302+0000] {override.py:1912} INFO - Created Permission View: can create on DAG Run:example_sla_dag
[2025-05-04T17:18:37.306+0000] {logging_mixin.py:190} INFO - [2025-05-04T17:18:37.306+0000] {override.py:1912} INFO - Created Permission View: can delete on DAG Run:example_sla_dag
[2025-05-04T17:18:37.309+0000] {logging_mixin.py:190} INFO - [2025-05-04T17:18:37.309+0000] {override.py:1912} INFO - Created Permission View: menu access on DAG Run:example_sla_dag
[2025-05-04T17:18:37.310+0000] {logging_mixin.py:190} INFO - [2025-05-04T17:18:37.310+0000] {dag.py:3239} INFO - Sync 1 DAGs
[2025-05-04T17:18:37.318+0000] {logging_mixin.py:190} INFO - [2025-05-04T17:18:37.318+0000] {dag.py:3262} INFO - Creating ORM DAG for example_sla_dag
[2025-05-04T17:18:37.327+0000] {logging_mixin.py:190} INFO - [2025-05-04T17:18:37.326+0000] {dag.py:4180} INFO - Setting next_dagrun for example_sla_dag to 2025-05-04 17:16:00+00:00, run_after=2025-05-04 17:18:00+00:00
[2025-05-04T17:18:37.336+0000] {processor.py:208} INFO - Processing /home/airflow/.local/lib/python3.12/site-packages/airflow/example_dags/example_sla_dag.py took 0.147 seconds
[2025-05-04T17:19:08.251+0000] {processor.py:186} INFO - Started process (PID=166) to work on /home/airflow/.local/lib/python3.12/site-packages/airflow/example_dags/example_sla_dag.py
[2025-05-04T17:19:08.253+0000] {processor.py:914} INFO - Processing file /home/airflow/.local/lib/python3.12/site-packages/airflow/example_dags/example_sla_dag.py for tasks to queue
[2025-05-04T17:19:08.256+0000] {logging_mixin.py:190} INFO - [2025-05-04T17:19:08.255+0000] {dagbag.py:588} INFO - Filling up the DagBag from /home/airflow/.local/lib/python3.12/site-packages/airflow/example_dags/example_sla_dag.py
[2025-05-04T17:19:08.269+0000] {processor.py:925} INFO - DAG(s) 'example_sla_dag' retrieved from /home/airflow/.local/lib/python3.12/site-packages/airflow/example_dags/example_sla_dag.py
[2025-05-04T17:19:08.294+0000] {logging_mixin.py:190} INFO - [2025-05-04T17:19:08.294+0000] {dag.py:3239} INFO - Sync 1 DAGs
[2025-05-04T17:19:08.329+0000] {logging_mixin.py:190} INFO - [2025-05-04T17:19:08.329+0000] {dag.py:4180} INFO - Setting next_dagrun for example_sla_dag to 2025-05-04 17:16:00+00:00, run_after=2025-05-04 17:18:00+00:00
[2025-05-04T17:19:08.349+0000] {processor.py:208} INFO - Processing /home/airflow/.local/lib/python3.12/site-packages/airflow/example_dags/example_sla_dag.py took 0.106 seconds
[2025-05-04T17:19:39.444+0000] {processor.py:186} INFO - Started process (PID=229) to work on /home/airflow/.local/lib/python3.12/site-packages/airflow/example_dags/example_sla_dag.py
[2025-05-04T17:19:39.446+0000] {processor.py:914} INFO - Processing file /home/airflow/.local/lib/python3.12/site-packages/airflow/example_dags/example_sla_dag.py for tasks to queue
[2025-05-04T17:19:39.448+0000] {logging_mixin.py:190} INFO - [2025-05-04T17:19:39.448+0000] {dagbag.py:588} INFO - Filling up the DagBag from /home/airflow/.local/lib/python3.12/site-packages/airflow/example_dags/example_sla_dag.py
[2025-05-04T17:19:39.461+0000] {processor.py:925} INFO - DAG(s) 'example_sla_dag' retrieved from /home/airflow/.local/lib/python3.12/site-packages/airflow/example_dags/example_sla_dag.py
[2025-05-04T17:19:39.488+0000] {logging_mixin.py:190} INFO - [2025-05-04T17:19:39.488+0000] {dag.py:3239} INFO - Sync 1 DAGs
[2025-05-04T17:19:39.521+0000] {logging_mixin.py:190} INFO - [2025-05-04T17:19:39.521+0000] {dag.py:4180} INFO - Setting next_dagrun for example_sla_dag to 2025-05-04 17:16:00+00:00, run_after=2025-05-04 17:18:00+00:00
[2025-05-04T17:19:39.544+0000] {processor.py:208} INFO - Processing /home/airflow/.local/lib/python3.12/site-packages/airflow/example_dags/example_sla_dag.py took 0.108 seconds
[2025-05-04T17:20:09.671+0000] {processor.py:186} INFO - Started process (PID=292) to work on /home/airflow/.local/lib/python3.12/site-packages/airflow/example_dags/example_sla_dag.py
[2025-05-04T17:20:09.673+0000] {processor.py:914} INFO - Processing file /home/airflow/.local/lib/python3.12/site-packages/airflow/example_dags/example_sla_dag.py for tasks to queue
[2025-05-04T17:20:09.676+0000] {logging_mixin.py:190} INFO - [2025-05-04T17:20:09.675+0000] {dagbag.py:588} INFO - Filling up the DagBag from /home/airflow/.local/lib/python3.12/site-packages/airflow/example_dags/example_sla_dag.py
[2025-05-04T17:20:09.690+0000] {processor.py:925} INFO - DAG(s) 'example_sla_dag' retrieved from /home/airflow/.local/lib/python3.12/site-packages/airflow/example_dags/example_sla_dag.py
[2025-05-04T17:20:09.719+0000] {logging_mixin.py:190} INFO - [2025-05-04T17:20:09.719+0000] {dag.py:3239} INFO - Sync 1 DAGs
[2025-05-04T17:20:09.757+0000] {logging_mixin.py:190} INFO - [2025-05-04T17:20:09.756+0000] {dag.py:4180} INFO - Setting next_dagrun for example_sla_dag to 2025-05-04 17:18:00+00:00, run_after=2025-05-04 17:20:00+00:00
[2025-05-04T17:20:09.781+0000] {processor.py:208} INFO - Processing /home/airflow/.local/lib/python3.12/site-packages/airflow/example_dags/example_sla_dag.py took 0.118 seconds
[2025-05-04T17:20:40.065+0000] {processor.py:186} INFO - Started process (PID=354) to work on /home/airflow/.local/lib/python3.12/site-packages/airflow/example_dags/example_sla_dag.py
[2025-05-04T17:20:40.067+0000] {processor.py:914} INFO - Processing file /home/airflow/.local/lib/python3.12/site-packages/airflow/example_dags/example_sla_dag.py for tasks to queue
[2025-05-04T17:20:40.070+0000] {logging_mixin.py:190} INFO - [2025-05-04T17:20:40.069+0000] {dagbag.py:588} INFO - Filling up the DagBag from /home/airflow/.local/lib/python3.12/site-packages/airflow/example_dags/example_sla_dag.py
[2025-05-04T17:20:40.084+0000] {processor.py:925} INFO - DAG(s) 'example_sla_dag' retrieved from /home/airflow/.local/lib/python3.12/site-packages/airflow/example_dags/example_sla_dag.py
[2025-05-04T17:20:40.112+0000] {logging_mixin.py:190} INFO - [2025-05-04T17:20:40.112+0000] {dag.py:3239} INFO - Sync 1 DAGs
[2025-05-04T17:20:40.148+0000] {logging_mixin.py:190} INFO - [2025-05-04T17:20:40.148+0000] {dag.py:4180} INFO - Setting next_dagrun for example_sla_dag to 2025-05-04 17:18:00+00:00, run_after=2025-05-04 17:20:00+00:00
[2025-05-04T17:20:40.173+0000] {processor.py:208} INFO - Processing /home/airflow/.local/lib/python3.12/site-packages/airflow/example_dags/example_sla_dag.py took 0.116 seconds
[2025-05-04T17:21:10.728+0000] {processor.py:186} INFO - Started process (PID=417) to work on /home/airflow/.local/lib/python3.12/site-packages/airflow/example_dags/example_sla_dag.py
[2025-05-04T17:21:10.730+0000] {processor.py:914} INFO - Processing file /home/airflow/.local/lib/python3.12/site-packages/airflow/example_dags/example_sla_dag.py for tasks to queue
[2025-05-04T17:21:10.732+0000] {logging_mixin.py:190} INFO - [2025-05-04T17:21:10.732+0000] {dagbag.py:588} INFO - Filling up the DagBag from /home/airflow/.local/lib/python3.12/site-packages/airflow/example_dags/example_sla_dag.py
[2025-05-04T17:21:10.746+0000] {processor.py:925} INFO - DAG(s) 'example_sla_dag' retrieved from /home/airflow/.local/lib/python3.12/site-packages/airflow/example_dags/example_sla_dag.py
[2025-05-04T17:21:10.773+0000] {logging_mixin.py:190} INFO - [2025-05-04T17:21:10.772+0000] {dag.py:3239} INFO - Sync 1 DAGs
[2025-05-04T17:21:10.807+0000] {logging_mixin.py:190} INFO - [2025-05-04T17:21:10.807+0000] {dag.py:4180} INFO - Setting next_dagrun for example_sla_dag to 2025-05-04 17:18:00+00:00, run_after=2025-05-04 17:20:00+00:00
[2025-05-04T17:21:10.830+0000] {processor.py:208} INFO - Processing /home/airflow/.local/lib/python3.12/site-packages/airflow/example_dags/example_sla_dag.py took 0.110 seconds
[2025-05-04T17:21:41.004+0000] {processor.py:186} INFO - Started process (PID=480) to work on /home/airflow/.local/lib/python3.12/site-packages/airflow/example_dags/example_sla_dag.py
[2025-05-04T17:21:41.006+0000] {processor.py:914} INFO - Processing file /home/airflow/.local/lib/python3.12/site-packages/airflow/example_dags/example_sla_dag.py for tasks to queue
[2025-05-04T17:21:41.008+0000] {logging_mixin.py:190} INFO - [2025-05-04T17:21:41.008+0000] {dagbag.py:588} INFO - Filling up the DagBag from /home/airflow/.local/lib/python3.12/site-packages/airflow/example_dags/example_sla_dag.py
[2025-05-04T17:21:41.021+0000] {processor.py:925} INFO - DAG(s) 'example_sla_dag' retrieved from /home/airflow/.local/lib/python3.12/site-packages/airflow/example_dags/example_sla_dag.py
[2025-05-04T17:21:41.047+0000] {logging_mixin.py:190} INFO - [2025-05-04T17:21:41.047+0000] {dag.py:3239} INFO - Sync 1 DAGs
[2025-05-04T17:21:41.079+0000] {logging_mixin.py:190} INFO - [2025-05-04T17:21:41.079+0000] {dag.py:4180} INFO - Setting next_dagrun for example_sla_dag to 2025-05-04 17:18:00+00:00, run_after=2025-05-04 17:20:00+00:00
[2025-05-04T17:21:41.100+0000] {processor.py:208} INFO - Processing /home/airflow/.local/lib/python3.12/site-packages/airflow/example_dags/example_sla_dag.py took 0.103 seconds
[2025-05-04T17:22:11.750+0000] {processor.py:186} INFO - Started process (PID=542) to work on /home/airflow/.local/lib/python3.12/site-packages/airflow/example_dags/example_sla_dag.py
[2025-05-04T17:22:11.752+0000] {processor.py:914} INFO - Processing file /home/airflow/.local/lib/python3.12/site-packages/airflow/example_dags/example_sla_dag.py for tasks to queue
[2025-05-04T17:22:11.755+0000] {logging_mixin.py:190} INFO - [2025-05-04T17:22:11.755+0000] {dagbag.py:588} INFO - Filling up the DagBag from /home/airflow/.local/lib/python3.12/site-packages/airflow/example_dags/example_sla_dag.py
[2025-05-04T17:22:11.770+0000] {processor.py:925} INFO - DAG(s) 'example_sla_dag' retrieved from /home/airflow/.local/lib/python3.12/site-packages/airflow/example_dags/example_sla_dag.py
[2025-05-04T17:22:11.799+0000] {logging_mixin.py:190} INFO - [2025-05-04T17:22:11.798+0000] {dag.py:3239} INFO - Sync 1 DAGs
[2025-05-04T17:22:11.833+0000] {logging_mixin.py:190} INFO - [2025-05-04T17:22:11.833+0000] {dag.py:4180} INFO - Setting next_dagrun for example_sla_dag to 2025-05-04 17:20:00+00:00, run_after=2025-05-04 17:22:00+00:00
[2025-05-04T17:22:11.857+0000] {processor.py:208} INFO - Processing /home/airflow/.local/lib/python3.12/site-packages/airflow/example_dags/example_sla_dag.py took 0.116 seconds
[2025-05-04T17:22:42.064+0000] {processor.py:186} INFO - Started process (PID=605) to work on /home/airflow/.local/lib/python3.12/site-packages/airflow/example_dags/example_sla_dag.py
[2025-05-04T17:22:42.066+0000] {processor.py:914} INFO - Processing file /home/airflow/.local/lib/python3.12/site-packages/airflow/example_dags/example_sla_dag.py for tasks to queue
[2025-05-04T17:22:42.069+0000] {logging_mixin.py:190} INFO - [2025-05-04T17:22:42.068+0000] {dagbag.py:588} INFO - Filling up the DagBag from /home/airflow/.local/lib/python3.12/site-packages/airflow/example_dags/example_sla_dag.py
[2025-05-04T17:22:42.083+0000] {processor.py:925} INFO - DAG(s) 'example_sla_dag' retrieved from /home/airflow/.local/lib/python3.12/site-packages/airflow/example_dags/example_sla_dag.py
[2025-05-04T17:22:42.112+0000] {logging_mixin.py:190} INFO - [2025-05-04T17:22:42.111+0000] {dag.py:3239} INFO - Sync 1 DAGs
[2025-05-04T17:22:42.146+0000] {logging_mixin.py:190} INFO - [2025-05-04T17:22:42.146+0000] {dag.py:4180} INFO - Setting next_dagrun for example_sla_dag to 2025-05-04 17:20:00+00:00, run_after=2025-05-04 17:22:00+00:00
[2025-05-04T17:22:42.167+0000] {processor.py:208} INFO - Processing /home/airflow/.local/lib/python3.12/site-packages/airflow/example_dags/example_sla_dag.py took 0.111 seconds
[2025-05-04T17:23:12.338+0000] {processor.py:186} INFO - Started process (PID=668) to work on /home/airflow/.local/lib/python3.12/site-packages/airflow/example_dags/example_sla_dag.py
[2025-05-04T17:23:12.340+0000] {processor.py:914} INFO - Processing file /home/airflow/.local/lib/python3.12/site-packages/airflow/example_dags/example_sla_dag.py for tasks to queue
[2025-05-04T17:23:12.343+0000] {logging_mixin.py:190} INFO - [2025-05-04T17:23:12.343+0000] {dagbag.py:588} INFO - Filling up the DagBag from /home/airflow/.local/lib/python3.12/site-packages/airflow/example_dags/example_sla_dag.py
[2025-05-04T17:23:12.358+0000] {processor.py:925} INFO - DAG(s) 'example_sla_dag' retrieved from /home/airflow/.local/lib/python3.12/site-packages/airflow/example_dags/example_sla_dag.py
[2025-05-04T17:23:12.384+0000] {logging_mixin.py:190} INFO - [2025-05-04T17:23:12.384+0000] {dag.py:3239} INFO - Sync 1 DAGs
[2025-05-04T17:23:12.417+0000] {logging_mixin.py:190} INFO - [2025-05-04T17:23:12.417+0000] {dag.py:4180} INFO - Setting next_dagrun for example_sla_dag to 2025-05-04 17:20:00+00:00, run_after=2025-05-04 17:22:00+00:00
[2025-05-04T17:23:12.438+0000] {processor.py:208} INFO - Processing /home/airflow/.local/lib/python3.12/site-packages/airflow/example_dags/example_sla_dag.py took 0.108 seconds
[2025-05-04T17:23:42.531+0000] {processor.py:186} INFO - Started process (PID=731) to work on /home/airflow/.local/lib/python3.12/site-packages/airflow/example_dags/example_sla_dag.py
[2025-05-04T17:23:42.533+0000] {processor.py:914} INFO - Processing file /home/airflow/.local/lib/python3.12/site-packages/airflow/example_dags/example_sla_dag.py for tasks to queue
[2025-05-04T17:23:42.535+0000] {logging_mixin.py:190} INFO - [2025-05-04T17:23:42.535+0000] {dagbag.py:588} INFO - Filling up the DagBag from /home/airflow/.local/lib/python3.12/site-packages/airflow/example_dags/example_sla_dag.py
[2025-05-04T17:23:42.549+0000] {processor.py:925} INFO - DAG(s) 'example_sla_dag' retrieved from /home/airflow/.local/lib/python3.12/site-packages/airflow/example_dags/example_sla_dag.py
[2025-05-04T17:23:42.574+0000] {logging_mixin.py:190} INFO - [2025-05-04T17:23:42.574+0000] {dag.py:3239} INFO - Sync 1 DAGs
[2025-05-04T17:23:42.606+0000] {logging_mixin.py:190} INFO - [2025-05-04T17:23:42.606+0000] {dag.py:4180} INFO - Setting next_dagrun for example_sla_dag to 2025-05-04 17:20:00+00:00, run_after=2025-05-04 17:22:00+00:00
[2025-05-04T17:23:42.626+0000] {processor.py:208} INFO - Processing /home/airflow/.local/lib/python3.12/site-packages/airflow/example_dags/example_sla_dag.py took 0.102 seconds
[2025-05-04T17:24:13.289+0000] {processor.py:186} INFO - Started process (PID=794) to work on /home/airflow/.local/lib/python3.12/site-packages/airflow/example_dags/example_sla_dag.py
[2025-05-04T17:24:13.291+0000] {processor.py:914} INFO - Processing file /home/airflow/.local/lib/python3.12/site-packages/airflow/example_dags/example_sla_dag.py for tasks to queue
[2025-05-04T17:24:13.294+0000] {logging_mixin.py:190} INFO - [2025-05-04T17:24:13.294+0000] {dagbag.py:588} INFO - Filling up the DagBag from /home/airflow/.local/lib/python3.12/site-packages/airflow/example_dags/example_sla_dag.py
[2025-05-04T17:24:13.309+0000] {processor.py:925} INFO - DAG(s) 'example_sla_dag' retrieved from /home/airflow/.local/lib/python3.12/site-packages/airflow/example_dags/example_sla_dag.py
[2025-05-04T17:24:13.339+0000] {logging_mixin.py:190} INFO - [2025-05-04T17:24:13.338+0000] {dag.py:3239} INFO - Sync 1 DAGs
[2025-05-04T17:24:13.377+0000] {logging_mixin.py:190} INFO - [2025-05-04T17:24:13.376+0000] {dag.py:4180} INFO - Setting next_dagrun for example_sla_dag to 2025-05-04 17:22:00+00:00, run_after=2025-05-04 17:24:00+00:00
[2025-05-04T17:24:13.401+0000] {processor.py:208} INFO - Processing /home/airflow/.local/lib/python3.12/site-packages/airflow/example_dags/example_sla_dag.py took 0.122 seconds
[2025-05-04T17:24:43.677+0000] {processor.py:186} INFO - Started process (PID=857) to work on /home/airflow/.local/lib/python3.12/site-packages/airflow/example_dags/example_sla_dag.py
[2025-05-04T17:24:43.678+0000] {processor.py:914} INFO - Processing file /home/airflow/.local/lib/python3.12/site-packages/airflow/example_dags/example_sla_dag.py for tasks to queue
[2025-05-04T17:24:43.682+0000] {logging_mixin.py:190} INFO - [2025-05-04T17:24:43.681+0000] {dagbag.py:588} INFO - Filling up the DagBag from /home/airflow/.local/lib/python3.12/site-packages/airflow/example_dags/example_sla_dag.py
[2025-05-04T17:24:43.697+0000] {processor.py:925} INFO - DAG(s) 'example_sla_dag' retrieved from /home/airflow/.local/lib/python3.12/site-packages/airflow/example_dags/example_sla_dag.py
[2025-05-04T17:24:43.727+0000] {logging_mixin.py:190} INFO - [2025-05-04T17:24:43.726+0000] {dag.py:3239} INFO - Sync 1 DAGs
[2025-05-04T17:24:43.761+0000] {logging_mixin.py:190} INFO - [2025-05-04T17:24:43.761+0000] {dag.py:4180} INFO - Setting next_dagrun for example_sla_dag to 2025-05-04 17:22:00+00:00, run_after=2025-05-04 17:24:00+00:00
[2025-05-04T17:24:43.786+0000] {processor.py:208} INFO - Processing /home/airflow/.local/lib/python3.12/site-packages/airflow/example_dags/example_sla_dag.py took 0.117 seconds
[2025-05-04T17:25:13.956+0000] {processor.py:186} INFO - Started process (PID=920) to work on /home/airflow/.local/lib/python3.12/site-packages/airflow/example_dags/example_sla_dag.py
[2025-05-04T17:25:13.958+0000] {processor.py:914} INFO - Processing file /home/airflow/.local/lib/python3.12/site-packages/airflow/example_dags/example_sla_dag.py for tasks to queue
[2025-05-04T17:25:13.961+0000] {logging_mixin.py:190} INFO - [2025-05-04T17:25:13.960+0000] {dagbag.py:588} INFO - Filling up the DagBag from /home/airflow/.local/lib/python3.12/site-packages/airflow/example_dags/example_sla_dag.py
[2025-05-04T17:25:13.975+0000] {processor.py:925} INFO - DAG(s) 'example_sla_dag' retrieved from /home/airflow/.local/lib/python3.12/site-packages/airflow/example_dags/example_sla_dag.py
[2025-05-04T17:25:14.004+0000] {logging_mixin.py:190} INFO - [2025-05-04T17:25:14.003+0000] {dag.py:3239} INFO - Sync 1 DAGs
[2025-05-04T17:25:14.038+0000] {logging_mixin.py:190} INFO - [2025-05-04T17:25:14.038+0000] {dag.py:4180} INFO - Setting next_dagrun for example_sla_dag to 2025-05-04 17:22:00+00:00, run_after=2025-05-04 17:24:00+00:00
[2025-05-04T17:25:14.060+0000] {processor.py:208} INFO - Processing /home/airflow/.local/lib/python3.12/site-packages/airflow/example_dags/example_sla_dag.py took 0.112 seconds
[2025-05-04T17:25:44.493+0000] {processor.py:186} INFO - Started process (PID=983) to work on /home/airflow/.local/lib/python3.12/site-packages/airflow/example_dags/example_sla_dag.py
[2025-05-04T17:25:44.494+0000] {processor.py:914} INFO - Processing file /home/airflow/.local/lib/python3.12/site-packages/airflow/example_dags/example_sla_dag.py for tasks to queue
[2025-05-04T17:25:44.496+0000] {logging_mixin.py:190} INFO - [2025-05-04T17:25:44.496+0000] {dagbag.py:588} INFO - Filling up the DagBag from /home/airflow/.local/lib/python3.12/site-packages/airflow/example_dags/example_sla_dag.py
[2025-05-04T17:25:44.511+0000] {processor.py:925} INFO - DAG(s) 'example_sla_dag' retrieved from /home/airflow/.local/lib/python3.12/site-packages/airflow/example_dags/example_sla_dag.py
[2025-05-04T17:25:44.540+0000] {logging_mixin.py:190} INFO - [2025-05-04T17:25:44.539+0000] {dag.py:3239} INFO - Sync 1 DAGs
[2025-05-04T17:25:44.575+0000] {logging_mixin.py:190} INFO - [2025-05-04T17:25:44.575+0000] {dag.py:4180} INFO - Setting next_dagrun for example_sla_dag to 2025-05-04 17:22:00+00:00, run_after=2025-05-04 17:24:00+00:00
[2025-05-04T17:25:44.598+0000] {processor.py:208} INFO - Processing /home/airflow/.local/lib/python3.12/site-packages/airflow/example_dags/example_sla_dag.py took 0.114 seconds
[2025-05-04T17:26:15.072+0000] {processor.py:186} INFO - Started process (PID=1046) to work on /home/airflow/.local/lib/python3.12/site-packages/airflow/example_dags/example_sla_dag.py
[2025-05-04T17:26:15.074+0000] {processor.py:914} INFO - Processing file /home/airflow/.local/lib/python3.12/site-packages/airflow/example_dags/example_sla_dag.py for tasks to queue
[2025-05-04T17:26:15.076+0000] {logging_mixin.py:190} INFO - [2025-05-04T17:26:15.076+0000] {dagbag.py:588} INFO - Filling up the DagBag from /home/airflow/.local/lib/python3.12/site-packages/airflow/example_dags/example_sla_dag.py
[2025-05-04T17:26:15.090+0000] {processor.py:925} INFO - DAG(s) 'example_sla_dag' retrieved from /home/airflow/.local/lib/python3.12/site-packages/airflow/example_dags/example_sla_dag.py
[2025-05-04T17:26:15.118+0000] {logging_mixin.py:190} INFO - [2025-05-04T17:26:15.118+0000] {dag.py:3239} INFO - Sync 1 DAGs
[2025-05-04T17:26:15.153+0000] {logging_mixin.py:190} INFO - [2025-05-04T17:26:15.153+0000] {dag.py:4180} INFO - Setting next_dagrun for example_sla_dag to 2025-05-04 17:24:00+00:00, run_after=2025-05-04 17:26:00+00:00
[2025-05-04T17:26:15.177+0000] {processor.py:208} INFO - Processing /home/airflow/.local/lib/python3.12/site-packages/airflow/example_dags/example_sla_dag.py took 0.114 seconds
[2025-05-04T17:26:45.824+0000] {processor.py:186} INFO - Started process (PID=1109) to work on /home/airflow/.local/lib/python3.12/site-packages/airflow/example_dags/example_sla_dag.py
[2025-05-04T17:26:45.826+0000] {processor.py:914} INFO - Processing file /home/airflow/.local/lib/python3.12/site-packages/airflow/example_dags/example_sla_dag.py for tasks to queue
[2025-05-04T17:26:45.830+0000] {logging_mixin.py:190} INFO - [2025-05-04T17:26:45.829+0000] {dagbag.py:588} INFO - Filling up the DagBag from /home/airflow/.local/lib/python3.12/site-packages/airflow/example_dags/example_sla_dag.py
[2025-05-04T17:26:45.848+0000] {processor.py:925} INFO - DAG(s) 'example_sla_dag' retrieved from /home/airflow/.local/lib/python3.12/site-packages/airflow/example_dags/example_sla_dag.py
[2025-05-04T17:26:45.882+0000] {logging_mixin.py:190} INFO - [2025-05-04T17:26:45.882+0000] {dag.py:3239} INFO - Sync 1 DAGs
[2025-05-04T17:26:45.925+0000] {logging_mixin.py:190} INFO - [2025-05-04T17:26:45.925+0000] {dag.py:4180} INFO - Setting next_dagrun for example_sla_dag to 2025-05-04 17:24:00+00:00, run_after=2025-05-04 17:26:00+00:00
[2025-05-04T17:26:45.983+0000] {processor.py:208} INFO - Processing /home/airflow/.local/lib/python3.12/site-packages/airflow/example_dags/example_sla_dag.py took 0.171 seconds
